[0.016s] Invoking command in '/home/lhb/AutoAiming_ws/build/interfaces': CMAKE_PREFIX_PATH=${CMAKE_PREFIX_PATH}:/opt/ros/humble /usr/bin/cmake --build /home/lhb/AutoAiming_ws/build/interfaces -- -j8 -l8
[0.093s] [35m[1mConsolidate compiler generated dependencies of target interfaces__rosidl_generator_c[0m
[0.096s] [  2%] Built target interfaces__cpp
[0.104s] [ 12%] Built target interfaces__rosidl_generator_c
[0.108s] [35m[1mConsolidate compiler generated dependencies of target interfaces__rosidl_typesupport_cpp[0m
[0.108s] [35m[1mConsolidate compiler generated dependencies of target interfaces__rosidl_typesupport_fastrtps_cpp[0m
[0.109s] [35m[1mConsolidate compiler generated dependencies of target interfaces__rosidl_typesupport_introspection_cpp[0m
[0.109s] [ 12%] Built target ament_cmake_python_copy_interfaces
[0.118s] [35m[1mConsolidate compiler generated dependencies of target interfaces__rosidl_typesupport_introspection_c[0m
[0.118s] [35m[1mConsolidate compiler generated dependencies of target interfaces__rosidl_typesupport_fastrtps_c[0m
[0.125s] [35m[1mConsolidate compiler generated dependencies of target interfaces__rosidl_typesupport_c[0m
[0.128s] [ 23%] Built target interfaces__rosidl_typesupport_cpp
[0.129s] [ 33%] Built target interfaces__rosidl_typesupport_introspection_cpp
[0.131s] [ 43%] Built target interfaces__rosidl_typesupport_fastrtps_cpp
[0.133s] [ 53%] Built target interfaces__rosidl_typesupport_introspection_c
[0.134s] [ 64%] Built target interfaces__rosidl_typesupport_c
[0.135s] [ 74%] Built target interfaces__rosidl_typesupport_fastrtps_c
[0.153s] [ 74%] Built target interfaces
[0.170s] [ 76%] Built target interfaces__py
[0.180s] [35m[1mConsolidate compiler generated dependencies of target interfaces__rosidl_generator_py[0m
[0.192s] [ 84%] Built target interfaces__rosidl_generator_py
[0.202s] [35m[1mConsolidate compiler generated dependencies of target interfaces__rosidl_typesupport_fastrtps_c__pyext[0m
[0.202s] [35m[1mConsolidate compiler generated dependencies of target interfaces__rosidl_typesupport_introspection_c__pyext[0m
[0.204s] [35m[1mConsolidate compiler generated dependencies of target interfaces__rosidl_typesupport_c__pyext[0m
[0.214s] [ 89%] Built target interfaces__rosidl_typesupport_fastrtps_c__pyext
[0.214s] [ 94%] Built target interfaces__rosidl_typesupport_introspection_c__pyext
[0.216s] [100%] Built target interfaces__rosidl_typesupport_c__pyext
[0.319s] running egg_info
[0.320s] writing interfaces.egg-info/PKG-INFO
[0.320s] writing dependency_links to interfaces.egg-info/dependency_links.txt
[0.320s] writing top-level names to interfaces.egg-info/top_level.txt
[0.323s] reading manifest file 'interfaces.egg-info/SOURCES.txt'
[0.324s] writing manifest file 'interfaces.egg-info/SOURCES.txt'
[0.346s] [100%] Built target ament_cmake_python_build_interfaces_egg
