[0.160s] DEBUG:colcon:Command line arguments: ['/usr/bin/colcon', 'build']
[0.161s] DEBUG:colcon:Parsed command line arguments: Namespace(log_base=None, log_level=None, verb_name='build', build_base='build', install_base='install', merge_install=False, symlink_install=False, test_result_base=None, continue_on_error=False, executor='parallel', parallel_workers=8, event_handlers=None, ignore_user_meta=False, metas=['./colcon.meta'], base_paths=['.'], packages_ignore=None, packages_ignore_regex=None, paths=None, packages_up_to=None, packages_up_to_regex=None, packages_above=None, packages_above_and_dependencies=None, packages_above_depth=None, packages_select_by_dep=None, packages_skip_by_dep=None, packages_skip_up_to=None, packages_select_build_failed=False, packages_skip_build_finished=False, packages_select_test_failures=False, packages_skip_test_passed=False, packages_select=None, packages_skip=None, packages_select_regex=None, packages_skip_regex=None, packages_start=None, packages_end=None, allow_overriding=[], cmake_args=None, cmake_target=None, cmake_target_skip_unavailable=False, cmake_clean_cache=False, cmake_clean_first=False, cmake_force_configure=False, ament_cmake_args=None, catkin_cmake_args=None, catkin_skip_building_tests=False, verb_parser=<colcon_defaults.argument_parser.defaults.DefaultArgumentsDecorator object at 0x732592833460>, verb_extension=<colcon_core.verb.build.BuildVerb object at 0x732592833010>, main=<bound method BuildVerb.main of <colcon_core.verb.build.BuildVerb object at 0x732592833010>>)
[0.408s] Level 1:colcon.colcon_core.package_discovery:discover_packages(colcon_meta) check parameters
[0.408s] Level 1:colcon.colcon_core.package_discovery:discover_packages(recursive) check parameters
[0.408s] Level 1:colcon.colcon_core.package_discovery:discover_packages(ignore) check parameters
[0.408s] Level 1:colcon.colcon_core.package_discovery:discover_packages(path) check parameters
[0.408s] Level 1:colcon.colcon_core.package_discovery:discover_packages(colcon_meta) discover
[0.409s] Level 1:colcon.colcon_core.package_discovery:discover_packages(recursive) discover
[0.409s] INFO:colcon.colcon_core.package_discovery:Crawling recursively for packages in '/home/lhb/AutoAiming_ws'
[0.409s] Level 1:colcon.colcon_core.package_identification:_identify(.) by extensions ['ignore', 'ignore_ament_install']
[0.409s] Level 1:colcon.colcon_core.package_identification:_identify(.) by extension 'ignore'
[0.409s] Level 1:colcon.colcon_core.package_identification:_identify(.) by extension 'ignore_ament_install'
[0.409s] Level 1:colcon.colcon_core.package_identification:_identify(.) by extensions ['colcon_pkg']
[0.409s] Level 1:colcon.colcon_core.package_identification:_identify(.) by extension 'colcon_pkg'
[0.409s] Level 1:colcon.colcon_core.package_identification:_identify(.) by extensions ['colcon_meta']
[0.409s] Level 1:colcon.colcon_core.package_identification:_identify(.) by extension 'colcon_meta'
[0.409s] Level 1:colcon.colcon_core.package_identification:_identify(.) by extensions ['ros']
[0.409s] Level 1:colcon.colcon_core.package_identification:_identify(.) by extension 'ros'
[0.423s] Level 1:colcon.colcon_core.package_identification:_identify(.) by extensions ['cmake', 'python']
[0.423s] Level 1:colcon.colcon_core.package_identification:_identify(.) by extension 'cmake'
[0.423s] Level 1:colcon.colcon_core.package_identification:_identify(.) by extension 'python'
[0.423s] Level 1:colcon.colcon_core.package_identification:_identify(.) by extensions ['python_setup_py']
[0.424s] Level 1:colcon.colcon_core.package_identification:_identify(.) by extension 'python_setup_py'
[0.424s] Level 1:colcon.colcon_core.package_identification:_identify(build) by extensions ['ignore', 'ignore_ament_install']
[0.424s] Level 1:colcon.colcon_core.package_identification:_identify(build) by extension 'ignore'
[0.424s] Level 1:colcon.colcon_core.package_identification:_identify(build) ignored
[0.424s] Level 1:colcon.colcon_core.package_identification:_identify(install) by extensions ['ignore', 'ignore_ament_install']
[0.424s] Level 1:colcon.colcon_core.package_identification:_identify(install) by extension 'ignore'
[0.424s] Level 1:colcon.colcon_core.package_identification:_identify(install) ignored
[0.424s] Level 1:colcon.colcon_core.package_identification:_identify(log) by extensions ['ignore', 'ignore_ament_install']
[0.424s] Level 1:colcon.colcon_core.package_identification:_identify(log) by extension 'ignore'
[0.424s] Level 1:colcon.colcon_core.package_identification:_identify(log) ignored
[0.424s] Level 1:colcon.colcon_core.package_identification:_identify(src) by extensions ['ignore', 'ignore_ament_install']
[0.424s] Level 1:colcon.colcon_core.package_identification:_identify(src) by extension 'ignore'
[0.424s] Level 1:colcon.colcon_core.package_identification:_identify(src) by extension 'ignore_ament_install'
[0.424s] Level 1:colcon.colcon_core.package_identification:_identify(src) by extensions ['colcon_pkg']
[0.424s] Level 1:colcon.colcon_core.package_identification:_identify(src) by extension 'colcon_pkg'
[0.424s] Level 1:colcon.colcon_core.package_identification:_identify(src) by extensions ['colcon_meta']
[0.424s] Level 1:colcon.colcon_core.package_identification:_identify(src) by extension 'colcon_meta'
[0.424s] Level 1:colcon.colcon_core.package_identification:_identify(src) by extensions ['ros']
[0.424s] Level 1:colcon.colcon_core.package_identification:_identify(src) by extension 'ros'
[0.424s] Level 1:colcon.colcon_core.package_identification:_identify(src) by extensions ['cmake', 'python']
[0.424s] Level 1:colcon.colcon_core.package_identification:_identify(src) by extension 'cmake'
[0.424s] Level 1:colcon.colcon_core.package_identification:_identify(src) by extension 'python'
[0.424s] Level 1:colcon.colcon_core.package_identification:_identify(src) by extensions ['python_setup_py']
[0.424s] Level 1:colcon.colcon_core.package_identification:_identify(src) by extension 'python_setup_py'
[0.425s] Level 1:colcon.colcon_core.package_identification:_identify(src/gimbal_controller) by extensions ['ignore', 'ignore_ament_install']
[0.425s] Level 1:colcon.colcon_core.package_identification:_identify(src/gimbal_controller) by extension 'ignore'
[0.425s] Level 1:colcon.colcon_core.package_identification:_identify(src/gimbal_controller) by extension 'ignore_ament_install'
[0.425s] Level 1:colcon.colcon_core.package_identification:_identify(src/gimbal_controller) by extensions ['colcon_pkg']
[0.425s] Level 1:colcon.colcon_core.package_identification:_identify(src/gimbal_controller) by extension 'colcon_pkg'
[0.425s] Level 1:colcon.colcon_core.package_identification:_identify(src/gimbal_controller) by extensions ['colcon_meta']
[0.425s] Level 1:colcon.colcon_core.package_identification:_identify(src/gimbal_controller) by extension 'colcon_meta'
[0.425s] Level 1:colcon.colcon_core.package_identification:_identify(src/gimbal_controller) by extensions ['ros']
[0.425s] Level 1:colcon.colcon_core.package_identification:_identify(src/gimbal_controller) by extension 'ros'
[0.429s] DEBUG:colcon.colcon_core.package_identification:Package 'src/gimbal_controller' with type 'ros.ament_cmake' and name 'gimbal_controller'
[0.429s] Level 1:colcon.colcon_core.package_identification:_identify(src/homework_bringup) by extensions ['ignore', 'ignore_ament_install']
[0.429s] Level 1:colcon.colcon_core.package_identification:_identify(src/homework_bringup) by extension 'ignore'
[0.429s] Level 1:colcon.colcon_core.package_identification:_identify(src/homework_bringup) by extension 'ignore_ament_install'
[0.429s] Level 1:colcon.colcon_core.package_identification:_identify(src/homework_bringup) by extensions ['colcon_pkg']
[0.429s] Level 1:colcon.colcon_core.package_identification:_identify(src/homework_bringup) by extension 'colcon_pkg'
[0.429s] Level 1:colcon.colcon_core.package_identification:_identify(src/homework_bringup) by extensions ['colcon_meta']
[0.429s] Level 1:colcon.colcon_core.package_identification:_identify(src/homework_bringup) by extension 'colcon_meta'
[0.429s] Level 1:colcon.colcon_core.package_identification:_identify(src/homework_bringup) by extensions ['ros']
[0.429s] Level 1:colcon.colcon_core.package_identification:_identify(src/homework_bringup) by extension 'ros'
[0.430s] DEBUG:colcon.colcon_core.package_identification:Package 'src/homework_bringup' with type 'ros.ament_cmake' and name 'homework_bringup'
[0.430s] Level 1:colcon.colcon_core.package_identification:_identify(src/interfaces) by extensions ['ignore', 'ignore_ament_install']
[0.430s] Level 1:colcon.colcon_core.package_identification:_identify(src/interfaces) by extension 'ignore'
[0.430s] Level 1:colcon.colcon_core.package_identification:_identify(src/interfaces) by extension 'ignore_ament_install'
[0.431s] Level 1:colcon.colcon_core.package_identification:_identify(src/interfaces) by extensions ['colcon_pkg']
[0.431s] Level 1:colcon.colcon_core.package_identification:_identify(src/interfaces) by extension 'colcon_pkg'
[0.431s] Level 1:colcon.colcon_core.package_identification:_identify(src/interfaces) by extensions ['colcon_meta']
[0.431s] Level 1:colcon.colcon_core.package_identification:_identify(src/interfaces) by extension 'colcon_meta'
[0.431s] Level 1:colcon.colcon_core.package_identification:_identify(src/interfaces) by extensions ['ros']
[0.431s] Level 1:colcon.colcon_core.package_identification:_identify(src/interfaces) by extension 'ros'
[0.432s] DEBUG:colcon.colcon_core.package_identification:Package 'src/interfaces' with type 'ros.ament_cmake' and name 'interfaces'
[0.432s] Level 1:colcon.colcon_core.package_identification:_identify(src/serial_interface) by extensions ['ignore', 'ignore_ament_install']
[0.432s] Level 1:colcon.colcon_core.package_identification:_identify(src/serial_interface) by extension 'ignore'
[0.432s] Level 1:colcon.colcon_core.package_identification:_identify(src/serial_interface) by extension 'ignore_ament_install'
[0.432s] Level 1:colcon.colcon_core.package_identification:_identify(src/serial_interface) by extensions ['colcon_pkg']
[0.432s] Level 1:colcon.colcon_core.package_identification:_identify(src/serial_interface) by extension 'colcon_pkg'
[0.432s] Level 1:colcon.colcon_core.package_identification:_identify(src/serial_interface) by extensions ['colcon_meta']
[0.432s] Level 1:colcon.colcon_core.package_identification:_identify(src/serial_interface) by extension 'colcon_meta'
[0.432s] Level 1:colcon.colcon_core.package_identification:_identify(src/serial_interface) by extensions ['ros']
[0.432s] Level 1:colcon.colcon_core.package_identification:_identify(src/serial_interface) by extension 'ros'
[0.433s] DEBUG:colcon.colcon_core.package_identification:Package 'src/serial_interface' with type 'ros.ament_cmake' and name 'serial_interface'
[0.433s] Level 1:colcon.colcon_core.package_identification:_identify(src/vision_detector) by extensions ['ignore', 'ignore_ament_install']
[0.433s] Level 1:colcon.colcon_core.package_identification:_identify(src/vision_detector) by extension 'ignore'
[0.433s] Level 1:colcon.colcon_core.package_identification:_identify(src/vision_detector) by extension 'ignore_ament_install'
[0.433s] Level 1:colcon.colcon_core.package_identification:_identify(src/vision_detector) by extensions ['colcon_pkg']
[0.433s] Level 1:colcon.colcon_core.package_identification:_identify(src/vision_detector) by extension 'colcon_pkg'
[0.433s] Level 1:colcon.colcon_core.package_identification:_identify(src/vision_detector) by extensions ['colcon_meta']
[0.433s] Level 1:colcon.colcon_core.package_identification:_identify(src/vision_detector) by extension 'colcon_meta'
[0.433s] Level 1:colcon.colcon_core.package_identification:_identify(src/vision_detector) by extensions ['ros']
[0.433s] Level 1:colcon.colcon_core.package_identification:_identify(src/vision_detector) by extension 'ros'
[0.434s] DEBUG:colcon.colcon_core.package_identification:Package 'src/vision_detector' with type 'ros.ament_cmake' and name 'vision_detector'
[0.435s] Level 1:colcon.colcon_core.package_discovery:discover_packages(recursive) using defaults
[0.435s] Level 1:colcon.colcon_core.package_discovery:discover_packages(ignore) discover
[0.435s] Level 1:colcon.colcon_core.package_discovery:discover_packages(ignore) using defaults
[0.435s] Level 1:colcon.colcon_core.package_discovery:discover_packages(path) discover
[0.435s] Level 1:colcon.colcon_core.package_discovery:discover_packages(path) using defaults
[0.464s] Level 1:colcon.colcon_core.package_discovery:discover_packages(prefix_path) check parameters
[0.464s] Level 1:colcon.colcon_core.package_discovery:discover_packages(prefix_path) discover
[0.468s] DEBUG:colcon.colcon_installed_package_information.package_discovery:Found 5 installed packages in /home/lhb/AutoAiming_ws/install
[0.469s] DEBUG:colcon.colcon_installed_package_information.package_discovery:Found 276 installed packages in /opt/ros/humble
[0.479s] Level 1:colcon.colcon_core.package_discovery:discover_packages(prefix_path) using defaults
[0.511s] Level 5:colcon.colcon_core.verb:set package 'homework_bringup' build argument 'cmake_args' from command line to 'None'
[0.511s] Level 5:colcon.colcon_core.verb:set package 'homework_bringup' build argument 'cmake_target' from command line to 'None'
[0.511s] Level 5:colcon.colcon_core.verb:set package 'homework_bringup' build argument 'cmake_target_skip_unavailable' from command line to 'False'
[0.511s] Level 5:colcon.colcon_core.verb:set package 'homework_bringup' build argument 'cmake_clean_cache' from command line to 'False'
[0.511s] Level 5:colcon.colcon_core.verb:set package 'homework_bringup' build argument 'cmake_clean_first' from command line to 'False'
[0.511s] Level 5:colcon.colcon_core.verb:set package 'homework_bringup' build argument 'cmake_force_configure' from command line to 'False'
[0.511s] Level 5:colcon.colcon_core.verb:set package 'homework_bringup' build argument 'ament_cmake_args' from command line to 'None'
[0.511s] Level 5:colcon.colcon_core.verb:set package 'homework_bringup' build argument 'catkin_cmake_args' from command line to 'None'
[0.511s] Level 5:colcon.colcon_core.verb:set package 'homework_bringup' build argument 'catkin_skip_building_tests' from command line to 'False'
[0.511s] DEBUG:colcon.colcon_core.verb:Building package 'homework_bringup' with the following arguments: {'ament_cmake_args': None, 'build_base': '/home/lhb/AutoAiming_ws/build/homework_bringup', 'catkin_cmake_args': None, 'catkin_skip_building_tests': False, 'cmake_args': None, 'cmake_clean_cache': False, 'cmake_clean_first': False, 'cmake_force_configure': False, 'cmake_target': None, 'cmake_target_skip_unavailable': False, 'install_base': '/home/lhb/AutoAiming_ws/install/homework_bringup', 'merge_install': False, 'path': '/home/lhb/AutoAiming_ws/src/homework_bringup', 'symlink_install': False, 'test_result_base': None}
[0.512s] Level 5:colcon.colcon_core.verb:set package 'interfaces' build argument 'cmake_args' from command line to 'None'
[0.512s] Level 5:colcon.colcon_core.verb:set package 'interfaces' build argument 'cmake_target' from command line to 'None'
[0.512s] Level 5:colcon.colcon_core.verb:set package 'interfaces' build argument 'cmake_target_skip_unavailable' from command line to 'False'
[0.512s] Level 5:colcon.colcon_core.verb:set package 'interfaces' build argument 'cmake_clean_cache' from command line to 'False'
[0.512s] Level 5:colcon.colcon_core.verb:set package 'interfaces' build argument 'cmake_clean_first' from command line to 'False'
[0.512s] Level 5:colcon.colcon_core.verb:set package 'interfaces' build argument 'cmake_force_configure' from command line to 'False'
[0.512s] Level 5:colcon.colcon_core.verb:set package 'interfaces' build argument 'ament_cmake_args' from command line to 'None'
[0.512s] Level 5:colcon.colcon_core.verb:set package 'interfaces' build argument 'catkin_cmake_args' from command line to 'None'
[0.512s] Level 5:colcon.colcon_core.verb:set package 'interfaces' build argument 'catkin_skip_building_tests' from command line to 'False'
[0.512s] DEBUG:colcon.colcon_core.verb:Building package 'interfaces' with the following arguments: {'ament_cmake_args': None, 'build_base': '/home/lhb/AutoAiming_ws/build/interfaces', 'catkin_cmake_args': None, 'catkin_skip_building_tests': False, 'cmake_args': None, 'cmake_clean_cache': False, 'cmake_clean_first': False, 'cmake_force_configure': False, 'cmake_target': None, 'cmake_target_skip_unavailable': False, 'install_base': '/home/lhb/AutoAiming_ws/install/interfaces', 'merge_install': False, 'path': '/home/lhb/AutoAiming_ws/src/interfaces', 'symlink_install': False, 'test_result_base': None}
[0.512s] Level 5:colcon.colcon_core.verb:set package 'serial_interface' build argument 'cmake_args' from command line to 'None'
[0.512s] Level 5:colcon.colcon_core.verb:set package 'serial_interface' build argument 'cmake_target' from command line to 'None'
[0.512s] Level 5:colcon.colcon_core.verb:set package 'serial_interface' build argument 'cmake_target_skip_unavailable' from command line to 'False'
[0.512s] Level 5:colcon.colcon_core.verb:set package 'serial_interface' build argument 'cmake_clean_cache' from command line to 'False'
[0.512s] Level 5:colcon.colcon_core.verb:set package 'serial_interface' build argument 'cmake_clean_first' from command line to 'False'
[0.512s] Level 5:colcon.colcon_core.verb:set package 'serial_interface' build argument 'cmake_force_configure' from command line to 'False'
[0.512s] Level 5:colcon.colcon_core.verb:set package 'serial_interface' build argument 'ament_cmake_args' from command line to 'None'
[0.512s] Level 5:colcon.colcon_core.verb:set package 'serial_interface' build argument 'catkin_cmake_args' from command line to 'None'
[0.512s] Level 5:colcon.colcon_core.verb:set package 'serial_interface' build argument 'catkin_skip_building_tests' from command line to 'False'
[0.512s] DEBUG:colcon.colcon_core.verb:Building package 'serial_interface' with the following arguments: {'ament_cmake_args': None, 'build_base': '/home/lhb/AutoAiming_ws/build/serial_interface', 'catkin_cmake_args': None, 'catkin_skip_building_tests': False, 'cmake_args': None, 'cmake_clean_cache': False, 'cmake_clean_first': False, 'cmake_force_configure': False, 'cmake_target': None, 'cmake_target_skip_unavailable': False, 'install_base': '/home/lhb/AutoAiming_ws/install/serial_interface', 'merge_install': False, 'path': '/home/lhb/AutoAiming_ws/src/serial_interface', 'symlink_install': False, 'test_result_base': None}
[0.513s] Level 5:colcon.colcon_core.verb:set package 'gimbal_controller' build argument 'cmake_args' from command line to 'None'
[0.513s] Level 5:colcon.colcon_core.verb:set package 'gimbal_controller' build argument 'cmake_target' from command line to 'None'
[0.513s] Level 5:colcon.colcon_core.verb:set package 'gimbal_controller' build argument 'cmake_target_skip_unavailable' from command line to 'False'
[0.513s] Level 5:colcon.colcon_core.verb:set package 'gimbal_controller' build argument 'cmake_clean_cache' from command line to 'False'
[0.513s] Level 5:colcon.colcon_core.verb:set package 'gimbal_controller' build argument 'cmake_clean_first' from command line to 'False'
[0.513s] Level 5:colcon.colcon_core.verb:set package 'gimbal_controller' build argument 'cmake_force_configure' from command line to 'False'
[0.513s] Level 5:colcon.colcon_core.verb:set package 'gimbal_controller' build argument 'ament_cmake_args' from command line to 'None'
[0.513s] Level 5:colcon.colcon_core.verb:set package 'gimbal_controller' build argument 'catkin_cmake_args' from command line to 'None'
[0.513s] Level 5:colcon.colcon_core.verb:set package 'gimbal_controller' build argument 'catkin_skip_building_tests' from command line to 'False'
[0.513s] DEBUG:colcon.colcon_core.verb:Building package 'gimbal_controller' with the following arguments: {'ament_cmake_args': None, 'build_base': '/home/lhb/AutoAiming_ws/build/gimbal_controller', 'catkin_cmake_args': None, 'catkin_skip_building_tests': False, 'cmake_args': None, 'cmake_clean_cache': False, 'cmake_clean_first': False, 'cmake_force_configure': False, 'cmake_target': None, 'cmake_target_skip_unavailable': False, 'install_base': '/home/lhb/AutoAiming_ws/install/gimbal_controller', 'merge_install': False, 'path': '/home/lhb/AutoAiming_ws/src/gimbal_controller', 'symlink_install': False, 'test_result_base': None}
[0.513s] Level 5:colcon.colcon_core.verb:set package 'vision_detector' build argument 'cmake_args' from command line to 'None'
[0.513s] Level 5:colcon.colcon_core.verb:set package 'vision_detector' build argument 'cmake_target' from command line to 'None'
[0.513s] Level 5:colcon.colcon_core.verb:set package 'vision_detector' build argument 'cmake_target_skip_unavailable' from command line to 'False'
[0.513s] Level 5:colcon.colcon_core.verb:set package 'vision_detector' build argument 'cmake_clean_cache' from command line to 'False'
[0.513s] Level 5:colcon.colcon_core.verb:set package 'vision_detector' build argument 'cmake_clean_first' from command line to 'False'
[0.513s] Level 5:colcon.colcon_core.verb:set package 'vision_detector' build argument 'cmake_force_configure' from command line to 'False'
[0.513s] Level 5:colcon.colcon_core.verb:set package 'vision_detector' build argument 'ament_cmake_args' from command line to 'None'
[0.513s] Level 5:colcon.colcon_core.verb:set package 'vision_detector' build argument 'catkin_cmake_args' from command line to 'None'
[0.513s] Level 5:colcon.colcon_core.verb:set package 'vision_detector' build argument 'catkin_skip_building_tests' from command line to 'False'
[0.513s] DEBUG:colcon.colcon_core.verb:Building package 'vision_detector' with the following arguments: {'ament_cmake_args': None, 'build_base': '/home/lhb/AutoAiming_ws/build/vision_detector', 'catkin_cmake_args': None, 'catkin_skip_building_tests': False, 'cmake_args': None, 'cmake_clean_cache': False, 'cmake_clean_first': False, 'cmake_force_configure': False, 'cmake_target': None, 'cmake_target_skip_unavailable': False, 'install_base': '/home/lhb/AutoAiming_ws/install/vision_detector', 'merge_install': False, 'path': '/home/lhb/AutoAiming_ws/src/vision_detector', 'symlink_install': False, 'test_result_base': None}
[0.513s] INFO:colcon.colcon_core.executor:Executing jobs using 'parallel' executor
[0.514s] DEBUG:colcon.colcon_parallel_executor.executor.parallel:run_until_complete
[0.514s] INFO:colcon.colcon_ros.task.ament_cmake.build:Building ROS package in '/home/lhb/AutoAiming_ws/src/interfaces' with build type 'ament_cmake'
[0.514s] INFO:colcon.colcon_cmake.task.cmake.build:Building CMake package in '/home/lhb/AutoAiming_ws/src/interfaces'
[0.520s] INFO:colcon.colcon_core.plugin_system:Skipping extension 'colcon_core.shell.bat': Not used on non-Windows systems
[0.520s] INFO:colcon.colcon_core.shell:Skip shell extension 'powershell' for command environment: Not usable outside of PowerShell
[0.520s] DEBUG:colcon.colcon_core.shell:Skip shell extension 'dsv' for command environment
[0.523s] INFO:colcon.colcon_ros.task.ament_cmake.build:Building ROS package in '/home/lhb/AutoAiming_ws/src/homework_bringup' with build type 'ament_cmake'
[0.523s] INFO:colcon.colcon_cmake.task.cmake.build:Building CMake package in '/home/lhb/AutoAiming_ws/src/homework_bringup'
[0.523s] INFO:colcon.colcon_core.shell:Skip shell extension 'powershell' for command environment: Not usable outside of PowerShell
[0.523s] DEBUG:colcon.colcon_core.shell:Skip shell extension 'dsv' for command environment
[0.526s] INFO:colcon.colcon_ros.task.ament_cmake.build:Building ROS package in '/home/lhb/AutoAiming_ws/src/serial_interface' with build type 'ament_cmake'
[0.526s] INFO:colcon.colcon_cmake.task.cmake.build:Building CMake package in '/home/lhb/AutoAiming_ws/src/serial_interface'
[0.526s] INFO:colcon.colcon_core.shell:Skip shell extension 'powershell' for command environment: Not usable outside of PowerShell
[0.526s] DEBUG:colcon.colcon_core.shell:Skip shell extension 'dsv' for command environment
[0.534s] DEBUG:colcon.colcon_core.event_handler.log_command:Invoking command in '/home/lhb/AutoAiming_ws/build/interfaces': CMAKE_PREFIX_PATH=${CMAKE_PREFIX_PATH}:/opt/ros/humble /usr/bin/cmake --build /home/lhb/AutoAiming_ws/build/interfaces -- -j8 -l8
[0.537s] DEBUG:colcon.colcon_core.event_handler.log_command:Invoking command in '/home/lhb/AutoAiming_ws/build/homework_bringup': CMAKE_PREFIX_PATH=${CMAKE_PREFIX_PATH}:/opt/ros/humble /usr/bin/cmake --build /home/lhb/AutoAiming_ws/build/homework_bringup -- -j8 -l8
[0.541s] DEBUG:colcon.colcon_core.event_handler.log_command:Invoking command in '/home/lhb/AutoAiming_ws/build/serial_interface': CMAKE_PREFIX_PATH=${CMAKE_PREFIX_PATH}:/opt/ros/humble /usr/bin/cmake --build /home/lhb/AutoAiming_ws/build/serial_interface -- -j8 -l8
[0.580s] DEBUG:colcon.colcon_core.event_handler.log_command:Invoked command in '/home/lhb/AutoAiming_ws/build/homework_bringup' returned '0': CMAKE_PREFIX_PATH=${CMAKE_PREFIX_PATH}:/opt/ros/humble /usr/bin/cmake --build /home/lhb/AutoAiming_ws/build/homework_bringup -- -j8 -l8
[0.591s] DEBUG:colcon.colcon_core.event_handler.log_command:Invoking command in '/home/lhb/AutoAiming_ws/build/homework_bringup': CMAKE_PREFIX_PATH=${CMAKE_PREFIX_PATH}:/opt/ros/humble /usr/bin/cmake --install /home/lhb/AutoAiming_ws/build/homework_bringup
[0.604s] Level 1:colcon.colcon_core.environment:create_environment_scripts_only(homework_bringup)
[0.605s] DEBUG:colcon.colcon_core.event_handler.log_command:Invoked command in '/home/lhb/AutoAiming_ws/build/homework_bringup' returned '0': CMAKE_PREFIX_PATH=${CMAKE_PREFIX_PATH}:/opt/ros/humble /usr/bin/cmake --install /home/lhb/AutoAiming_ws/build/homework_bringup
[0.618s] Level 1:colcon.colcon_core.environment:checking '/home/lhb/AutoAiming_ws/install/homework_bringup' for CMake module files
[0.619s] Level 1:colcon.colcon_core.environment:checking '/home/lhb/AutoAiming_ws/install/homework_bringup' for CMake config files
[0.619s] Level 1:colcon.colcon_core.shell:create_environment_hook('homework_bringup', 'cmake_prefix_path')
[0.619s] INFO:colcon.colcon_core.shell:Creating environment hook '/home/lhb/AutoAiming_ws/install/homework_bringup/share/homework_bringup/hook/cmake_prefix_path.ps1'
[0.621s] INFO:colcon.colcon_core.shell:Creating environment descriptor '/home/lhb/AutoAiming_ws/install/homework_bringup/share/homework_bringup/hook/cmake_prefix_path.dsv'
[0.622s] INFO:colcon.colcon_core.shell:Creating environment hook '/home/lhb/AutoAiming_ws/install/homework_bringup/share/homework_bringup/hook/cmake_prefix_path.sh'
[0.625s] Level 1:colcon.colcon_core.environment:checking '/home/lhb/AutoAiming_ws/install/homework_bringup/bin'
[0.625s] Level 1:colcon.colcon_core.environment:checking '/home/lhb/AutoAiming_ws/install/homework_bringup/lib/pkgconfig/homework_bringup.pc'
[0.625s] Level 1:colcon.colcon_core.environment:checking '/home/lhb/AutoAiming_ws/install/homework_bringup/lib/python3.10/site-packages'
[0.626s] Level 1:colcon.colcon_core.environment:checking '/home/lhb/AutoAiming_ws/install/homework_bringup/bin'
[0.627s] INFO:colcon.colcon_core.shell:Creating package script '/home/lhb/AutoAiming_ws/install/homework_bringup/share/homework_bringup/package.ps1'
[0.629s] INFO:colcon.colcon_core.shell:Creating package descriptor '/home/lhb/AutoAiming_ws/install/homework_bringup/share/homework_bringup/package.dsv'
[0.633s] INFO:colcon.colcon_core.shell:Creating package script '/home/lhb/AutoAiming_ws/install/homework_bringup/share/homework_bringup/package.sh'
[0.635s] INFO:colcon.colcon_core.shell:Creating package script '/home/lhb/AutoAiming_ws/install/homework_bringup/share/homework_bringup/package.bash'
[0.636s] INFO:colcon.colcon_core.shell:Creating package script '/home/lhb/AutoAiming_ws/install/homework_bringup/share/homework_bringup/package.zsh'
[0.637s] Level 1:colcon.colcon_core.environment:create_file_with_runtime_dependencies(/home/lhb/AutoAiming_ws/install/homework_bringup/share/colcon-core/packages/homework_bringup)
[0.638s] Level 1:colcon.colcon_core.environment:create_environment_scripts_only(homework_bringup)
[0.638s] Level 1:colcon.colcon_core.environment:checking '/home/lhb/AutoAiming_ws/install/homework_bringup' for CMake module files
[0.639s] Level 1:colcon.colcon_core.environment:checking '/home/lhb/AutoAiming_ws/install/homework_bringup' for CMake config files
[0.639s] Level 1:colcon.colcon_core.shell:create_environment_hook('homework_bringup', 'cmake_prefix_path')
[0.639s] INFO:colcon.colcon_core.shell:Creating environment hook '/home/lhb/AutoAiming_ws/install/homework_bringup/share/homework_bringup/hook/cmake_prefix_path.ps1'
[0.640s] INFO:colcon.colcon_core.shell:Creating environment descriptor '/home/lhb/AutoAiming_ws/install/homework_bringup/share/homework_bringup/hook/cmake_prefix_path.dsv'
[0.640s] INFO:colcon.colcon_core.shell:Creating environment hook '/home/lhb/AutoAiming_ws/install/homework_bringup/share/homework_bringup/hook/cmake_prefix_path.sh'
[0.641s] Level 1:colcon.colcon_core.environment:checking '/home/lhb/AutoAiming_ws/install/homework_bringup/bin'
[0.642s] Level 1:colcon.colcon_core.environment:checking '/home/lhb/AutoAiming_ws/install/homework_bringup/lib/pkgconfig/homework_bringup.pc'
[0.642s] Level 1:colcon.colcon_core.environment:checking '/home/lhb/AutoAiming_ws/install/homework_bringup/lib/python3.10/site-packages'
[0.642s] Level 1:colcon.colcon_core.environment:checking '/home/lhb/AutoAiming_ws/install/homework_bringup/bin'
[0.643s] INFO:colcon.colcon_core.shell:Creating package script '/home/lhb/AutoAiming_ws/install/homework_bringup/share/homework_bringup/package.ps1'
[0.644s] INFO:colcon.colcon_core.shell:Creating package descriptor '/home/lhb/AutoAiming_ws/install/homework_bringup/share/homework_bringup/package.dsv'
[0.644s] INFO:colcon.colcon_core.shell:Creating package script '/home/lhb/AutoAiming_ws/install/homework_bringup/share/homework_bringup/package.sh'
[0.645s] INFO:colcon.colcon_core.shell:Creating package script '/home/lhb/AutoAiming_ws/install/homework_bringup/share/homework_bringup/package.bash'
[0.645s] INFO:colcon.colcon_core.shell:Creating package script '/home/lhb/AutoAiming_ws/install/homework_bringup/share/homework_bringup/package.zsh'
[0.645s] Level 1:colcon.colcon_core.environment:create_file_with_runtime_dependencies(/home/lhb/AutoAiming_ws/install/homework_bringup/share/colcon-core/packages/homework_bringup)
[0.669s] DEBUG:colcon.colcon_core.event_handler.log_command:Invoked command in '/home/lhb/AutoAiming_ws/build/serial_interface' returned '0': CMAKE_PREFIX_PATH=${CMAKE_PREFIX_PATH}:/opt/ros/humble /usr/bin/cmake --build /home/lhb/AutoAiming_ws/build/serial_interface -- -j8 -l8
[0.670s] DEBUG:colcon.colcon_core.event_handler.log_command:Invoking command in '/home/lhb/AutoAiming_ws/build/serial_interface': CMAKE_PREFIX_PATH=${CMAKE_PREFIX_PATH}:/opt/ros/humble /usr/bin/cmake --install /home/lhb/AutoAiming_ws/build/serial_interface
[0.679s] Level 1:colcon.colcon_core.environment:create_environment_scripts_only(serial_interface)
[0.679s] Level 1:colcon.colcon_core.environment:checking '/home/lhb/AutoAiming_ws/install/serial_interface' for CMake module files
[0.680s] DEBUG:colcon.colcon_core.event_handler.log_command:Invoked command in '/home/lhb/AutoAiming_ws/build/serial_interface' returned '0': CMAKE_PREFIX_PATH=${CMAKE_PREFIX_PATH}:/opt/ros/humble /usr/bin/cmake --install /home/lhb/AutoAiming_ws/build/serial_interface
[0.680s] Level 1:colcon.colcon_core.environment:checking '/home/lhb/AutoAiming_ws/install/serial_interface' for CMake config files
[0.680s] Level 1:colcon.colcon_core.shell:create_environment_hook('serial_interface', 'cmake_prefix_path')
[0.680s] INFO:colcon.colcon_core.shell:Creating environment hook '/home/lhb/AutoAiming_ws/install/serial_interface/share/serial_interface/hook/cmake_prefix_path.ps1'
[0.681s] INFO:colcon.colcon_core.shell:Creating environment descriptor '/home/lhb/AutoAiming_ws/install/serial_interface/share/serial_interface/hook/cmake_prefix_path.dsv'
[0.681s] INFO:colcon.colcon_core.shell:Creating environment hook '/home/lhb/AutoAiming_ws/install/serial_interface/share/serial_interface/hook/cmake_prefix_path.sh'
[0.682s] Level 1:colcon.colcon_core.environment:checking '/home/lhb/AutoAiming_ws/install/serial_interface/lib'
[0.682s] Level 1:colcon.colcon_core.environment:checking '/home/lhb/AutoAiming_ws/install/serial_interface/bin'
[0.682s] Level 1:colcon.colcon_core.environment:checking '/home/lhb/AutoAiming_ws/install/serial_interface/lib/pkgconfig/serial_interface.pc'
[0.682s] Level 1:colcon.colcon_core.environment:checking '/home/lhb/AutoAiming_ws/install/serial_interface/lib/python3.10/site-packages'
[0.683s] Level 1:colcon.colcon_core.environment:checking '/home/lhb/AutoAiming_ws/install/serial_interface/bin'
[0.683s] INFO:colcon.colcon_core.shell:Creating package script '/home/lhb/AutoAiming_ws/install/serial_interface/share/serial_interface/package.ps1'
[0.684s] INFO:colcon.colcon_core.shell:Creating package descriptor '/home/lhb/AutoAiming_ws/install/serial_interface/share/serial_interface/package.dsv'
[0.684s] INFO:colcon.colcon_core.shell:Creating package script '/home/lhb/AutoAiming_ws/install/serial_interface/share/serial_interface/package.sh'
[0.685s] INFO:colcon.colcon_core.shell:Creating package script '/home/lhb/AutoAiming_ws/install/serial_interface/share/serial_interface/package.bash'
[0.685s] INFO:colcon.colcon_core.shell:Creating package script '/home/lhb/AutoAiming_ws/install/serial_interface/share/serial_interface/package.zsh'
[0.685s] Level 1:colcon.colcon_core.environment:create_file_with_runtime_dependencies(/home/lhb/AutoAiming_ws/install/serial_interface/share/colcon-core/packages/serial_interface)
[0.686s] Level 1:colcon.colcon_core.environment:create_environment_scripts_only(serial_interface)
[0.686s] Level 1:colcon.colcon_core.environment:checking '/home/lhb/AutoAiming_ws/install/serial_interface' for CMake module files
[0.686s] Level 1:colcon.colcon_core.environment:checking '/home/lhb/AutoAiming_ws/install/serial_interface' for CMake config files
[0.686s] Level 1:colcon.colcon_core.shell:create_environment_hook('serial_interface', 'cmake_prefix_path')
[0.686s] INFO:colcon.colcon_core.shell:Creating environment hook '/home/lhb/AutoAiming_ws/install/serial_interface/share/serial_interface/hook/cmake_prefix_path.ps1'
[0.687s] INFO:colcon.colcon_core.shell:Creating environment descriptor '/home/lhb/AutoAiming_ws/install/serial_interface/share/serial_interface/hook/cmake_prefix_path.dsv'
[0.687s] INFO:colcon.colcon_core.shell:Creating environment hook '/home/lhb/AutoAiming_ws/install/serial_interface/share/serial_interface/hook/cmake_prefix_path.sh'
[0.687s] Level 1:colcon.colcon_core.environment:checking '/home/lhb/AutoAiming_ws/install/serial_interface/lib'
[0.687s] Level 1:colcon.colcon_core.environment:checking '/home/lhb/AutoAiming_ws/install/serial_interface/bin'
[0.688s] Level 1:colcon.colcon_core.environment:checking '/home/lhb/AutoAiming_ws/install/serial_interface/lib/pkgconfig/serial_interface.pc'
[0.688s] Level 1:colcon.colcon_core.environment:checking '/home/lhb/AutoAiming_ws/install/serial_interface/lib/python3.10/site-packages'
[0.688s] Level 1:colcon.colcon_core.environment:checking '/home/lhb/AutoAiming_ws/install/serial_interface/bin'
[0.688s] INFO:colcon.colcon_core.shell:Creating package script '/home/lhb/AutoAiming_ws/install/serial_interface/share/serial_interface/package.ps1'
[0.689s] INFO:colcon.colcon_core.shell:Creating package descriptor '/home/lhb/AutoAiming_ws/install/serial_interface/share/serial_interface/package.dsv'
[0.689s] INFO:colcon.colcon_core.shell:Creating package script '/home/lhb/AutoAiming_ws/install/serial_interface/share/serial_interface/package.sh'
[0.689s] INFO:colcon.colcon_core.shell:Creating package script '/home/lhb/AutoAiming_ws/install/serial_interface/share/serial_interface/package.bash'
[0.690s] INFO:colcon.colcon_core.shell:Creating package script '/home/lhb/AutoAiming_ws/install/serial_interface/share/serial_interface/package.zsh'
[0.690s] Level 1:colcon.colcon_core.environment:create_file_with_runtime_dependencies(/home/lhb/AutoAiming_ws/install/serial_interface/share/colcon-core/packages/serial_interface)
[0.852s] DEBUG:colcon.colcon_core.event_handler.log_command:Invoked command in '/home/lhb/AutoAiming_ws/build/interfaces' returned '0': CMAKE_PREFIX_PATH=${CMAKE_PREFIX_PATH}:/opt/ros/humble /usr/bin/cmake --build /home/lhb/AutoAiming_ws/build/interfaces -- -j8 -l8
[0.854s] DEBUG:colcon.colcon_core.event_handler.log_command:Invoking command in '/home/lhb/AutoAiming_ws/build/interfaces': CMAKE_PREFIX_PATH=${CMAKE_PREFIX_PATH}:/opt/ros/humble /usr/bin/cmake --install /home/lhb/AutoAiming_ws/build/interfaces
[0.910s] Level 1:colcon.colcon_core.environment:create_environment_scripts_only(interfaces)
[0.910s] Level 1:colcon.colcon_core.environment:checking '/home/lhb/AutoAiming_ws/install/interfaces' for CMake module files
[0.910s] DEBUG:colcon.colcon_core.event_handler.log_command:Invoked command in '/home/lhb/AutoAiming_ws/build/interfaces' returned '0': CMAKE_PREFIX_PATH=${CMAKE_PREFIX_PATH}:/opt/ros/humble /usr/bin/cmake --install /home/lhb/AutoAiming_ws/build/interfaces
[0.910s] Level 1:colcon.colcon_core.environment:checking '/home/lhb/AutoAiming_ws/install/interfaces' for CMake config files
[0.911s] Level 1:colcon.colcon_core.shell:create_environment_hook('interfaces', 'cmake_prefix_path')
[0.911s] INFO:colcon.colcon_core.shell:Creating environment hook '/home/lhb/AutoAiming_ws/install/interfaces/share/interfaces/hook/cmake_prefix_path.ps1'
[0.911s] INFO:colcon.colcon_core.shell:Creating environment descriptor '/home/lhb/AutoAiming_ws/install/interfaces/share/interfaces/hook/cmake_prefix_path.dsv'
[0.911s] INFO:colcon.colcon_core.shell:Creating environment hook '/home/lhb/AutoAiming_ws/install/interfaces/share/interfaces/hook/cmake_prefix_path.sh'
[0.912s] Level 1:colcon.colcon_core.environment:checking '/home/lhb/AutoAiming_ws/install/interfaces/lib'
[0.912s] Level 1:colcon.colcon_core.shell:create_environment_hook('interfaces', 'ld_library_path_lib')
[0.912s] INFO:colcon.colcon_core.shell:Creating environment hook '/home/lhb/AutoAiming_ws/install/interfaces/share/interfaces/hook/ld_library_path_lib.ps1'
[0.912s] INFO:colcon.colcon_core.shell:Creating environment descriptor '/home/lhb/AutoAiming_ws/install/interfaces/share/interfaces/hook/ld_library_path_lib.dsv'
[0.912s] INFO:colcon.colcon_core.shell:Creating environment hook '/home/lhb/AutoAiming_ws/install/interfaces/share/interfaces/hook/ld_library_path_lib.sh'
[0.913s] Level 1:colcon.colcon_core.environment:checking '/home/lhb/AutoAiming_ws/install/interfaces/bin'
[0.913s] Level 1:colcon.colcon_core.environment:checking '/home/lhb/AutoAiming_ws/install/interfaces/lib/pkgconfig/interfaces.pc'
[0.913s] Level 1:colcon.colcon_core.environment:checking '/home/lhb/AutoAiming_ws/install/interfaces/lib/python3.10/site-packages'
[0.913s] Level 1:colcon.colcon_core.environment:checking '/home/lhb/AutoAiming_ws/install/interfaces/bin'
[0.913s] INFO:colcon.colcon_core.shell:Creating package script '/home/lhb/AutoAiming_ws/install/interfaces/share/interfaces/package.ps1'
[0.914s] INFO:colcon.colcon_core.shell:Creating package descriptor '/home/lhb/AutoAiming_ws/install/interfaces/share/interfaces/package.dsv'
[0.914s] INFO:colcon.colcon_core.shell:Creating package script '/home/lhb/AutoAiming_ws/install/interfaces/share/interfaces/package.sh'
[0.914s] INFO:colcon.colcon_core.shell:Creating package script '/home/lhb/AutoAiming_ws/install/interfaces/share/interfaces/package.bash'
[0.915s] INFO:colcon.colcon_core.shell:Creating package script '/home/lhb/AutoAiming_ws/install/interfaces/share/interfaces/package.zsh'
[0.915s] Level 1:colcon.colcon_core.environment:create_file_with_runtime_dependencies(/home/lhb/AutoAiming_ws/install/interfaces/share/colcon-core/packages/interfaces)
[0.915s] Level 1:colcon.colcon_core.environment:create_environment_scripts_only(interfaces)
[0.915s] Level 1:colcon.colcon_core.environment:checking '/home/lhb/AutoAiming_ws/install/interfaces' for CMake module files
[0.916s] Level 1:colcon.colcon_core.environment:checking '/home/lhb/AutoAiming_ws/install/interfaces' for CMake config files
[0.916s] Level 1:colcon.colcon_core.shell:create_environment_hook('interfaces', 'cmake_prefix_path')
[0.916s] INFO:colcon.colcon_core.shell:Creating environment hook '/home/lhb/AutoAiming_ws/install/interfaces/share/interfaces/hook/cmake_prefix_path.ps1'
[0.916s] INFO:colcon.colcon_core.shell:Creating environment descriptor '/home/lhb/AutoAiming_ws/install/interfaces/share/interfaces/hook/cmake_prefix_path.dsv'
[0.917s] INFO:colcon.colcon_core.shell:Creating environment hook '/home/lhb/AutoAiming_ws/install/interfaces/share/interfaces/hook/cmake_prefix_path.sh'
[0.917s] Level 1:colcon.colcon_core.environment:checking '/home/lhb/AutoAiming_ws/install/interfaces/lib'
[0.917s] Level 1:colcon.colcon_core.shell:create_environment_hook('interfaces', 'ld_library_path_lib')
[0.917s] INFO:colcon.colcon_core.shell:Creating environment hook '/home/lhb/AutoAiming_ws/install/interfaces/share/interfaces/hook/ld_library_path_lib.ps1'
[0.917s] INFO:colcon.colcon_core.shell:Creating environment descriptor '/home/lhb/AutoAiming_ws/install/interfaces/share/interfaces/hook/ld_library_path_lib.dsv'
[0.918s] INFO:colcon.colcon_core.shell:Creating environment hook '/home/lhb/AutoAiming_ws/install/interfaces/share/interfaces/hook/ld_library_path_lib.sh'
[0.918s] Level 1:colcon.colcon_core.environment:checking '/home/lhb/AutoAiming_ws/install/interfaces/bin'
[0.918s] Level 1:colcon.colcon_core.environment:checking '/home/lhb/AutoAiming_ws/install/interfaces/lib/pkgconfig/interfaces.pc'
[0.918s] Level 1:colcon.colcon_core.environment:checking '/home/lhb/AutoAiming_ws/install/interfaces/lib/python3.10/site-packages'
[0.918s] Level 1:colcon.colcon_core.environment:checking '/home/lhb/AutoAiming_ws/install/interfaces/bin'
[0.918s] INFO:colcon.colcon_core.shell:Creating package script '/home/lhb/AutoAiming_ws/install/interfaces/share/interfaces/package.ps1'
[0.919s] INFO:colcon.colcon_core.shell:Creating package descriptor '/home/lhb/AutoAiming_ws/install/interfaces/share/interfaces/package.dsv'
[0.919s] INFO:colcon.colcon_core.shell:Creating package script '/home/lhb/AutoAiming_ws/install/interfaces/share/interfaces/package.sh'
[0.919s] INFO:colcon.colcon_core.shell:Creating package script '/home/lhb/AutoAiming_ws/install/interfaces/share/interfaces/package.bash'
[0.920s] INFO:colcon.colcon_core.shell:Creating package script '/home/lhb/AutoAiming_ws/install/interfaces/share/interfaces/package.zsh'
[0.920s] Level 1:colcon.colcon_core.environment:create_file_with_runtime_dependencies(/home/lhb/AutoAiming_ws/install/interfaces/share/colcon-core/packages/interfaces)
[0.920s] INFO:colcon.colcon_ros.task.ament_cmake.build:Building ROS package in '/home/lhb/AutoAiming_ws/src/gimbal_controller' with build type 'ament_cmake'
[0.920s] INFO:colcon.colcon_cmake.task.cmake.build:Building CMake package in '/home/lhb/AutoAiming_ws/src/gimbal_controller'
[0.920s] INFO:colcon.colcon_core.shell:Skip shell extension 'powershell' for command environment: Not usable outside of PowerShell
[0.920s] DEBUG:colcon.colcon_core.shell:Skip shell extension 'dsv' for command environment
[0.924s] INFO:colcon.colcon_ros.task.ament_cmake.build:Building ROS package in '/home/lhb/AutoAiming_ws/src/vision_detector' with build type 'ament_cmake'
[0.924s] INFO:colcon.colcon_cmake.task.cmake.build:Building CMake package in '/home/lhb/AutoAiming_ws/src/vision_detector'
[0.924s] INFO:colcon.colcon_core.shell:Skip shell extension 'powershell' for command environment: Not usable outside of PowerShell
[0.924s] DEBUG:colcon.colcon_core.shell:Skip shell extension 'dsv' for command environment
[0.932s] DEBUG:colcon.colcon_core.event_handler.log_command:Invoking command in '/home/lhb/AutoAiming_ws/build/gimbal_controller': CMAKE_PREFIX_PATH=/home/lhb/AutoAiming_ws/install/interfaces:/home/lhb/AutoAiming_ws/install/serial_interface:/home/lhb/AutoAiming_ws/install/homework_bringup:/home/lhb/AutoAiming_ws/install/gimbal_controller:/home/lhb/AutoAiming_ws/install/vision_detector:/opt/ros/humble /usr/bin/cmake --build /home/lhb/AutoAiming_ws/build/gimbal_controller -- -j8 -l8
[0.935s] DEBUG:colcon.colcon_core.event_handler.log_command:Invoking command in '/home/lhb/AutoAiming_ws/build/vision_detector': CMAKE_PREFIX_PATH=/home/lhb/AutoAiming_ws/install/interfaces:/home/lhb/AutoAiming_ws/install/serial_interface:/home/lhb/AutoAiming_ws/install/homework_bringup:/home/lhb/AutoAiming_ws/install/gimbal_controller:/home/lhb/AutoAiming_ws/install/vision_detector:/opt/ros/humble /usr/bin/cmake --build /home/lhb/AutoAiming_ws/build/vision_detector -- -j8 -l8
[0.994s] DEBUG:colcon.colcon_core.event_handler.log_command:Invoked command in '/home/lhb/AutoAiming_ws/build/gimbal_controller' returned '0': CMAKE_PREFIX_PATH=/home/lhb/AutoAiming_ws/install/interfaces:/home/lhb/AutoAiming_ws/install/serial_interface:/home/lhb/AutoAiming_ws/install/homework_bringup:/home/lhb/AutoAiming_ws/install/gimbal_controller:/home/lhb/AutoAiming_ws/install/vision_detector:/opt/ros/humble /usr/bin/cmake --build /home/lhb/AutoAiming_ws/build/gimbal_controller -- -j8 -l8
[0.996s] DEBUG:colcon.colcon_core.event_handler.log_command:Invoking command in '/home/lhb/AutoAiming_ws/build/gimbal_controller': CMAKE_PREFIX_PATH=/home/lhb/AutoAiming_ws/install/interfaces:/home/lhb/AutoAiming_ws/install/serial_interface:/home/lhb/AutoAiming_ws/install/homework_bringup:/home/lhb/AutoAiming_ws/install/gimbal_controller:/home/lhb/AutoAiming_ws/install/vision_detector:/opt/ros/humble /usr/bin/cmake --install /home/lhb/AutoAiming_ws/build/gimbal_controller
[1.004s] DEBUG:colcon.colcon_core.event_handler.log_command:Invoked command in '/home/lhb/AutoAiming_ws/build/vision_detector' returned '0': CMAKE_PREFIX_PATH=/home/lhb/AutoAiming_ws/install/interfaces:/home/lhb/AutoAiming_ws/install/serial_interface:/home/lhb/AutoAiming_ws/install/homework_bringup:/home/lhb/AutoAiming_ws/install/gimbal_controller:/home/lhb/AutoAiming_ws/install/vision_detector:/opt/ros/humble /usr/bin/cmake --build /home/lhb/AutoAiming_ws/build/vision_detector -- -j8 -l8
[1.005s] DEBUG:colcon.colcon_core.event_handler.log_command:Invoking command in '/home/lhb/AutoAiming_ws/build/vision_detector': CMAKE_PREFIX_PATH=/home/lhb/AutoAiming_ws/install/interfaces:/home/lhb/AutoAiming_ws/install/serial_interface:/home/lhb/AutoAiming_ws/install/homework_bringup:/home/lhb/AutoAiming_ws/install/gimbal_controller:/home/lhb/AutoAiming_ws/install/vision_detector:/opt/ros/humble /usr/bin/cmake --install /home/lhb/AutoAiming_ws/build/vision_detector
[1.006s] Level 1:colcon.colcon_core.environment:create_environment_scripts_only(gimbal_controller)
[1.006s] Level 1:colcon.colcon_core.environment:checking '/home/lhb/AutoAiming_ws/install/gimbal_controller' for CMake module files
[1.006s] DEBUG:colcon.colcon_core.event_handler.log_command:Invoked command in '/home/lhb/AutoAiming_ws/build/gimbal_controller' returned '0': CMAKE_PREFIX_PATH=/home/lhb/AutoAiming_ws/install/interfaces:/home/lhb/AutoAiming_ws/install/serial_interface:/home/lhb/AutoAiming_ws/install/homework_bringup:/home/lhb/AutoAiming_ws/install/gimbal_controller:/home/lhb/AutoAiming_ws/install/vision_detector:/opt/ros/humble /usr/bin/cmake --install /home/lhb/AutoAiming_ws/build/gimbal_controller
[1.007s] Level 1:colcon.colcon_core.environment:checking '/home/lhb/AutoAiming_ws/install/gimbal_controller' for CMake config files
[1.007s] Level 1:colcon.colcon_core.shell:create_environment_hook('gimbal_controller', 'cmake_prefix_path')
[1.007s] INFO:colcon.colcon_core.shell:Creating environment hook '/home/lhb/AutoAiming_ws/install/gimbal_controller/share/gimbal_controller/hook/cmake_prefix_path.ps1'
[1.008s] INFO:colcon.colcon_core.shell:Creating environment descriptor '/home/lhb/AutoAiming_ws/install/gimbal_controller/share/gimbal_controller/hook/cmake_prefix_path.dsv'
[1.008s] INFO:colcon.colcon_core.shell:Creating environment hook '/home/lhb/AutoAiming_ws/install/gimbal_controller/share/gimbal_controller/hook/cmake_prefix_path.sh'
[1.008s] Level 1:colcon.colcon_core.environment:checking '/home/lhb/AutoAiming_ws/install/gimbal_controller/lib'
[1.008s] Level 1:colcon.colcon_core.environment:checking '/home/lhb/AutoAiming_ws/install/gimbal_controller/bin'
[1.008s] Level 1:colcon.colcon_core.environment:checking '/home/lhb/AutoAiming_ws/install/gimbal_controller/lib/pkgconfig/gimbal_controller.pc'
[1.009s] Level 1:colcon.colcon_core.environment:checking '/home/lhb/AutoAiming_ws/install/gimbal_controller/lib/python3.10/site-packages'
[1.009s] Level 1:colcon.colcon_core.environment:checking '/home/lhb/AutoAiming_ws/install/gimbal_controller/bin'
[1.009s] INFO:colcon.colcon_core.shell:Creating package script '/home/lhb/AutoAiming_ws/install/gimbal_controller/share/gimbal_controller/package.ps1'
[1.009s] INFO:colcon.colcon_core.shell:Creating package descriptor '/home/lhb/AutoAiming_ws/install/gimbal_controller/share/gimbal_controller/package.dsv'
[1.010s] INFO:colcon.colcon_core.shell:Creating package script '/home/lhb/AutoAiming_ws/install/gimbal_controller/share/gimbal_controller/package.sh'
[1.010s] INFO:colcon.colcon_core.shell:Creating package script '/home/lhb/AutoAiming_ws/install/gimbal_controller/share/gimbal_controller/package.bash'
[1.010s] INFO:colcon.colcon_core.shell:Creating package script '/home/lhb/AutoAiming_ws/install/gimbal_controller/share/gimbal_controller/package.zsh'
[1.010s] Level 1:colcon.colcon_core.environment:create_file_with_runtime_dependencies(/home/lhb/AutoAiming_ws/install/gimbal_controller/share/colcon-core/packages/gimbal_controller)
[1.011s] Level 1:colcon.colcon_core.environment:create_environment_scripts_only(gimbal_controller)
[1.011s] Level 1:colcon.colcon_core.environment:checking '/home/lhb/AutoAiming_ws/install/gimbal_controller' for CMake module files
[1.011s] Level 1:colcon.colcon_core.environment:checking '/home/lhb/AutoAiming_ws/install/gimbal_controller' for CMake config files
[1.012s] Level 1:colcon.colcon_core.shell:create_environment_hook('gimbal_controller', 'cmake_prefix_path')
[1.012s] INFO:colcon.colcon_core.shell:Creating environment hook '/home/lhb/AutoAiming_ws/install/gimbal_controller/share/gimbal_controller/hook/cmake_prefix_path.ps1'
[1.013s] INFO:colcon.colcon_core.shell:Creating environment descriptor '/home/lhb/AutoAiming_ws/install/gimbal_controller/share/gimbal_controller/hook/cmake_prefix_path.dsv'
[1.013s] INFO:colcon.colcon_core.shell:Creating environment hook '/home/lhb/AutoAiming_ws/install/gimbal_controller/share/gimbal_controller/hook/cmake_prefix_path.sh'
[1.014s] Level 1:colcon.colcon_core.environment:checking '/home/lhb/AutoAiming_ws/install/gimbal_controller/lib'
[1.014s] Level 1:colcon.colcon_core.environment:checking '/home/lhb/AutoAiming_ws/install/gimbal_controller/bin'
[1.014s] Level 1:colcon.colcon_core.environment:checking '/home/lhb/AutoAiming_ws/install/gimbal_controller/lib/pkgconfig/gimbal_controller.pc'
[1.014s] Level 1:colcon.colcon_core.environment:checking '/home/lhb/AutoAiming_ws/install/gimbal_controller/lib/python3.10/site-packages'
[1.014s] Level 1:colcon.colcon_core.environment:checking '/home/lhb/AutoAiming_ws/install/gimbal_controller/bin'
[1.014s] INFO:colcon.colcon_core.shell:Creating package script '/home/lhb/AutoAiming_ws/install/gimbal_controller/share/gimbal_controller/package.ps1'
[1.015s] INFO:colcon.colcon_core.shell:Creating package descriptor '/home/lhb/AutoAiming_ws/install/gimbal_controller/share/gimbal_controller/package.dsv'
[1.015s] INFO:colcon.colcon_core.shell:Creating package script '/home/lhb/AutoAiming_ws/install/gimbal_controller/share/gimbal_controller/package.sh'
[1.016s] INFO:colcon.colcon_core.shell:Creating package script '/home/lhb/AutoAiming_ws/install/gimbal_controller/share/gimbal_controller/package.bash'
[1.016s] INFO:colcon.colcon_core.shell:Creating package script '/home/lhb/AutoAiming_ws/install/gimbal_controller/share/gimbal_controller/package.zsh'
[1.016s] Level 1:colcon.colcon_core.environment:create_file_with_runtime_dependencies(/home/lhb/AutoAiming_ws/install/gimbal_controller/share/colcon-core/packages/gimbal_controller)
[1.017s] Level 1:colcon.colcon_core.environment:create_environment_scripts_only(vision_detector)
[1.017s] Level 1:colcon.colcon_core.environment:checking '/home/lhb/AutoAiming_ws/install/vision_detector' for CMake module files
[1.017s] DEBUG:colcon.colcon_core.event_handler.log_command:Invoked command in '/home/lhb/AutoAiming_ws/build/vision_detector' returned '0': CMAKE_PREFIX_PATH=/home/lhb/AutoAiming_ws/install/interfaces:/home/lhb/AutoAiming_ws/install/serial_interface:/home/lhb/AutoAiming_ws/install/homework_bringup:/home/lhb/AutoAiming_ws/install/gimbal_controller:/home/lhb/AutoAiming_ws/install/vision_detector:/opt/ros/humble /usr/bin/cmake --install /home/lhb/AutoAiming_ws/build/vision_detector
[1.018s] Level 1:colcon.colcon_core.environment:checking '/home/lhb/AutoAiming_ws/install/vision_detector' for CMake config files
[1.018s] Level 1:colcon.colcon_core.shell:create_environment_hook('vision_detector', 'cmake_prefix_path')
[1.018s] INFO:colcon.colcon_core.shell:Creating environment hook '/home/lhb/AutoAiming_ws/install/vision_detector/share/vision_detector/hook/cmake_prefix_path.ps1'
[1.018s] INFO:colcon.colcon_core.shell:Creating environment descriptor '/home/lhb/AutoAiming_ws/install/vision_detector/share/vision_detector/hook/cmake_prefix_path.dsv'
[1.019s] INFO:colcon.colcon_core.shell:Creating environment hook '/home/lhb/AutoAiming_ws/install/vision_detector/share/vision_detector/hook/cmake_prefix_path.sh'
[1.019s] Level 1:colcon.colcon_core.environment:checking '/home/lhb/AutoAiming_ws/install/vision_detector/lib'
[1.019s] Level 1:colcon.colcon_core.environment:checking '/home/lhb/AutoAiming_ws/install/vision_detector/bin'
[1.019s] Level 1:colcon.colcon_core.environment:checking '/home/lhb/AutoAiming_ws/install/vision_detector/lib/pkgconfig/vision_detector.pc'
[1.019s] Level 1:colcon.colcon_core.environment:checking '/home/lhb/AutoAiming_ws/install/vision_detector/lib/python3.10/site-packages'
[1.019s] Level 1:colcon.colcon_core.environment:checking '/home/lhb/AutoAiming_ws/install/vision_detector/bin'
[1.020s] INFO:colcon.colcon_core.shell:Creating package script '/home/lhb/AutoAiming_ws/install/vision_detector/share/vision_detector/package.ps1'
[1.020s] INFO:colcon.colcon_core.shell:Creating package descriptor '/home/lhb/AutoAiming_ws/install/vision_detector/share/vision_detector/package.dsv'
[1.020s] INFO:colcon.colcon_core.shell:Creating package script '/home/lhb/AutoAiming_ws/install/vision_detector/share/vision_detector/package.sh'
[1.020s] INFO:colcon.colcon_core.shell:Creating package script '/home/lhb/AutoAiming_ws/install/vision_detector/share/vision_detector/package.bash'
[1.021s] INFO:colcon.colcon_core.shell:Creating package script '/home/lhb/AutoAiming_ws/install/vision_detector/share/vision_detector/package.zsh'
[1.021s] Level 1:colcon.colcon_core.environment:create_file_with_runtime_dependencies(/home/lhb/AutoAiming_ws/install/vision_detector/share/colcon-core/packages/vision_detector)
[1.021s] Level 1:colcon.colcon_core.environment:create_environment_scripts_only(vision_detector)
[1.021s] Level 1:colcon.colcon_core.environment:checking '/home/lhb/AutoAiming_ws/install/vision_detector' for CMake module files
[1.022s] Level 1:colcon.colcon_core.environment:checking '/home/lhb/AutoAiming_ws/install/vision_detector' for CMake config files
[1.022s] Level 1:colcon.colcon_core.shell:create_environment_hook('vision_detector', 'cmake_prefix_path')
[1.022s] INFO:colcon.colcon_core.shell:Creating environment hook '/home/lhb/AutoAiming_ws/install/vision_detector/share/vision_detector/hook/cmake_prefix_path.ps1'
[1.022s] INFO:colcon.colcon_core.shell:Creating environment descriptor '/home/lhb/AutoAiming_ws/install/vision_detector/share/vision_detector/hook/cmake_prefix_path.dsv'
[1.022s] INFO:colcon.colcon_core.shell:Creating environment hook '/home/lhb/AutoAiming_ws/install/vision_detector/share/vision_detector/hook/cmake_prefix_path.sh'
[1.023s] Level 1:colcon.colcon_core.environment:checking '/home/lhb/AutoAiming_ws/install/vision_detector/lib'
[1.023s] Level 1:colcon.colcon_core.environment:checking '/home/lhb/AutoAiming_ws/install/vision_detector/bin'
[1.023s] Level 1:colcon.colcon_core.environment:checking '/home/lhb/AutoAiming_ws/install/vision_detector/lib/pkgconfig/vision_detector.pc'
[1.023s] Level 1:colcon.colcon_core.environment:checking '/home/lhb/AutoAiming_ws/install/vision_detector/lib/python3.10/site-packages'
[1.023s] Level 1:colcon.colcon_core.environment:checking '/home/lhb/AutoAiming_ws/install/vision_detector/bin'
[1.023s] INFO:colcon.colcon_core.shell:Creating package script '/home/lhb/AutoAiming_ws/install/vision_detector/share/vision_detector/package.ps1'
[1.024s] INFO:colcon.colcon_core.shell:Creating package descriptor '/home/lhb/AutoAiming_ws/install/vision_detector/share/vision_detector/package.dsv'
[1.024s] INFO:colcon.colcon_core.shell:Creating package script '/home/lhb/AutoAiming_ws/install/vision_detector/share/vision_detector/package.sh'
[1.025s] INFO:colcon.colcon_core.shell:Creating package script '/home/lhb/AutoAiming_ws/install/vision_detector/share/vision_detector/package.bash'
[1.025s] INFO:colcon.colcon_core.shell:Creating package script '/home/lhb/AutoAiming_ws/install/vision_detector/share/vision_detector/package.zsh'
[1.025s] Level 1:colcon.colcon_core.environment:create_file_with_runtime_dependencies(/home/lhb/AutoAiming_ws/install/vision_detector/share/colcon-core/packages/vision_detector)
[1.025s] DEBUG:colcon.colcon_parallel_executor.executor.parallel:closing loop
[1.026s] DEBUG:colcon.colcon_parallel_executor.executor.parallel:loop closed
[1.026s] DEBUG:colcon.colcon_parallel_executor.executor.parallel:run_until_complete finished with '0'
[1.026s] DEBUG:colcon.colcon_core.event_reactor:joining thread
[1.030s] INFO:colcon.colcon_core.plugin_system:Skipping extension 'colcon_notification.desktop_notification.terminal_notifier': Not used on non-Darwin systems
[1.030s] INFO:colcon.colcon_core.plugin_system:Skipping extension 'colcon_notification.desktop_notification.win32': Not used on non-Windows systems
[1.030s] INFO:colcon.colcon_notification.desktop_notification:Sending desktop notification using 'notify2'
[1.040s] DEBUG:colcon.colcon_core.event_reactor:joined thread
[1.041s] INFO:colcon.colcon_core.shell:Creating prefix script '/home/lhb/AutoAiming_ws/install/local_setup.ps1'
[1.042s] INFO:colcon.colcon_core.shell:Creating prefix util module '/home/lhb/AutoAiming_ws/install/_local_setup_util_ps1.py'
[1.044s] INFO:colcon.colcon_core.shell:Creating prefix chain script '/home/lhb/AutoAiming_ws/install/setup.ps1'
[1.045s] INFO:colcon.colcon_core.shell:Creating prefix script '/home/lhb/AutoAiming_ws/install/local_setup.sh'
[1.045s] INFO:colcon.colcon_core.shell:Creating prefix util module '/home/lhb/AutoAiming_ws/install/_local_setup_util_sh.py'
[1.046s] INFO:colcon.colcon_core.shell:Creating prefix chain script '/home/lhb/AutoAiming_ws/install/setup.sh'
[1.046s] INFO:colcon.colcon_core.shell:Creating prefix script '/home/lhb/AutoAiming_ws/install/local_setup.bash'
[1.047s] INFO:colcon.colcon_core.shell:Creating prefix chain script '/home/lhb/AutoAiming_ws/install/setup.bash'
[1.047s] INFO:colcon.colcon_core.shell:Creating prefix script '/home/lhb/AutoAiming_ws/install/local_setup.zsh'
[1.048s] INFO:colcon.colcon_core.shell:Creating prefix chain script '/home/lhb/AutoAiming_ws/install/setup.zsh'
