[0.012s] Invoking command in '/home/lhb/AutoAiming_ws/build/vision_detector': CMAKE_PREFIX_PATH=/home/lhb/AutoAiming_ws/install/interfaces:/home/lhb/AutoAiming_ws/install/gimbal_controller:/home/lhb/AutoAiming_ws/install/vision_detector:/opt/ros/humble /usr/bin/cmake --build /home/lhb/AutoAiming_ws/build/vision_detector -- -j8 -l8
[0.066s] [ 25%] [32mBuilding CXX object CMakeFiles/read.dir/src/main.cpp.o[0m
[8.492s] [ 50%] [32mBuilding CXX object CMakeFiles/read.dir/src/read_video.cpp.o[0m
[11.602s] [01m[K/home/lhb/AutoAiming_ws/src/vision_detector/src/read_video.cpp:[m[K In member function ‘[01m[Kstd::vector<cv::Point_<float> > ReadVideo::GetArmours(const cv::Mat&, cv::Mat&, cv::Scalar)[m[K’:
[11.602s] [01m[K/home/lhb/AutoAiming_ws/src/vision_detector/src/read_video.cpp:58:19:[m[K [01;35m[Kwarning: [m[Kcomparison of integer expressions of different signedness: ‘[01m[Kint[m[K’ and ‘[01m[Kstd::vector<cv::RotatedRect>::size_type[m[K’ {aka ‘[01m[Klong unsigned int[m[K’} [[01;35m[K]8;;https://gcc.gnu.org/onlinedocs/gcc/Warning-Options.html#index-Wsign-compare-Wsign-compare]8;;[m[K]
[11.602s]    58 |     for (int i=0;[01;35m[Ki<lights.size()[m[K;i++) {
[11.602s]       |                  [01;35m[K~^~~~~~~~~~~~~~[m[K
[11.602s] [01m[K/home/lhb/AutoAiming_ws/src/vision_detector/src/read_video.cpp:59:25:[m[K [01;35m[Kwarning: [m[Kcomparison of integer expressions of different signedness: ‘[01m[Kint[m[K’ and ‘[01m[Kstd::vector<cv::RotatedRect>::size_type[m[K’ {aka ‘[01m[Klong unsigned int[m[K’} [[01;35m[K]8;;https://gcc.gnu.org/onlinedocs/gcc/Warning-Options.html#index-Wsign-compare-Wsign-compare]8;;[m[K]
[11.602s]    59 |         for (int j=i+1;[01;35m[Kj<lights.size()[m[K;j++) {
[11.602s]       |                        [01;35m[K~^~~~~~~~~~~~~~[m[K
[14.073s] [ 75%] [32m[1mLinking CXX executable read[0m
[14.963s] [100%] Built target read
[14.970s] Invoked command in '/home/lhb/AutoAiming_ws/build/vision_detector' returned '0': CMAKE_PREFIX_PATH=/home/lhb/AutoAiming_ws/install/interfaces:/home/lhb/AutoAiming_ws/install/gimbal_controller:/home/lhb/AutoAiming_ws/install/vision_detector:/opt/ros/humble /usr/bin/cmake --build /home/lhb/AutoAiming_ws/build/vision_detector -- -j8 -l8
[14.973s] Invoking command in '/home/lhb/AutoAiming_ws/build/vision_detector': CMAKE_PREFIX_PATH=/home/lhb/AutoAiming_ws/install/interfaces:/home/lhb/AutoAiming_ws/install/gimbal_controller:/home/lhb/AutoAiming_ws/install/vision_detector:/opt/ros/humble /usr/bin/cmake --install /home/lhb/AutoAiming_ws/build/vision_detector
[14.979s] -- Install configuration: ""
[14.980s] -- Installing: /home/lhb/AutoAiming_ws/install/vision_detector/lib/vision_detector/read
[14.983s] -- Set runtime path of "/home/lhb/AutoAiming_ws/install/vision_detector/lib/vision_detector/read" to ""
[14.983s] -- Up-to-date: /home/lhb/AutoAiming_ws/install/vision_detector/share/ament_index/resource_index/package_run_dependencies/vision_detector
[14.983s] -- Up-to-date: /home/lhb/AutoAiming_ws/install/vision_detector/share/ament_index/resource_index/parent_prefix_path/vision_detector
[14.983s] -- Up-to-date: /home/lhb/AutoAiming_ws/install/vision_detector/share/vision_detector/environment/ament_prefix_path.sh
[14.983s] -- Up-to-date: /home/lhb/AutoAiming_ws/install/vision_detector/share/vision_detector/environment/ament_prefix_path.dsv
[14.983s] -- Up-to-date: /home/lhb/AutoAiming_ws/install/vision_detector/share/vision_detector/environment/path.sh
[14.983s] -- Up-to-date: /home/lhb/AutoAiming_ws/install/vision_detector/share/vision_detector/environment/path.dsv
[14.983s] -- Up-to-date: /home/lhb/AutoAiming_ws/install/vision_detector/share/vision_detector/local_setup.bash
[14.983s] -- Up-to-date: /home/lhb/AutoAiming_ws/install/vision_detector/share/vision_detector/local_setup.sh
[14.983s] -- Up-to-date: /home/lhb/AutoAiming_ws/install/vision_detector/share/vision_detector/local_setup.zsh
[14.983s] -- Up-to-date: /home/lhb/AutoAiming_ws/install/vision_detector/share/vision_detector/local_setup.dsv
[14.983s] -- Installing: /home/lhb/AutoAiming_ws/install/vision_detector/share/vision_detector/package.dsv
[14.984s] -- Up-to-date: /home/lhb/AutoAiming_ws/install/vision_detector/share/ament_index/resource_index/packages/vision_detector
[14.984s] -- Up-to-date: /home/lhb/AutoAiming_ws/install/vision_detector/share/vision_detector/cmake/vision_detectorConfig.cmake
[14.984s] -- Up-to-date: /home/lhb/AutoAiming_ws/install/vision_detector/share/vision_detector/cmake/vision_detectorConfig-version.cmake
[14.984s] -- Up-to-date: /home/lhb/AutoAiming_ws/install/vision_detector/share/vision_detector/package.xml
[14.986s] Invoked command in '/home/lhb/AutoAiming_ws/build/vision_detector' returned '0': CMAKE_PREFIX_PATH=/home/lhb/AutoAiming_ws/install/interfaces:/home/lhb/AutoAiming_ws/install/gimbal_controller:/home/lhb/AutoAiming_ws/install/vision_detector:/opt/ros/humble /usr/bin/cmake --install /home/lhb/AutoAiming_ws/build/vision_detector
