[0.013s] Invoking command in '/home/lhb/AutoAiming_ws/build/gimbal_controller': CMAKE_PREFIX_PATH=/home/lhb/AutoAiming_ws/install/interfaces:/home/lhb/AutoAiming_ws/install/gimbal_controller:/home/lhb/AutoAiming_ws/install/vision_detector:/opt/ros/humble /usr/bin/cmake --build /home/lhb/AutoAiming_ws/build/gimbal_controller -- -j8 -l8
[0.052s] [35m[1mConsolidate compiler generated dependencies of target find[0m
[0.070s] [100%] Built target find
[0.079s] Invoked command in '/home/lhb/AutoAiming_ws/build/gimbal_controller' returned '0': CMAKE_PREFIX_PATH=/home/lhb/AutoAiming_ws/install/interfaces:/home/lhb/AutoAiming_ws/install/gimbal_controller:/home/lhb/AutoAiming_ws/install/vision_detector:/opt/ros/humble /usr/bin/cmake --build /home/lhb/AutoAiming_ws/build/gimbal_controller -- -j8 -l8
[0.081s] Invoking command in '/home/lhb/AutoAiming_ws/build/gimbal_controller': CMAKE_PREFIX_PATH=/home/lhb/AutoAiming_ws/install/interfaces:/home/lhb/AutoAiming_ws/install/gimbal_controller:/home/lhb/AutoAiming_ws/install/vision_detector:/opt/ros/humble /usr/bin/cmake --install /home/lhb/AutoAiming_ws/build/gimbal_controller
[0.087s] -- Install configuration: ""
[0.087s] -- Up-to-date: /home/lhb/AutoAiming_ws/install/gimbal_controller/share/ament_index/resource_index/package_run_dependencies/gimbal_controller
[0.087s] -- Up-to-date: /home/lhb/AutoAiming_ws/install/gimbal_controller/share/ament_index/resource_index/parent_prefix_path/gimbal_controller
[0.087s] -- Up-to-date: /home/lhb/AutoAiming_ws/install/gimbal_controller/share/gimbal_controller/environment/ament_prefix_path.sh
[0.087s] -- Up-to-date: /home/lhb/AutoAiming_ws/install/gimbal_controller/share/gimbal_controller/environment/ament_prefix_path.dsv
[0.088s] -- Up-to-date: /home/lhb/AutoAiming_ws/install/gimbal_controller/share/gimbal_controller/environment/path.sh
[0.088s] -- Up-to-date: /home/lhb/AutoAiming_ws/install/gimbal_controller/share/gimbal_controller/environment/path.dsv
[0.088s] -- Up-to-date: /home/lhb/AutoAiming_ws/install/gimbal_controller/share/gimbal_controller/local_setup.bash
[0.088s] -- Up-to-date: /home/lhb/AutoAiming_ws/install/gimbal_controller/share/gimbal_controller/local_setup.sh
[0.088s] -- Up-to-date: /home/lhb/AutoAiming_ws/install/gimbal_controller/share/gimbal_controller/local_setup.zsh
[0.088s] -- Up-to-date: /home/lhb/AutoAiming_ws/install/gimbal_controller/share/gimbal_controller/local_setup.dsv
[0.088s] -- Installing: /home/lhb/AutoAiming_ws/install/gimbal_controller/share/gimbal_controller/package.dsv
[0.088s] -- Up-to-date: /home/lhb/AutoAiming_ws/install/gimbal_controller/share/ament_index/resource_index/packages/gimbal_controller
[0.088s] -- Up-to-date: /home/lhb/AutoAiming_ws/install/gimbal_controller/share/gimbal_controller/cmake/gimbal_controllerConfig.cmake
[0.088s] -- Up-to-date: /home/lhb/AutoAiming_ws/install/gimbal_controller/share/gimbal_controller/cmake/gimbal_controllerConfig-version.cmake
[0.088s] -- Up-to-date: /home/lhb/AutoAiming_ws/install/gimbal_controller/share/gimbal_controller/package.xml
[0.090s] Invoked command in '/home/lhb/AutoAiming_ws/build/gimbal_controller' returned '0': CMAKE_PREFIX_PATH=/home/lhb/AutoAiming_ws/install/interfaces:/home/lhb/AutoAiming_ws/install/gimbal_controller:/home/lhb/AutoAiming_ws/install/vision_detector:/opt/ros/humble /usr/bin/cmake --install /home/lhb/AutoAiming_ws/build/gimbal_controller
