-- Found ament_cmake: 1.3.12 (/opt/ros/humble/share/ament_cmake/cmake)
-- Found rclcpp: 16.0.17 (/opt/ros/humble/share/rclcpp/cmake)
-- Found rosidl_generator_c: 3.1.8 (/opt/ros/humble/share/rosidl_generator_c/cmake)
-- Found rosidl_adapter: 3.1.8 (/opt/ros/humble/share/rosidl_adapter/cmake)
-- Found rosidl_generator_cpp: 3.1.8 (/opt/ros/humble/share/rosidl_generator_cpp/cmake)
-- Using all available rosidl_typesupport_c: rosidl_typesupport_fastrtps_c;rosidl_typesupport_introspection_c
-- Using all available rosidl_typesupport_cpp: rosidl_typesupport_fastrtps_cpp;rosidl_typesupport_introspection_cpp
-- Found rmw_implementation_cmake: 6.1.2 (/opt/ros/humble/share/rmw_implementation_cmake/cmake)
-- Found rmw_fastrtps_cpp: 6.2.9 (/opt/ros/humble/share/rmw_fastrtps_cpp/cmake)
-- Using RMW implementation 'rmw_fastrtps_cpp' as default
-- Found sensor_msgs: 4.9.0 (/opt/ros/humble/share/sensor_msgs/cmake)
-- Found cv_bridge: 3.2.1 (/opt/ros/humble/share/cv_bridge/cmake)
-- Found interfaces: 0.0.0 (/home/lhb/AutoAiming_ws/install/interfaces/share/interfaces/cmake)
-- Found ament_lint_auto: 0.12.14 (/opt/ros/humble/share/ament_lint_auto/cmake)
-- Added test 'cppcheck' to perform static code analysis on C / C++ code
-- Configured cppcheck include dirs: 
-- Configured cppcheck exclude dirs and/or files: 
-- Added test 'lint_cmake' to check CMake code style
-- Added test 'uncrustify' to check C / C++ code style
-- Configured uncrustify additional arguments: 
-- Added test 'xmllint' to check XML markup files
-- Configuring done
-- Generating done
-- Build files have been written to: /home/lhb/AutoAiming_ws/build/vision_detector
[35m[1mConsolidate compiler generated dependencies of target read[0m
[ 25%] [32m[1mLinking CXX executable read[0m
[100%] Built target read
-- Install configuration: ""
-- Installing: /home/lhb/AutoAiming_ws/install/vision_detector/lib/vision_detector/read
-- Set runtime path of "/home/lhb/AutoAiming_ws/install/vision_detector/lib/vision_detector/read" to ""
-- Up-to-date: /home/lhb/AutoAiming_ws/install/vision_detector/share/ament_index/resource_index/package_run_dependencies/vision_detector
-- Installing: /home/lhb/AutoAiming_ws/install/vision_detector/share/ament_index/resource_index/parent_prefix_path/vision_detector
-- Up-to-date: /home/lhb/AutoAiming_ws/install/vision_detector/share/vision_detector/environment/ament_prefix_path.sh
-- Installing: /home/lhb/AutoAiming_ws/install/vision_detector/share/vision_detector/environment/ament_prefix_path.dsv
-- Up-to-date: /home/lhb/AutoAiming_ws/install/vision_detector/share/vision_detector/environment/path.sh
-- Installing: /home/lhb/AutoAiming_ws/install/vision_detector/share/vision_detector/environment/path.dsv
-- Up-to-date: /home/lhb/AutoAiming_ws/install/vision_detector/share/vision_detector/local_setup.bash
-- Up-to-date: /home/lhb/AutoAiming_ws/install/vision_detector/share/vision_detector/local_setup.sh
-- Up-to-date: /home/lhb/AutoAiming_ws/install/vision_detector/share/vision_detector/local_setup.zsh
-- Installing: /home/lhb/AutoAiming_ws/install/vision_detector/share/vision_detector/local_setup.dsv
-- Installing: /home/lhb/AutoAiming_ws/install/vision_detector/share/vision_detector/package.dsv
-- Up-to-date: /home/lhb/AutoAiming_ws/install/vision_detector/share/ament_index/resource_index/packages/vision_detector
-- Up-to-date: /home/lhb/AutoAiming_ws/install/vision_detector/share/vision_detector/cmake/vision_detectorConfig.cmake
-- Up-to-date: /home/lhb/AutoAiming_ws/install/vision_detector/share/vision_detector/cmake/vision_detectorConfig-version.cmake
-- Up-to-date: /home/lhb/AutoAiming_ws/install/vision_detector/share/vision_detector/package.xml
