[0.231s] DEBUG:colcon:Command line arguments: ['/usr/bin/colcon', 'build']
[0.231s] DEBUG:colcon:Parsed command line arguments: Namespace(log_base=None, log_level=None, verb_name='build', build_base='build', install_base='install', merge_install=False, symlink_install=False, test_result_base=None, continue_on_error=False, executor='parallel', parallel_workers=8, event_handlers=None, ignore_user_meta=False, metas=['./colcon.meta'], base_paths=['.'], packages_ignore=None, packages_ignore_regex=None, paths=None, packages_up_to=None, packages_up_to_regex=None, packages_above=None, packages_above_and_dependencies=None, packages_above_depth=None, packages_select_by_dep=None, packages_skip_by_dep=None, packages_skip_up_to=None, packages_select_build_failed=False, packages_skip_build_finished=False, packages_select_test_failures=False, packages_skip_test_passed=False, packages_select=None, packages_skip=None, packages_select_regex=None, packages_skip_regex=None, packages_start=None, packages_end=None, allow_overriding=[], cmake_args=None, cmake_target=None, cmake_target_skip_unavailable=False, cmake_clean_cache=False, cmake_clean_first=False, cmake_force_configure=False, ament_cmake_args=None, catkin_cmake_args=None, catkin_skip_building_tests=False, verb_parser=<colcon_defaults.argument_parser.defaults.DefaultArgumentsDecorator object at 0x792b1af2b460>, verb_extension=<colcon_core.verb.build.BuildVerb object at 0x792b1af2b010>, main=<bound method BuildVerb.main of <colcon_core.verb.build.BuildVerb object at 0x792b1af2b010>>)
[0.339s] Level 1:colcon.colcon_core.package_discovery:discover_packages(colcon_meta) check parameters
[0.339s] Level 1:colcon.colcon_core.package_discovery:discover_packages(recursive) check parameters
[0.339s] Level 1:colcon.colcon_core.package_discovery:discover_packages(ignore) check parameters
[0.339s] Level 1:colcon.colcon_core.package_discovery:discover_packages(path) check parameters
[0.339s] Level 1:colcon.colcon_core.package_discovery:discover_packages(colcon_meta) discover
[0.339s] Level 1:colcon.colcon_core.package_discovery:discover_packages(recursive) discover
[0.339s] INFO:colcon.colcon_core.package_discovery:Crawling recursively for packages in '/home/lhb/AutoAiming_ws'
[0.339s] Level 1:colcon.colcon_core.package_identification:_identify(.) by extensions ['ignore', 'ignore_ament_install']
[0.339s] Level 1:colcon.colcon_core.package_identification:_identify(.) by extension 'ignore'
[0.339s] Level 1:colcon.colcon_core.package_identification:_identify(.) by extension 'ignore_ament_install'
[0.339s] Level 1:colcon.colcon_core.package_identification:_identify(.) by extensions ['colcon_pkg']
[0.339s] Level 1:colcon.colcon_core.package_identification:_identify(.) by extension 'colcon_pkg'
[0.339s] Level 1:colcon.colcon_core.package_identification:_identify(.) by extensions ['colcon_meta']
[0.339s] Level 1:colcon.colcon_core.package_identification:_identify(.) by extension 'colcon_meta'
[0.339s] Level 1:colcon.colcon_core.package_identification:_identify(.) by extensions ['ros']
[0.339s] Level 1:colcon.colcon_core.package_identification:_identify(.) by extension 'ros'
[0.347s] Level 1:colcon.colcon_core.package_identification:_identify(.) by extensions ['cmake', 'python']
[0.348s] Level 1:colcon.colcon_core.package_identification:_identify(.) by extension 'cmake'
[0.348s] Level 1:colcon.colcon_core.package_identification:_identify(.) by extension 'python'
[0.348s] Level 1:colcon.colcon_core.package_identification:_identify(.) by extensions ['python_setup_py']
[0.348s] Level 1:colcon.colcon_core.package_identification:_identify(.) by extension 'python_setup_py'
[0.348s] Level 1:colcon.colcon_core.package_identification:_identify(build) by extensions ['ignore', 'ignore_ament_install']
[0.348s] Level 1:colcon.colcon_core.package_identification:_identify(build) by extension 'ignore'
[0.348s] Level 1:colcon.colcon_core.package_identification:_identify(build) ignored
[0.348s] Level 1:colcon.colcon_core.package_identification:_identify(install) by extensions ['ignore', 'ignore_ament_install']
[0.348s] Level 1:colcon.colcon_core.package_identification:_identify(install) by extension 'ignore'
[0.348s] Level 1:colcon.colcon_core.package_identification:_identify(install) ignored
[0.348s] Level 1:colcon.colcon_core.package_identification:_identify(log) by extensions ['ignore', 'ignore_ament_install']
[0.348s] Level 1:colcon.colcon_core.package_identification:_identify(log) by extension 'ignore'
[0.348s] Level 1:colcon.colcon_core.package_identification:_identify(log) ignored
[0.348s] Level 1:colcon.colcon_core.package_identification:_identify(src) by extensions ['ignore', 'ignore_ament_install']
[0.348s] Level 1:colcon.colcon_core.package_identification:_identify(src) by extension 'ignore'
[0.348s] Level 1:colcon.colcon_core.package_identification:_identify(src) by extension 'ignore_ament_install'
[0.348s] Level 1:colcon.colcon_core.package_identification:_identify(src) by extensions ['colcon_pkg']
[0.348s] Level 1:colcon.colcon_core.package_identification:_identify(src) by extension 'colcon_pkg'
[0.348s] Level 1:colcon.colcon_core.package_identification:_identify(src) by extensions ['colcon_meta']
[0.348s] Level 1:colcon.colcon_core.package_identification:_identify(src) by extension 'colcon_meta'
[0.348s] Level 1:colcon.colcon_core.package_identification:_identify(src) by extensions ['ros']
[0.348s] Level 1:colcon.colcon_core.package_identification:_identify(src) by extension 'ros'
[0.348s] Level 1:colcon.colcon_core.package_identification:_identify(src) by extensions ['cmake', 'python']
[0.349s] Level 1:colcon.colcon_core.package_identification:_identify(src) by extension 'cmake'
[0.349s] Level 1:colcon.colcon_core.package_identification:_identify(src) by extension 'python'
[0.349s] Level 1:colcon.colcon_core.package_identification:_identify(src) by extensions ['python_setup_py']
[0.349s] Level 1:colcon.colcon_core.package_identification:_identify(src) by extension 'python_setup_py'
[0.349s] Level 1:colcon.colcon_core.package_identification:_identify(src/gimbal_controller) by extensions ['ignore', 'ignore_ament_install']
[0.349s] Level 1:colcon.colcon_core.package_identification:_identify(src/gimbal_controller) by extension 'ignore'
[0.349s] Level 1:colcon.colcon_core.package_identification:_identify(src/gimbal_controller) by extension 'ignore_ament_install'
[0.349s] Level 1:colcon.colcon_core.package_identification:_identify(src/gimbal_controller) by extensions ['colcon_pkg']
[0.349s] Level 1:colcon.colcon_core.package_identification:_identify(src/gimbal_controller) by extension 'colcon_pkg'
[0.349s] Level 1:colcon.colcon_core.package_identification:_identify(src/gimbal_controller) by extensions ['colcon_meta']
[0.349s] Level 1:colcon.colcon_core.package_identification:_identify(src/gimbal_controller) by extension 'colcon_meta'
[0.349s] Level 1:colcon.colcon_core.package_identification:_identify(src/gimbal_controller) by extensions ['ros']
[0.349s] Level 1:colcon.colcon_core.package_identification:_identify(src/gimbal_controller) by extension 'ros'
[0.354s] DEBUG:colcon.colcon_core.package_identification:Package 'src/gimbal_controller' with type 'ros.ament_cmake' and name 'gimbal_controller'
[0.354s] Level 1:colcon.colcon_core.package_identification:_identify(src/homework_bringup) by extensions ['ignore', 'ignore_ament_install']
[0.354s] Level 1:colcon.colcon_core.package_identification:_identify(src/homework_bringup) by extension 'ignore'
[0.355s] Level 1:colcon.colcon_core.package_identification:_identify(src/homework_bringup) by extension 'ignore_ament_install'
[0.355s] Level 1:colcon.colcon_core.package_identification:_identify(src/homework_bringup) by extensions ['colcon_pkg']
[0.355s] Level 1:colcon.colcon_core.package_identification:_identify(src/homework_bringup) by extension 'colcon_pkg'
[0.355s] Level 1:colcon.colcon_core.package_identification:_identify(src/homework_bringup) by extensions ['colcon_meta']
[0.355s] Level 1:colcon.colcon_core.package_identification:_identify(src/homework_bringup) by extension 'colcon_meta'
[0.355s] Level 1:colcon.colcon_core.package_identification:_identify(src/homework_bringup) by extensions ['ros']
[0.355s] Level 1:colcon.colcon_core.package_identification:_identify(src/homework_bringup) by extension 'ros'
[0.355s] DEBUG:colcon.colcon_core.package_identification:Package 'src/homework_bringup' with type 'ros.ament_cmake' and name 'homework_bringup'
[0.356s] Level 1:colcon.colcon_core.package_identification:_identify(src/interfaces) by extensions ['ignore', 'ignore_ament_install']
[0.356s] Level 1:colcon.colcon_core.package_identification:_identify(src/interfaces) by extension 'ignore'
[0.356s] Level 1:colcon.colcon_core.package_identification:_identify(src/interfaces) by extension 'ignore_ament_install'
[0.356s] Level 1:colcon.colcon_core.package_identification:_identify(src/interfaces) by extensions ['colcon_pkg']
[0.356s] Level 1:colcon.colcon_core.package_identification:_identify(src/interfaces) by extension 'colcon_pkg'
[0.356s] Level 1:colcon.colcon_core.package_identification:_identify(src/interfaces) by extensions ['colcon_meta']
[0.356s] Level 1:colcon.colcon_core.package_identification:_identify(src/interfaces) by extension 'colcon_meta'
[0.356s] Level 1:colcon.colcon_core.package_identification:_identify(src/interfaces) by extensions ['ros']
[0.356s] Level 1:colcon.colcon_core.package_identification:_identify(src/interfaces) by extension 'ros'
[0.357s] DEBUG:colcon.colcon_core.package_identification:Package 'src/interfaces' with type 'ros.ament_cmake' and name 'interfaces'
[0.357s] Level 1:colcon.colcon_core.package_identification:_identify(src/serial_interface) by extensions ['ignore', 'ignore_ament_install']
[0.357s] Level 1:colcon.colcon_core.package_identification:_identify(src/serial_interface) by extension 'ignore'
[0.357s] Level 1:colcon.colcon_core.package_identification:_identify(src/serial_interface) by extension 'ignore_ament_install'
[0.357s] Level 1:colcon.colcon_core.package_identification:_identify(src/serial_interface) by extensions ['colcon_pkg']
[0.357s] Level 1:colcon.colcon_core.package_identification:_identify(src/serial_interface) by extension 'colcon_pkg'
[0.357s] Level 1:colcon.colcon_core.package_identification:_identify(src/serial_interface) by extensions ['colcon_meta']
[0.357s] Level 1:colcon.colcon_core.package_identification:_identify(src/serial_interface) by extension 'colcon_meta'
[0.357s] Level 1:colcon.colcon_core.package_identification:_identify(src/serial_interface) by extensions ['ros']
[0.357s] Level 1:colcon.colcon_core.package_identification:_identify(src/serial_interface) by extension 'ros'
[0.358s] DEBUG:colcon.colcon_core.package_identification:Package 'src/serial_interface' with type 'ros.ament_cmake' and name 'serial_interface'
[0.358s] Level 1:colcon.colcon_core.package_identification:_identify(src/vision_detector) by extensions ['ignore', 'ignore_ament_install']
[0.358s] Level 1:colcon.colcon_core.package_identification:_identify(src/vision_detector) by extension 'ignore'
[0.358s] Level 1:colcon.colcon_core.package_identification:_identify(src/vision_detector) by extension 'ignore_ament_install'
[0.358s] Level 1:colcon.colcon_core.package_identification:_identify(src/vision_detector) by extensions ['colcon_pkg']
[0.358s] Level 1:colcon.colcon_core.package_identification:_identify(src/vision_detector) by extension 'colcon_pkg'
[0.358s] Level 1:colcon.colcon_core.package_identification:_identify(src/vision_detector) by extensions ['colcon_meta']
[0.358s] Level 1:colcon.colcon_core.package_identification:_identify(src/vision_detector) by extension 'colcon_meta'
[0.358s] Level 1:colcon.colcon_core.package_identification:_identify(src/vision_detector) by extensions ['ros']
[0.358s] Level 1:colcon.colcon_core.package_identification:_identify(src/vision_detector) by extension 'ros'
[0.360s] DEBUG:colcon.colcon_core.package_identification:Package 'src/vision_detector' with type 'ros.ament_cmake' and name 'vision_detector'
[0.360s] Level 1:colcon.colcon_core.package_discovery:discover_packages(recursive) using defaults
[0.360s] Level 1:colcon.colcon_core.package_discovery:discover_packages(ignore) discover
[0.360s] Level 1:colcon.colcon_core.package_discovery:discover_packages(ignore) using defaults
[0.360s] Level 1:colcon.colcon_core.package_discovery:discover_packages(path) discover
[0.360s] Level 1:colcon.colcon_core.package_discovery:discover_packages(path) using defaults
[0.374s] Level 1:colcon.colcon_core.package_discovery:discover_packages(prefix_path) check parameters
[0.375s] Level 1:colcon.colcon_core.package_discovery:discover_packages(prefix_path) discover
[0.376s] DEBUG:colcon.colcon_installed_package_information.package_discovery:Found 5 installed packages in /home/lhb/AutoAiming_ws/install
[0.377s] DEBUG:colcon.colcon_installed_package_information.package_discovery:Found 276 installed packages in /opt/ros/humble
[0.386s] Level 1:colcon.colcon_core.package_discovery:discover_packages(prefix_path) using defaults
[0.451s] Level 5:colcon.colcon_core.verb:set package 'homework_bringup' build argument 'cmake_args' from command line to 'None'
[0.451s] Level 5:colcon.colcon_core.verb:set package 'homework_bringup' build argument 'cmake_target' from command line to 'None'
[0.451s] Level 5:colcon.colcon_core.verb:set package 'homework_bringup' build argument 'cmake_target_skip_unavailable' from command line to 'False'
[0.451s] Level 5:colcon.colcon_core.verb:set package 'homework_bringup' build argument 'cmake_clean_cache' from command line to 'False'
[0.451s] Level 5:colcon.colcon_core.verb:set package 'homework_bringup' build argument 'cmake_clean_first' from command line to 'False'
[0.451s] Level 5:colcon.colcon_core.verb:set package 'homework_bringup' build argument 'cmake_force_configure' from command line to 'False'
[0.451s] Level 5:colcon.colcon_core.verb:set package 'homework_bringup' build argument 'ament_cmake_args' from command line to 'None'
[0.451s] Level 5:colcon.colcon_core.verb:set package 'homework_bringup' build argument 'catkin_cmake_args' from command line to 'None'
[0.451s] Level 5:colcon.colcon_core.verb:set package 'homework_bringup' build argument 'catkin_skip_building_tests' from command line to 'False'
[0.451s] DEBUG:colcon.colcon_core.verb:Building package 'homework_bringup' with the following arguments: {'ament_cmake_args': None, 'build_base': '/home/lhb/AutoAiming_ws/build/homework_bringup', 'catkin_cmake_args': None, 'catkin_skip_building_tests': False, 'cmake_args': None, 'cmake_clean_cache': False, 'cmake_clean_first': False, 'cmake_force_configure': False, 'cmake_target': None, 'cmake_target_skip_unavailable': False, 'install_base': '/home/lhb/AutoAiming_ws/install/homework_bringup', 'merge_install': False, 'path': '/home/lhb/AutoAiming_ws/src/homework_bringup', 'symlink_install': False, 'test_result_base': None}
[0.451s] Level 5:colcon.colcon_core.verb:set package 'interfaces' build argument 'cmake_args' from command line to 'None'
[0.451s] Level 5:colcon.colcon_core.verb:set package 'interfaces' build argument 'cmake_target' from command line to 'None'
[0.451s] Level 5:colcon.colcon_core.verb:set package 'interfaces' build argument 'cmake_target_skip_unavailable' from command line to 'False'
[0.452s] Level 5:colcon.colcon_core.verb:set package 'interfaces' build argument 'cmake_clean_cache' from command line to 'False'
[0.452s] Level 5:colcon.colcon_core.verb:set package 'interfaces' build argument 'cmake_clean_first' from command line to 'False'
[0.452s] Level 5:colcon.colcon_core.verb:set package 'interfaces' build argument 'cmake_force_configure' from command line to 'False'
[0.452s] Level 5:colcon.colcon_core.verb:set package 'interfaces' build argument 'ament_cmake_args' from command line to 'None'
[0.452s] Level 5:colcon.colcon_core.verb:set package 'interfaces' build argument 'catkin_cmake_args' from command line to 'None'
[0.452s] Level 5:colcon.colcon_core.verb:set package 'interfaces' build argument 'catkin_skip_building_tests' from command line to 'False'
[0.452s] DEBUG:colcon.colcon_core.verb:Building package 'interfaces' with the following arguments: {'ament_cmake_args': None, 'build_base': '/home/lhb/AutoAiming_ws/build/interfaces', 'catkin_cmake_args': None, 'catkin_skip_building_tests': False, 'cmake_args': None, 'cmake_clean_cache': False, 'cmake_clean_first': False, 'cmake_force_configure': False, 'cmake_target': None, 'cmake_target_skip_unavailable': False, 'install_base': '/home/lhb/AutoAiming_ws/install/interfaces', 'merge_install': False, 'path': '/home/lhb/AutoAiming_ws/src/interfaces', 'symlink_install': False, 'test_result_base': None}
[0.452s] Level 5:colcon.colcon_core.verb:set package 'serial_interface' build argument 'cmake_args' from command line to 'None'
[0.452s] Level 5:colcon.colcon_core.verb:set package 'serial_interface' build argument 'cmake_target' from command line to 'None'
[0.452s] Level 5:colcon.colcon_core.verb:set package 'serial_interface' build argument 'cmake_target_skip_unavailable' from command line to 'False'
[0.452s] Level 5:colcon.colcon_core.verb:set package 'serial_interface' build argument 'cmake_clean_cache' from command line to 'False'
[0.452s] Level 5:colcon.colcon_core.verb:set package 'serial_interface' build argument 'cmake_clean_first' from command line to 'False'
[0.452s] Level 5:colcon.colcon_core.verb:set package 'serial_interface' build argument 'cmake_force_configure' from command line to 'False'
[0.452s] Level 5:colcon.colcon_core.verb:set package 'serial_interface' build argument 'ament_cmake_args' from command line to 'None'
[0.452s] Level 5:colcon.colcon_core.verb:set package 'serial_interface' build argument 'catkin_cmake_args' from command line to 'None'
[0.452s] Level 5:colcon.colcon_core.verb:set package 'serial_interface' build argument 'catkin_skip_building_tests' from command line to 'False'
[0.452s] DEBUG:colcon.colcon_core.verb:Building package 'serial_interface' with the following arguments: {'ament_cmake_args': None, 'build_base': '/home/lhb/AutoAiming_ws/build/serial_interface', 'catkin_cmake_args': None, 'catkin_skip_building_tests': False, 'cmake_args': None, 'cmake_clean_cache': False, 'cmake_clean_first': False, 'cmake_force_configure': False, 'cmake_target': None, 'cmake_target_skip_unavailable': False, 'install_base': '/home/lhb/AutoAiming_ws/install/serial_interface', 'merge_install': False, 'path': '/home/lhb/AutoAiming_ws/src/serial_interface', 'symlink_install': False, 'test_result_base': None}
[0.452s] Level 5:colcon.colcon_core.verb:set package 'gimbal_controller' build argument 'cmake_args' from command line to 'None'
[0.452s] Level 5:colcon.colcon_core.verb:set package 'gimbal_controller' build argument 'cmake_target' from command line to 'None'
[0.452s] Level 5:colcon.colcon_core.verb:set package 'gimbal_controller' build argument 'cmake_target_skip_unavailable' from command line to 'False'
[0.452s] Level 5:colcon.colcon_core.verb:set package 'gimbal_controller' build argument 'cmake_clean_cache' from command line to 'False'
[0.452s] Level 5:colcon.colcon_core.verb:set package 'gimbal_controller' build argument 'cmake_clean_first' from command line to 'False'
[0.452s] Level 5:colcon.colcon_core.verb:set package 'gimbal_controller' build argument 'cmake_force_configure' from command line to 'False'
[0.452s] Level 5:colcon.colcon_core.verb:set package 'gimbal_controller' build argument 'ament_cmake_args' from command line to 'None'
[0.452s] Level 5:colcon.colcon_core.verb:set package 'gimbal_controller' build argument 'catkin_cmake_args' from command line to 'None'
[0.452s] Level 5:colcon.colcon_core.verb:set package 'gimbal_controller' build argument 'catkin_skip_building_tests' from command line to 'False'
[0.452s] DEBUG:colcon.colcon_core.verb:Building package 'gimbal_controller' with the following arguments: {'ament_cmake_args': None, 'build_base': '/home/lhb/AutoAiming_ws/build/gimbal_controller', 'catkin_cmake_args': None, 'catkin_skip_building_tests': False, 'cmake_args': None, 'cmake_clean_cache': False, 'cmake_clean_first': False, 'cmake_force_configure': False, 'cmake_target': None, 'cmake_target_skip_unavailable': False, 'install_base': '/home/lhb/AutoAiming_ws/install/gimbal_controller', 'merge_install': False, 'path': '/home/lhb/AutoAiming_ws/src/gimbal_controller', 'symlink_install': False, 'test_result_base': None}
[0.453s] Level 5:colcon.colcon_core.verb:set package 'vision_detector' build argument 'cmake_args' from command line to 'None'
[0.453s] Level 5:colcon.colcon_core.verb:set package 'vision_detector' build argument 'cmake_target' from command line to 'None'
[0.453s] Level 5:colcon.colcon_core.verb:set package 'vision_detector' build argument 'cmake_target_skip_unavailable' from command line to 'False'
[0.453s] Level 5:colcon.colcon_core.verb:set package 'vision_detector' build argument 'cmake_clean_cache' from command line to 'False'
[0.453s] Level 5:colcon.colcon_core.verb:set package 'vision_detector' build argument 'cmake_clean_first' from command line to 'False'
[0.453s] Level 5:colcon.colcon_core.verb:set package 'vision_detector' build argument 'cmake_force_configure' from command line to 'False'
[0.453s] Level 5:colcon.colcon_core.verb:set package 'vision_detector' build argument 'ament_cmake_args' from command line to 'None'
[0.453s] Level 5:colcon.colcon_core.verb:set package 'vision_detector' build argument 'catkin_cmake_args' from command line to 'None'
[0.453s] Level 5:colcon.colcon_core.verb:set package 'vision_detector' build argument 'catkin_skip_building_tests' from command line to 'False'
[0.453s] DEBUG:colcon.colcon_core.verb:Building package 'vision_detector' with the following arguments: {'ament_cmake_args': None, 'build_base': '/home/lhb/AutoAiming_ws/build/vision_detector', 'catkin_cmake_args': None, 'catkin_skip_building_tests': False, 'cmake_args': None, 'cmake_clean_cache': False, 'cmake_clean_first': False, 'cmake_force_configure': False, 'cmake_target': None, 'cmake_target_skip_unavailable': False, 'install_base': '/home/lhb/AutoAiming_ws/install/vision_detector', 'merge_install': False, 'path': '/home/lhb/AutoAiming_ws/src/vision_detector', 'symlink_install': False, 'test_result_base': None}
[0.453s] INFO:colcon.colcon_core.executor:Executing jobs using 'parallel' executor
[0.454s] DEBUG:colcon.colcon_parallel_executor.executor.parallel:run_until_complete
[0.454s] INFO:colcon.colcon_ros.task.ament_cmake.build:Building ROS package in '/home/lhb/AutoAiming_ws/src/interfaces' with build type 'ament_cmake'
[0.454s] INFO:colcon.colcon_cmake.task.cmake.build:Building CMake package in '/home/lhb/AutoAiming_ws/src/interfaces'
[0.455s] INFO:colcon.colcon_core.plugin_system:Skipping extension 'colcon_core.shell.bat': Not used on non-Windows systems
[0.455s] INFO:colcon.colcon_core.shell:Skip shell extension 'powershell' for command environment: Not usable outside of PowerShell
[0.455s] DEBUG:colcon.colcon_core.shell:Skip shell extension 'dsv' for command environment
[0.459s] INFO:colcon.colcon_ros.task.ament_cmake.build:Building ROS package in '/home/lhb/AutoAiming_ws/src/homework_bringup' with build type 'ament_cmake'
[0.459s] INFO:colcon.colcon_cmake.task.cmake.build:Building CMake package in '/home/lhb/AutoAiming_ws/src/homework_bringup'
[0.459s] INFO:colcon.colcon_core.shell:Skip shell extension 'powershell' for command environment: Not usable outside of PowerShell
[0.459s] DEBUG:colcon.colcon_core.shell:Skip shell extension 'dsv' for command environment
[0.463s] INFO:colcon.colcon_ros.task.ament_cmake.build:Building ROS package in '/home/lhb/AutoAiming_ws/src/serial_interface' with build type 'ament_cmake'
[0.464s] INFO:colcon.colcon_cmake.task.cmake.build:Building CMake package in '/home/lhb/AutoAiming_ws/src/serial_interface'
[0.464s] INFO:colcon.colcon_core.shell:Skip shell extension 'powershell' for command environment: Not usable outside of PowerShell
[0.464s] DEBUG:colcon.colcon_core.shell:Skip shell extension 'dsv' for command environment
[0.472s] DEBUG:colcon.colcon_core.event_handler.log_command:Invoking command in '/home/lhb/AutoAiming_ws/build/interfaces': CMAKE_PREFIX_PATH=${CMAKE_PREFIX_PATH}:/opt/ros/humble /usr/bin/cmake --build /home/lhb/AutoAiming_ws/build/interfaces -- -j8 -l8
[0.478s] DEBUG:colcon.colcon_core.event_handler.log_command:Invoking command in '/home/lhb/AutoAiming_ws/build/homework_bringup': CMAKE_PREFIX_PATH=${CMAKE_PREFIX_PATH}:/opt/ros/humble /usr/bin/cmake --build /home/lhb/AutoAiming_ws/build/homework_bringup -- -j8 -l8
[0.482s] DEBUG:colcon.colcon_core.event_handler.log_command:Invoking command in '/home/lhb/AutoAiming_ws/build/serial_interface': CMAKE_PREFIX_PATH=${CMAKE_PREFIX_PATH}:/opt/ros/humble /usr/bin/cmake --build /home/lhb/AutoAiming_ws/build/serial_interface -- -j8 -l8
[0.516s] DEBUG:colcon.colcon_core.event_handler.log_command:Invoked command in '/home/lhb/AutoAiming_ws/build/homework_bringup' returned '0': CMAKE_PREFIX_PATH=${CMAKE_PREFIX_PATH}:/opt/ros/humble /usr/bin/cmake --build /home/lhb/AutoAiming_ws/build/homework_bringup -- -j8 -l8
[0.525s] DEBUG:colcon.colcon_core.event_handler.log_command:Invoking command in '/home/lhb/AutoAiming_ws/build/homework_bringup': CMAKE_PREFIX_PATH=${CMAKE_PREFIX_PATH}:/opt/ros/humble /usr/bin/cmake --install /home/lhb/AutoAiming_ws/build/homework_bringup
[0.544s] Level 1:colcon.colcon_core.environment:create_environment_scripts_only(homework_bringup)
[0.545s] DEBUG:colcon.colcon_core.event_handler.log_command:Invoked command in '/home/lhb/AutoAiming_ws/build/homework_bringup' returned '0': CMAKE_PREFIX_PATH=${CMAKE_PREFIX_PATH}:/opt/ros/humble /usr/bin/cmake --install /home/lhb/AutoAiming_ws/build/homework_bringup
[0.548s] Level 1:colcon.colcon_core.environment:checking '/home/lhb/AutoAiming_ws/install/homework_bringup' for CMake module files
[0.548s] Level 1:colcon.colcon_core.environment:checking '/home/lhb/AutoAiming_ws/install/homework_bringup' for CMake config files
[0.549s] Level 1:colcon.colcon_core.shell:create_environment_hook('homework_bringup', 'cmake_prefix_path')
[0.549s] INFO:colcon.colcon_core.shell:Creating environment hook '/home/lhb/AutoAiming_ws/install/homework_bringup/share/homework_bringup/hook/cmake_prefix_path.ps1'
[0.550s] INFO:colcon.colcon_core.shell:Creating environment descriptor '/home/lhb/AutoAiming_ws/install/homework_bringup/share/homework_bringup/hook/cmake_prefix_path.dsv'
[0.551s] INFO:colcon.colcon_core.shell:Creating environment hook '/home/lhb/AutoAiming_ws/install/homework_bringup/share/homework_bringup/hook/cmake_prefix_path.sh'
[0.552s] Level 1:colcon.colcon_core.environment:checking '/home/lhb/AutoAiming_ws/install/homework_bringup/bin'
[0.552s] Level 1:colcon.colcon_core.environment:checking '/home/lhb/AutoAiming_ws/install/homework_bringup/lib/pkgconfig/homework_bringup.pc'
[0.552s] Level 1:colcon.colcon_core.environment:checking '/home/lhb/AutoAiming_ws/install/homework_bringup/lib/python3.10/site-packages'
[0.553s] Level 1:colcon.colcon_core.environment:checking '/home/lhb/AutoAiming_ws/install/homework_bringup/bin'
[0.553s] INFO:colcon.colcon_core.shell:Creating package script '/home/lhb/AutoAiming_ws/install/homework_bringup/share/homework_bringup/package.ps1'
[0.555s] INFO:colcon.colcon_core.shell:Creating package descriptor '/home/lhb/AutoAiming_ws/install/homework_bringup/share/homework_bringup/package.dsv'
[0.556s] INFO:colcon.colcon_core.shell:Creating package script '/home/lhb/AutoAiming_ws/install/homework_bringup/share/homework_bringup/package.sh'
[0.558s] INFO:colcon.colcon_core.shell:Creating package script '/home/lhb/AutoAiming_ws/install/homework_bringup/share/homework_bringup/package.bash'
[0.559s] INFO:colcon.colcon_core.shell:Creating package script '/home/lhb/AutoAiming_ws/install/homework_bringup/share/homework_bringup/package.zsh'
[0.560s] Level 1:colcon.colcon_core.environment:create_file_with_runtime_dependencies(/home/lhb/AutoAiming_ws/install/homework_bringup/share/colcon-core/packages/homework_bringup)
[0.561s] Level 1:colcon.colcon_core.environment:create_environment_scripts_only(homework_bringup)
[0.562s] Level 1:colcon.colcon_core.environment:checking '/home/lhb/AutoAiming_ws/install/homework_bringup' for CMake module files
[0.562s] Level 1:colcon.colcon_core.environment:checking '/home/lhb/AutoAiming_ws/install/homework_bringup' for CMake config files
[0.562s] Level 1:colcon.colcon_core.shell:create_environment_hook('homework_bringup', 'cmake_prefix_path')
[0.563s] INFO:colcon.colcon_core.shell:Creating environment hook '/home/lhb/AutoAiming_ws/install/homework_bringup/share/homework_bringup/hook/cmake_prefix_path.ps1'
[0.563s] INFO:colcon.colcon_core.shell:Creating environment descriptor '/home/lhb/AutoAiming_ws/install/homework_bringup/share/homework_bringup/hook/cmake_prefix_path.dsv'
[0.564s] INFO:colcon.colcon_core.shell:Creating environment hook '/home/lhb/AutoAiming_ws/install/homework_bringup/share/homework_bringup/hook/cmake_prefix_path.sh'
[0.567s] Level 1:colcon.colcon_core.environment:checking '/home/lhb/AutoAiming_ws/install/homework_bringup/bin'
[0.567s] Level 1:colcon.colcon_core.environment:checking '/home/lhb/AutoAiming_ws/install/homework_bringup/lib/pkgconfig/homework_bringup.pc'
[0.567s] Level 1:colcon.colcon_core.environment:checking '/home/lhb/AutoAiming_ws/install/homework_bringup/lib/python3.10/site-packages'
[0.568s] Level 1:colcon.colcon_core.environment:checking '/home/lhb/AutoAiming_ws/install/homework_bringup/bin'
[0.568s] INFO:colcon.colcon_core.shell:Creating package script '/home/lhb/AutoAiming_ws/install/homework_bringup/share/homework_bringup/package.ps1'
[0.569s] INFO:colcon.colcon_core.shell:Creating package descriptor '/home/lhb/AutoAiming_ws/install/homework_bringup/share/homework_bringup/package.dsv'
[0.569s] INFO:colcon.colcon_core.shell:Creating package script '/home/lhb/AutoAiming_ws/install/homework_bringup/share/homework_bringup/package.sh'
[0.570s] INFO:colcon.colcon_core.shell:Creating package script '/home/lhb/AutoAiming_ws/install/homework_bringup/share/homework_bringup/package.bash'
[0.570s] INFO:colcon.colcon_core.shell:Creating package script '/home/lhb/AutoAiming_ws/install/homework_bringup/share/homework_bringup/package.zsh'
[0.571s] Level 1:colcon.colcon_core.environment:create_file_with_runtime_dependencies(/home/lhb/AutoAiming_ws/install/homework_bringup/share/colcon-core/packages/homework_bringup)
[0.854s] DEBUG:colcon.colcon_core.event_handler.log_command:Invoked command in '/home/lhb/AutoAiming_ws/build/interfaces' returned '0': CMAKE_PREFIX_PATH=${CMAKE_PREFIX_PATH}:/opt/ros/humble /usr/bin/cmake --build /home/lhb/AutoAiming_ws/build/interfaces -- -j8 -l8
[0.856s] DEBUG:colcon.colcon_core.event_handler.log_command:Invoking command in '/home/lhb/AutoAiming_ws/build/interfaces': CMAKE_PREFIX_PATH=${CMAKE_PREFIX_PATH}:/opt/ros/humble /usr/bin/cmake --install /home/lhb/AutoAiming_ws/build/interfaces
[0.911s] Level 1:colcon.colcon_core.environment:create_environment_scripts_only(interfaces)
[0.911s] Level 1:colcon.colcon_core.environment:checking '/home/lhb/AutoAiming_ws/install/interfaces' for CMake module files
[0.912s] DEBUG:colcon.colcon_core.event_handler.log_command:Invoked command in '/home/lhb/AutoAiming_ws/build/interfaces' returned '0': CMAKE_PREFIX_PATH=${CMAKE_PREFIX_PATH}:/opt/ros/humble /usr/bin/cmake --install /home/lhb/AutoAiming_ws/build/interfaces
[0.912s] Level 1:colcon.colcon_core.environment:checking '/home/lhb/AutoAiming_ws/install/interfaces' for CMake config files
[0.912s] Level 1:colcon.colcon_core.shell:create_environment_hook('interfaces', 'cmake_prefix_path')
[0.913s] INFO:colcon.colcon_core.shell:Creating environment hook '/home/lhb/AutoAiming_ws/install/interfaces/share/interfaces/hook/cmake_prefix_path.ps1'
[0.913s] INFO:colcon.colcon_core.shell:Creating environment descriptor '/home/lhb/AutoAiming_ws/install/interfaces/share/interfaces/hook/cmake_prefix_path.dsv'
[0.913s] INFO:colcon.colcon_core.shell:Creating environment hook '/home/lhb/AutoAiming_ws/install/interfaces/share/interfaces/hook/cmake_prefix_path.sh'
[0.914s] Level 1:colcon.colcon_core.environment:checking '/home/lhb/AutoAiming_ws/install/interfaces/lib'
[0.914s] Level 1:colcon.colcon_core.shell:create_environment_hook('interfaces', 'ld_library_path_lib')
[0.914s] INFO:colcon.colcon_core.shell:Creating environment hook '/home/lhb/AutoAiming_ws/install/interfaces/share/interfaces/hook/ld_library_path_lib.ps1'
[0.914s] INFO:colcon.colcon_core.shell:Creating environment descriptor '/home/lhb/AutoAiming_ws/install/interfaces/share/interfaces/hook/ld_library_path_lib.dsv'
[0.914s] INFO:colcon.colcon_core.shell:Creating environment hook '/home/lhb/AutoAiming_ws/install/interfaces/share/interfaces/hook/ld_library_path_lib.sh'
[0.915s] Level 1:colcon.colcon_core.environment:checking '/home/lhb/AutoAiming_ws/install/interfaces/bin'
[0.915s] Level 1:colcon.colcon_core.environment:checking '/home/lhb/AutoAiming_ws/install/interfaces/lib/pkgconfig/interfaces.pc'
[0.915s] Level 1:colcon.colcon_core.environment:checking '/home/lhb/AutoAiming_ws/install/interfaces/lib/python3.10/site-packages'
[0.915s] Level 1:colcon.colcon_core.environment:checking '/home/lhb/AutoAiming_ws/install/interfaces/bin'
[0.915s] INFO:colcon.colcon_core.shell:Creating package script '/home/lhb/AutoAiming_ws/install/interfaces/share/interfaces/package.ps1'
[0.916s] INFO:colcon.colcon_core.shell:Creating package descriptor '/home/lhb/AutoAiming_ws/install/interfaces/share/interfaces/package.dsv'
[0.916s] INFO:colcon.colcon_core.shell:Creating package script '/home/lhb/AutoAiming_ws/install/interfaces/share/interfaces/package.sh'
[0.916s] INFO:colcon.colcon_core.shell:Creating package script '/home/lhb/AutoAiming_ws/install/interfaces/share/interfaces/package.bash'
[0.917s] INFO:colcon.colcon_core.shell:Creating package script '/home/lhb/AutoAiming_ws/install/interfaces/share/interfaces/package.zsh'
[0.917s] Level 1:colcon.colcon_core.environment:create_file_with_runtime_dependencies(/home/lhb/AutoAiming_ws/install/interfaces/share/colcon-core/packages/interfaces)
[0.917s] Level 1:colcon.colcon_core.environment:create_environment_scripts_only(interfaces)
[0.917s] Level 1:colcon.colcon_core.environment:checking '/home/lhb/AutoAiming_ws/install/interfaces' for CMake module files
[0.918s] Level 1:colcon.colcon_core.environment:checking '/home/lhb/AutoAiming_ws/install/interfaces' for CMake config files
[0.918s] Level 1:colcon.colcon_core.shell:create_environment_hook('interfaces', 'cmake_prefix_path')
[0.918s] INFO:colcon.colcon_core.shell:Creating environment hook '/home/lhb/AutoAiming_ws/install/interfaces/share/interfaces/hook/cmake_prefix_path.ps1'
[0.918s] INFO:colcon.colcon_core.shell:Creating environment descriptor '/home/lhb/AutoAiming_ws/install/interfaces/share/interfaces/hook/cmake_prefix_path.dsv'
[0.918s] INFO:colcon.colcon_core.shell:Creating environment hook '/home/lhb/AutoAiming_ws/install/interfaces/share/interfaces/hook/cmake_prefix_path.sh'
[0.919s] Level 1:colcon.colcon_core.environment:checking '/home/lhb/AutoAiming_ws/install/interfaces/lib'
[0.919s] Level 1:colcon.colcon_core.shell:create_environment_hook('interfaces', 'ld_library_path_lib')
[0.919s] INFO:colcon.colcon_core.shell:Creating environment hook '/home/lhb/AutoAiming_ws/install/interfaces/share/interfaces/hook/ld_library_path_lib.ps1'
[0.919s] INFO:colcon.colcon_core.shell:Creating environment descriptor '/home/lhb/AutoAiming_ws/install/interfaces/share/interfaces/hook/ld_library_path_lib.dsv'
[0.919s] INFO:colcon.colcon_core.shell:Creating environment hook '/home/lhb/AutoAiming_ws/install/interfaces/share/interfaces/hook/ld_library_path_lib.sh'
[0.920s] Level 1:colcon.colcon_core.environment:checking '/home/lhb/AutoAiming_ws/install/interfaces/bin'
[0.920s] Level 1:colcon.colcon_core.environment:checking '/home/lhb/AutoAiming_ws/install/interfaces/lib/pkgconfig/interfaces.pc'
[0.920s] Level 1:colcon.colcon_core.environment:checking '/home/lhb/AutoAiming_ws/install/interfaces/lib/python3.10/site-packages'
[0.920s] Level 1:colcon.colcon_core.environment:checking '/home/lhb/AutoAiming_ws/install/interfaces/bin'
[0.920s] INFO:colcon.colcon_core.shell:Creating package script '/home/lhb/AutoAiming_ws/install/interfaces/share/interfaces/package.ps1'
[0.921s] INFO:colcon.colcon_core.shell:Creating package descriptor '/home/lhb/AutoAiming_ws/install/interfaces/share/interfaces/package.dsv'
[0.921s] INFO:colcon.colcon_core.shell:Creating package script '/home/lhb/AutoAiming_ws/install/interfaces/share/interfaces/package.sh'
[0.921s] INFO:colcon.colcon_core.shell:Creating package script '/home/lhb/AutoAiming_ws/install/interfaces/share/interfaces/package.bash'
[0.922s] INFO:colcon.colcon_core.shell:Creating package script '/home/lhb/AutoAiming_ws/install/interfaces/share/interfaces/package.zsh'
[0.922s] Level 1:colcon.colcon_core.environment:create_file_with_runtime_dependencies(/home/lhb/AutoAiming_ws/install/interfaces/share/colcon-core/packages/interfaces)
[0.922s] INFO:colcon.colcon_ros.task.ament_cmake.build:Building ROS package in '/home/lhb/AutoAiming_ws/src/gimbal_controller' with build type 'ament_cmake'
[0.922s] INFO:colcon.colcon_cmake.task.cmake.build:Building CMake package in '/home/lhb/AutoAiming_ws/src/gimbal_controller'
[0.922s] INFO:colcon.colcon_core.shell:Skip shell extension 'powershell' for command environment: Not usable outside of PowerShell
[0.922s] DEBUG:colcon.colcon_core.shell:Skip shell extension 'dsv' for command environment
[0.925s] INFO:colcon.colcon_ros.task.ament_cmake.build:Building ROS package in '/home/lhb/AutoAiming_ws/src/vision_detector' with build type 'ament_cmake'
[0.926s] INFO:colcon.colcon_cmake.task.cmake.build:Building CMake package in '/home/lhb/AutoAiming_ws/src/vision_detector'
[0.926s] INFO:colcon.colcon_core.shell:Skip shell extension 'powershell' for command environment: Not usable outside of PowerShell
[0.926s] DEBUG:colcon.colcon_core.shell:Skip shell extension 'dsv' for command environment
[0.936s] DEBUG:colcon.colcon_core.event_handler.log_command:Invoking command in '/home/lhb/AutoAiming_ws/build/gimbal_controller': CMAKE_PREFIX_PATH=/home/lhb/AutoAiming_ws/install/interfaces:/home/lhb/AutoAiming_ws/install/gimbal_controller:/home/lhb/AutoAiming_ws/install/vision_detector:/opt/ros/humble /usr/bin/cmake --build /home/lhb/AutoAiming_ws/build/gimbal_controller -- -j8 -l8
[0.941s] DEBUG:colcon.colcon_core.event_handler.log_command:Invoking command in '/home/lhb/AutoAiming_ws/build/vision_detector': CMAKE_PREFIX_PATH=/home/lhb/AutoAiming_ws/install/interfaces:/home/lhb/AutoAiming_ws/install/gimbal_controller:/home/lhb/AutoAiming_ws/install/vision_detector:/opt/ros/humble /usr/bin/cmake --build /home/lhb/AutoAiming_ws/build/vision_detector -- -j8 -l8
[1.008s] DEBUG:colcon.colcon_core.event_handler.log_command:Invoked command in '/home/lhb/AutoAiming_ws/build/gimbal_controller' returned '0': CMAKE_PREFIX_PATH=/home/lhb/AutoAiming_ws/install/interfaces:/home/lhb/AutoAiming_ws/install/gimbal_controller:/home/lhb/AutoAiming_ws/install/vision_detector:/opt/ros/humble /usr/bin/cmake --build /home/lhb/AutoAiming_ws/build/gimbal_controller -- -j8 -l8
[1.011s] DEBUG:colcon.colcon_core.event_handler.log_command:Invoking command in '/home/lhb/AutoAiming_ws/build/gimbal_controller': CMAKE_PREFIX_PATH=/home/lhb/AutoAiming_ws/install/interfaces:/home/lhb/AutoAiming_ws/install/gimbal_controller:/home/lhb/AutoAiming_ws/install/vision_detector:/opt/ros/humble /usr/bin/cmake --install /home/lhb/AutoAiming_ws/build/gimbal_controller
[1.019s] DEBUG:colcon.colcon_core.event_handler.log_command:Invoked command in '/home/lhb/AutoAiming_ws/build/vision_detector' returned '0': CMAKE_PREFIX_PATH=/home/lhb/AutoAiming_ws/install/interfaces:/home/lhb/AutoAiming_ws/install/gimbal_controller:/home/lhb/AutoAiming_ws/install/vision_detector:/opt/ros/humble /usr/bin/cmake --build /home/lhb/AutoAiming_ws/build/vision_detector -- -j8 -l8
[1.021s] DEBUG:colcon.colcon_core.event_handler.log_command:Invoking command in '/home/lhb/AutoAiming_ws/build/vision_detector': CMAKE_PREFIX_PATH=/home/lhb/AutoAiming_ws/install/interfaces:/home/lhb/AutoAiming_ws/install/gimbal_controller:/home/lhb/AutoAiming_ws/install/vision_detector:/opt/ros/humble /usr/bin/cmake --install /home/lhb/AutoAiming_ws/build/vision_detector
[1.021s] Level 1:colcon.colcon_core.environment:create_environment_scripts_only(gimbal_controller)
[1.022s] Level 1:colcon.colcon_core.environment:checking '/home/lhb/AutoAiming_ws/install/gimbal_controller' for CMake module files
[1.022s] DEBUG:colcon.colcon_core.event_handler.log_command:Invoked command in '/home/lhb/AutoAiming_ws/build/gimbal_controller' returned '0': CMAKE_PREFIX_PATH=/home/lhb/AutoAiming_ws/install/interfaces:/home/lhb/AutoAiming_ws/install/gimbal_controller:/home/lhb/AutoAiming_ws/install/vision_detector:/opt/ros/humble /usr/bin/cmake --install /home/lhb/AutoAiming_ws/build/gimbal_controller
[1.022s] Level 1:colcon.colcon_core.environment:checking '/home/lhb/AutoAiming_ws/install/gimbal_controller' for CMake config files
[1.023s] Level 1:colcon.colcon_core.shell:create_environment_hook('gimbal_controller', 'cmake_prefix_path')
[1.023s] INFO:colcon.colcon_core.shell:Creating environment hook '/home/lhb/AutoAiming_ws/install/gimbal_controller/share/gimbal_controller/hook/cmake_prefix_path.ps1'
[1.023s] INFO:colcon.colcon_core.shell:Creating environment descriptor '/home/lhb/AutoAiming_ws/install/gimbal_controller/share/gimbal_controller/hook/cmake_prefix_path.dsv'
[1.024s] INFO:colcon.colcon_core.shell:Creating environment hook '/home/lhb/AutoAiming_ws/install/gimbal_controller/share/gimbal_controller/hook/cmake_prefix_path.sh'
[1.024s] Level 1:colcon.colcon_core.environment:checking '/home/lhb/AutoAiming_ws/install/gimbal_controller/lib'
[1.024s] Level 1:colcon.colcon_core.environment:checking '/home/lhb/AutoAiming_ws/install/gimbal_controller/bin'
[1.024s] Level 1:colcon.colcon_core.environment:checking '/home/lhb/AutoAiming_ws/install/gimbal_controller/lib/pkgconfig/gimbal_controller.pc'
[1.024s] Level 1:colcon.colcon_core.environment:checking '/home/lhb/AutoAiming_ws/install/gimbal_controller/lib/python3.10/site-packages'
[1.024s] Level 1:colcon.colcon_core.environment:checking '/home/lhb/AutoAiming_ws/install/gimbal_controller/bin'
[1.025s] INFO:colcon.colcon_core.shell:Creating package script '/home/lhb/AutoAiming_ws/install/gimbal_controller/share/gimbal_controller/package.ps1'
[1.025s] INFO:colcon.colcon_core.shell:Creating package descriptor '/home/lhb/AutoAiming_ws/install/gimbal_controller/share/gimbal_controller/package.dsv'
[1.025s] INFO:colcon.colcon_core.shell:Creating package script '/home/lhb/AutoAiming_ws/install/gimbal_controller/share/gimbal_controller/package.sh'
[1.026s] INFO:colcon.colcon_core.shell:Creating package script '/home/lhb/AutoAiming_ws/install/gimbal_controller/share/gimbal_controller/package.bash'
[1.026s] INFO:colcon.colcon_core.shell:Creating package script '/home/lhb/AutoAiming_ws/install/gimbal_controller/share/gimbal_controller/package.zsh'
[1.026s] Level 1:colcon.colcon_core.environment:create_file_with_runtime_dependencies(/home/lhb/AutoAiming_ws/install/gimbal_controller/share/colcon-core/packages/gimbal_controller)
[1.026s] Level 1:colcon.colcon_core.environment:create_environment_scripts_only(gimbal_controller)
[1.026s] Level 1:colcon.colcon_core.environment:checking '/home/lhb/AutoAiming_ws/install/gimbal_controller' for CMake module files
[1.027s] Level 1:colcon.colcon_core.environment:checking '/home/lhb/AutoAiming_ws/install/gimbal_controller' for CMake config files
[1.027s] Level 1:colcon.colcon_core.shell:create_environment_hook('gimbal_controller', 'cmake_prefix_path')
[1.028s] INFO:colcon.colcon_core.shell:Creating environment hook '/home/lhb/AutoAiming_ws/install/gimbal_controller/share/gimbal_controller/hook/cmake_prefix_path.ps1'
[1.029s] INFO:colcon.colcon_core.shell:Creating environment descriptor '/home/lhb/AutoAiming_ws/install/gimbal_controller/share/gimbal_controller/hook/cmake_prefix_path.dsv'
[1.029s] INFO:colcon.colcon_core.shell:Creating environment hook '/home/lhb/AutoAiming_ws/install/gimbal_controller/share/gimbal_controller/hook/cmake_prefix_path.sh'
[1.030s] Level 1:colcon.colcon_core.environment:checking '/home/lhb/AutoAiming_ws/install/gimbal_controller/lib'
[1.030s] Level 1:colcon.colcon_core.environment:checking '/home/lhb/AutoAiming_ws/install/gimbal_controller/bin'
[1.030s] Level 1:colcon.colcon_core.environment:checking '/home/lhb/AutoAiming_ws/install/gimbal_controller/lib/pkgconfig/gimbal_controller.pc'
[1.030s] Level 1:colcon.colcon_core.environment:checking '/home/lhb/AutoAiming_ws/install/gimbal_controller/lib/python3.10/site-packages'
[1.030s] Level 1:colcon.colcon_core.environment:checking '/home/lhb/AutoAiming_ws/install/gimbal_controller/bin'
[1.030s] INFO:colcon.colcon_core.shell:Creating package script '/home/lhb/AutoAiming_ws/install/gimbal_controller/share/gimbal_controller/package.ps1'
[1.031s] INFO:colcon.colcon_core.shell:Creating package descriptor '/home/lhb/AutoAiming_ws/install/gimbal_controller/share/gimbal_controller/package.dsv'
[1.031s] INFO:colcon.colcon_core.shell:Creating package script '/home/lhb/AutoAiming_ws/install/gimbal_controller/share/gimbal_controller/package.sh'
[1.031s] INFO:colcon.colcon_core.shell:Creating package script '/home/lhb/AutoAiming_ws/install/gimbal_controller/share/gimbal_controller/package.bash'
[1.032s] INFO:colcon.colcon_core.shell:Creating package script '/home/lhb/AutoAiming_ws/install/gimbal_controller/share/gimbal_controller/package.zsh'
[1.032s] Level 1:colcon.colcon_core.environment:create_file_with_runtime_dependencies(/home/lhb/AutoAiming_ws/install/gimbal_controller/share/colcon-core/packages/gimbal_controller)
[1.033s] Level 1:colcon.colcon_core.environment:create_environment_scripts_only(vision_detector)
[1.033s] Level 1:colcon.colcon_core.environment:checking '/home/lhb/AutoAiming_ws/install/vision_detector' for CMake module files
[1.033s] DEBUG:colcon.colcon_core.event_handler.log_command:Invoked command in '/home/lhb/AutoAiming_ws/build/vision_detector' returned '0': CMAKE_PREFIX_PATH=/home/lhb/AutoAiming_ws/install/interfaces:/home/lhb/AutoAiming_ws/install/gimbal_controller:/home/lhb/AutoAiming_ws/install/vision_detector:/opt/ros/humble /usr/bin/cmake --install /home/lhb/AutoAiming_ws/build/vision_detector
[1.034s] Level 1:colcon.colcon_core.environment:checking '/home/lhb/AutoAiming_ws/install/vision_detector' for CMake config files
[1.034s] Level 1:colcon.colcon_core.shell:create_environment_hook('vision_detector', 'cmake_prefix_path')
[1.034s] INFO:colcon.colcon_core.shell:Creating environment hook '/home/lhb/AutoAiming_ws/install/vision_detector/share/vision_detector/hook/cmake_prefix_path.ps1'
[1.034s] INFO:colcon.colcon_core.shell:Creating environment descriptor '/home/lhb/AutoAiming_ws/install/vision_detector/share/vision_detector/hook/cmake_prefix_path.dsv'
[1.035s] INFO:colcon.colcon_core.shell:Creating environment hook '/home/lhb/AutoAiming_ws/install/vision_detector/share/vision_detector/hook/cmake_prefix_path.sh'
[1.035s] Level 1:colcon.colcon_core.environment:checking '/home/lhb/AutoAiming_ws/install/vision_detector/lib'
[1.035s] Level 1:colcon.colcon_core.environment:checking '/home/lhb/AutoAiming_ws/install/vision_detector/bin'
[1.035s] Level 1:colcon.colcon_core.environment:checking '/home/lhb/AutoAiming_ws/install/vision_detector/lib/pkgconfig/vision_detector.pc'
[1.035s] Level 1:colcon.colcon_core.environment:checking '/home/lhb/AutoAiming_ws/install/vision_detector/lib/python3.10/site-packages'
[1.036s] Level 1:colcon.colcon_core.environment:checking '/home/lhb/AutoAiming_ws/install/vision_detector/bin'
[1.036s] INFO:colcon.colcon_core.shell:Creating package script '/home/lhb/AutoAiming_ws/install/vision_detector/share/vision_detector/package.ps1'
[1.036s] INFO:colcon.colcon_core.shell:Creating package descriptor '/home/lhb/AutoAiming_ws/install/vision_detector/share/vision_detector/package.dsv'
[1.036s] INFO:colcon.colcon_core.shell:Creating package script '/home/lhb/AutoAiming_ws/install/vision_detector/share/vision_detector/package.sh'
[1.037s] INFO:colcon.colcon_core.shell:Creating package script '/home/lhb/AutoAiming_ws/install/vision_detector/share/vision_detector/package.bash'
[1.037s] INFO:colcon.colcon_core.shell:Creating package script '/home/lhb/AutoAiming_ws/install/vision_detector/share/vision_detector/package.zsh'
[1.037s] Level 1:colcon.colcon_core.environment:create_file_with_runtime_dependencies(/home/lhb/AutoAiming_ws/install/vision_detector/share/colcon-core/packages/vision_detector)
[1.038s] Level 1:colcon.colcon_core.environment:create_environment_scripts_only(vision_detector)
[1.038s] Level 1:colcon.colcon_core.environment:checking '/home/lhb/AutoAiming_ws/install/vision_detector' for CMake module files
[1.038s] Level 1:colcon.colcon_core.environment:checking '/home/lhb/AutoAiming_ws/install/vision_detector' for CMake config files
[1.038s] Level 1:colcon.colcon_core.shell:create_environment_hook('vision_detector', 'cmake_prefix_path')
[1.039s] INFO:colcon.colcon_core.shell:Creating environment hook '/home/lhb/AutoAiming_ws/install/vision_detector/share/vision_detector/hook/cmake_prefix_path.ps1'
[1.039s] INFO:colcon.colcon_core.shell:Creating environment descriptor '/home/lhb/AutoAiming_ws/install/vision_detector/share/vision_detector/hook/cmake_prefix_path.dsv'
[1.039s] INFO:colcon.colcon_core.shell:Creating environment hook '/home/lhb/AutoAiming_ws/install/vision_detector/share/vision_detector/hook/cmake_prefix_path.sh'
[1.040s] Level 1:colcon.colcon_core.environment:checking '/home/lhb/AutoAiming_ws/install/vision_detector/lib'
[1.040s] Level 1:colcon.colcon_core.environment:checking '/home/lhb/AutoAiming_ws/install/vision_detector/bin'
[1.040s] Level 1:colcon.colcon_core.environment:checking '/home/lhb/AutoAiming_ws/install/vision_detector/lib/pkgconfig/vision_detector.pc'
[1.040s] Level 1:colcon.colcon_core.environment:checking '/home/lhb/AutoAiming_ws/install/vision_detector/lib/python3.10/site-packages'
[1.040s] Level 1:colcon.colcon_core.environment:checking '/home/lhb/AutoAiming_ws/install/vision_detector/bin'
[1.041s] INFO:colcon.colcon_core.shell:Creating package script '/home/lhb/AutoAiming_ws/install/vision_detector/share/vision_detector/package.ps1'
[1.041s] INFO:colcon.colcon_core.shell:Creating package descriptor '/home/lhb/AutoAiming_ws/install/vision_detector/share/vision_detector/package.dsv'
[1.042s] INFO:colcon.colcon_core.shell:Creating package script '/home/lhb/AutoAiming_ws/install/vision_detector/share/vision_detector/package.sh'
[1.042s] INFO:colcon.colcon_core.shell:Creating package script '/home/lhb/AutoAiming_ws/install/vision_detector/share/vision_detector/package.bash'
[1.043s] INFO:colcon.colcon_core.shell:Creating package script '/home/lhb/AutoAiming_ws/install/vision_detector/share/vision_detector/package.zsh'
[1.043s] Level 1:colcon.colcon_core.environment:create_file_with_runtime_dependencies(/home/lhb/AutoAiming_ws/install/vision_detector/share/colcon-core/packages/vision_detector)
[7.668s] DEBUG:colcon.colcon_core.event_handler.log_command:Invoked command in '/home/lhb/AutoAiming_ws/build/serial_interface' returned '0': CMAKE_PREFIX_PATH=${CMAKE_PREFIX_PATH}:/opt/ros/humble /usr/bin/cmake --build /home/lhb/AutoAiming_ws/build/serial_interface -- -j8 -l8
[7.673s] DEBUG:colcon.colcon_core.event_handler.log_command:Invoking command in '/home/lhb/AutoAiming_ws/build/serial_interface': CMAKE_PREFIX_PATH=${CMAKE_PREFIX_PATH}:/opt/ros/humble /usr/bin/cmake --install /home/lhb/AutoAiming_ws/build/serial_interface
[7.689s] Level 1:colcon.colcon_core.environment:create_environment_scripts_only(serial_interface)
[7.689s] Level 1:colcon.colcon_core.environment:checking '/home/lhb/AutoAiming_ws/install/serial_interface' for CMake module files
[7.690s] DEBUG:colcon.colcon_core.event_handler.log_command:Invoked command in '/home/lhb/AutoAiming_ws/build/serial_interface' returned '0': CMAKE_PREFIX_PATH=${CMAKE_PREFIX_PATH}:/opt/ros/humble /usr/bin/cmake --install /home/lhb/AutoAiming_ws/build/serial_interface
[7.690s] Level 1:colcon.colcon_core.environment:checking '/home/lhb/AutoAiming_ws/install/serial_interface' for CMake config files
[7.691s] Level 1:colcon.colcon_core.shell:create_environment_hook('serial_interface', 'cmake_prefix_path')
[7.691s] INFO:colcon.colcon_core.shell:Creating environment hook '/home/lhb/AutoAiming_ws/install/serial_interface/share/serial_interface/hook/cmake_prefix_path.ps1'
[7.692s] INFO:colcon.colcon_core.shell:Creating environment descriptor '/home/lhb/AutoAiming_ws/install/serial_interface/share/serial_interface/hook/cmake_prefix_path.dsv'
[7.692s] INFO:colcon.colcon_core.shell:Creating environment hook '/home/lhb/AutoAiming_ws/install/serial_interface/share/serial_interface/hook/cmake_prefix_path.sh'
[7.693s] Level 1:colcon.colcon_core.environment:checking '/home/lhb/AutoAiming_ws/install/serial_interface/lib'
[7.693s] Level 1:colcon.colcon_core.environment:checking '/home/lhb/AutoAiming_ws/install/serial_interface/bin'
[7.693s] Level 1:colcon.colcon_core.environment:checking '/home/lhb/AutoAiming_ws/install/serial_interface/lib/pkgconfig/serial_interface.pc'
[7.693s] Level 1:colcon.colcon_core.environment:checking '/home/lhb/AutoAiming_ws/install/serial_interface/lib/python3.10/site-packages'
[7.694s] Level 1:colcon.colcon_core.environment:checking '/home/lhb/AutoAiming_ws/install/serial_interface/bin'
[7.694s] INFO:colcon.colcon_core.shell:Creating package script '/home/lhb/AutoAiming_ws/install/serial_interface/share/serial_interface/package.ps1'
[7.695s] INFO:colcon.colcon_core.shell:Creating package descriptor '/home/lhb/AutoAiming_ws/install/serial_interface/share/serial_interface/package.dsv'
[7.696s] INFO:colcon.colcon_core.shell:Creating package script '/home/lhb/AutoAiming_ws/install/serial_interface/share/serial_interface/package.sh'
[7.696s] INFO:colcon.colcon_core.shell:Creating package script '/home/lhb/AutoAiming_ws/install/serial_interface/share/serial_interface/package.bash'
[7.697s] INFO:colcon.colcon_core.shell:Creating package script '/home/lhb/AutoAiming_ws/install/serial_interface/share/serial_interface/package.zsh'
[7.698s] Level 1:colcon.colcon_core.environment:create_file_with_runtime_dependencies(/home/lhb/AutoAiming_ws/install/serial_interface/share/colcon-core/packages/serial_interface)
[7.699s] Level 1:colcon.colcon_core.environment:create_environment_scripts_only(serial_interface)
[7.699s] Level 1:colcon.colcon_core.environment:checking '/home/lhb/AutoAiming_ws/install/serial_interface' for CMake module files
[7.699s] Level 1:colcon.colcon_core.environment:checking '/home/lhb/AutoAiming_ws/install/serial_interface' for CMake config files
[7.699s] Level 1:colcon.colcon_core.shell:create_environment_hook('serial_interface', 'cmake_prefix_path')
[7.699s] INFO:colcon.colcon_core.shell:Creating environment hook '/home/lhb/AutoAiming_ws/install/serial_interface/share/serial_interface/hook/cmake_prefix_path.ps1'
[7.700s] INFO:colcon.colcon_core.shell:Creating environment descriptor '/home/lhb/AutoAiming_ws/install/serial_interface/share/serial_interface/hook/cmake_prefix_path.dsv'
[7.700s] INFO:colcon.colcon_core.shell:Creating environment hook '/home/lhb/AutoAiming_ws/install/serial_interface/share/serial_interface/hook/cmake_prefix_path.sh'
[7.700s] Level 1:colcon.colcon_core.environment:checking '/home/lhb/AutoAiming_ws/install/serial_interface/lib'
[7.700s] Level 1:colcon.colcon_core.environment:checking '/home/lhb/AutoAiming_ws/install/serial_interface/bin'
[7.700s] Level 1:colcon.colcon_core.environment:checking '/home/lhb/AutoAiming_ws/install/serial_interface/lib/pkgconfig/serial_interface.pc'
[7.700s] Level 1:colcon.colcon_core.environment:checking '/home/lhb/AutoAiming_ws/install/serial_interface/lib/python3.10/site-packages'
[7.701s] Level 1:colcon.colcon_core.environment:checking '/home/lhb/AutoAiming_ws/install/serial_interface/bin'
[7.701s] INFO:colcon.colcon_core.shell:Creating package script '/home/lhb/AutoAiming_ws/install/serial_interface/share/serial_interface/package.ps1'
[7.701s] INFO:colcon.colcon_core.shell:Creating package descriptor '/home/lhb/AutoAiming_ws/install/serial_interface/share/serial_interface/package.dsv'
[7.702s] INFO:colcon.colcon_core.shell:Creating package script '/home/lhb/AutoAiming_ws/install/serial_interface/share/serial_interface/package.sh'
[7.702s] INFO:colcon.colcon_core.shell:Creating package script '/home/lhb/AutoAiming_ws/install/serial_interface/share/serial_interface/package.bash'
[7.702s] INFO:colcon.colcon_core.shell:Creating package script '/home/lhb/AutoAiming_ws/install/serial_interface/share/serial_interface/package.zsh'
[7.702s] Level 1:colcon.colcon_core.environment:create_file_with_runtime_dependencies(/home/lhb/AutoAiming_ws/install/serial_interface/share/colcon-core/packages/serial_interface)
[7.702s] DEBUG:colcon.colcon_parallel_executor.executor.parallel:closing loop
[7.703s] DEBUG:colcon.colcon_parallel_executor.executor.parallel:loop closed
[7.703s] DEBUG:colcon.colcon_parallel_executor.executor.parallel:run_until_complete finished with '0'
[7.703s] DEBUG:colcon.colcon_core.event_reactor:joining thread
[7.726s] INFO:colcon.colcon_core.plugin_system:Skipping extension 'colcon_notification.desktop_notification.terminal_notifier': Not used on non-Darwin systems
[7.726s] INFO:colcon.colcon_core.plugin_system:Skipping extension 'colcon_notification.desktop_notification.win32': Not used on non-Windows systems
[7.726s] INFO:colcon.colcon_notification.desktop_notification:Sending desktop notification using 'notify2'
[7.748s] DEBUG:colcon.colcon_core.event_reactor:joined thread
[7.748s] INFO:colcon.colcon_core.shell:Creating prefix script '/home/lhb/AutoAiming_ws/install/local_setup.ps1'
[7.749s] INFO:colcon.colcon_core.shell:Creating prefix util module '/home/lhb/AutoAiming_ws/install/_local_setup_util_ps1.py'
[7.751s] INFO:colcon.colcon_core.shell:Creating prefix chain script '/home/lhb/AutoAiming_ws/install/setup.ps1'
[7.753s] INFO:colcon.colcon_core.shell:Creating prefix script '/home/lhb/AutoAiming_ws/install/local_setup.sh'
[7.754s] INFO:colcon.colcon_core.shell:Creating prefix util module '/home/lhb/AutoAiming_ws/install/_local_setup_util_sh.py'
[7.754s] INFO:colcon.colcon_core.shell:Creating prefix chain script '/home/lhb/AutoAiming_ws/install/setup.sh'
[7.756s] INFO:colcon.colcon_core.shell:Creating prefix script '/home/lhb/AutoAiming_ws/install/local_setup.bash'
[7.756s] INFO:colcon.colcon_core.shell:Creating prefix chain script '/home/lhb/AutoAiming_ws/install/setup.bash'
[7.757s] INFO:colcon.colcon_core.shell:Creating prefix script '/home/lhb/AutoAiming_ws/install/local_setup.zsh'
[7.758s] INFO:colcon.colcon_core.shell:Creating prefix chain script '/home/lhb/AutoAiming_ws/install/setup.zsh'
