[0.021s] Invoking command in '/home/lhb/AutoAiming_ws/build/interfaces': CMAKE_PREFIX_PATH=${CMAKE_PREFIX_PATH}:/opt/ros/humble /usr/bin/cmake --build /home/lhb/AutoAiming_ws/build/interfaces -- -j8 -l8
[0.103s] [  2%] Built target interfaces__cpp
[0.133s] [  2%] Built target ament_cmake_python_copy_interfaces
[0.155s] [ 12%] Built target interfaces__rosidl_typesupport_introspection_cpp
[0.327s] running egg_info
[0.328s] writing interfaces.egg-info/PKG-INFO
[0.328s] writing dependency_links to interfaces.egg-info/dependency_links.txt
[0.328s] writing top-level names to interfaces.egg-info/top_level.txt
[0.331s] reading manifest file 'interfaces.egg-info/SOURCES.txt'
[0.332s] writing manifest file 'interfaces.egg-info/SOURCES.txt'
[0.351s] [ 12%] Built target ament_cmake_python_build_interfaces_egg
[0.371s] [ 23%] Built target interfaces__rosidl_typesupport_fastrtps_cpp
[0.391s] [ 33%] Built target interfaces__rosidl_typesupport_cpp
[0.413s] [ 43%] Built target interfaces__rosidl_generator_c
[0.434s] [ 53%] Built target interfaces__rosidl_typesupport_fastrtps_c
[0.452s] [ 64%] Built target interfaces__rosidl_typesupport_c
[0.470s] [ 74%] Built target interfaces__rosidl_typesupport_introspection_c
[0.486s] [ 74%] Built target interfaces
[0.506s] [ 76%] Built target interfaces__py
[0.527s] [ 84%] Built target interfaces__rosidl_generator_py
[0.547s] [ 89%] Built target interfaces__rosidl_typesupport_fastrtps_c__pyext
[0.566s] [ 94%] Built target interfaces__rosidl_typesupport_c__pyext
[0.583s] [100%] Built target interfaces__rosidl_typesupport_introspection_c__pyext
[0.593s] Invoked command in '/home/lhb/AutoAiming_ws/build/interfaces' returned '0': CMAKE_PREFIX_PATH=${CMAKE_PREFIX_PATH}:/opt/ros/humble /usr/bin/cmake --build /home/lhb/AutoAiming_ws/build/interfaces -- -j8 -l8
[0.595s] Invoking command in '/home/lhb/AutoAiming_ws/build/interfaces': CMAKE_PREFIX_PATH=${CMAKE_PREFIX_PATH}:/opt/ros/humble /usr/bin/cmake --install /home/lhb/AutoAiming_ws/build/interfaces
[0.604s] -- Install configuration: ""
[0.604s] -- Up-to-date: /home/lhb/AutoAiming_ws/install/interfaces/share/ament_index/resource_index/rosidl_interfaces/interfaces
[0.605s] -- Up-to-date: /home/lhb/AutoAiming_ws/install/interfaces/include/interfaces/interfaces
[0.605s] -- Up-to-date: /home/lhb/AutoAiming_ws/install/interfaces/include/interfaces/interfaces/msg
[0.605s] -- Up-to-date: /home/lhb/AutoAiming_ws/install/interfaces/include/interfaces/interfaces/msg/target.h
[0.605s] -- Up-to-date: /home/lhb/AutoAiming_ws/install/interfaces/include/interfaces/interfaces/msg/target_array.h
[0.605s] -- Up-to-date: /home/lhb/AutoAiming_ws/install/interfaces/include/interfaces/interfaces/msg/rosidl_generator_c__visibility_control.h
[0.605s] -- Up-to-date: /home/lhb/AutoAiming_ws/install/interfaces/include/interfaces/interfaces/msg/detail
[0.605s] -- Up-to-date: /home/lhb/AutoAiming_ws/install/interfaces/include/interfaces/interfaces/msg/detail/target_array__struct.h
[0.605s] -- Up-to-date: /home/lhb/AutoAiming_ws/install/interfaces/include/interfaces/interfaces/msg/detail/target_array__functions.h
[0.605s] -- Up-to-date: /home/lhb/AutoAiming_ws/install/interfaces/include/interfaces/interfaces/msg/detail/target__struct.h
[0.605s] -- Up-to-date: /home/lhb/AutoAiming_ws/install/interfaces/include/interfaces/interfaces/msg/detail/target_array__type_support.h
[0.605s] -- Up-to-date: /home/lhb/AutoAiming_ws/install/interfaces/include/interfaces/interfaces/msg/detail/target__type_support.h
[0.605s] -- Up-to-date: /home/lhb/AutoAiming_ws/install/interfaces/include/interfaces/interfaces/msg/detail/target_array__functions.c
[0.606s] -- Up-to-date: /home/lhb/AutoAiming_ws/install/interfaces/include/interfaces/interfaces/msg/detail/target__functions.h
[0.606s] -- Up-to-date: /home/lhb/AutoAiming_ws/install/interfaces/include/interfaces/interfaces/msg/detail/target__functions.c
[0.606s] -- Up-to-date: /home/lhb/AutoAiming_ws/install/interfaces/share/interfaces/environment/library_path.sh
[0.606s] -- Up-to-date: /home/lhb/AutoAiming_ws/install/interfaces/share/interfaces/environment/library_path.dsv
[0.606s] -- Up-to-date: /home/lhb/AutoAiming_ws/install/interfaces/lib/libinterfaces__rosidl_generator_c.so
[0.606s] -- Up-to-date: /home/lhb/AutoAiming_ws/install/interfaces/include/interfaces/interfaces
[0.606s] -- Up-to-date: /home/lhb/AutoAiming_ws/install/interfaces/include/interfaces/interfaces/msg
[0.606s] -- Up-to-date: /home/lhb/AutoAiming_ws/install/interfaces/include/interfaces/interfaces/msg/rosidl_typesupport_fastrtps_c__visibility_control.h
[0.606s] -- Up-to-date: /home/lhb/AutoAiming_ws/install/interfaces/include/interfaces/interfaces/msg/detail
[0.606s] -- Up-to-date: /home/lhb/AutoAiming_ws/install/interfaces/include/interfaces/interfaces/msg/detail/target_array__rosidl_typesupport_fastrtps_c.h
[0.607s] -- Up-to-date: /home/lhb/AutoAiming_ws/install/interfaces/include/interfaces/interfaces/msg/detail/target__rosidl_typesupport_fastrtps_c.h
[0.607s] -- Up-to-date: /home/lhb/AutoAiming_ws/install/interfaces/lib/libinterfaces__rosidl_typesupport_fastrtps_c.so
[0.607s] -- Up-to-date: /home/lhb/AutoAiming_ws/install/interfaces/include/interfaces/interfaces
[0.607s] -- Up-to-date: /home/lhb/AutoAiming_ws/install/interfaces/include/interfaces/interfaces/msg
[0.607s] -- Up-to-date: /home/lhb/AutoAiming_ws/install/interfaces/include/interfaces/interfaces/msg/target.hpp
[0.607s] -- Up-to-date: /home/lhb/AutoAiming_ws/install/interfaces/include/interfaces/interfaces/msg/rosidl_generator_cpp__visibility_control.hpp
[0.608s] -- Up-to-date: /home/lhb/AutoAiming_ws/install/interfaces/include/interfaces/interfaces/msg/target_array.hpp
[0.608s] -- Up-to-date: /home/lhb/AutoAiming_ws/install/interfaces/include/interfaces/interfaces/msg/detail
[0.608s] -- Up-to-date: /home/lhb/AutoAiming_ws/install/interfaces/include/interfaces/interfaces/msg/detail/target_array__type_support.hpp
[0.608s] -- Up-to-date: /home/lhb/AutoAiming_ws/install/interfaces/include/interfaces/interfaces/msg/detail/target__struct.hpp
[0.608s] -- Up-to-date: /home/lhb/AutoAiming_ws/install/interfaces/include/interfaces/interfaces/msg/detail/target__type_support.hpp
[0.608s] -- Up-to-date: /home/lhb/AutoAiming_ws/install/interfaces/include/interfaces/interfaces/msg/detail/target_array__traits.hpp
[0.608s] -- Up-to-date: /home/lhb/AutoAiming_ws/install/interfaces/include/interfaces/interfaces/msg/detail/target__builder.hpp
[0.608s] -- Up-to-date: /home/lhb/AutoAiming_ws/install/interfaces/include/interfaces/interfaces/msg/detail/target_array__struct.hpp
[0.608s] -- Up-to-date: /home/lhb/AutoAiming_ws/install/interfaces/include/interfaces/interfaces/msg/detail/target_array__builder.hpp
[0.608s] -- Up-to-date: /home/lhb/AutoAiming_ws/install/interfaces/include/interfaces/interfaces/msg/detail/target__traits.hpp
[0.608s] -- Up-to-date: /home/lhb/AutoAiming_ws/install/interfaces/include/interfaces/interfaces
[0.608s] -- Up-to-date: /home/lhb/AutoAiming_ws/install/interfaces/include/interfaces/interfaces/msg
[0.608s] -- Up-to-date: /home/lhb/AutoAiming_ws/install/interfaces/include/interfaces/interfaces/msg/rosidl_typesupport_fastrtps_cpp__visibility_control.h
[0.608s] -- Up-to-date: /home/lhb/AutoAiming_ws/install/interfaces/include/interfaces/interfaces/msg/detail
[0.608s] -- Up-to-date: /home/lhb/AutoAiming_ws/install/interfaces/include/interfaces/interfaces/msg/detail/dds_fastrtps
[0.608s] -- Up-to-date: /home/lhb/AutoAiming_ws/install/interfaces/include/interfaces/interfaces/msg/detail/target__rosidl_typesupport_fastrtps_cpp.hpp
[0.608s] -- Up-to-date: /home/lhb/AutoAiming_ws/install/interfaces/include/interfaces/interfaces/msg/detail/target_array__rosidl_typesupport_fastrtps_cpp.hpp
[0.608s] -- Up-to-date: /home/lhb/AutoAiming_ws/install/interfaces/lib/libinterfaces__rosidl_typesupport_fastrtps_cpp.so
[0.609s] -- Up-to-date: /home/lhb/AutoAiming_ws/install/interfaces/include/interfaces/interfaces
[0.609s] -- Up-to-date: /home/lhb/AutoAiming_ws/install/interfaces/include/interfaces/interfaces/msg
[0.609s] -- Up-to-date: /home/lhb/AutoAiming_ws/install/interfaces/include/interfaces/interfaces/msg/rosidl_typesupport_introspection_c__visibility_control.h
[0.609s] -- Up-to-date: /home/lhb/AutoAiming_ws/install/interfaces/include/interfaces/interfaces/msg/detail
[0.609s] -- Up-to-date: /home/lhb/AutoAiming_ws/install/interfaces/include/interfaces/interfaces/msg/detail/target__rosidl_typesupport_introspection_c.h
[0.609s] -- Up-to-date: /home/lhb/AutoAiming_ws/install/interfaces/include/interfaces/interfaces/msg/detail/target__type_support.c
[0.609s] -- Up-to-date: /home/lhb/AutoAiming_ws/install/interfaces/include/interfaces/interfaces/msg/detail/target_array__type_support.c
[0.609s] -- Up-to-date: /home/lhb/AutoAiming_ws/install/interfaces/include/interfaces/interfaces/msg/detail/target_array__rosidl_typesupport_introspection_c.h
[0.609s] -- Up-to-date: /home/lhb/AutoAiming_ws/install/interfaces/lib/libinterfaces__rosidl_typesupport_introspection_c.so
[0.610s] -- Up-to-date: /home/lhb/AutoAiming_ws/install/interfaces/lib/libinterfaces__rosidl_typesupport_c.so
[0.610s] -- Up-to-date: /home/lhb/AutoAiming_ws/install/interfaces/include/interfaces/interfaces
[0.610s] -- Up-to-date: /home/lhb/AutoAiming_ws/install/interfaces/include/interfaces/interfaces/msg
[0.610s] -- Up-to-date: /home/lhb/AutoAiming_ws/install/interfaces/include/interfaces/interfaces/msg/detail
[0.610s] -- Up-to-date: /home/lhb/AutoAiming_ws/install/interfaces/include/interfaces/interfaces/msg/detail/target__type_support.cpp
[0.610s] -- Up-to-date: /home/lhb/AutoAiming_ws/install/interfaces/include/interfaces/interfaces/msg/detail/target__rosidl_typesupport_introspection_cpp.hpp
[0.610s] -- Up-to-date: /home/lhb/AutoAiming_ws/install/interfaces/include/interfaces/interfaces/msg/detail/target_array__rosidl_typesupport_introspection_cpp.hpp
[0.611s] -- Up-to-date: /home/lhb/AutoAiming_ws/install/interfaces/include/interfaces/interfaces/msg/detail/target_array__type_support.cpp
[0.611s] -- Up-to-date: /home/lhb/AutoAiming_ws/install/interfaces/lib/libinterfaces__rosidl_typesupport_introspection_cpp.so
[0.612s] -- Up-to-date: /home/lhb/AutoAiming_ws/install/interfaces/lib/libinterfaces__rosidl_typesupport_cpp.so
[0.612s] -- Up-to-date: /home/lhb/AutoAiming_ws/install/interfaces/share/interfaces/environment/pythonpath.sh
[0.612s] -- Up-to-date: /home/lhb/AutoAiming_ws/install/interfaces/share/interfaces/environment/pythonpath.dsv
[0.612s] -- Up-to-date: /home/lhb/AutoAiming_ws/install/interfaces/local/lib/python3.10/dist-packages/interfaces-0.0.0-py3.10.egg-info
[0.612s] -- Installing: /home/lhb/AutoAiming_ws/install/interfaces/local/lib/python3.10/dist-packages/interfaces-0.0.0-py3.10.egg-info/dependency_links.txt
[0.613s] -- Installing: /home/lhb/AutoAiming_ws/install/interfaces/local/lib/python3.10/dist-packages/interfaces-0.0.0-py3.10.egg-info/top_level.txt
[0.613s] -- Installing: /home/lhb/AutoAiming_ws/install/interfaces/local/lib/python3.10/dist-packages/interfaces-0.0.0-py3.10.egg-info/SOURCES.txt
[0.613s] -- Installing: /home/lhb/AutoAiming_ws/install/interfaces/local/lib/python3.10/dist-packages/interfaces-0.0.0-py3.10.egg-info/PKG-INFO
[0.613s] -- Up-to-date: /home/lhb/AutoAiming_ws/install/interfaces/local/lib/python3.10/dist-packages/interfaces
[0.613s] -- Up-to-date: /home/lhb/AutoAiming_ws/install/interfaces/local/lib/python3.10/dist-packages/interfaces/interfaces_s__rosidl_typesupport_c.cpython-310-x86_64-linux-gnu.so
[0.614s] -- Up-to-date: /home/lhb/AutoAiming_ws/install/interfaces/local/lib/python3.10/dist-packages/interfaces/_interfaces_s.ep.rosidl_typesupport_fastrtps_c.c
[0.614s] -- Up-to-date: /home/lhb/AutoAiming_ws/install/interfaces/local/lib/python3.10/dist-packages/interfaces/interfaces_s__rosidl_typesupport_introspection_c.cpython-310-x86_64-linux-gnu.so
[0.614s] -- Up-to-date: /home/lhb/AutoAiming_ws/install/interfaces/local/lib/python3.10/dist-packages/interfaces/libinterfaces__rosidl_generator_py.so
[0.614s] -- Up-to-date: /home/lhb/AutoAiming_ws/install/interfaces/local/lib/python3.10/dist-packages/interfaces/msg
[0.614s] -- Up-to-date: /home/lhb/AutoAiming_ws/install/interfaces/local/lib/python3.10/dist-packages/interfaces/msg/_target_array_s.c
[0.614s] -- Up-to-date: /home/lhb/AutoAiming_ws/install/interfaces/local/lib/python3.10/dist-packages/interfaces/msg/__init__.py
[0.614s] -- Up-to-date: /home/lhb/AutoAiming_ws/install/interfaces/local/lib/python3.10/dist-packages/interfaces/msg/_target_array.py
[0.614s] -- Up-to-date: /home/lhb/AutoAiming_ws/install/interfaces/local/lib/python3.10/dist-packages/interfaces/msg/_target_s.c
[0.614s] -- Up-to-date: /home/lhb/AutoAiming_ws/install/interfaces/local/lib/python3.10/dist-packages/interfaces/msg/_target.py
[0.614s] -- Up-to-date: /home/lhb/AutoAiming_ws/install/interfaces/local/lib/python3.10/dist-packages/interfaces/__init__.py
[0.614s] -- Up-to-date: /home/lhb/AutoAiming_ws/install/interfaces/local/lib/python3.10/dist-packages/interfaces/_interfaces_s.ep.rosidl_typesupport_c.c
[0.614s] -- Up-to-date: /home/lhb/AutoAiming_ws/install/interfaces/local/lib/python3.10/dist-packages/interfaces/interfaces_s__rosidl_typesupport_fastrtps_c.cpython-310-x86_64-linux-gnu.so
[0.614s] -- Up-to-date: /home/lhb/AutoAiming_ws/install/interfaces/local/lib/python3.10/dist-packages/interfaces/_interfaces_s.ep.rosidl_typesupport_introspection_c.c
[0.639s] Listing '/home/lhb/AutoAiming_ws/install/interfaces/local/lib/python3.10/dist-packages/interfaces'...
[0.639s] Listing '/home/lhb/AutoAiming_ws/install/interfaces/local/lib/python3.10/dist-packages/interfaces/msg'...
[0.643s] -- Up-to-date: /home/lhb/AutoAiming_ws/install/interfaces/local/lib/python3.10/dist-packages/interfaces/interfaces_s__rosidl_typesupport_fastrtps_c.cpython-310-x86_64-linux-gnu.so
[0.644s] -- Up-to-date: /home/lhb/AutoAiming_ws/install/interfaces/local/lib/python3.10/dist-packages/interfaces/interfaces_s__rosidl_typesupport_introspection_c.cpython-310-x86_64-linux-gnu.so
[0.645s] -- Up-to-date: /home/lhb/AutoAiming_ws/install/interfaces/local/lib/python3.10/dist-packages/interfaces/interfaces_s__rosidl_typesupport_c.cpython-310-x86_64-linux-gnu.so
[0.645s] -- Up-to-date: /home/lhb/AutoAiming_ws/install/interfaces/lib/libinterfaces__rosidl_generator_py.so
[0.645s] -- Up-to-date: /home/lhb/AutoAiming_ws/install/interfaces/share/interfaces/msg/Target.idl
[0.646s] -- Up-to-date: /home/lhb/AutoAiming_ws/install/interfaces/share/interfaces/msg/TargetArray.idl
[0.646s] -- Up-to-date: /home/lhb/AutoAiming_ws/install/interfaces/share/interfaces/msg/Target.msg
[0.646s] -- Up-to-date: /home/lhb/AutoAiming_ws/install/interfaces/share/interfaces/msg/TargetArray.msg
[0.646s] -- Up-to-date: /home/lhb/AutoAiming_ws/install/interfaces/share/ament_index/resource_index/package_run_dependencies/interfaces
[0.646s] -- Up-to-date: /home/lhb/AutoAiming_ws/install/interfaces/share/ament_index/resource_index/parent_prefix_path/interfaces
[0.646s] -- Up-to-date: /home/lhb/AutoAiming_ws/install/interfaces/share/interfaces/environment/ament_prefix_path.sh
[0.646s] -- Up-to-date: /home/lhb/AutoAiming_ws/install/interfaces/share/interfaces/environment/ament_prefix_path.dsv
[0.646s] -- Up-to-date: /home/lhb/AutoAiming_ws/install/interfaces/share/interfaces/environment/path.sh
[0.646s] -- Up-to-date: /home/lhb/AutoAiming_ws/install/interfaces/share/interfaces/environment/path.dsv
[0.646s] -- Up-to-date: /home/lhb/AutoAiming_ws/install/interfaces/share/interfaces/local_setup.bash
[0.646s] -- Up-to-date: /home/lhb/AutoAiming_ws/install/interfaces/share/interfaces/local_setup.sh
[0.646s] -- Up-to-date: /home/lhb/AutoAiming_ws/install/interfaces/share/interfaces/local_setup.zsh
[0.646s] -- Up-to-date: /home/lhb/AutoAiming_ws/install/interfaces/share/interfaces/local_setup.dsv
[0.646s] -- Installing: /home/lhb/AutoAiming_ws/install/interfaces/share/interfaces/package.dsv
[0.647s] -- Up-to-date: /home/lhb/AutoAiming_ws/install/interfaces/share/ament_index/resource_index/packages/interfaces
[0.648s] -- Up-to-date: /home/lhb/AutoAiming_ws/install/interfaces/share/interfaces/cmake/export_interfaces__rosidl_generator_cExport.cmake
[0.648s] -- Up-to-date: /home/lhb/AutoAiming_ws/install/interfaces/share/interfaces/cmake/export_interfaces__rosidl_generator_cExport-noconfig.cmake
[0.648s] -- Up-to-date: /home/lhb/AutoAiming_ws/install/interfaces/share/interfaces/cmake/export_interfaces__rosidl_typesupport_fastrtps_cExport.cmake
[0.648s] -- Up-to-date: /home/lhb/AutoAiming_ws/install/interfaces/share/interfaces/cmake/export_interfaces__rosidl_typesupport_fastrtps_cExport-noconfig.cmake
[0.649s] -- Up-to-date: /home/lhb/AutoAiming_ws/install/interfaces/share/interfaces/cmake/export_interfaces__rosidl_generator_cppExport.cmake
[0.649s] -- Up-to-date: /home/lhb/AutoAiming_ws/install/interfaces/share/interfaces/cmake/export_interfaces__rosidl_typesupport_fastrtps_cppExport.cmake
[0.649s] -- Up-to-date: /home/lhb/AutoAiming_ws/install/interfaces/share/interfaces/cmake/export_interfaces__rosidl_typesupport_fastrtps_cppExport-noconfig.cmake
[0.650s] -- Up-to-date: /home/lhb/AutoAiming_ws/install/interfaces/share/interfaces/cmake/interfaces__rosidl_typesupport_introspection_cExport.cmake
[0.650s] -- Up-to-date: /home/lhb/AutoAiming_ws/install/interfaces/share/interfaces/cmake/interfaces__rosidl_typesupport_introspection_cExport-noconfig.cmake
[0.650s] -- Up-to-date: /home/lhb/AutoAiming_ws/install/interfaces/share/interfaces/cmake/interfaces__rosidl_typesupport_cExport.cmake
[0.650s] -- Up-to-date: /home/lhb/AutoAiming_ws/install/interfaces/share/interfaces/cmake/interfaces__rosidl_typesupport_cExport-noconfig.cmake
[0.651s] -- Up-to-date: /home/lhb/AutoAiming_ws/install/interfaces/share/interfaces/cmake/interfaces__rosidl_typesupport_introspection_cppExport.cmake
[0.651s] -- Up-to-date: /home/lhb/AutoAiming_ws/install/interfaces/share/interfaces/cmake/interfaces__rosidl_typesupport_introspection_cppExport-noconfig.cmake
[0.651s] -- Up-to-date: /home/lhb/AutoAiming_ws/install/interfaces/share/interfaces/cmake/interfaces__rosidl_typesupport_cppExport.cmake
[0.651s] -- Up-to-date: /home/lhb/AutoAiming_ws/install/interfaces/share/interfaces/cmake/interfaces__rosidl_typesupport_cppExport-noconfig.cmake
[0.652s] -- Up-to-date: /home/lhb/AutoAiming_ws/install/interfaces/share/interfaces/cmake/export_interfaces__rosidl_generator_pyExport.cmake
[0.652s] -- Up-to-date: /home/lhb/AutoAiming_ws/install/interfaces/share/interfaces/cmake/export_interfaces__rosidl_generator_pyExport-noconfig.cmake
[0.652s] -- Up-to-date: /home/lhb/AutoAiming_ws/install/interfaces/share/interfaces/cmake/rosidl_cmake-extras.cmake
[0.652s] -- Up-to-date: /home/lhb/AutoAiming_ws/install/interfaces/share/interfaces/cmake/ament_cmake_export_dependencies-extras.cmake
[0.652s] -- Up-to-date: /home/lhb/AutoAiming_ws/install/interfaces/share/interfaces/cmake/ament_cmake_export_include_directories-extras.cmake
[0.652s] -- Up-to-date: /home/lhb/AutoAiming_ws/install/interfaces/share/interfaces/cmake/ament_cmake_export_libraries-extras.cmake
[0.652s] -- Up-to-date: /home/lhb/AutoAiming_ws/install/interfaces/share/interfaces/cmake/ament_cmake_export_targets-extras.cmake
[0.652s] -- Up-to-date: /home/lhb/AutoAiming_ws/install/interfaces/share/interfaces/cmake/rosidl_cmake_export_typesupport_targets-extras.cmake
[0.652s] -- Up-to-date: /home/lhb/AutoAiming_ws/install/interfaces/share/interfaces/cmake/rosidl_cmake_export_typesupport_libraries-extras.cmake
[0.652s] -- Up-to-date: /home/lhb/AutoAiming_ws/install/interfaces/share/interfaces/cmake/interfacesConfig.cmake
[0.652s] -- Up-to-date: /home/lhb/AutoAiming_ws/install/interfaces/share/interfaces/cmake/interfacesConfig-version.cmake
[0.652s] -- Up-to-date: /home/lhb/AutoAiming_ws/install/interfaces/share/interfaces/package.xml
[0.654s] Invoked command in '/home/lhb/AutoAiming_ws/build/interfaces' returned '0': CMAKE_PREFIX_PATH=${CMAKE_PREFIX_PATH}:/opt/ros/humble /usr/bin/cmake --install /home/lhb/AutoAiming_ws/build/interfaces
