[0.077s] DEBUG:colcon:Command line arguments: ['/usr/bin/colcon', 'build']
[0.077s] DEBUG:colcon:Parsed command line arguments: Namespace(log_base=None, log_level=None, verb_name='build', build_base='build', install_base='install', merge_install=False, symlink_install=False, test_result_base=None, continue_on_error=False, executor='parallel', parallel_workers=8, event_handlers=None, ignore_user_meta=False, metas=['./colcon.meta'], base_paths=['.'], packages_ignore=None, packages_ignore_regex=None, paths=None, packages_up_to=None, packages_up_to_regex=None, packages_above=None, packages_above_and_dependencies=None, packages_above_depth=None, packages_select_by_dep=None, packages_skip_by_dep=None, packages_skip_up_to=None, packages_select_build_failed=False, packages_skip_build_finished=False, packages_select_test_failures=False, packages_skip_test_passed=False, packages_select=None, packages_skip=None, packages_select_regex=None, packages_skip_regex=None, packages_start=None, packages_end=None, allow_overriding=[], cmake_args=None, cmake_target=None, cmake_target_skip_unavailable=False, cmake_clean_cache=False, cmake_clean_first=False, cmake_force_configure=False, ament_cmake_args=None, catkin_cmake_args=None, catkin_skip_building_tests=False, verb_parser=<colcon_defaults.argument_parser.defaults.DefaultArgumentsDecorator object at 0x7032da237460>, verb_extension=<colcon_core.verb.build.BuildVerb object at 0x7032da237010>, main=<bound method BuildVerb.main of <colcon_core.verb.build.BuildVerb object at 0x7032da237010>>)
[0.185s] Level 1:colcon.colcon_core.package_discovery:discover_packages(colcon_meta) check parameters
[0.185s] Level 1:colcon.colcon_core.package_discovery:discover_packages(recursive) check parameters
[0.185s] Level 1:colcon.colcon_core.package_discovery:discover_packages(ignore) check parameters
[0.185s] Level 1:colcon.colcon_core.package_discovery:discover_packages(path) check parameters
[0.185s] Level 1:colcon.colcon_core.package_discovery:discover_packages(colcon_meta) discover
[0.185s] Level 1:colcon.colcon_core.package_discovery:discover_packages(recursive) discover
[0.186s] INFO:colcon.colcon_core.package_discovery:Crawling recursively for packages in '/home/lhb/AutoAiming_ws'
[0.186s] Level 1:colcon.colcon_core.package_identification:_identify(.) by extensions ['ignore', 'ignore_ament_install']
[0.186s] Level 1:colcon.colcon_core.package_identification:_identify(.) by extension 'ignore'
[0.186s] Level 1:colcon.colcon_core.package_identification:_identify(.) by extension 'ignore_ament_install'
[0.186s] Level 1:colcon.colcon_core.package_identification:_identify(.) by extensions ['colcon_pkg']
[0.186s] Level 1:colcon.colcon_core.package_identification:_identify(.) by extension 'colcon_pkg'
[0.186s] Level 1:colcon.colcon_core.package_identification:_identify(.) by extensions ['colcon_meta']
[0.186s] Level 1:colcon.colcon_core.package_identification:_identify(.) by extension 'colcon_meta'
[0.186s] Level 1:colcon.colcon_core.package_identification:_identify(.) by extensions ['ros']
[0.186s] Level 1:colcon.colcon_core.package_identification:_identify(.) by extension 'ros'
[0.194s] Level 1:colcon.colcon_core.package_identification:_identify(.) by extensions ['cmake', 'python']
[0.194s] Level 1:colcon.colcon_core.package_identification:_identify(.) by extension 'cmake'
[0.195s] Level 1:colcon.colcon_core.package_identification:_identify(.) by extension 'python'
[0.195s] Level 1:colcon.colcon_core.package_identification:_identify(.) by extensions ['python_setup_py']
[0.195s] Level 1:colcon.colcon_core.package_identification:_identify(.) by extension 'python_setup_py'
[0.195s] Level 1:colcon.colcon_core.package_identification:_identify(build) by extensions ['ignore', 'ignore_ament_install']
[0.195s] Level 1:colcon.colcon_core.package_identification:_identify(build) by extension 'ignore'
[0.195s] Level 1:colcon.colcon_core.package_identification:_identify(build) ignored
[0.195s] Level 1:colcon.colcon_core.package_identification:_identify(install) by extensions ['ignore', 'ignore_ament_install']
[0.195s] Level 1:colcon.colcon_core.package_identification:_identify(install) by extension 'ignore'
[0.195s] Level 1:colcon.colcon_core.package_identification:_identify(install) ignored
[0.195s] Level 1:colcon.colcon_core.package_identification:_identify(log) by extensions ['ignore', 'ignore_ament_install']
[0.195s] Level 1:colcon.colcon_core.package_identification:_identify(log) by extension 'ignore'
[0.195s] Level 1:colcon.colcon_core.package_identification:_identify(log) ignored
[0.195s] Level 1:colcon.colcon_core.package_identification:_identify(src) by extensions ['ignore', 'ignore_ament_install']
[0.195s] Level 1:colcon.colcon_core.package_identification:_identify(src) by extension 'ignore'
[0.195s] Level 1:colcon.colcon_core.package_identification:_identify(src) by extension 'ignore_ament_install'
[0.195s] Level 1:colcon.colcon_core.package_identification:_identify(src) by extensions ['colcon_pkg']
[0.195s] Level 1:colcon.colcon_core.package_identification:_identify(src) by extension 'colcon_pkg'
[0.195s] Level 1:colcon.colcon_core.package_identification:_identify(src) by extensions ['colcon_meta']
[0.195s] Level 1:colcon.colcon_core.package_identification:_identify(src) by extension 'colcon_meta'
[0.195s] Level 1:colcon.colcon_core.package_identification:_identify(src) by extensions ['ros']
[0.195s] Level 1:colcon.colcon_core.package_identification:_identify(src) by extension 'ros'
[0.195s] Level 1:colcon.colcon_core.package_identification:_identify(src) by extensions ['cmake', 'python']
[0.195s] Level 1:colcon.colcon_core.package_identification:_identify(src) by extension 'cmake'
[0.195s] Level 1:colcon.colcon_core.package_identification:_identify(src) by extension 'python'
[0.196s] Level 1:colcon.colcon_core.package_identification:_identify(src) by extensions ['python_setup_py']
[0.196s] Level 1:colcon.colcon_core.package_identification:_identify(src) by extension 'python_setup_py'
[0.196s] Level 1:colcon.colcon_core.package_identification:_identify(src/gimbal_controller) by extensions ['ignore', 'ignore_ament_install']
[0.196s] Level 1:colcon.colcon_core.package_identification:_identify(src/gimbal_controller) by extension 'ignore'
[0.196s] Level 1:colcon.colcon_core.package_identification:_identify(src/gimbal_controller) by extension 'ignore_ament_install'
[0.196s] Level 1:colcon.colcon_core.package_identification:_identify(src/gimbal_controller) by extensions ['colcon_pkg']
[0.196s] Level 1:colcon.colcon_core.package_identification:_identify(src/gimbal_controller) by extension 'colcon_pkg'
[0.196s] Level 1:colcon.colcon_core.package_identification:_identify(src/gimbal_controller) by extensions ['colcon_meta']
[0.196s] Level 1:colcon.colcon_core.package_identification:_identify(src/gimbal_controller) by extension 'colcon_meta'
[0.196s] Level 1:colcon.colcon_core.package_identification:_identify(src/gimbal_controller) by extensions ['ros']
[0.196s] Level 1:colcon.colcon_core.package_identification:_identify(src/gimbal_controller) by extension 'ros'
[0.198s] DEBUG:colcon.colcon_core.package_identification:Package 'src/gimbal_controller' with type 'ros.ament_cmake' and name 'gimbal_controller'
[0.198s] Level 1:colcon.colcon_core.package_identification:_identify(src/homework_bringup) by extensions ['ignore', 'ignore_ament_install']
[0.198s] Level 1:colcon.colcon_core.package_identification:_identify(src/homework_bringup) by extension 'ignore'
[0.198s] Level 1:colcon.colcon_core.package_identification:_identify(src/homework_bringup) by extension 'ignore_ament_install'
[0.198s] Level 1:colcon.colcon_core.package_identification:_identify(src/homework_bringup) by extensions ['colcon_pkg']
[0.198s] Level 1:colcon.colcon_core.package_identification:_identify(src/homework_bringup) by extension 'colcon_pkg'
[0.198s] Level 1:colcon.colcon_core.package_identification:_identify(src/homework_bringup) by extensions ['colcon_meta']
[0.198s] Level 1:colcon.colcon_core.package_identification:_identify(src/homework_bringup) by extension 'colcon_meta'
[0.198s] Level 1:colcon.colcon_core.package_identification:_identify(src/homework_bringup) by extensions ['ros']
[0.198s] Level 1:colcon.colcon_core.package_identification:_identify(src/homework_bringup) by extension 'ros'
[0.199s] DEBUG:colcon.colcon_core.package_identification:Package 'src/homework_bringup' with type 'ros.ament_cmake' and name 'homework_bringup'
[0.199s] Level 1:colcon.colcon_core.package_identification:_identify(src/interfaces) by extensions ['ignore', 'ignore_ament_install']
[0.199s] Level 1:colcon.colcon_core.package_identification:_identify(src/interfaces) by extension 'ignore'
[0.199s] Level 1:colcon.colcon_core.package_identification:_identify(src/interfaces) by extension 'ignore_ament_install'
[0.199s] Level 1:colcon.colcon_core.package_identification:_identify(src/interfaces) by extensions ['colcon_pkg']
[0.199s] Level 1:colcon.colcon_core.package_identification:_identify(src/interfaces) by extension 'colcon_pkg'
[0.199s] Level 1:colcon.colcon_core.package_identification:_identify(src/interfaces) by extensions ['colcon_meta']
[0.199s] Level 1:colcon.colcon_core.package_identification:_identify(src/interfaces) by extension 'colcon_meta'
[0.199s] Level 1:colcon.colcon_core.package_identification:_identify(src/interfaces) by extensions ['ros']
[0.199s] Level 1:colcon.colcon_core.package_identification:_identify(src/interfaces) by extension 'ros'
[0.199s] DEBUG:colcon.colcon_core.package_identification:Package 'src/interfaces' with type 'ros.ament_cmake' and name 'interfaces'
[0.199s] Level 1:colcon.colcon_core.package_identification:_identify(src/serial_interface) by extensions ['ignore', 'ignore_ament_install']
[0.200s] Level 1:colcon.colcon_core.package_identification:_identify(src/serial_interface) by extension 'ignore'
[0.200s] Level 1:colcon.colcon_core.package_identification:_identify(src/serial_interface) by extension 'ignore_ament_install'
[0.200s] Level 1:colcon.colcon_core.package_identification:_identify(src/serial_interface) by extensions ['colcon_pkg']
[0.200s] Level 1:colcon.colcon_core.package_identification:_identify(src/serial_interface) by extension 'colcon_pkg'
[0.200s] Level 1:colcon.colcon_core.package_identification:_identify(src/serial_interface) by extensions ['colcon_meta']
[0.200s] Level 1:colcon.colcon_core.package_identification:_identify(src/serial_interface) by extension 'colcon_meta'
[0.200s] Level 1:colcon.colcon_core.package_identification:_identify(src/serial_interface) by extensions ['ros']
[0.200s] Level 1:colcon.colcon_core.package_identification:_identify(src/serial_interface) by extension 'ros'
[0.200s] DEBUG:colcon.colcon_core.package_identification:Package 'src/serial_interface' with type 'ros.ament_cmake' and name 'serial_interface'
[0.200s] Level 1:colcon.colcon_core.package_identification:_identify(src/vision_detector) by extensions ['ignore', 'ignore_ament_install']
[0.200s] Level 1:colcon.colcon_core.package_identification:_identify(src/vision_detector) by extension 'ignore'
[0.200s] Level 1:colcon.colcon_core.package_identification:_identify(src/vision_detector) by extension 'ignore_ament_install'
[0.200s] Level 1:colcon.colcon_core.package_identification:_identify(src/vision_detector) by extensions ['colcon_pkg']
[0.200s] Level 1:colcon.colcon_core.package_identification:_identify(src/vision_detector) by extension 'colcon_pkg'
[0.200s] Level 1:colcon.colcon_core.package_identification:_identify(src/vision_detector) by extensions ['colcon_meta']
[0.200s] Level 1:colcon.colcon_core.package_identification:_identify(src/vision_detector) by extension 'colcon_meta'
[0.200s] Level 1:colcon.colcon_core.package_identification:_identify(src/vision_detector) by extensions ['ros']
[0.200s] Level 1:colcon.colcon_core.package_identification:_identify(src/vision_detector) by extension 'ros'
[0.201s] DEBUG:colcon.colcon_core.package_identification:Package 'src/vision_detector' with type 'ros.ament_cmake' and name 'vision_detector'
[0.201s] Level 1:colcon.colcon_core.package_discovery:discover_packages(recursive) using defaults
[0.201s] Level 1:colcon.colcon_core.package_discovery:discover_packages(ignore) discover
[0.201s] Level 1:colcon.colcon_core.package_discovery:discover_packages(ignore) using defaults
[0.201s] Level 1:colcon.colcon_core.package_discovery:discover_packages(path) discover
[0.201s] Level 1:colcon.colcon_core.package_discovery:discover_packages(path) using defaults
[0.216s] Level 1:colcon.colcon_core.package_discovery:discover_packages(prefix_path) check parameters
[0.216s] Level 1:colcon.colcon_core.package_discovery:discover_packages(prefix_path) discover
[0.217s] DEBUG:colcon.colcon_installed_package_information.package_discovery:Found 5 installed packages in /home/lhb/AutoAiming_ws/install
[0.218s] DEBUG:colcon.colcon_installed_package_information.package_discovery:Found 276 installed packages in /opt/ros/humble
[0.228s] Level 1:colcon.colcon_core.package_discovery:discover_packages(prefix_path) using defaults
[0.260s] Level 5:colcon.colcon_core.verb:set package 'homework_bringup' build argument 'cmake_args' from command line to 'None'
[0.260s] Level 5:colcon.colcon_core.verb:set package 'homework_bringup' build argument 'cmake_target' from command line to 'None'
[0.260s] Level 5:colcon.colcon_core.verb:set package 'homework_bringup' build argument 'cmake_target_skip_unavailable' from command line to 'False'
[0.260s] Level 5:colcon.colcon_core.verb:set package 'homework_bringup' build argument 'cmake_clean_cache' from command line to 'False'
[0.260s] Level 5:colcon.colcon_core.verb:set package 'homework_bringup' build argument 'cmake_clean_first' from command line to 'False'
[0.260s] Level 5:colcon.colcon_core.verb:set package 'homework_bringup' build argument 'cmake_force_configure' from command line to 'False'
[0.260s] Level 5:colcon.colcon_core.verb:set package 'homework_bringup' build argument 'ament_cmake_args' from command line to 'None'
[0.260s] Level 5:colcon.colcon_core.verb:set package 'homework_bringup' build argument 'catkin_cmake_args' from command line to 'None'
[0.260s] Level 5:colcon.colcon_core.verb:set package 'homework_bringup' build argument 'catkin_skip_building_tests' from command line to 'False'
[0.260s] DEBUG:colcon.colcon_core.verb:Building package 'homework_bringup' with the following arguments: {'ament_cmake_args': None, 'build_base': '/home/lhb/AutoAiming_ws/build/homework_bringup', 'catkin_cmake_args': None, 'catkin_skip_building_tests': False, 'cmake_args': None, 'cmake_clean_cache': False, 'cmake_clean_first': False, 'cmake_force_configure': False, 'cmake_target': None, 'cmake_target_skip_unavailable': False, 'install_base': '/home/lhb/AutoAiming_ws/install/homework_bringup', 'merge_install': False, 'path': '/home/lhb/AutoAiming_ws/src/homework_bringup', 'symlink_install': False, 'test_result_base': None}
[0.261s] Level 5:colcon.colcon_core.verb:set package 'interfaces' build argument 'cmake_args' from command line to 'None'
[0.261s] Level 5:colcon.colcon_core.verb:set package 'interfaces' build argument 'cmake_target' from command line to 'None'
[0.261s] Level 5:colcon.colcon_core.verb:set package 'interfaces' build argument 'cmake_target_skip_unavailable' from command line to 'False'
[0.261s] Level 5:colcon.colcon_core.verb:set package 'interfaces' build argument 'cmake_clean_cache' from command line to 'False'
[0.261s] Level 5:colcon.colcon_core.verb:set package 'interfaces' build argument 'cmake_clean_first' from command line to 'False'
[0.261s] Level 5:colcon.colcon_core.verb:set package 'interfaces' build argument 'cmake_force_configure' from command line to 'False'
[0.261s] Level 5:colcon.colcon_core.verb:set package 'interfaces' build argument 'ament_cmake_args' from command line to 'None'
[0.261s] Level 5:colcon.colcon_core.verb:set package 'interfaces' build argument 'catkin_cmake_args' from command line to 'None'
[0.261s] Level 5:colcon.colcon_core.verb:set package 'interfaces' build argument 'catkin_skip_building_tests' from command line to 'False'
[0.261s] DEBUG:colcon.colcon_core.verb:Building package 'interfaces' with the following arguments: {'ament_cmake_args': None, 'build_base': '/home/lhb/AutoAiming_ws/build/interfaces', 'catkin_cmake_args': None, 'catkin_skip_building_tests': False, 'cmake_args': None, 'cmake_clean_cache': False, 'cmake_clean_first': False, 'cmake_force_configure': False, 'cmake_target': None, 'cmake_target_skip_unavailable': False, 'install_base': '/home/lhb/AutoAiming_ws/install/interfaces', 'merge_install': False, 'path': '/home/lhb/AutoAiming_ws/src/interfaces', 'symlink_install': False, 'test_result_base': None}
[0.261s] Level 5:colcon.colcon_core.verb:set package 'serial_interface' build argument 'cmake_args' from command line to 'None'
[0.261s] Level 5:colcon.colcon_core.verb:set package 'serial_interface' build argument 'cmake_target' from command line to 'None'
[0.261s] Level 5:colcon.colcon_core.verb:set package 'serial_interface' build argument 'cmake_target_skip_unavailable' from command line to 'False'
[0.261s] Level 5:colcon.colcon_core.verb:set package 'serial_interface' build argument 'cmake_clean_cache' from command line to 'False'
[0.261s] Level 5:colcon.colcon_core.verb:set package 'serial_interface' build argument 'cmake_clean_first' from command line to 'False'
[0.261s] Level 5:colcon.colcon_core.verb:set package 'serial_interface' build argument 'cmake_force_configure' from command line to 'False'
[0.261s] Level 5:colcon.colcon_core.verb:set package 'serial_interface' build argument 'ament_cmake_args' from command line to 'None'
[0.261s] Level 5:colcon.colcon_core.verb:set package 'serial_interface' build argument 'catkin_cmake_args' from command line to 'None'
[0.261s] Level 5:colcon.colcon_core.verb:set package 'serial_interface' build argument 'catkin_skip_building_tests' from command line to 'False'
[0.261s] DEBUG:colcon.colcon_core.verb:Building package 'serial_interface' with the following arguments: {'ament_cmake_args': None, 'build_base': '/home/lhb/AutoAiming_ws/build/serial_interface', 'catkin_cmake_args': None, 'catkin_skip_building_tests': False, 'cmake_args': None, 'cmake_clean_cache': False, 'cmake_clean_first': False, 'cmake_force_configure': False, 'cmake_target': None, 'cmake_target_skip_unavailable': False, 'install_base': '/home/lhb/AutoAiming_ws/install/serial_interface', 'merge_install': False, 'path': '/home/lhb/AutoAiming_ws/src/serial_interface', 'symlink_install': False, 'test_result_base': None}
[0.261s] Level 5:colcon.colcon_core.verb:set package 'gimbal_controller' build argument 'cmake_args' from command line to 'None'
[0.261s] Level 5:colcon.colcon_core.verb:set package 'gimbal_controller' build argument 'cmake_target' from command line to 'None'
[0.261s] Level 5:colcon.colcon_core.verb:set package 'gimbal_controller' build argument 'cmake_target_skip_unavailable' from command line to 'False'
[0.261s] Level 5:colcon.colcon_core.verb:set package 'gimbal_controller' build argument 'cmake_clean_cache' from command line to 'False'
[0.261s] Level 5:colcon.colcon_core.verb:set package 'gimbal_controller' build argument 'cmake_clean_first' from command line to 'False'
[0.261s] Level 5:colcon.colcon_core.verb:set package 'gimbal_controller' build argument 'cmake_force_configure' from command line to 'False'
[0.261s] Level 5:colcon.colcon_core.verb:set package 'gimbal_controller' build argument 'ament_cmake_args' from command line to 'None'
[0.261s] Level 5:colcon.colcon_core.verb:set package 'gimbal_controller' build argument 'catkin_cmake_args' from command line to 'None'
[0.261s] Level 5:colcon.colcon_core.verb:set package 'gimbal_controller' build argument 'catkin_skip_building_tests' from command line to 'False'
[0.261s] DEBUG:colcon.colcon_core.verb:Building package 'gimbal_controller' with the following arguments: {'ament_cmake_args': None, 'build_base': '/home/lhb/AutoAiming_ws/build/gimbal_controller', 'catkin_cmake_args': None, 'catkin_skip_building_tests': False, 'cmake_args': None, 'cmake_clean_cache': False, 'cmake_clean_first': False, 'cmake_force_configure': False, 'cmake_target': None, 'cmake_target_skip_unavailable': False, 'install_base': '/home/lhb/AutoAiming_ws/install/gimbal_controller', 'merge_install': False, 'path': '/home/lhb/AutoAiming_ws/src/gimbal_controller', 'symlink_install': False, 'test_result_base': None}
[0.262s] Level 5:colcon.colcon_core.verb:set package 'vision_detector' build argument 'cmake_args' from command line to 'None'
[0.262s] Level 5:colcon.colcon_core.verb:set package 'vision_detector' build argument 'cmake_target' from command line to 'None'
[0.262s] Level 5:colcon.colcon_core.verb:set package 'vision_detector' build argument 'cmake_target_skip_unavailable' from command line to 'False'
[0.262s] Level 5:colcon.colcon_core.verb:set package 'vision_detector' build argument 'cmake_clean_cache' from command line to 'False'
[0.262s] Level 5:colcon.colcon_core.verb:set package 'vision_detector' build argument 'cmake_clean_first' from command line to 'False'
[0.262s] Level 5:colcon.colcon_core.verb:set package 'vision_detector' build argument 'cmake_force_configure' from command line to 'False'
[0.262s] Level 5:colcon.colcon_core.verb:set package 'vision_detector' build argument 'ament_cmake_args' from command line to 'None'
[0.262s] Level 5:colcon.colcon_core.verb:set package 'vision_detector' build argument 'catkin_cmake_args' from command line to 'None'
[0.262s] Level 5:colcon.colcon_core.verb:set package 'vision_detector' build argument 'catkin_skip_building_tests' from command line to 'False'
[0.262s] DEBUG:colcon.colcon_core.verb:Building package 'vision_detector' with the following arguments: {'ament_cmake_args': None, 'build_base': '/home/lhb/AutoAiming_ws/build/vision_detector', 'catkin_cmake_args': None, 'catkin_skip_building_tests': False, 'cmake_args': None, 'cmake_clean_cache': False, 'cmake_clean_first': False, 'cmake_force_configure': False, 'cmake_target': None, 'cmake_target_skip_unavailable': False, 'install_base': '/home/lhb/AutoAiming_ws/install/vision_detector', 'merge_install': False, 'path': '/home/lhb/AutoAiming_ws/src/vision_detector', 'symlink_install': False, 'test_result_base': None}
[0.262s] INFO:colcon.colcon_core.executor:Executing jobs using 'parallel' executor
[0.263s] DEBUG:colcon.colcon_parallel_executor.executor.parallel:run_until_complete
[0.263s] INFO:colcon.colcon_ros.task.ament_cmake.build:Building ROS package in '/home/lhb/AutoAiming_ws/src/interfaces' with build type 'ament_cmake'
[0.263s] INFO:colcon.colcon_cmake.task.cmake.build:Building CMake package in '/home/lhb/AutoAiming_ws/src/interfaces'
[0.264s] INFO:colcon.colcon_core.plugin_system:Skipping extension 'colcon_core.shell.bat': Not used on non-Windows systems
[0.265s] INFO:colcon.colcon_core.shell:Skip shell extension 'powershell' for command environment: Not usable outside of PowerShell
[0.265s] DEBUG:colcon.colcon_core.shell:Skip shell extension 'dsv' for command environment
[0.267s] INFO:colcon.colcon_ros.task.ament_cmake.build:Building ROS package in '/home/lhb/AutoAiming_ws/src/homework_bringup' with build type 'ament_cmake'
[0.268s] INFO:colcon.colcon_cmake.task.cmake.build:Building CMake package in '/home/lhb/AutoAiming_ws/src/homework_bringup'
[0.268s] INFO:colcon.colcon_core.shell:Skip shell extension 'powershell' for command environment: Not usable outside of PowerShell
[0.268s] DEBUG:colcon.colcon_core.shell:Skip shell extension 'dsv' for command environment
[0.270s] INFO:colcon.colcon_ros.task.ament_cmake.build:Building ROS package in '/home/lhb/AutoAiming_ws/src/serial_interface' with build type 'ament_cmake'
[0.271s] INFO:colcon.colcon_cmake.task.cmake.build:Building CMake package in '/home/lhb/AutoAiming_ws/src/serial_interface'
[0.271s] INFO:colcon.colcon_core.shell:Skip shell extension 'powershell' for command environment: Not usable outside of PowerShell
[0.271s] DEBUG:colcon.colcon_core.shell:Skip shell extension 'dsv' for command environment
[0.280s] DEBUG:colcon.colcon_core.event_handler.log_command:Invoking command in '/home/lhb/AutoAiming_ws/build/interfaces': CMAKE_PREFIX_PATH=${CMAKE_PREFIX_PATH}:/opt/ros/humble /usr/bin/cmake --build /home/lhb/AutoAiming_ws/build/interfaces -- -j8 -l8
[0.284s] DEBUG:colcon.colcon_core.event_handler.log_command:Invoking command in '/home/lhb/AutoAiming_ws/build/homework_bringup': CMAKE_PREFIX_PATH=${CMAKE_PREFIX_PATH}:/opt/ros/humble /usr/bin/cmake --build /home/lhb/AutoAiming_ws/build/homework_bringup -- -j8 -l8
[0.371s] DEBUG:colcon.colcon_core.event_handler.log_command:Invoking command in '/home/lhb/AutoAiming_ws/build/serial_interface': CMAKE_PREFIX_PATH=${CMAKE_PREFIX_PATH}:/opt/ros/humble /usr/bin/cmake --build /home/lhb/AutoAiming_ws/build/serial_interface -- -j8 -l8
[0.373s] DEBUG:colcon.colcon_core.event_handler.log_command:Invoked command in '/home/lhb/AutoAiming_ws/build/homework_bringup' returned '0': CMAKE_PREFIX_PATH=${CMAKE_PREFIX_PATH}:/opt/ros/humble /usr/bin/cmake --build /home/lhb/AutoAiming_ws/build/homework_bringup -- -j8 -l8
[0.383s] DEBUG:colcon.colcon_core.event_handler.log_command:Invoking command in '/home/lhb/AutoAiming_ws/build/homework_bringup': CMAKE_PREFIX_PATH=${CMAKE_PREFIX_PATH}:/opt/ros/humble /usr/bin/cmake --install /home/lhb/AutoAiming_ws/build/homework_bringup
[0.391s] Level 1:colcon.colcon_core.environment:create_environment_scripts_only(homework_bringup)
[0.392s] DEBUG:colcon.colcon_core.event_handler.log_command:Invoked command in '/home/lhb/AutoAiming_ws/build/homework_bringup' returned '0': CMAKE_PREFIX_PATH=${CMAKE_PREFIX_PATH}:/opt/ros/humble /usr/bin/cmake --install /home/lhb/AutoAiming_ws/build/homework_bringup
[0.394s] Level 1:colcon.colcon_core.environment:checking '/home/lhb/AutoAiming_ws/install/homework_bringup' for CMake module files
[0.395s] Level 1:colcon.colcon_core.environment:checking '/home/lhb/AutoAiming_ws/install/homework_bringup' for CMake config files
[0.395s] Level 1:colcon.colcon_core.shell:create_environment_hook('homework_bringup', 'cmake_prefix_path')
[0.395s] INFO:colcon.colcon_core.shell:Creating environment hook '/home/lhb/AutoAiming_ws/install/homework_bringup/share/homework_bringup/hook/cmake_prefix_path.ps1'
[0.396s] INFO:colcon.colcon_core.shell:Creating environment descriptor '/home/lhb/AutoAiming_ws/install/homework_bringup/share/homework_bringup/hook/cmake_prefix_path.dsv'
[0.396s] INFO:colcon.colcon_core.shell:Creating environment hook '/home/lhb/AutoAiming_ws/install/homework_bringup/share/homework_bringup/hook/cmake_prefix_path.sh'
[0.397s] Level 1:colcon.colcon_core.environment:checking '/home/lhb/AutoAiming_ws/install/homework_bringup/bin'
[0.397s] Level 1:colcon.colcon_core.environment:checking '/home/lhb/AutoAiming_ws/install/homework_bringup/lib/pkgconfig/homework_bringup.pc'
[0.397s] Level 1:colcon.colcon_core.environment:checking '/home/lhb/AutoAiming_ws/install/homework_bringup/lib/python3.10/site-packages'
[0.398s] Level 1:colcon.colcon_core.environment:checking '/home/lhb/AutoAiming_ws/install/homework_bringup/bin'
[0.398s] INFO:colcon.colcon_core.shell:Creating package script '/home/lhb/AutoAiming_ws/install/homework_bringup/share/homework_bringup/package.ps1'
[0.399s] INFO:colcon.colcon_core.shell:Creating package descriptor '/home/lhb/AutoAiming_ws/install/homework_bringup/share/homework_bringup/package.dsv'
[0.399s] INFO:colcon.colcon_core.shell:Creating package script '/home/lhb/AutoAiming_ws/install/homework_bringup/share/homework_bringup/package.sh'
[0.400s] INFO:colcon.colcon_core.shell:Creating package script '/home/lhb/AutoAiming_ws/install/homework_bringup/share/homework_bringup/package.bash'
[0.400s] INFO:colcon.colcon_core.shell:Creating package script '/home/lhb/AutoAiming_ws/install/homework_bringup/share/homework_bringup/package.zsh'
[0.401s] Level 1:colcon.colcon_core.environment:create_file_with_runtime_dependencies(/home/lhb/AutoAiming_ws/install/homework_bringup/share/colcon-core/packages/homework_bringup)
[0.402s] Level 1:colcon.colcon_core.environment:create_environment_scripts_only(homework_bringup)
[0.402s] Level 1:colcon.colcon_core.environment:checking '/home/lhb/AutoAiming_ws/install/homework_bringup' for CMake module files
[0.402s] Level 1:colcon.colcon_core.environment:checking '/home/lhb/AutoAiming_ws/install/homework_bringup' for CMake config files
[0.402s] Level 1:colcon.colcon_core.shell:create_environment_hook('homework_bringup', 'cmake_prefix_path')
[0.403s] INFO:colcon.colcon_core.shell:Creating environment hook '/home/lhb/AutoAiming_ws/install/homework_bringup/share/homework_bringup/hook/cmake_prefix_path.ps1'
[0.403s] INFO:colcon.colcon_core.shell:Creating environment descriptor '/home/lhb/AutoAiming_ws/install/homework_bringup/share/homework_bringup/hook/cmake_prefix_path.dsv'
[0.404s] INFO:colcon.colcon_core.shell:Creating environment hook '/home/lhb/AutoAiming_ws/install/homework_bringup/share/homework_bringup/hook/cmake_prefix_path.sh'
[0.404s] Level 1:colcon.colcon_core.environment:checking '/home/lhb/AutoAiming_ws/install/homework_bringup/bin'
[0.404s] Level 1:colcon.colcon_core.environment:checking '/home/lhb/AutoAiming_ws/install/homework_bringup/lib/pkgconfig/homework_bringup.pc'
[0.404s] Level 1:colcon.colcon_core.environment:checking '/home/lhb/AutoAiming_ws/install/homework_bringup/lib/python3.10/site-packages'
[0.405s] Level 1:colcon.colcon_core.environment:checking '/home/lhb/AutoAiming_ws/install/homework_bringup/bin'
[0.405s] INFO:colcon.colcon_core.shell:Creating package script '/home/lhb/AutoAiming_ws/install/homework_bringup/share/homework_bringup/package.ps1'
[0.406s] INFO:colcon.colcon_core.shell:Creating package descriptor '/home/lhb/AutoAiming_ws/install/homework_bringup/share/homework_bringup/package.dsv'
[0.406s] INFO:colcon.colcon_core.shell:Creating package script '/home/lhb/AutoAiming_ws/install/homework_bringup/share/homework_bringup/package.sh'
[0.407s] INFO:colcon.colcon_core.shell:Creating package script '/home/lhb/AutoAiming_ws/install/homework_bringup/share/homework_bringup/package.bash'
[0.407s] INFO:colcon.colcon_core.shell:Creating package script '/home/lhb/AutoAiming_ws/install/homework_bringup/share/homework_bringup/package.zsh'
[0.408s] Level 1:colcon.colcon_core.environment:create_file_with_runtime_dependencies(/home/lhb/AutoAiming_ws/install/homework_bringup/share/colcon-core/packages/homework_bringup)
[0.466s] DEBUG:colcon.colcon_core.event_handler.log_command:Invoked command in '/home/lhb/AutoAiming_ws/build/serial_interface' returned '0': CMAKE_PREFIX_PATH=${CMAKE_PREFIX_PATH}:/opt/ros/humble /usr/bin/cmake --build /home/lhb/AutoAiming_ws/build/serial_interface -- -j8 -l8
[0.467s] DEBUG:colcon.colcon_core.event_handler.log_command:Invoking command in '/home/lhb/AutoAiming_ws/build/serial_interface': CMAKE_PREFIX_PATH=${CMAKE_PREFIX_PATH}:/opt/ros/humble /usr/bin/cmake --install /home/lhb/AutoAiming_ws/build/serial_interface
[0.479s] Level 1:colcon.colcon_core.environment:create_environment_scripts_only(serial_interface)
[0.479s] DEBUG:colcon.colcon_core.event_handler.log_command:Invoked command in '/home/lhb/AutoAiming_ws/build/serial_interface' returned '0': CMAKE_PREFIX_PATH=${CMAKE_PREFIX_PATH}:/opt/ros/humble /usr/bin/cmake --install /home/lhb/AutoAiming_ws/build/serial_interface
[0.480s] Level 1:colcon.colcon_core.environment:checking '/home/lhb/AutoAiming_ws/install/serial_interface' for CMake module files
[0.480s] Level 1:colcon.colcon_core.environment:checking '/home/lhb/AutoAiming_ws/install/serial_interface' for CMake config files
[0.481s] Level 1:colcon.colcon_core.shell:create_environment_hook('serial_interface', 'cmake_prefix_path')
[0.481s] INFO:colcon.colcon_core.shell:Creating environment hook '/home/lhb/AutoAiming_ws/install/serial_interface/share/serial_interface/hook/cmake_prefix_path.ps1'
[0.482s] INFO:colcon.colcon_core.shell:Creating environment descriptor '/home/lhb/AutoAiming_ws/install/serial_interface/share/serial_interface/hook/cmake_prefix_path.dsv'
[0.482s] INFO:colcon.colcon_core.shell:Creating environment hook '/home/lhb/AutoAiming_ws/install/serial_interface/share/serial_interface/hook/cmake_prefix_path.sh'
[0.483s] Level 1:colcon.colcon_core.environment:checking '/home/lhb/AutoAiming_ws/install/serial_interface/lib'
[0.483s] Level 1:colcon.colcon_core.environment:checking '/home/lhb/AutoAiming_ws/install/serial_interface/bin'
[0.483s] Level 1:colcon.colcon_core.environment:checking '/home/lhb/AutoAiming_ws/install/serial_interface/lib/pkgconfig/serial_interface.pc'
[0.483s] Level 1:colcon.colcon_core.environment:checking '/home/lhb/AutoAiming_ws/install/serial_interface/lib/python3.10/site-packages'
[0.484s] Level 1:colcon.colcon_core.environment:checking '/home/lhb/AutoAiming_ws/install/serial_interface/bin'
[0.484s] INFO:colcon.colcon_core.shell:Creating package script '/home/lhb/AutoAiming_ws/install/serial_interface/share/serial_interface/package.ps1'
[0.485s] INFO:colcon.colcon_core.shell:Creating package descriptor '/home/lhb/AutoAiming_ws/install/serial_interface/share/serial_interface/package.dsv'
[0.485s] INFO:colcon.colcon_core.shell:Creating package script '/home/lhb/AutoAiming_ws/install/serial_interface/share/serial_interface/package.sh'
[0.485s] INFO:colcon.colcon_core.shell:Creating package script '/home/lhb/AutoAiming_ws/install/serial_interface/share/serial_interface/package.bash'
[0.486s] INFO:colcon.colcon_core.shell:Creating package script '/home/lhb/AutoAiming_ws/install/serial_interface/share/serial_interface/package.zsh'
[0.486s] Level 1:colcon.colcon_core.environment:create_file_with_runtime_dependencies(/home/lhb/AutoAiming_ws/install/serial_interface/share/colcon-core/packages/serial_interface)
[0.487s] Level 1:colcon.colcon_core.environment:create_environment_scripts_only(serial_interface)
[0.487s] Level 1:colcon.colcon_core.environment:checking '/home/lhb/AutoAiming_ws/install/serial_interface' for CMake module files
[0.487s] Level 1:colcon.colcon_core.environment:checking '/home/lhb/AutoAiming_ws/install/serial_interface' for CMake config files
[0.488s] Level 1:colcon.colcon_core.shell:create_environment_hook('serial_interface', 'cmake_prefix_path')
[0.488s] INFO:colcon.colcon_core.shell:Creating environment hook '/home/lhb/AutoAiming_ws/install/serial_interface/share/serial_interface/hook/cmake_prefix_path.ps1'
[0.488s] INFO:colcon.colcon_core.shell:Creating environment descriptor '/home/lhb/AutoAiming_ws/install/serial_interface/share/serial_interface/hook/cmake_prefix_path.dsv'
[0.489s] INFO:colcon.colcon_core.shell:Creating environment hook '/home/lhb/AutoAiming_ws/install/serial_interface/share/serial_interface/hook/cmake_prefix_path.sh'
[0.489s] Level 1:colcon.colcon_core.environment:checking '/home/lhb/AutoAiming_ws/install/serial_interface/lib'
[0.489s] Level 1:colcon.colcon_core.environment:checking '/home/lhb/AutoAiming_ws/install/serial_interface/bin'
[0.489s] Level 1:colcon.colcon_core.environment:checking '/home/lhb/AutoAiming_ws/install/serial_interface/lib/pkgconfig/serial_interface.pc'
[0.490s] Level 1:colcon.colcon_core.environment:checking '/home/lhb/AutoAiming_ws/install/serial_interface/lib/python3.10/site-packages'
[0.490s] Level 1:colcon.colcon_core.environment:checking '/home/lhb/AutoAiming_ws/install/serial_interface/bin'
[0.490s] INFO:colcon.colcon_core.shell:Creating package script '/home/lhb/AutoAiming_ws/install/serial_interface/share/serial_interface/package.ps1'
[0.491s] INFO:colcon.colcon_core.shell:Creating package descriptor '/home/lhb/AutoAiming_ws/install/serial_interface/share/serial_interface/package.dsv'
[0.491s] INFO:colcon.colcon_core.shell:Creating package script '/home/lhb/AutoAiming_ws/install/serial_interface/share/serial_interface/package.sh'
[0.492s] INFO:colcon.colcon_core.shell:Creating package script '/home/lhb/AutoAiming_ws/install/serial_interface/share/serial_interface/package.bash'
[0.492s] INFO:colcon.colcon_core.shell:Creating package script '/home/lhb/AutoAiming_ws/install/serial_interface/share/serial_interface/package.zsh'
[0.493s] Level 1:colcon.colcon_core.environment:create_file_with_runtime_dependencies(/home/lhb/AutoAiming_ws/install/serial_interface/share/colcon-core/packages/serial_interface)
[0.586s] DEBUG:colcon.colcon_core.event_handler.log_command:Invoked command in '/home/lhb/AutoAiming_ws/build/interfaces' returned '0': CMAKE_PREFIX_PATH=${CMAKE_PREFIX_PATH}:/opt/ros/humble /usr/bin/cmake --build /home/lhb/AutoAiming_ws/build/interfaces -- -j8 -l8
[0.587s] DEBUG:colcon.colcon_core.event_handler.log_command:Invoking command in '/home/lhb/AutoAiming_ws/build/interfaces': CMAKE_PREFIX_PATH=${CMAKE_PREFIX_PATH}:/opt/ros/humble /usr/bin/cmake --install /home/lhb/AutoAiming_ws/build/interfaces
[0.628s] Level 1:colcon.colcon_core.environment:create_environment_scripts_only(interfaces)
[0.628s] Level 1:colcon.colcon_core.environment:checking '/home/lhb/AutoAiming_ws/install/interfaces' for CMake module files
[0.628s] DEBUG:colcon.colcon_core.event_handler.log_command:Invoked command in '/home/lhb/AutoAiming_ws/build/interfaces' returned '0': CMAKE_PREFIX_PATH=${CMAKE_PREFIX_PATH}:/opt/ros/humble /usr/bin/cmake --install /home/lhb/AutoAiming_ws/build/interfaces
[0.629s] Level 1:colcon.colcon_core.environment:checking '/home/lhb/AutoAiming_ws/install/interfaces' for CMake config files
[0.629s] Level 1:colcon.colcon_core.shell:create_environment_hook('interfaces', 'cmake_prefix_path')
[0.629s] INFO:colcon.colcon_core.shell:Creating environment hook '/home/lhb/AutoAiming_ws/install/interfaces/share/interfaces/hook/cmake_prefix_path.ps1'
[0.630s] INFO:colcon.colcon_core.shell:Creating environment descriptor '/home/lhb/AutoAiming_ws/install/interfaces/share/interfaces/hook/cmake_prefix_path.dsv'
[0.630s] INFO:colcon.colcon_core.shell:Creating environment hook '/home/lhb/AutoAiming_ws/install/interfaces/share/interfaces/hook/cmake_prefix_path.sh'
[0.630s] Level 1:colcon.colcon_core.environment:checking '/home/lhb/AutoAiming_ws/install/interfaces/lib'
[0.630s] Level 1:colcon.colcon_core.shell:create_environment_hook('interfaces', 'ld_library_path_lib')
[0.630s] INFO:colcon.colcon_core.shell:Creating environment hook '/home/lhb/AutoAiming_ws/install/interfaces/share/interfaces/hook/ld_library_path_lib.ps1'
[0.631s] INFO:colcon.colcon_core.shell:Creating environment descriptor '/home/lhb/AutoAiming_ws/install/interfaces/share/interfaces/hook/ld_library_path_lib.dsv'
[0.631s] INFO:colcon.colcon_core.shell:Creating environment hook '/home/lhb/AutoAiming_ws/install/interfaces/share/interfaces/hook/ld_library_path_lib.sh'
[0.631s] Level 1:colcon.colcon_core.environment:checking '/home/lhb/AutoAiming_ws/install/interfaces/bin'
[0.631s] Level 1:colcon.colcon_core.environment:checking '/home/lhb/AutoAiming_ws/install/interfaces/lib/pkgconfig/interfaces.pc'
[0.631s] Level 1:colcon.colcon_core.environment:checking '/home/lhb/AutoAiming_ws/install/interfaces/lib/python3.10/site-packages'
[0.632s] Level 1:colcon.colcon_core.environment:checking '/home/lhb/AutoAiming_ws/install/interfaces/bin'
[0.632s] INFO:colcon.colcon_core.shell:Creating package script '/home/lhb/AutoAiming_ws/install/interfaces/share/interfaces/package.ps1'
[0.632s] INFO:colcon.colcon_core.shell:Creating package descriptor '/home/lhb/AutoAiming_ws/install/interfaces/share/interfaces/package.dsv'
[0.633s] INFO:colcon.colcon_core.shell:Creating package script '/home/lhb/AutoAiming_ws/install/interfaces/share/interfaces/package.sh'
[0.633s] INFO:colcon.colcon_core.shell:Creating package script '/home/lhb/AutoAiming_ws/install/interfaces/share/interfaces/package.bash'
[0.633s] INFO:colcon.colcon_core.shell:Creating package script '/home/lhb/AutoAiming_ws/install/interfaces/share/interfaces/package.zsh'
[0.633s] Level 1:colcon.colcon_core.environment:create_file_with_runtime_dependencies(/home/lhb/AutoAiming_ws/install/interfaces/share/colcon-core/packages/interfaces)
[0.634s] Level 1:colcon.colcon_core.environment:create_environment_scripts_only(interfaces)
[0.634s] Level 1:colcon.colcon_core.environment:checking '/home/lhb/AutoAiming_ws/install/interfaces' for CMake module files
[0.634s] Level 1:colcon.colcon_core.environment:checking '/home/lhb/AutoAiming_ws/install/interfaces' for CMake config files
[0.635s] Level 1:colcon.colcon_core.shell:create_environment_hook('interfaces', 'cmake_prefix_path')
[0.635s] INFO:colcon.colcon_core.shell:Creating environment hook '/home/lhb/AutoAiming_ws/install/interfaces/share/interfaces/hook/cmake_prefix_path.ps1'
[0.635s] INFO:colcon.colcon_core.shell:Creating environment descriptor '/home/lhb/AutoAiming_ws/install/interfaces/share/interfaces/hook/cmake_prefix_path.dsv'
[0.635s] INFO:colcon.colcon_core.shell:Creating environment hook '/home/lhb/AutoAiming_ws/install/interfaces/share/interfaces/hook/cmake_prefix_path.sh'
[0.636s] Level 1:colcon.colcon_core.environment:checking '/home/lhb/AutoAiming_ws/install/interfaces/lib'
[0.636s] Level 1:colcon.colcon_core.shell:create_environment_hook('interfaces', 'ld_library_path_lib')
[0.636s] INFO:colcon.colcon_core.shell:Creating environment hook '/home/lhb/AutoAiming_ws/install/interfaces/share/interfaces/hook/ld_library_path_lib.ps1'
[0.636s] INFO:colcon.colcon_core.shell:Creating environment descriptor '/home/lhb/AutoAiming_ws/install/interfaces/share/interfaces/hook/ld_library_path_lib.dsv'
[0.636s] INFO:colcon.colcon_core.shell:Creating environment hook '/home/lhb/AutoAiming_ws/install/interfaces/share/interfaces/hook/ld_library_path_lib.sh'
[0.636s] Level 1:colcon.colcon_core.environment:checking '/home/lhb/AutoAiming_ws/install/interfaces/bin'
[0.636s] Level 1:colcon.colcon_core.environment:checking '/home/lhb/AutoAiming_ws/install/interfaces/lib/pkgconfig/interfaces.pc'
[0.637s] Level 1:colcon.colcon_core.environment:checking '/home/lhb/AutoAiming_ws/install/interfaces/lib/python3.10/site-packages'
[0.637s] Level 1:colcon.colcon_core.environment:checking '/home/lhb/AutoAiming_ws/install/interfaces/bin'
[0.637s] INFO:colcon.colcon_core.shell:Creating package script '/home/lhb/AutoAiming_ws/install/interfaces/share/interfaces/package.ps1'
[0.638s] INFO:colcon.colcon_core.shell:Creating package descriptor '/home/lhb/AutoAiming_ws/install/interfaces/share/interfaces/package.dsv'
[0.638s] INFO:colcon.colcon_core.shell:Creating package script '/home/lhb/AutoAiming_ws/install/interfaces/share/interfaces/package.sh'
[0.638s] INFO:colcon.colcon_core.shell:Creating package script '/home/lhb/AutoAiming_ws/install/interfaces/share/interfaces/package.bash'
[0.638s] INFO:colcon.colcon_core.shell:Creating package script '/home/lhb/AutoAiming_ws/install/interfaces/share/interfaces/package.zsh'
[0.639s] Level 1:colcon.colcon_core.environment:create_file_with_runtime_dependencies(/home/lhb/AutoAiming_ws/install/interfaces/share/colcon-core/packages/interfaces)
[0.639s] INFO:colcon.colcon_ros.task.ament_cmake.build:Building ROS package in '/home/lhb/AutoAiming_ws/src/gimbal_controller' with build type 'ament_cmake'
[0.639s] INFO:colcon.colcon_cmake.task.cmake.build:Building CMake package in '/home/lhb/AutoAiming_ws/src/gimbal_controller'
[0.639s] INFO:colcon.colcon_core.shell:Skip shell extension 'powershell' for command environment: Not usable outside of PowerShell
[0.639s] DEBUG:colcon.colcon_core.shell:Skip shell extension 'dsv' for command environment
[0.642s] INFO:colcon.colcon_ros.task.ament_cmake.build:Building ROS package in '/home/lhb/AutoAiming_ws/src/vision_detector' with build type 'ament_cmake'
[0.643s] INFO:colcon.colcon_cmake.task.cmake.build:Building CMake package in '/home/lhb/AutoAiming_ws/src/vision_detector'
[0.643s] INFO:colcon.colcon_core.shell:Skip shell extension 'powershell' for command environment: Not usable outside of PowerShell
[0.643s] DEBUG:colcon.colcon_core.shell:Skip shell extension 'dsv' for command environment
[0.651s] DEBUG:colcon.colcon_core.event_handler.log_command:Invoking command in '/home/lhb/AutoAiming_ws/build/gimbal_controller': CMAKE_PREFIX_PATH=/home/lhb/AutoAiming_ws/install/interfaces:/home/lhb/AutoAiming_ws/install/serial_interface:/home/lhb/AutoAiming_ws/install/homework_bringup:/home/lhb/AutoAiming_ws/install/gimbal_controller:/home/lhb/AutoAiming_ws/install/vision_detector:/opt/ros/humble /usr/bin/cmake --build /home/lhb/AutoAiming_ws/build/gimbal_controller -- -j8 -l8
[0.654s] DEBUG:colcon.colcon_core.event_handler.log_command:Invoking command in '/home/lhb/AutoAiming_ws/build/vision_detector': CMAKE_PREFIX_PATH=/home/lhb/AutoAiming_ws/install/interfaces:/home/lhb/AutoAiming_ws/install/serial_interface:/home/lhb/AutoAiming_ws/install/homework_bringup:/home/lhb/AutoAiming_ws/install/gimbal_controller:/home/lhb/AutoAiming_ws/install/vision_detector:/opt/ros/humble /usr/bin/cmake --build /home/lhb/AutoAiming_ws/build/vision_detector -- -j8 -l8
