[ 33%] [32mBuilding CXX object CMakeFiles/find.dir/src/main.cpp.o[0m
[ 66%] [32mBuilding CXX object CMakeFiles/find.dir/src/chooser.cpp.o[0m
[100%] [32m[1mLinking CXX executable find[0m
[100%] Built target find
-- Install configuration: ""
-- Installing: /home/lhb/AutoAiming_ws/install/gimbal_controller/lib/gimbal_controller/find
-- Set runtime path of "/home/lhb/AutoAiming_ws/install/gimbal_controller/lib/gimbal_controller/find" to ""
-- Up-to-date: /home/lhb/AutoAiming_ws/install/gimbal_controller/share/ament_index/resource_index/package_run_dependencies/gimbal_controller
-- Up-to-date: /home/lhb/AutoAiming_ws/install/gimbal_controller/share/ament_index/resource_index/parent_prefix_path/gimbal_controller
-- Up-to-date: /home/lhb/AutoAiming_ws/install/gimbal_controller/share/gimbal_controller/environment/ament_prefix_path.sh
-- Up-to-date: /home/lhb/AutoAiming_ws/install/gimbal_controller/share/gimbal_controller/environment/ament_prefix_path.dsv
-- Up-to-date: /home/lhb/AutoAiming_ws/install/gimbal_controller/share/gimbal_controller/environment/path.sh
-- Up-to-date: /home/lhb/AutoAiming_ws/install/gimbal_controller/share/gimbal_controller/environment/path.dsv
-- Up-to-date: /home/lhb/AutoAiming_ws/install/gimbal_controller/share/gimbal_controller/local_setup.bash
-- Up-to-date: /home/lhb/AutoAiming_ws/install/gimbal_controller/share/gimbal_controller/local_setup.sh
-- Up-to-date: /home/lhb/AutoAiming_ws/install/gimbal_controller/share/gimbal_controller/local_setup.zsh
-- Up-to-date: /home/lhb/AutoAiming_ws/install/gimbal_controller/share/gimbal_controller/local_setup.dsv
-- Installing: /home/lhb/AutoAiming_ws/install/gimbal_controller/share/gimbal_controller/package.dsv
-- Up-to-date: /home/lhb/AutoAiming_ws/install/gimbal_controller/share/ament_index/resource_index/packages/gimbal_controller
-- Up-to-date: /home/lhb/AutoAiming_ws/install/gimbal_controller/share/gimbal_controller/cmake/gimbal_controllerConfig.cmake
-- Up-to-date: /home/lhb/AutoAiming_ws/install/gimbal_controller/share/gimbal_controller/cmake/gimbal_controllerConfig-version.cmake
-- Up-to-date: /home/lhb/AutoAiming_ws/install/gimbal_controller/share/gimbal_controller/package.xml
