[0.018s] Invoking command in '/home/lhb/AutoAiming_ws/build/homework_bringup': CMAKE_PREFIX_PATH=${CMAKE_PREFIX_PATH}:/opt/ros/humble /usr/bin/cmake --build /home/lhb/AutoAiming_ws/build/homework_bringup -- -j8 -l8
[0.070s] -- Found ament_cmake: 1.3.12 (/opt/ros/humble/share/ament_cmake/cmake)
[0.235s] -- Found ament_lint_auto: 0.12.14 (/opt/ros/humble/share/ament_lint_auto/cmake)
[0.311s] -- Added test 'cppcheck' to perform static code analysis on C / C++ code
[0.311s] -- Configured cppcheck include dirs: 
[0.311s] -- Configured cppcheck exclude dirs and/or files: 
[0.312s] -- Added test 'flake8' to check Python code syntax and style conventions
[0.314s] -- Added test 'lint_cmake' to check CMake code style
[0.315s] -- Added test 'pep257' to check Python code against some of the docstring style conventions in PEP 257
[0.321s] -- Added test 'uncrustify' to check C / C++ code style
[0.321s] -- Configured uncrustify additional arguments: 
[0.322s] -- Added test 'xmllint' to check XML markup files
[0.324s] -- Configuring done
[0.329s] -- Generating done
[0.333s] -- Build files have been written to: /home/lhb/AutoAiming_ws/build/homework_bringup
[0.352s] Invoked command in '/home/lhb/AutoAiming_ws/build/homework_bringup' returned '0': CMAKE_PREFIX_PATH=${CMAKE_PREFIX_PATH}:/opt/ros/humble /usr/bin/cmake --build /home/lhb/AutoAiming_ws/build/homework_bringup -- -j8 -l8
[0.361s] Invoking command in '/home/lhb/AutoAiming_ws/build/homework_bringup': CMAKE_PREFIX_PATH=${CMAKE_PREFIX_PATH}:/opt/ros/humble /usr/bin/cmake --install /home/lhb/AutoAiming_ws/build/homework_bringup
[0.366s] -- Install configuration: ""
[0.367s] -- Installing: /home/lhb/AutoAiming_ws/install/homework_bringup/share/homework_bringup/launch
[0.367s] -- Installing: /home/lhb/AutoAiming_ws/install/homework_bringup/share/homework_bringup/launch/bringup.launch.py
[0.367s] -- Installing: /home/lhb/AutoAiming_ws/install/homework_bringup/share/ament_index/resource_index/package_run_dependencies/homework_bringup
[0.368s] -- Installing: /home/lhb/AutoAiming_ws/install/homework_bringup/share/ament_index/resource_index/parent_prefix_path/homework_bringup
[0.368s] -- Installing: /home/lhb/AutoAiming_ws/install/homework_bringup/share/homework_bringup/environment/ament_prefix_path.sh
[0.368s] -- Installing: /home/lhb/AutoAiming_ws/install/homework_bringup/share/homework_bringup/environment/ament_prefix_path.dsv
[0.368s] -- Installing: /home/lhb/AutoAiming_ws/install/homework_bringup/share/homework_bringup/environment/path.sh
[0.368s] -- Installing: /home/lhb/AutoAiming_ws/install/homework_bringup/share/homework_bringup/environment/path.dsv
[0.368s] -- Installing: /home/lhb/AutoAiming_ws/install/homework_bringup/share/homework_bringup/local_setup.bash
[0.368s] -- Installing: /home/lhb/AutoAiming_ws/install/homework_bringup/share/homework_bringup/local_setup.sh
[0.368s] -- Installing: /home/lhb/AutoAiming_ws/install/homework_bringup/share/homework_bringup/local_setup.zsh
[0.368s] -- Installing: /home/lhb/AutoAiming_ws/install/homework_bringup/share/homework_bringup/local_setup.dsv
[0.368s] -- Installing: /home/lhb/AutoAiming_ws/install/homework_bringup/share/homework_bringup/package.dsv
[0.369s] -- Installing: /home/lhb/AutoAiming_ws/install/homework_bringup/share/ament_index/resource_index/packages/homework_bringup
[0.369s] -- Installing: /home/lhb/AutoAiming_ws/install/homework_bringup/share/homework_bringup/cmake/homework_bringupConfig.cmake
[0.369s] -- Installing: /home/lhb/AutoAiming_ws/install/homework_bringup/share/homework_bringup/cmake/homework_bringupConfig-version.cmake
[0.369s] -- Installing: /home/lhb/AutoAiming_ws/install/homework_bringup/share/homework_bringup/package.xml
[0.371s] Invoked command in '/home/lhb/AutoAiming_ws/build/homework_bringup' returned '0': CMAKE_PREFIX_PATH=${CMAKE_PREFIX_PATH}:/opt/ros/humble /usr/bin/cmake --install /home/lhb/AutoAiming_ws/build/homework_bringup
