[0.013s] Invoking command in '/home/lhb/AutoAiming_ws/build/vision_detector': CMAKE_PREFIX_PATH=/home/lhb/AutoAiming_ws/install/interfaces:/home/lhb/AutoAiming_ws/install/gimbal_controller:/home/lhb/AutoAiming_ws/install/vision_detector:/opt/ros/humble /usr/bin/cmake --build /home/lhb/AutoAiming_ws/build/vision_detector -- -j8 -l8
[0.056s] [35m[1mConsolidate compiler generated dependencies of target read[0m
[0.079s] [100%] Built target read
[0.097s] Invoked command in '/home/lhb/AutoAiming_ws/build/vision_detector' returned '0': CMAKE_PREFIX_PATH=/home/lhb/AutoAiming_ws/install/interfaces:/home/lhb/AutoAiming_ws/install/gimbal_controller:/home/lhb/AutoAiming_ws/install/vision_detector:/opt/ros/humble /usr/bin/cmake --build /home/lhb/AutoAiming_ws/build/vision_detector -- -j8 -l8
[0.099s] Invoking command in '/home/lhb/AutoAiming_ws/build/vision_detector': CMAKE_PREFIX_PATH=/home/lhb/AutoAiming_ws/install/interfaces:/home/lhb/AutoAiming_ws/install/gimbal_controller:/home/lhb/AutoAiming_ws/install/vision_detector:/opt/ros/humble /usr/bin/cmake --install /home/lhb/AutoAiming_ws/build/vision_detector
[0.106s] -- Install configuration: ""
[0.106s] -- Up-to-date: /home/lhb/AutoAiming_ws/install/vision_detector/share/ament_index/resource_index/package_run_dependencies/vision_detector
[0.106s] -- Up-to-date: /home/lhb/AutoAiming_ws/install/vision_detector/share/ament_index/resource_index/parent_prefix_path/vision_detector
[0.106s] -- Up-to-date: /home/lhb/AutoAiming_ws/install/vision_detector/share/vision_detector/environment/ament_prefix_path.sh
[0.106s] -- Up-to-date: /home/lhb/AutoAiming_ws/install/vision_detector/share/vision_detector/environment/ament_prefix_path.dsv
[0.106s] -- Up-to-date: /home/lhb/AutoAiming_ws/install/vision_detector/share/vision_detector/environment/path.sh
[0.107s] -- Up-to-date: /home/lhb/AutoAiming_ws/install/vision_detector/share/vision_detector/environment/path.dsv
[0.107s] -- Up-to-date: /home/lhb/AutoAiming_ws/install/vision_detector/share/vision_detector/local_setup.bash
[0.107s] -- Up-to-date: /home/lhb/AutoAiming_ws/install/vision_detector/share/vision_detector/local_setup.sh
[0.107s] -- Up-to-date: /home/lhb/AutoAiming_ws/install/vision_detector/share/vision_detector/local_setup.zsh
[0.107s] -- Up-to-date: /home/lhb/AutoAiming_ws/install/vision_detector/share/vision_detector/local_setup.dsv
[0.107s] -- Installing: /home/lhb/AutoAiming_ws/install/vision_detector/share/vision_detector/package.dsv
[0.107s] -- Up-to-date: /home/lhb/AutoAiming_ws/install/vision_detector/share/ament_index/resource_index/packages/vision_detector
[0.107s] -- Up-to-date: /home/lhb/AutoAiming_ws/install/vision_detector/share/vision_detector/cmake/vision_detectorConfig.cmake
[0.107s] -- Up-to-date: /home/lhb/AutoAiming_ws/install/vision_detector/share/vision_detector/cmake/vision_detectorConfig-version.cmake
[0.107s] -- Up-to-date: /home/lhb/AutoAiming_ws/install/vision_detector/share/vision_detector/package.xml
[0.109s] Invoked command in '/home/lhb/AutoAiming_ws/build/vision_detector' returned '0': CMAKE_PREFIX_PATH=/home/lhb/AutoAiming_ws/install/interfaces:/home/lhb/AutoAiming_ws/install/gimbal_controller:/home/lhb/AutoAiming_ws/install/vision_detector:/opt/ros/humble /usr/bin/cmake --install /home/lhb/AutoAiming_ws/build/vision_detector
