[0.007s] Invoking command in '/home/lhb/AutoAiming_ws/build/serial_interface': CMAKE_PREFIX_PATH=/opt/ros/humble /usr/bin/cmake --build /home/lhb/AutoAiming_ws/build/serial_interface -- -j8 -l8
[0.044s] [ 36%] Built target serialib
[0.044s] [ 36%] Built target example_msg_serialize
[0.052s] [35m[1mConsolidate compiler generated dependencies of target example_referee_serial_test[0m
[0.060s] [ 63%] Built target example_serial_test
[0.061s] [ 63%] [32mBuilding CXX object serialPro/CMakeFiles/example_referee_serial_test.dir/example/referee_serial_test.cpp.o[0m
[0.062s] [ 90%] Built target fire
[0.219s] [100%] [32m[1mLinking CXX executable example_referee_serial_test[0m
[0.275s] [100%] Built target example_referee_serial_test
[0.284s] Invoked command in '/home/lhb/AutoAiming_ws/build/serial_interface' returned '0': CMAKE_PREFIX_PATH=/opt/ros/humble /usr/bin/cmake --build /home/lhb/AutoAiming_ws/build/serial_interface -- -j8 -l8
[0.291s] Invoking command in '/home/lhb/AutoAiming_ws/build/serial_interface': CMAKE_PREFIX_PATH=/opt/ros/humble /usr/bin/cmake --install /home/lhb/AutoAiming_ws/build/serial_interface
[0.296s] -- Install configuration: ""
[0.296s] -- Installing: /home/lhb/AutoAiming_ws/install/serial_interface/share/ament_index/resource_index/package_run_dependencies/serial_interface
[0.296s] -- Installing: /home/lhb/AutoAiming_ws/install/serial_interface/share/ament_index/resource_index/parent_prefix_path/serial_interface
[0.296s] -- Installing: /home/lhb/AutoAiming_ws/install/serial_interface/share/serial_interface/environment/ament_prefix_path.sh
[0.296s] -- Installing: /home/lhb/AutoAiming_ws/install/serial_interface/share/serial_interface/environment/ament_prefix_path.dsv
[0.296s] -- Installing: /home/lhb/AutoAiming_ws/install/serial_interface/share/serial_interface/environment/path.sh
[0.296s] -- Installing: /home/lhb/AutoAiming_ws/install/serial_interface/share/serial_interface/environment/path.dsv
[0.296s] -- Installing: /home/lhb/AutoAiming_ws/install/serial_interface/share/serial_interface/local_setup.bash
[0.296s] -- Installing: /home/lhb/AutoAiming_ws/install/serial_interface/share/serial_interface/local_setup.sh
[0.296s] -- Installing: /home/lhb/AutoAiming_ws/install/serial_interface/share/serial_interface/local_setup.zsh
[0.297s] -- Installing: /home/lhb/AutoAiming_ws/install/serial_interface/share/serial_interface/local_setup.dsv
[0.297s] -- Installing: /home/lhb/AutoAiming_ws/install/serial_interface/share/serial_interface/package.dsv
[0.297s] -- Installing: /home/lhb/AutoAiming_ws/install/serial_interface/share/ament_index/resource_index/packages/serial_interface
[0.297s] -- Installing: /home/lhb/AutoAiming_ws/install/serial_interface/share/serial_interface/cmake/serial_interfaceConfig.cmake
[0.297s] -- Installing: /home/lhb/AutoAiming_ws/install/serial_interface/share/serial_interface/cmake/serial_interfaceConfig-version.cmake
[0.297s] -- Installing: /home/lhb/AutoAiming_ws/install/serial_interface/share/serial_interface/package.xml
[0.299s] Invoked command in '/home/lhb/AutoAiming_ws/build/serial_interface' returned '0': CMAKE_PREFIX_PATH=/opt/ros/humble /usr/bin/cmake --install /home/lhb/AutoAiming_ws/build/serial_interface
