[0.010s] Invoking command in '/home/lhb/AutoAiming_ws/build/gimbal_controller': CMAKE_PREFIX_PATH=/home/lhb/AutoAiming_ws/install/interfaces:/home/lhb/AutoAiming_ws/install/serial_interface:/home/lhb/AutoAiming_ws/install/homework_bringup:/home/lhb/AutoAiming_ws/install/gimbal_controller:/home/lhb/AutoAiming_ws/install/vision_detector:/opt/ros/humble /usr/bin/cmake --build /home/lhb/AutoAiming_ws/build/gimbal_controller -- -j8 -l8
[0.035s] -- Found ament_cmake: 1.3.12 (/opt/ros/humble/share/ament_cmake/cmake)
[0.138s] -- Found rclcpp: 16.0.17 (/opt/ros/humble/share/rclcpp/cmake)
[0.159s] -- Found rosidl_generator_c: 3.1.8 (/opt/ros/humble/share/rosidl_generator_c/cmake)
[0.161s] -- Found rosidl_adapter: 3.1.8 (/opt/ros/humble/share/rosidl_adapter/cmake)
[0.166s] -- Found rosidl_generator_cpp: 3.1.8 (/opt/ros/humble/share/rosidl_generator_cpp/cmake)
[0.173s] -- Using all available rosidl_typesupport_c: rosidl_typesupport_fastrtps_c;rosidl_typesupport_introspection_c
[0.182s] -- Using all available rosidl_typesupport_cpp: rosidl_typesupport_fastrtps_cpp;rosidl_typesupport_introspection_cpp
[0.211s] -- Found rmw_implementation_cmake: 6.1.2 (/opt/ros/humble/share/rmw_implementation_cmake/cmake)
[0.212s] -- Found rmw_fastrtps_cpp: 6.2.9 (/opt/ros/humble/share/rmw_fastrtps_cpp/cmake)
[0.291s] -- Using RMW implementation 'rmw_fastrtps_cpp' as default
[0.337s] -- Found interfaces: 0.0.0 (/home/lhb/AutoAiming_ws/install/interfaces/share/interfaces/cmake)
[0.351s] -- Found ament_lint_auto: 0.12.14 (/opt/ros/humble/share/ament_lint_auto/cmake)
[0.415s] -- Added test 'cppcheck' to perform static code analysis on C / C++ code
[0.416s] -- Configured cppcheck include dirs: 
[0.416s] -- Configured cppcheck exclude dirs and/or files: 
[0.417s] -- Added test 'lint_cmake' to check CMake code style
[0.421s] -- Added test 'uncrustify' to check C / C++ code style
[0.421s] -- Configured uncrustify additional arguments: 
[0.421s] -- Added test 'xmllint' to check XML markup files
[0.423s] -- Configuring done
[0.436s] -- Generating done
[0.439s] -- Build files have been written to: /home/lhb/AutoAiming_ws/build/gimbal_controller
[0.467s] [35m[1mConsolidate compiler generated dependencies of target find[0m
[0.483s] [ 33%] [32m[1mLinking CXX executable find[0m
[1.035s] [100%] Built target find
[1.044s] Invoked command in '/home/lhb/AutoAiming_ws/build/gimbal_controller' returned '0': CMAKE_PREFIX_PATH=/home/lhb/AutoAiming_ws/install/interfaces:/home/lhb/AutoAiming_ws/install/serial_interface:/home/lhb/AutoAiming_ws/install/homework_bringup:/home/lhb/AutoAiming_ws/install/gimbal_controller:/home/lhb/AutoAiming_ws/install/vision_detector:/opt/ros/humble /usr/bin/cmake --build /home/lhb/AutoAiming_ws/build/gimbal_controller -- -j8 -l8
[1.045s] Invoking command in '/home/lhb/AutoAiming_ws/build/gimbal_controller': CMAKE_PREFIX_PATH=/home/lhb/AutoAiming_ws/install/interfaces:/home/lhb/AutoAiming_ws/install/serial_interface:/home/lhb/AutoAiming_ws/install/homework_bringup:/home/lhb/AutoAiming_ws/install/gimbal_controller:/home/lhb/AutoAiming_ws/install/vision_detector:/opt/ros/humble /usr/bin/cmake --install /home/lhb/AutoAiming_ws/build/gimbal_controller
[1.050s] -- Install configuration: ""
[1.050s] -- Installing: /home/lhb/AutoAiming_ws/install/gimbal_controller/lib/gimbal_controller/find
[1.052s] -- Set runtime path of "/home/lhb/AutoAiming_ws/install/gimbal_controller/lib/gimbal_controller/find" to ""
[1.052s] -- Up-to-date: /home/lhb/AutoAiming_ws/install/gimbal_controller/share/ament_index/resource_index/package_run_dependencies/gimbal_controller
[1.052s] -- Installing: /home/lhb/AutoAiming_ws/install/gimbal_controller/share/ament_index/resource_index/parent_prefix_path/gimbal_controller
[1.052s] -- Up-to-date: /home/lhb/AutoAiming_ws/install/gimbal_controller/share/gimbal_controller/environment/ament_prefix_path.sh
[1.052s] -- Installing: /home/lhb/AutoAiming_ws/install/gimbal_controller/share/gimbal_controller/environment/ament_prefix_path.dsv
[1.052s] -- Up-to-date: /home/lhb/AutoAiming_ws/install/gimbal_controller/share/gimbal_controller/environment/path.sh
[1.052s] -- Installing: /home/lhb/AutoAiming_ws/install/gimbal_controller/share/gimbal_controller/environment/path.dsv
[1.053s] -- Up-to-date: /home/lhb/AutoAiming_ws/install/gimbal_controller/share/gimbal_controller/local_setup.bash
[1.053s] -- Up-to-date: /home/lhb/AutoAiming_ws/install/gimbal_controller/share/gimbal_controller/local_setup.sh
[1.053s] -- Up-to-date: /home/lhb/AutoAiming_ws/install/gimbal_controller/share/gimbal_controller/local_setup.zsh
[1.053s] -- Installing: /home/lhb/AutoAiming_ws/install/gimbal_controller/share/gimbal_controller/local_setup.dsv
[1.053s] -- Installing: /home/lhb/AutoAiming_ws/install/gimbal_controller/share/gimbal_controller/package.dsv
[1.053s] -- Up-to-date: /home/lhb/AutoAiming_ws/install/gimbal_controller/share/ament_index/resource_index/packages/gimbal_controller
[1.053s] -- Up-to-date: /home/lhb/AutoAiming_ws/install/gimbal_controller/share/gimbal_controller/cmake/gimbal_controllerConfig.cmake
[1.053s] -- Up-to-date: /home/lhb/AutoAiming_ws/install/gimbal_controller/share/gimbal_controller/cmake/gimbal_controllerConfig-version.cmake
[1.053s] -- Up-to-date: /home/lhb/AutoAiming_ws/install/gimbal_controller/share/gimbal_controller/package.xml
[1.055s] Invoked command in '/home/lhb/AutoAiming_ws/build/gimbal_controller' returned '0': CMAKE_PREFIX_PATH=/home/lhb/AutoAiming_ws/install/interfaces:/home/lhb/AutoAiming_ws/install/serial_interface:/home/lhb/AutoAiming_ws/install/homework_bringup:/home/lhb/AutoAiming_ws/install/gimbal_controller:/home/lhb/AutoAiming_ws/install/vision_detector:/opt/ros/humble /usr/bin/cmake --install /home/lhb/AutoAiming_ws/build/gimbal_controller
