-- The C compiler identification is GNU 11.4.0
-- The CXX compiler identification is GNU 11.4.0
-- Detecting C compiler ABI info
-- Detecting C compiler ABI info - done
-- Check for working C compiler: /usr/bin/cc - skipped
-- Detecting C compile features
-- Detecting C compile features - done
-- Detecting CXX compiler ABI info
-- Detecting CXX compiler ABI info - done
-- Check for working CXX compiler: /usr/bin/c++ - skipped
-- Detecting CXX compile features
-- Detecting CXX compile features - done
-- Found ament_cmake: 1.3.12 (/opt/ros/humble/share/ament_cmake/cmake)
-- Found Python3: /usr/bin/python3 (found version "3.10.12") found components: Interpreter 
-- Found std_msgs: 4.9.0 (/opt/ros/humble/share/std_msgs/cmake)
-- Found rosidl_generator_c: 3.1.8 (/opt/ros/humble/share/rosidl_generator_c/cmake)
-- Found rosidl_adapter: 3.1.8 (/opt/ros/humble/share/rosidl_adapter/cmake)
-- Found rosidl_generator_cpp: 3.1.8 (/opt/ros/humble/share/rosidl_generator_cpp/cmake)
-- Using all available rosidl_typesupport_c: rosidl_typesupport_fastrtps_c;rosidl_typesupport_introspection_c
-- Using all available rosidl_typesupport_cpp: rosidl_typesupport_fastrtps_cpp;rosidl_typesupport_introspection_cpp
-- Found rosidl_default_generators: 1.2.0 (/opt/ros/humble/share/rosidl_default_generators/cmake)
-- Found ament_cmake_ros: 0.10.0 (/opt/ros/humble/share/ament_cmake_ros/cmake)
-- Using all available rosidl_typesupport_c: rosidl_typesupport_fastrtps_c;rosidl_typesupport_introspection_c
-- Using all available rosidl_typesupport_cpp: rosidl_typesupport_fastrtps_cpp;rosidl_typesupport_introspection_cpp
-- Found PythonInterp: /usr/bin/python3 (found suitable version "3.10.12", minimum required is "3.6") 
-- Found python_cmake_module: 0.10.0 (/opt/ros/humble/share/python_cmake_module/cmake)
-- Found PythonLibs: /usr/lib/x86_64-linux-gnu/libpython3.10.so (found suitable version "3.10.12", minimum required is "3.5") 
-- Using PYTHON_EXECUTABLE: /usr/bin/python3
-- Using PYTHON_INCLUDE_DIRS: /usr/include/python3.10
-- Using PYTHON_LIBRARIES: /usr/lib/x86_64-linux-gnu/libpython3.10.so
-- Found PythonExtra: .so  
-- Found ament_lint_auto: 0.12.14 (/opt/ros/humble/share/ament_lint_auto/cmake)
-- Added test 'cppcheck' to perform static code analysis on C / C++ code
-- Configured cppcheck include dirs: 
-- Configured cppcheck exclude dirs and/or files: 
-- Added test 'flake8' to check Python code syntax and style conventions
-- Added test 'lint_cmake' to check CMake code style
-- Added test 'pep257' to check Python code against some of the docstring style conventions in PEP 257
-- Added test 'uncrustify' to check C / C++ code style
-- Configured uncrustify additional arguments: 
-- Added test 'xmllint' to check XML markup files
-- Configuring done
-- Generating done
-- Build files have been written to: /home/lhb/AutoAiming_ws/build/interfaces
[  2%] [34m[1mGenerating C code for ROS interfaces[0m
[  5%] [34m[1mGenerating C++ code for ROS interfaces[0m
[  5%] Built target ament_cmake_python_copy_interfaces
running egg_info
creating interfaces.egg-info
writing interfaces.egg-info/PKG-INFO
writing dependency_links to interfaces.egg-info/dependency_links.txt
writing top-level names to interfaces.egg-info/top_level.txt
writing manifest file 'interfaces.egg-info/SOURCES.txt'
reading manifest file 'interfaces.egg-info/SOURCES.txt'
writing manifest file 'interfaces.egg-info/SOURCES.txt'
[  5%] Built target ament_cmake_python_build_interfaces_egg
[  5%] Built target interfaces__cpp
[ 12%] [34m[1mGenerating C++ type support for eProsima Fast-RTPS[0m
[ 12%] [34m[1mGenerating C++ type support dispatch for ROS interfaces[0m
[ 12%] [34m[1mGenerating C++ introspection for ROS interfaces[0m
[ 15%] [32mBuilding C object CMakeFiles/interfaces__rosidl_generator_c.dir/rosidl_generator_c/interfaces/msg/detail/target__functions.c.o[0m
[ 17%] [32mBuilding C object CMakeFiles/interfaces__rosidl_generator_c.dir/rosidl_generator_c/interfaces/msg/detail/target_array__functions.c.o[0m
[ 20%] [32m[1mLinking C shared library libinterfaces__rosidl_generator_c.so[0m
[ 20%] Built target interfaces__rosidl_generator_c
[ 23%] [34m[1mGenerating C type support for eProsima Fast-RTPS[0m
[ 25%] [34m[1mGenerating C introspection for ROS interfaces[0m
[ 28%] [34m[1mGenerating C type support dispatch for ROS interfaces[0m
[ 33%] [32mBuilding CXX object CMakeFiles/interfaces__rosidl_typesupport_cpp.dir/rosidl_typesupport_cpp/interfaces/msg/target__type_support.cpp.o[0m
[ 33%] [32mBuilding CXX object CMakeFiles/interfaces__rosidl_typesupport_cpp.dir/rosidl_typesupport_cpp/interfaces/msg/target_array__type_support.cpp.o[0m
[ 35%] [32mBuilding CXX object CMakeFiles/interfaces__rosidl_typesupport_introspection_cpp.dir/rosidl_typesupport_introspection_cpp/interfaces/msg/detail/target__type_support.cpp.o[0m
[ 38%] [32mBuilding CXX object CMakeFiles/interfaces__rosidl_typesupport_introspection_cpp.dir/rosidl_typesupport_introspection_cpp/interfaces/msg/detail/target_array__type_support.cpp.o[0m
[ 41%] [32mBuilding CXX object CMakeFiles/interfaces__rosidl_typesupport_fastrtps_cpp.dir/rosidl_typesupport_fastrtps_cpp/interfaces/msg/detail/dds_fastrtps/target__type_support.cpp.o[0m
[ 43%] [32mBuilding C object CMakeFiles/interfaces__rosidl_typesupport_introspection_c.dir/rosidl_typesupport_introspection_c/interfaces/msg/detail/target__type_support.c.o[0m
[ 46%] [32mBuilding C object CMakeFiles/interfaces__rosidl_typesupport_introspection_c.dir/rosidl_typesupport_introspection_c/interfaces/msg/detail/target_array__type_support.c.o[0m
[ 48%] [32mBuilding CXX object CMakeFiles/interfaces__rosidl_typesupport_c.dir/rosidl_typesupport_c/interfaces/msg/target__type_support.cpp.o[0m
[ 51%] [32m[1mLinking C shared library libinterfaces__rosidl_typesupport_introspection_c.so[0m
[ 53%] [32mBuilding CXX object CMakeFiles/interfaces__rosidl_typesupport_c.dir/rosidl_typesupport_c/interfaces/msg/target_array__type_support.cpp.o[0m
[ 56%] [32mBuilding CXX object CMakeFiles/interfaces__rosidl_typesupport_fastrtps_c.dir/rosidl_typesupport_fastrtps_c/interfaces/msg/detail/target__type_support_c.cpp.o[0m
[ 58%] [32m[1mLinking CXX shared library libinterfaces__rosidl_typesupport_c.so[0m
[ 58%] Built target interfaces__rosidl_typesupport_introspection_c
[ 61%] [32mBuilding CXX object CMakeFiles/interfaces__rosidl_typesupport_fastrtps_c.dir/rosidl_typesupport_fastrtps_c/interfaces/msg/detail/target_array__type_support_c.cpp.o[0m
[ 66%] [32m[1mLinking CXX shared library libinterfaces__rosidl_typesupport_cpp.so[0m
[ 66%] [32mBuilding CXX object CMakeFiles/interfaces__rosidl_typesupport_fastrtps_cpp.dir/rosidl_typesupport_fastrtps_cpp/interfaces/msg/detail/dds_fastrtps/target_array__type_support.cpp.o[0m
[ 66%] Built target interfaces__rosidl_typesupport_c
[ 66%] Built target interfaces__rosidl_typesupport_cpp
[ 69%] [32m[1mLinking CXX shared library libinterfaces__rosidl_typesupport_introspection_cpp.so[0m
[ 69%] Built target interfaces__rosidl_typesupport_introspection_cpp
[ 71%] [32m[1mLinking CXX shared library libinterfaces__rosidl_typesupport_fastrtps_c.so[0m
[ 71%] Built target interfaces__rosidl_typesupport_fastrtps_c
[ 74%] [32m[1mLinking CXX shared library libinterfaces__rosidl_typesupport_fastrtps_cpp.so[0m
[ 74%] Built target interfaces__rosidl_typesupport_fastrtps_cpp
[ 74%] Built target interfaces
[ 76%] [34m[1mGenerating Python code for ROS interfaces[0m
[ 76%] Built target interfaces__py
[ 82%] [32mBuilding C object CMakeFiles/interfaces__rosidl_generator_py.dir/rosidl_generator_py/interfaces/msg/_target_array_s.c.o[0m
[ 82%] [32mBuilding C object CMakeFiles/interfaces__rosidl_generator_py.dir/rosidl_generator_py/interfaces/msg/_target_s.c.o[0m
[ 84%] [32m[1mLinking C shared library rosidl_generator_py/interfaces/libinterfaces__rosidl_generator_py.so[0m
[ 84%] Built target interfaces__rosidl_generator_py
[ 92%] [32mBuilding C object CMakeFiles/interfaces__rosidl_typesupport_introspection_c__pyext.dir/rosidl_generator_py/interfaces/_interfaces_s.ep.rosidl_typesupport_introspection_c.c.o[0m
[ 92%] [32mBuilding C object CMakeFiles/interfaces__rosidl_typesupport_fastrtps_c__pyext.dir/rosidl_generator_py/interfaces/_interfaces_s.ep.rosidl_typesupport_fastrtps_c.c.o[0m
[ 92%] [32mBuilding C object CMakeFiles/interfaces__rosidl_typesupport_c__pyext.dir/rosidl_generator_py/interfaces/_interfaces_s.ep.rosidl_typesupport_c.c.o[0m
[100%] [32m[1mLinking C shared library rosidl_generator_py/interfaces/interfaces_s__rosidl_typesupport_fastrtps_c.cpython-310-x86_64-linux-gnu.so[0m
[100%] [32m[1mLinking C shared library rosidl_generator_py/interfaces/interfaces_s__rosidl_typesupport_c.cpython-310-x86_64-linux-gnu.so[0m
[100%] [32m[1mLinking C shared library rosidl_generator_py/interfaces/interfaces_s__rosidl_typesupport_introspection_c.cpython-310-x86_64-linux-gnu.so[0m
[100%] Built target interfaces__rosidl_typesupport_introspection_c__pyext
[100%] Built target interfaces__rosidl_typesupport_c__pyext
[100%] Built target interfaces__rosidl_typesupport_fastrtps_c__pyext
-- Install configuration: ""
-- Installing: /home/lhb/AutoAiming_ws/install/interfaces/share/ament_index/resource_index/rosidl_interfaces/interfaces
-- Installing: /home/lhb/AutoAiming_ws/install/interfaces/include/interfaces/interfaces
-- Installing: /home/lhb/AutoAiming_ws/install/interfaces/include/interfaces/interfaces/msg
-- Installing: /home/lhb/AutoAiming_ws/install/interfaces/include/interfaces/interfaces/msg/target.h
-- Installing: /home/lhb/AutoAiming_ws/install/interfaces/include/interfaces/interfaces/msg/target_array.h
-- Installing: /home/lhb/AutoAiming_ws/install/interfaces/include/interfaces/interfaces/msg/rosidl_generator_c__visibility_control.h
-- Installing: /home/lhb/AutoAiming_ws/install/interfaces/include/interfaces/interfaces/msg/detail
-- Installing: /home/lhb/AutoAiming_ws/install/interfaces/include/interfaces/interfaces/msg/detail/target_array__struct.h
-- Installing: /home/lhb/AutoAiming_ws/install/interfaces/include/interfaces/interfaces/msg/detail/target_array__functions.h
-- Installing: /home/lhb/AutoAiming_ws/install/interfaces/include/interfaces/interfaces/msg/detail/target__struct.h
-- Installing: /home/lhb/AutoAiming_ws/install/interfaces/include/interfaces/interfaces/msg/detail/target_array__type_support.h
-- Installing: /home/lhb/AutoAiming_ws/install/interfaces/include/interfaces/interfaces/msg/detail/target__type_support.h
-- Installing: /home/lhb/AutoAiming_ws/install/interfaces/include/interfaces/interfaces/msg/detail/target_array__functions.c
-- Installing: /home/lhb/AutoAiming_ws/install/interfaces/include/interfaces/interfaces/msg/detail/target__functions.h
-- Installing: /home/lhb/AutoAiming_ws/install/interfaces/include/interfaces/interfaces/msg/detail/target__functions.c
-- Installing: /home/lhb/AutoAiming_ws/install/interfaces/share/interfaces/environment/library_path.sh
-- Installing: /home/lhb/AutoAiming_ws/install/interfaces/share/interfaces/environment/library_path.dsv
-- Installing: /home/lhb/AutoAiming_ws/install/interfaces/lib/libinterfaces__rosidl_generator_c.so
-- Set runtime path of "/home/lhb/AutoAiming_ws/install/interfaces/lib/libinterfaces__rosidl_generator_c.so" to ""
-- Up-to-date: /home/lhb/AutoAiming_ws/install/interfaces/include/interfaces/interfaces
-- Up-to-date: /home/lhb/AutoAiming_ws/install/interfaces/include/interfaces/interfaces/msg
-- Installing: /home/lhb/AutoAiming_ws/install/interfaces/include/interfaces/interfaces/msg/rosidl_typesupport_fastrtps_c__visibility_control.h
-- Up-to-date: /home/lhb/AutoAiming_ws/install/interfaces/include/interfaces/interfaces/msg/detail
-- Installing: /home/lhb/AutoAiming_ws/install/interfaces/include/interfaces/interfaces/msg/detail/target_array__rosidl_typesupport_fastrtps_c.h
-- Installing: /home/lhb/AutoAiming_ws/install/interfaces/include/interfaces/interfaces/msg/detail/target__rosidl_typesupport_fastrtps_c.h
-- Installing: /home/lhb/AutoAiming_ws/install/interfaces/lib/libinterfaces__rosidl_typesupport_fastrtps_c.so
-- Set runtime path of "/home/lhb/AutoAiming_ws/install/interfaces/lib/libinterfaces__rosidl_typesupport_fastrtps_c.so" to ""
-- Up-to-date: /home/lhb/AutoAiming_ws/install/interfaces/include/interfaces/interfaces
-- Up-to-date: /home/lhb/AutoAiming_ws/install/interfaces/include/interfaces/interfaces/msg
-- Installing: /home/lhb/AutoAiming_ws/install/interfaces/include/interfaces/interfaces/msg/target.hpp
-- Installing: /home/lhb/AutoAiming_ws/install/interfaces/include/interfaces/interfaces/msg/rosidl_generator_cpp__visibility_control.hpp
-- Installing: /home/lhb/AutoAiming_ws/install/interfaces/include/interfaces/interfaces/msg/target_array.hpp
-- Up-to-date: /home/lhb/AutoAiming_ws/install/interfaces/include/interfaces/interfaces/msg/detail
-- Installing: /home/lhb/AutoAiming_ws/install/interfaces/include/interfaces/interfaces/msg/detail/target_array__type_support.hpp
-- Installing: /home/lhb/AutoAiming_ws/install/interfaces/include/interfaces/interfaces/msg/detail/target__struct.hpp
-- Installing: /home/lhb/AutoAiming_ws/install/interfaces/include/interfaces/interfaces/msg/detail/target__type_support.hpp
-- Installing: /home/lhb/AutoAiming_ws/install/interfaces/include/interfaces/interfaces/msg/detail/target_array__traits.hpp
-- Installing: /home/lhb/AutoAiming_ws/install/interfaces/include/interfaces/interfaces/msg/detail/target__builder.hpp
-- Installing: /home/lhb/AutoAiming_ws/install/interfaces/include/interfaces/interfaces/msg/detail/target_array__struct.hpp
-- Installing: /home/lhb/AutoAiming_ws/install/interfaces/include/interfaces/interfaces/msg/detail/target_array__builder.hpp
-- Installing: /home/lhb/AutoAiming_ws/install/interfaces/include/interfaces/interfaces/msg/detail/target__traits.hpp
-- Up-to-date: /home/lhb/AutoAiming_ws/install/interfaces/include/interfaces/interfaces
-- Up-to-date: /home/lhb/AutoAiming_ws/install/interfaces/include/interfaces/interfaces/msg
-- Installing: /home/lhb/AutoAiming_ws/install/interfaces/include/interfaces/interfaces/msg/rosidl_typesupport_fastrtps_cpp__visibility_control.h
-- Up-to-date: /home/lhb/AutoAiming_ws/install/interfaces/include/interfaces/interfaces/msg/detail
-- Installing: /home/lhb/AutoAiming_ws/install/interfaces/include/interfaces/interfaces/msg/detail/dds_fastrtps
-- Installing: /home/lhb/AutoAiming_ws/install/interfaces/include/interfaces/interfaces/msg/detail/target__rosidl_typesupport_fastrtps_cpp.hpp
-- Installing: /home/lhb/AutoAiming_ws/install/interfaces/include/interfaces/interfaces/msg/detail/target_array__rosidl_typesupport_fastrtps_cpp.hpp
-- Installing: /home/lhb/AutoAiming_ws/install/interfaces/lib/libinterfaces__rosidl_typesupport_fastrtps_cpp.so
-- Set runtime path of "/home/lhb/AutoAiming_ws/install/interfaces/lib/libinterfaces__rosidl_typesupport_fastrtps_cpp.so" to ""
-- Up-to-date: /home/lhb/AutoAiming_ws/install/interfaces/include/interfaces/interfaces
-- Up-to-date: /home/lhb/AutoAiming_ws/install/interfaces/include/interfaces/interfaces/msg
-- Installing: /home/lhb/AutoAiming_ws/install/interfaces/include/interfaces/interfaces/msg/rosidl_typesupport_introspection_c__visibility_control.h
-- Up-to-date: /home/lhb/AutoAiming_ws/install/interfaces/include/interfaces/interfaces/msg/detail
-- Installing: /home/lhb/AutoAiming_ws/install/interfaces/include/interfaces/interfaces/msg/detail/target__rosidl_typesupport_introspection_c.h
-- Installing: /home/lhb/AutoAiming_ws/install/interfaces/include/interfaces/interfaces/msg/detail/target__type_support.c
-- Installing: /home/lhb/AutoAiming_ws/install/interfaces/include/interfaces/interfaces/msg/detail/target_array__type_support.c
-- Installing: /home/lhb/AutoAiming_ws/install/interfaces/include/interfaces/interfaces/msg/detail/target_array__rosidl_typesupport_introspection_c.h
-- Installing: /home/lhb/AutoAiming_ws/install/interfaces/lib/libinterfaces__rosidl_typesupport_introspection_c.so
-- Set runtime path of "/home/lhb/AutoAiming_ws/install/interfaces/lib/libinterfaces__rosidl_typesupport_introspection_c.so" to ""
-- Installing: /home/lhb/AutoAiming_ws/install/interfaces/lib/libinterfaces__rosidl_typesupport_c.so
-- Set runtime path of "/home/lhb/AutoAiming_ws/install/interfaces/lib/libinterfaces__rosidl_typesupport_c.so" to ""
-- Up-to-date: /home/lhb/AutoAiming_ws/install/interfaces/include/interfaces/interfaces
-- Up-to-date: /home/lhb/AutoAiming_ws/install/interfaces/include/interfaces/interfaces/msg
-- Up-to-date: /home/lhb/AutoAiming_ws/install/interfaces/include/interfaces/interfaces/msg/detail
-- Installing: /home/lhb/AutoAiming_ws/install/interfaces/include/interfaces/interfaces/msg/detail/target__type_support.cpp
-- Installing: /home/lhb/AutoAiming_ws/install/interfaces/include/interfaces/interfaces/msg/detail/target__rosidl_typesupport_introspection_cpp.hpp
-- Installing: /home/lhb/AutoAiming_ws/install/interfaces/include/interfaces/interfaces/msg/detail/target_array__rosidl_typesupport_introspection_cpp.hpp
-- Installing: /home/lhb/AutoAiming_ws/install/interfaces/include/interfaces/interfaces/msg/detail/target_array__type_support.cpp
-- Installing: /home/lhb/AutoAiming_ws/install/interfaces/lib/libinterfaces__rosidl_typesupport_introspection_cpp.so
-- Set runtime path of "/home/lhb/AutoAiming_ws/install/interfaces/lib/libinterfaces__rosidl_typesupport_introspection_cpp.so" to ""
-- Installing: /home/lhb/AutoAiming_ws/install/interfaces/lib/libinterfaces__rosidl_typesupport_cpp.so
-- Set runtime path of "/home/lhb/AutoAiming_ws/install/interfaces/lib/libinterfaces__rosidl_typesupport_cpp.so" to ""
-- Installing: /home/lhb/AutoAiming_ws/install/interfaces/share/interfaces/environment/pythonpath.sh
-- Installing: /home/lhb/AutoAiming_ws/install/interfaces/share/interfaces/environment/pythonpath.dsv
-- Installing: /home/lhb/AutoAiming_ws/install/interfaces/local/lib/python3.10/dist-packages/interfaces-0.0.0-py3.10.egg-info
-- Installing: /home/lhb/AutoAiming_ws/install/interfaces/local/lib/python3.10/dist-packages/interfaces-0.0.0-py3.10.egg-info/dependency_links.txt
-- Installing: /home/lhb/AutoAiming_ws/install/interfaces/local/lib/python3.10/dist-packages/interfaces-0.0.0-py3.10.egg-info/top_level.txt
-- Installing: /home/lhb/AutoAiming_ws/install/interfaces/local/lib/python3.10/dist-packages/interfaces-0.0.0-py3.10.egg-info/SOURCES.txt
-- Installing: /home/lhb/AutoAiming_ws/install/interfaces/local/lib/python3.10/dist-packages/interfaces-0.0.0-py3.10.egg-info/PKG-INFO
-- Installing: /home/lhb/AutoAiming_ws/install/interfaces/local/lib/python3.10/dist-packages/interfaces
-- Installing: /home/lhb/AutoAiming_ws/install/interfaces/local/lib/python3.10/dist-packages/interfaces/interfaces_s__rosidl_typesupport_c.cpython-310-x86_64-linux-gnu.so
-- Installing: /home/lhb/AutoAiming_ws/install/interfaces/local/lib/python3.10/dist-packages/interfaces/_interfaces_s.ep.rosidl_typesupport_fastrtps_c.c
-- Installing: /home/lhb/AutoAiming_ws/install/interfaces/local/lib/python3.10/dist-packages/interfaces/interfaces_s__rosidl_typesupport_introspection_c.cpython-310-x86_64-linux-gnu.so
-- Installing: /home/lhb/AutoAiming_ws/install/interfaces/local/lib/python3.10/dist-packages/interfaces/libinterfaces__rosidl_generator_py.so
-- Installing: /home/lhb/AutoAiming_ws/install/interfaces/local/lib/python3.10/dist-packages/interfaces/msg
-- Installing: /home/lhb/AutoAiming_ws/install/interfaces/local/lib/python3.10/dist-packages/interfaces/msg/_target_array_s.c
-- Installing: /home/lhb/AutoAiming_ws/install/interfaces/local/lib/python3.10/dist-packages/interfaces/msg/__init__.py
-- Installing: /home/lhb/AutoAiming_ws/install/interfaces/local/lib/python3.10/dist-packages/interfaces/msg/_target_array.py
-- Installing: /home/lhb/AutoAiming_ws/install/interfaces/local/lib/python3.10/dist-packages/interfaces/msg/_target_s.c
-- Installing: /home/lhb/AutoAiming_ws/install/interfaces/local/lib/python3.10/dist-packages/interfaces/msg/_target.py
-- Installing: /home/lhb/AutoAiming_ws/install/interfaces/local/lib/python3.10/dist-packages/interfaces/__init__.py
-- Installing: /home/lhb/AutoAiming_ws/install/interfaces/local/lib/python3.10/dist-packages/interfaces/_interfaces_s.ep.rosidl_typesupport_c.c
-- Installing: /home/lhb/AutoAiming_ws/install/interfaces/local/lib/python3.10/dist-packages/interfaces/interfaces_s__rosidl_typesupport_fastrtps_c.cpython-310-x86_64-linux-gnu.so
-- Installing: /home/lhb/AutoAiming_ws/install/interfaces/local/lib/python3.10/dist-packages/interfaces/_interfaces_s.ep.rosidl_typesupport_introspection_c.c
Listing '/home/lhb/AutoAiming_ws/install/interfaces/local/lib/python3.10/dist-packages/interfaces'...
Compiling '/home/lhb/AutoAiming_ws/install/interfaces/local/lib/python3.10/dist-packages/interfaces/__init__.py'...
Listing '/home/lhb/AutoAiming_ws/install/interfaces/local/lib/python3.10/dist-packages/interfaces/msg'...
Compiling '/home/lhb/AutoAiming_ws/install/interfaces/local/lib/python3.10/dist-packages/interfaces/msg/__init__.py'...
Compiling '/home/lhb/AutoAiming_ws/install/interfaces/local/lib/python3.10/dist-packages/interfaces/msg/_target.py'...
Compiling '/home/lhb/AutoAiming_ws/install/interfaces/local/lib/python3.10/dist-packages/interfaces/msg/_target_array.py'...
-- Installing: /home/lhb/AutoAiming_ws/install/interfaces/local/lib/python3.10/dist-packages/interfaces/interfaces_s__rosidl_typesupport_fastrtps_c.cpython-310-x86_64-linux-gnu.so
-- Set runtime path of "/home/lhb/AutoAiming_ws/install/interfaces/local/lib/python3.10/dist-packages/interfaces/interfaces_s__rosidl_typesupport_fastrtps_c.cpython-310-x86_64-linux-gnu.so" to ""
-- Installing: /home/lhb/AutoAiming_ws/install/interfaces/local/lib/python3.10/dist-packages/interfaces/interfaces_s__rosidl_typesupport_introspection_c.cpython-310-x86_64-linux-gnu.so
-- Set runtime path of "/home/lhb/AutoAiming_ws/install/interfaces/local/lib/python3.10/dist-packages/interfaces/interfaces_s__rosidl_typesupport_introspection_c.cpython-310-x86_64-linux-gnu.so" to ""
-- Installing: /home/lhb/AutoAiming_ws/install/interfaces/local/lib/python3.10/dist-packages/interfaces/interfaces_s__rosidl_typesupport_c.cpython-310-x86_64-linux-gnu.so
-- Set runtime path of "/home/lhb/AutoAiming_ws/install/interfaces/local/lib/python3.10/dist-packages/interfaces/interfaces_s__rosidl_typesupport_c.cpython-310-x86_64-linux-gnu.so" to ""
-- Installing: /home/lhb/AutoAiming_ws/install/interfaces/lib/libinterfaces__rosidl_generator_py.so
-- Set runtime path of "/home/lhb/AutoAiming_ws/install/interfaces/lib/libinterfaces__rosidl_generator_py.so" to ""
-- Installing: /home/lhb/AutoAiming_ws/install/interfaces/share/interfaces/msg/Target.idl
-- Installing: /home/lhb/AutoAiming_ws/install/interfaces/share/interfaces/msg/TargetArray.idl
-- Installing: /home/lhb/AutoAiming_ws/install/interfaces/share/interfaces/msg/Target.msg
-- Installing: /home/lhb/AutoAiming_ws/install/interfaces/share/interfaces/msg/TargetArray.msg
-- Installing: /home/lhb/AutoAiming_ws/install/interfaces/share/ament_index/resource_index/package_run_dependencies/interfaces
-- Installing: /home/lhb/AutoAiming_ws/install/interfaces/share/ament_index/resource_index/parent_prefix_path/interfaces
-- Installing: /home/lhb/AutoAiming_ws/install/interfaces/share/interfaces/environment/ament_prefix_path.sh
-- Installing: /home/lhb/AutoAiming_ws/install/interfaces/share/interfaces/environment/ament_prefix_path.dsv
-- Installing: /home/lhb/AutoAiming_ws/install/interfaces/share/interfaces/environment/path.sh
-- Installing: /home/lhb/AutoAiming_ws/install/interfaces/share/interfaces/environment/path.dsv
-- Installing: /home/lhb/AutoAiming_ws/install/interfaces/share/interfaces/local_setup.bash
-- Installing: /home/lhb/AutoAiming_ws/install/interfaces/share/interfaces/local_setup.sh
-- Installing: /home/lhb/AutoAiming_ws/install/interfaces/share/interfaces/local_setup.zsh
-- Installing: /home/lhb/AutoAiming_ws/install/interfaces/share/interfaces/local_setup.dsv
-- Installing: /home/lhb/AutoAiming_ws/install/interfaces/share/interfaces/package.dsv
-- Installing: /home/lhb/AutoAiming_ws/install/interfaces/share/ament_index/resource_index/packages/interfaces
-- Installing: /home/lhb/AutoAiming_ws/install/interfaces/share/interfaces/cmake/export_interfaces__rosidl_generator_cExport.cmake
-- Installing: /home/lhb/AutoAiming_ws/install/interfaces/share/interfaces/cmake/export_interfaces__rosidl_generator_cExport-noconfig.cmake
-- Installing: /home/lhb/AutoAiming_ws/install/interfaces/share/interfaces/cmake/export_interfaces__rosidl_typesupport_fastrtps_cExport.cmake
-- Installing: /home/lhb/AutoAiming_ws/install/interfaces/share/interfaces/cmake/export_interfaces__rosidl_typesupport_fastrtps_cExport-noconfig.cmake
-- Installing: /home/lhb/AutoAiming_ws/install/interfaces/share/interfaces/cmake/export_interfaces__rosidl_generator_cppExport.cmake
-- Installing: /home/lhb/AutoAiming_ws/install/interfaces/share/interfaces/cmake/export_interfaces__rosidl_typesupport_fastrtps_cppExport.cmake
-- Installing: /home/lhb/AutoAiming_ws/install/interfaces/share/interfaces/cmake/export_interfaces__rosidl_typesupport_fastrtps_cppExport-noconfig.cmake
-- Installing: /home/lhb/AutoAiming_ws/install/interfaces/share/interfaces/cmake/interfaces__rosidl_typesupport_introspection_cExport.cmake
-- Installing: /home/lhb/AutoAiming_ws/install/interfaces/share/interfaces/cmake/interfaces__rosidl_typesupport_introspection_cExport-noconfig.cmake
-- Installing: /home/lhb/AutoAiming_ws/install/interfaces/share/interfaces/cmake/interfaces__rosidl_typesupport_cExport.cmake
-- Installing: /home/lhb/AutoAiming_ws/install/interfaces/share/interfaces/cmake/interfaces__rosidl_typesupport_cExport-noconfig.cmake
-- Installing: /home/lhb/AutoAiming_ws/install/interfaces/share/interfaces/cmake/interfaces__rosidl_typesupport_introspection_cppExport.cmake
-- Installing: /home/lhb/AutoAiming_ws/install/interfaces/share/interfaces/cmake/interfaces__rosidl_typesupport_introspection_cppExport-noconfig.cmake
-- Installing: /home/lhb/AutoAiming_ws/install/interfaces/share/interfaces/cmake/interfaces__rosidl_typesupport_cppExport.cmake
-- Installing: /home/lhb/AutoAiming_ws/install/interfaces/share/interfaces/cmake/interfaces__rosidl_typesupport_cppExport-noconfig.cmake
-- Installing: /home/lhb/AutoAiming_ws/install/interfaces/share/interfaces/cmake/export_interfaces__rosidl_generator_pyExport.cmake
-- Installing: /home/lhb/AutoAiming_ws/install/interfaces/share/interfaces/cmake/export_interfaces__rosidl_generator_pyExport-noconfig.cmake
-- Installing: /home/lhb/AutoAiming_ws/install/interfaces/share/interfaces/cmake/rosidl_cmake-extras.cmake
-- Installing: /home/lhb/AutoAiming_ws/install/interfaces/share/interfaces/cmake/ament_cmake_export_dependencies-extras.cmake
-- Installing: /home/lhb/AutoAiming_ws/install/interfaces/share/interfaces/cmake/ament_cmake_export_include_directories-extras.cmake
-- Installing: /home/lhb/AutoAiming_ws/install/interfaces/share/interfaces/cmake/ament_cmake_export_libraries-extras.cmake
-- Installing: /home/lhb/AutoAiming_ws/install/interfaces/share/interfaces/cmake/ament_cmake_export_targets-extras.cmake
-- Installing: /home/lhb/AutoAiming_ws/install/interfaces/share/interfaces/cmake/rosidl_cmake_export_typesupport_targets-extras.cmake
-- Installing: /home/lhb/AutoAiming_ws/install/interfaces/share/interfaces/cmake/rosidl_cmake_export_typesupport_libraries-extras.cmake
-- Installing: /home/lhb/AutoAiming_ws/install/interfaces/share/interfaces/cmake/interfacesConfig.cmake
-- Installing: /home/lhb/AutoAiming_ws/install/interfaces/share/interfaces/cmake/interfacesConfig-version.cmake
-- Installing: /home/lhb/AutoAiming_ws/install/interfaces/share/interfaces/package.xml
