[ 25%] [32mBuilding CXX object CMakeFiles/read.dir/src/main.cpp.o[0m
[ 50%] [32mBuilding CXX object CMakeFiles/read.dir/src/read_video.cpp.o[0m
[01m[K/home/lhb/AutoAiming_ws/src/vision_detector/src/read_video.cpp:[m[K In member function ‘[01m[Kstd::vector<cv::Point_<float> > ReadVideo::GetArmours(const cv::Mat&, cv::Mat&, cv::Scalar)[m[K’:
[01m[K/home/lhb/AutoAiming_ws/src/vision_detector/src/read_video.cpp:58:19:[m[K [01;35m[Kwarning: [m[Kcomparison of integer expressions of different signedness: ‘[01m[Kint[m[K’ and ‘[01m[Kstd::vector<cv::RotatedRect>::size_type[m[K’ {aka ‘[01m[Klong unsigned int[m[K’} [[01;35m[K]8;;https://gcc.gnu.org/onlinedocs/gcc/Warning-Options.html#index-Wsign-compare-Wsign-compare]8;;[m[K]
   58 |     for (int i=0;[01;35m[Ki<lights.size()[m[K;i++) {
      |                  [01;35m[K~^~~~~~~~~~~~~~[m[K
[01m[K/home/lhb/AutoAiming_ws/src/vision_detector/src/read_video.cpp:59:25:[m[K [01;35m[Kwarning: [m[Kcomparison of integer expressions of different signedness: ‘[01m[Kint[m[K’ and ‘[01m[Kstd::vector<cv::RotatedRect>::size_type[m[K’ {aka ‘[01m[Klong unsigned int[m[K’} [[01;35m[K]8;;https://gcc.gnu.org/onlinedocs/gcc/Warning-Options.html#index-Wsign-compare-Wsign-compare]8;;[m[K]
   59 |         for (int j=i+1;[01;35m[Kj<lights.size()[m[K;j++) {
      |                        [01;35m[K~^~~~~~~~~~~~~~[m[K
[ 75%] [32m[1mLinking CXX executable read[0m
[100%] Built target read
-- Install configuration: ""
-- Installing: /home/lhb/AutoAiming_ws/install/vision_detector/lib/vision_detector/read
-- Set runtime path of "/home/lhb/AutoAiming_ws/install/vision_detector/lib/vision_detector/read" to ""
-- Up-to-date: /home/lhb/AutoAiming_ws/install/vision_detector/share/ament_index/resource_index/package_run_dependencies/vision_detector
-- Up-to-date: /home/lhb/AutoAiming_ws/install/vision_detector/share/ament_index/resource_index/parent_prefix_path/vision_detector
-- Up-to-date: /home/lhb/AutoAiming_ws/install/vision_detector/share/vision_detector/environment/ament_prefix_path.sh
-- Up-to-date: /home/lhb/AutoAiming_ws/install/vision_detector/share/vision_detector/environment/ament_prefix_path.dsv
-- Up-to-date: /home/lhb/AutoAiming_ws/install/vision_detector/share/vision_detector/environment/path.sh
-- Up-to-date: /home/lhb/AutoAiming_ws/install/vision_detector/share/vision_detector/environment/path.dsv
-- Up-to-date: /home/lhb/AutoAiming_ws/install/vision_detector/share/vision_detector/local_setup.bash
-- Up-to-date: /home/lhb/AutoAiming_ws/install/vision_detector/share/vision_detector/local_setup.sh
-- Up-to-date: /home/lhb/AutoAiming_ws/install/vision_detector/share/vision_detector/local_setup.zsh
-- Up-to-date: /home/lhb/AutoAiming_ws/install/vision_detector/share/vision_detector/local_setup.dsv
-- Installing: /home/lhb/AutoAiming_ws/install/vision_detector/share/vision_detector/package.dsv
-- Up-to-date: /home/lhb/AutoAiming_ws/install/vision_detector/share/ament_index/resource_index/packages/vision_detector
-- Up-to-date: /home/lhb/AutoAiming_ws/install/vision_detector/share/vision_detector/cmake/vision_detectorConfig.cmake
-- Up-to-date: /home/lhb/AutoAiming_ws/install/vision_detector/share/vision_detector/cmake/vision_detectorConfig-version.cmake
-- Up-to-date: /home/lhb/AutoAiming_ws/install/vision_detector/share/vision_detector/package.xml
