[ 25%] [32mBuilding CXX object CMakeFiles/read.dir/src/main.cpp.o[0m
[ 50%] [32mBuilding CXX object CMakeFiles/read.dir/src/read_video.cpp.o[0m
[ 75%] [32m[1mLinking CXX executable read[0m
[100%] Built target read
-- Install configuration: ""
-- Installing: /home/lhb/AutoAiming_ws/install/vision_detector/lib/vision_detector/read
-- Set runtime path of "/home/lhb/AutoAiming_ws/install/vision_detector/lib/vision_detector/read" to ""
-- Up-to-date: /home/lhb/AutoAiming_ws/install/vision_detector/share/ament_index/resource_index/package_run_dependencies/vision_detector
-- Up-to-date: /home/lhb/AutoAiming_ws/install/vision_detector/share/ament_index/resource_index/parent_prefix_path/vision_detector
-- Up-to-date: /home/lhb/AutoAiming_ws/install/vision_detector/share/vision_detector/environment/ament_prefix_path.sh
-- Up-to-date: /home/lhb/AutoAiming_ws/install/vision_detector/share/vision_detector/environment/ament_prefix_path.dsv
-- Up-to-date: /home/lhb/AutoAiming_ws/install/vision_detector/share/vision_detector/environment/path.sh
-- Up-to-date: /home/lhb/AutoAiming_ws/install/vision_detector/share/vision_detector/environment/path.dsv
-- Up-to-date: /home/lhb/AutoAiming_ws/install/vision_detector/share/vision_detector/local_setup.bash
-- Up-to-date: /home/lhb/AutoAiming_ws/install/vision_detector/share/vision_detector/local_setup.sh
-- Up-to-date: /home/lhb/AutoAiming_ws/install/vision_detector/share/vision_detector/local_setup.zsh
-- Up-to-date: /home/lhb/AutoAiming_ws/install/vision_detector/share/vision_detector/local_setup.dsv
-- Installing: /home/lhb/AutoAiming_ws/install/vision_detector/share/vision_detector/package.dsv
-- Up-to-date: /home/lhb/AutoAiming_ws/install/vision_detector/share/ament_index/resource_index/packages/vision_detector
-- Up-to-date: /home/lhb/AutoAiming_ws/install/vision_detector/share/vision_detector/cmake/vision_detectorConfig.cmake
-- Up-to-date: /home/lhb/AutoAiming_ws/install/vision_detector/share/vision_detector/cmake/vision_detectorConfig-version.cmake
-- Up-to-date: /home/lhb/AutoAiming_ws/install/vision_detector/share/vision_detector/package.xml
