[0.014s] Invoking command in '/home/lhb/AutoAiming_ws/build/vision_detector': CMAKE_PREFIX_PATH=/home/lhb/AutoAiming_ws/install/interfaces:/home/lhb/AutoAiming_ws/install/vision_detector:/home/lhb/AutoAiming_ws/install/serial_interface:/home/lhb/AutoAiming_ws/install/gimbal_controller:/home/lhb/AutoAiming_ws/install/homework_bringup:/opt/ros/humble /usr/bin/cmake --build /home/lhb/AutoAiming_ws/build/vision_detector -- -j8 -l8
[0.069s] [ 25%] [32mBuilding CXX object CMakeFiles/read.dir/src/main.cpp.o[0m
[8.625s] [ 50%] [32mBuilding CXX object CMakeFiles/read.dir/src/read_video.cpp.o[0m
[11.867s] [01m[K/home/lhb/AutoAiming_ws/src/vision_detector/src/read_video.cpp:[m[K In member function ‘[01m[Kstd::vector<cv::Point_<float> > ReadVideo::GetArmours(const cv::Mat&, cv::Mat&, cv::Scalar)[m[K’:
[11.868s] [01m[K/home/lhb/AutoAiming_ws/src/vision_detector/src/read_video.cpp:58:19:[m[K [01;35m[Kwarning: [m[Kcomparison of integer expressions of different signedness: ‘[01m[Kint[m[K’ and ‘[01m[Kstd::vector<cv::RotatedRect>::size_type[m[K’ {aka ‘[01m[Klong unsigned int[m[K’} [[01;35m[K]8;;https://gcc.gnu.org/onlinedocs/gcc/Warning-Options.html#index-Wsign-compare-Wsign-compare]8;;[m[K]
[11.868s]    58 |     for (int i=0;[01;35m[Ki<lights.size()[m[K;i++) {
[11.868s]       |                  [01;35m[K~^~~~~~~~~~~~~~[m[K
[11.868s] [01m[K/home/lhb/AutoAiming_ws/src/vision_detector/src/read_video.cpp:59:25:[m[K [01;35m[Kwarning: [m[Kcomparison of integer expressions of different signedness: ‘[01m[Kint[m[K’ and ‘[01m[Kstd::vector<cv::RotatedRect>::size_type[m[K’ {aka ‘[01m[Klong unsigned int[m[K’} [[01;35m[K]8;;https://gcc.gnu.org/onlinedocs/gcc/Warning-Options.html#index-Wsign-compare-Wsign-compare]8;;[m[K]
[11.868s]    59 |         for (int j=i+1;[01;35m[Kj<lights.size()[m[K;j++) {
[11.868s]       |                        [01;35m[K~^~~~~~~~~~~~~~[m[K
[14.440s] [ 75%] [32m[1mLinking CXX executable read[0m
[15.261s] [100%] Built target read
[15.269s] Invoked command in '/home/lhb/AutoAiming_ws/build/vision_detector' returned '0': CMAKE_PREFIX_PATH=/home/lhb/AutoAiming_ws/install/interfaces:/home/lhb/AutoAiming_ws/install/vision_detector:/home/lhb/AutoAiming_ws/install/serial_interface:/home/lhb/AutoAiming_ws/install/gimbal_controller:/home/lhb/AutoAiming_ws/install/homework_bringup:/opt/ros/humble /usr/bin/cmake --build /home/lhb/AutoAiming_ws/build/vision_detector -- -j8 -l8
[15.271s] Invoking command in '/home/lhb/AutoAiming_ws/build/vision_detector': CMAKE_PREFIX_PATH=/home/lhb/AutoAiming_ws/install/interfaces:/home/lhb/AutoAiming_ws/install/vision_detector:/home/lhb/AutoAiming_ws/install/serial_interface:/home/lhb/AutoAiming_ws/install/gimbal_controller:/home/lhb/AutoAiming_ws/install/homework_bringup:/opt/ros/humble /usr/bin/cmake --install /home/lhb/AutoAiming_ws/build/vision_detector
[15.277s] -- Install configuration: ""
[15.278s] -- Installing: /home/lhb/AutoAiming_ws/install/vision_detector/lib/vision_detector/read
[15.281s] -- Set runtime path of "/home/lhb/AutoAiming_ws/install/vision_detector/lib/vision_detector/read" to ""
[15.281s] -- Up-to-date: /home/lhb/AutoAiming_ws/install/vision_detector/share/ament_index/resource_index/package_run_dependencies/vision_detector
[15.282s] -- Up-to-date: /home/lhb/AutoAiming_ws/install/vision_detector/share/ament_index/resource_index/parent_prefix_path/vision_detector
[15.283s] -- Up-to-date: /home/lhb/AutoAiming_ws/install/vision_detector/share/vision_detector/environment/ament_prefix_path.sh
[15.283s] -- Up-to-date: /home/lhb/AutoAiming_ws/install/vision_detector/share/vision_detector/environment/ament_prefix_path.dsv
[15.283s] -- Up-to-date: /home/lhb/AutoAiming_ws/install/vision_detector/share/vision_detector/environment/path.sh
[15.283s] -- Up-to-date: /home/lhb/AutoAiming_ws/install/vision_detector/share/vision_detector/environment/path.dsv
[15.283s] -- Up-to-date: /home/lhb/AutoAiming_ws/install/vision_detector/share/vision_detector/local_setup.bash
[15.283s] -- Up-to-date: /home/lhb/AutoAiming_ws/install/vision_detector/share/vision_detector/local_setup.sh
[15.283s] -- Up-to-date: /home/lhb/AutoAiming_ws/install/vision_detector/share/vision_detector/local_setup.zsh
[15.283s] -- Up-to-date: /home/lhb/AutoAiming_ws/install/vision_detector/share/vision_detector/local_setup.dsv
[15.283s] -- Installing: /home/lhb/AutoAiming_ws/install/vision_detector/share/vision_detector/package.dsv
[15.284s] -- Up-to-date: /home/lhb/AutoAiming_ws/install/vision_detector/share/ament_index/resource_index/packages/vision_detector
[15.284s] -- Up-to-date: /home/lhb/AutoAiming_ws/install/vision_detector/share/vision_detector/cmake/vision_detectorConfig.cmake
[15.284s] -- Up-to-date: /home/lhb/AutoAiming_ws/install/vision_detector/share/vision_detector/cmake/vision_detectorConfig-version.cmake
[15.284s] -- Up-to-date: /home/lhb/AutoAiming_ws/install/vision_detector/share/vision_detector/package.xml
[15.286s] Invoked command in '/home/lhb/AutoAiming_ws/build/vision_detector' returned '0': CMAKE_PREFIX_PATH=/home/lhb/AutoAiming_ws/install/interfaces:/home/lhb/AutoAiming_ws/install/vision_detector:/home/lhb/AutoAiming_ws/install/serial_interface:/home/lhb/AutoAiming_ws/install/gimbal_controller:/home/lhb/AutoAiming_ws/install/homework_bringup:/opt/ros/humble /usr/bin/cmake --install /home/lhb/AutoAiming_ws/build/vision_detector
