[0.016s] Invoking command in '/home/lhb/AutoAiming_ws/build/vision_detector': CMAKE_PREFIX_PATH=${CMAKE_PREFIX_PATH}:/opt/ros/humble /usr/bin/cmake /home/lhb/AutoAiming_ws/src/vision_detector -DCMAKE_INSTALL_PREFIX=/home/lhb/AutoAiming_ws/install/vision_detector
[0.260s] -- The C compiler identification is GNU 11.4.0
[0.402s] -- The CXX compiler identification is GNU 11.4.0
[0.414s] -- Detecting C compiler ABI info
[0.480s] -- Detecting C compiler ABI info - done
[0.487s] -- Check for working C compiler: /usr/bin/cc - skipped
[0.488s] -- Detecting C compile features
[0.489s] -- Detecting C compile features - done
[0.493s] -- Detecting CXX compiler ABI info
[0.562s] -- Detecting CXX compiler ABI info - done
[0.567s] -- Check for working CXX compiler: /usr/bin/c++ - skipped
[0.568s] -- Detecting CXX compile features
[0.568s] -- Detecting CXX compile features - done
[0.576s] -- Found ament_cmake: 1.3.12 (/opt/ros/humble/share/ament_cmake/cmake)
[0.699s] -- Found Python3: /usr/bin/python3 (found version "3.10.12") found components: Interpreter 
[0.792s] -- Found rclcpp: 16.0.17 (/opt/ros/humble/share/rclcpp/cmake)
[0.855s] -- Found rosidl_generator_c: 3.1.8 (/opt/ros/humble/share/rosidl_generator_c/cmake)
[0.861s] -- Found rosidl_adapter: 3.1.8 (/opt/ros/humble/share/rosidl_adapter/cmake)
[0.872s] -- Found rosidl_generator_cpp: 3.1.8 (/opt/ros/humble/share/rosidl_generator_cpp/cmake)
[0.889s] -- Using all available rosidl_typesupport_c: rosidl_typesupport_fastrtps_c;rosidl_typesupport_introspection_c
[0.908s] -- Using all available rosidl_typesupport_cpp: rosidl_typesupport_fastrtps_cpp;rosidl_typesupport_introspection_cpp
[0.970s] -- Found rmw_implementation_cmake: 6.1.2 (/opt/ros/humble/share/rmw_implementation_cmake/cmake)
[0.974s] -- Found rmw_fastrtps_cpp: 6.2.9 (/opt/ros/humble/share/rmw_fastrtps_cpp/cmake)
[1.070s] -- Found OpenSSL: /usr/lib/x86_64-linux-gnu/libcrypto.so (found version "3.0.2")  
[1.092s] -- Found FastRTPS: /opt/ros/humble/include  
[1.118s] -- Using RMW implementation 'rmw_fastrtps_cpp' as default
[1.131s] -- Looking for pthread.h
[1.210s] -- Looking for pthread.h - found
[1.210s] -- Performing Test CMAKE_HAVE_LIBC_PTHREAD
[1.262s] -- Performing Test CMAKE_HAVE_LIBC_PTHREAD - Success
[1.263s] -- Found Threads: TRUE  
[1.338s] -- Found sensor_msgs: 4.9.0 (/opt/ros/humble/share/sensor_msgs/cmake)
[1.377s] -- Found cv_bridge: 3.2.1 (/opt/ros/humble/share/cv_bridge/cmake)
[1.390s] -- Found OpenCV: /usr (found version "4.5.4") 
[1.397s] -- Found interfaces: 0.0.0 (/home/lhb/AutoAiming_ws/install/interfaces/share/interfaces/cmake)
[1.416s] -- Found ament_lint_auto: 0.12.14 (/opt/ros/humble/share/ament_lint_auto/cmake)
[1.491s] -- Added test 'cppcheck' to perform static code analysis on C / C++ code
[1.491s] -- Configured cppcheck include dirs: 
[1.491s] -- Configured cppcheck exclude dirs and/or files: 
[1.494s] -- Added test 'lint_cmake' to check CMake code style
[1.499s] -- Added test 'uncrustify' to check C / C++ code style
[1.499s] -- Configured uncrustify additional arguments: 
[1.500s] -- Added test 'xmllint' to check XML markup files
[1.502s] -- Configuring done
[1.512s] -- Generating done
[1.516s] -- Build files have been written to: /home/lhb/AutoAiming_ws/build/vision_detector
[1.524s] Invoked command in '/home/lhb/AutoAiming_ws/build/vision_detector' returned '0': CMAKE_PREFIX_PATH=${CMAKE_PREFIX_PATH}:/opt/ros/humble /usr/bin/cmake /home/lhb/AutoAiming_ws/src/vision_detector -DCMAKE_INSTALL_PREFIX=/home/lhb/AutoAiming_ws/install/vision_detector
[1.525s] Invoking command in '/home/lhb/AutoAiming_ws/build/vision_detector': CMAKE_PREFIX_PATH=${CMAKE_PREFIX_PATH}:/opt/ros/humble /usr/bin/cmake --build /home/lhb/AutoAiming_ws/build/vision_detector -- -j8 -l8
[1.561s] [ 75%] [32mBuilding CXX object CMakeFiles/read.dir/src/read_video.cpp.o[0m
[1.561s] [ 75%] [32mBuilding CXX object CMakeFiles/read.dir/src/kalman.cpp.o[0m
[1.561s] [ 75%] [32mBuilding CXX object CMakeFiles/read.dir/src/main.cpp.o[0m
[4.911s] [01m[K/home/lhb/AutoAiming_ws/src/vision_detector/src/read_video.cpp:[m[K In member function ‘[01m[Kstd::vector<cv::Point_<float> > ReadVideo::GetArmours(const cv::Mat&, cv::Mat&, cv::Scalar)[m[K’:
[4.911s] [01m[K/home/lhb/AutoAiming_ws/src/vision_detector/src/read_video.cpp:58:19:[m[K [01;35m[Kwarning: [m[Kcomparison of integer expressions of different signedness: ‘[01m[Kint[m[K’ and ‘[01m[Kstd::vector<cv::RotatedRect>::size_type[m[K’ {aka ‘[01m[Klong unsigned int[m[K’} [[01;35m[K]8;;https://gcc.gnu.org/onlinedocs/gcc/Warning-Options.html#index-Wsign-compare-Wsign-compare]8;;[m[K]
[4.911s]    58 |     for (int i=0;[01;35m[Ki<lights.size()[m[K;i++) {
[4.911s]       |                  [01;35m[K~^~~~~~~~~~~~~~[m[K
[4.911s] [01m[K/home/lhb/AutoAiming_ws/src/vision_detector/src/read_video.cpp:59:25:[m[K [01;35m[Kwarning: [m[Kcomparison of integer expressions of different signedness: ‘[01m[Kint[m[K’ and ‘[01m[Kstd::vector<cv::RotatedRect>::size_type[m[K’ {aka ‘[01m[Klong unsigned int[m[K’} [[01;35m[K]8;;https://gcc.gnu.org/onlinedocs/gcc/Warning-Options.html#index-Wsign-compare-Wsign-compare]8;;[m[K]
[4.911s]    59 |         for (int j=i+1;[01;35m[Kj<lights.size()[m[K;j++) {
[4.911s]       |                        [01;35m[K~^~~~~~~~~~~~~~[m[K
[10.001s] [100%] [32m[1mLinking CXX executable read[0m
[10.984s] [100%] Built target read
[11.004s] Invoked command in '/home/lhb/AutoAiming_ws/build/vision_detector' returned '0': CMAKE_PREFIX_PATH=${CMAKE_PREFIX_PATH}:/opt/ros/humble /usr/bin/cmake --build /home/lhb/AutoAiming_ws/build/vision_detector -- -j8 -l8
[11.017s] Invoking command in '/home/lhb/AutoAiming_ws/build/vision_detector': CMAKE_PREFIX_PATH=${CMAKE_PREFIX_PATH}:/opt/ros/humble /usr/bin/cmake --install /home/lhb/AutoAiming_ws/build/vision_detector
[11.024s] -- Install configuration: ""
[11.025s] -- Installing: /home/lhb/AutoAiming_ws/install/vision_detector/share/ament_index/resource_index/package_run_dependencies/vision_detector
[11.026s] -- Installing: /home/lhb/AutoAiming_ws/install/vision_detector/share/ament_index/resource_index/parent_prefix_path/vision_detector
[11.027s] -- Installing: /home/lhb/AutoAiming_ws/install/vision_detector/share/vision_detector/environment/ament_prefix_path.sh
[11.027s] -- Installing: /home/lhb/AutoAiming_ws/install/vision_detector/share/vision_detector/environment/ament_prefix_path.dsv
[11.027s] -- Installing: /home/lhb/AutoAiming_ws/install/vision_detector/share/vision_detector/environment/path.sh
[11.027s] -- Installing: /home/lhb/AutoAiming_ws/install/vision_detector/share/vision_detector/environment/path.dsv
[11.027s] -- Installing: /home/lhb/AutoAiming_ws/install/vision_detector/share/vision_detector/local_setup.bash
[11.027s] -- Installing: /home/lhb/AutoAiming_ws/install/vision_detector/share/vision_detector/local_setup.sh
[11.027s] -- Installing: /home/lhb/AutoAiming_ws/install/vision_detector/share/vision_detector/local_setup.zsh
[11.027s] -- Installing: /home/lhb/AutoAiming_ws/install/vision_detector/share/vision_detector/local_setup.dsv
[11.027s] -- Installing: /home/lhb/AutoAiming_ws/install/vision_detector/share/vision_detector/package.dsv
[11.027s] -- Installing: /home/lhb/AutoAiming_ws/install/vision_detector/share/ament_index/resource_index/packages/vision_detector
[11.028s] -- Installing: /home/lhb/AutoAiming_ws/install/vision_detector/share/vision_detector/cmake/vision_detectorConfig.cmake
[11.028s] -- Installing: /home/lhb/AutoAiming_ws/install/vision_detector/share/vision_detector/cmake/vision_detectorConfig-version.cmake
[11.028s] -- Installing: /home/lhb/AutoAiming_ws/install/vision_detector/share/vision_detector/package.xml
[11.031s] Invoked command in '/home/lhb/AutoAiming_ws/build/vision_detector' returned '0': CMAKE_PREFIX_PATH=${CMAKE_PREFIX_PATH}:/opt/ros/humble /usr/bin/cmake --install /home/lhb/AutoAiming_ws/build/vision_detector
