[0.014s] Invoking command in '/home/lhb/AutoAiming_ws/build/serial_interface': CMAKE_PREFIX_PATH=${CMAKE_PREFIX_PATH}:/opt/ros/humble /usr/bin/cmake --build /home/lhb/AutoAiming_ws/build/serial_interface -- -j8 -l8
[0.082s] [ 18%] Built target example_msg_serialize
[0.082s] [ 36%] Built target serialib
[0.101s] [35m[1mConsolidate compiler generated dependencies of target fire[0m
[0.116s] [ 54%] Built target example_referee_serial_test
[0.120s] [ 72%] Built target example_serial_test
[0.132s] [100%] Built target fire
[0.142s] Invoked command in '/home/lhb/AutoAiming_ws/build/serial_interface' returned '0': CMAKE_PREFIX_PATH=${CMAKE_PREFIX_PATH}:/opt/ros/humble /usr/bin/cmake --build /home/lhb/AutoAiming_ws/build/serial_interface -- -j8 -l8
[0.144s] Invoking command in '/home/lhb/AutoAiming_ws/build/serial_interface': CMAKE_PREFIX_PATH=${CMAKE_PREFIX_PATH}:/opt/ros/humble /usr/bin/cmake --install /home/lhb/AutoAiming_ws/build/serial_interface
[0.151s] -- Install configuration: ""
[0.151s] -- Up-to-date: /home/lhb/AutoAiming_ws/install/serial_interface/lib/serial_interface/fire
[0.151s] -- Up-to-date: /home/lhb/AutoAiming_ws/install/serial_interface/share/ament_index/resource_index/package_run_dependencies/serial_interface
[0.151s] -- Up-to-date: /home/lhb/AutoAiming_ws/install/serial_interface/share/ament_index/resource_index/parent_prefix_path/serial_interface
[0.151s] -- Up-to-date: /home/lhb/AutoAiming_ws/install/serial_interface/share/serial_interface/environment/ament_prefix_path.sh
[0.151s] -- Up-to-date: /home/lhb/AutoAiming_ws/install/serial_interface/share/serial_interface/environment/ament_prefix_path.dsv
[0.151s] -- Up-to-date: /home/lhb/AutoAiming_ws/install/serial_interface/share/serial_interface/environment/path.sh
[0.151s] -- Up-to-date: /home/lhb/AutoAiming_ws/install/serial_interface/share/serial_interface/environment/path.dsv
[0.151s] -- Up-to-date: /home/lhb/AutoAiming_ws/install/serial_interface/share/serial_interface/local_setup.bash
[0.151s] -- Up-to-date: /home/lhb/AutoAiming_ws/install/serial_interface/share/serial_interface/local_setup.sh
[0.151s] -- Up-to-date: /home/lhb/AutoAiming_ws/install/serial_interface/share/serial_interface/local_setup.zsh
[0.152s] -- Up-to-date: /home/lhb/AutoAiming_ws/install/serial_interface/share/serial_interface/local_setup.dsv
[0.152s] -- Installing: /home/lhb/AutoAiming_ws/install/serial_interface/share/serial_interface/package.dsv
[0.152s] -- Up-to-date: /home/lhb/AutoAiming_ws/install/serial_interface/share/ament_index/resource_index/packages/serial_interface
[0.152s] -- Up-to-date: /home/lhb/AutoAiming_ws/install/serial_interface/share/serial_interface/cmake/serial_interfaceConfig.cmake
[0.152s] -- Up-to-date: /home/lhb/AutoAiming_ws/install/serial_interface/share/serial_interface/cmake/serial_interfaceConfig-version.cmake
[0.152s] -- Up-to-date: /home/lhb/AutoAiming_ws/install/serial_interface/share/serial_interface/package.xml
[0.153s] Invoked command in '/home/lhb/AutoAiming_ws/build/serial_interface' returned '0': CMAKE_PREFIX_PATH=${CMAKE_PREFIX_PATH}:/opt/ros/humble /usr/bin/cmake --install /home/lhb/AutoAiming_ws/build/serial_interface
