[0.014s] Invoking command in '/home/lhb/AutoAiming_ws/build/homework_bringup': CMAKE_PREFIX_PATH=${CMAKE_PREFIX_PATH}:/opt/ros/humble /usr/bin/cmake --build /home/lhb/AutoAiming_ws/build/homework_bringup -- -j8 -l8
[0.055s] Invoked command in '/home/lhb/AutoAiming_ws/build/homework_bringup' returned '0': CMAKE_PREFIX_PATH=${CMAKE_PREFIX_PATH}:/opt/ros/humble /usr/bin/cmake --build /home/lhb/AutoAiming_ws/build/homework_bringup -- -j8 -l8
[0.064s] Invoking command in '/home/lhb/AutoAiming_ws/build/homework_bringup': CMAKE_PREFIX_PATH=${CMAKE_PREFIX_PATH}:/opt/ros/humble /usr/bin/cmake --install /home/lhb/AutoAiming_ws/build/homework_bringup
[0.071s] -- Install configuration: ""
[0.071s] -- Up-to-date: /home/lhb/AutoAiming_ws/install/homework_bringup/share/homework_bringup/launch
[0.071s] -- Installing: /home/lhb/AutoAiming_ws/install/homework_bringup/share/homework_bringup/launch/bringup.launch.py
[0.071s] -- Up-to-date: /home/lhb/AutoAiming_ws/install/homework_bringup/share/ament_index/resource_index/package_run_dependencies/homework_bringup
[0.071s] -- Up-to-date: /home/lhb/AutoAiming_ws/install/homework_bringup/share/ament_index/resource_index/parent_prefix_path/homework_bringup
[0.071s] -- Up-to-date: /home/lhb/AutoAiming_ws/install/homework_bringup/share/homework_bringup/environment/ament_prefix_path.sh
[0.071s] -- Up-to-date: /home/lhb/AutoAiming_ws/install/homework_bringup/share/homework_bringup/environment/ament_prefix_path.dsv
[0.071s] -- Up-to-date: /home/lhb/AutoAiming_ws/install/homework_bringup/share/homework_bringup/environment/path.sh
[0.071s] -- Up-to-date: /home/lhb/AutoAiming_ws/install/homework_bringup/share/homework_bringup/environment/path.dsv
[0.071s] -- Up-to-date: /home/lhb/AutoAiming_ws/install/homework_bringup/share/homework_bringup/local_setup.bash
[0.072s] -- Up-to-date: /home/lhb/AutoAiming_ws/install/homework_bringup/share/homework_bringup/local_setup.sh
[0.072s] -- Up-to-date: /home/lhb/AutoAiming_ws/install/homework_bringup/share/homework_bringup/local_setup.zsh
[0.072s] -- Up-to-date: /home/lhb/AutoAiming_ws/install/homework_bringup/share/homework_bringup/local_setup.dsv
[0.072s] -- Installing: /home/lhb/AutoAiming_ws/install/homework_bringup/share/homework_bringup/package.dsv
[0.072s] -- Up-to-date: /home/lhb/AutoAiming_ws/install/homework_bringup/share/ament_index/resource_index/packages/homework_bringup
[0.072s] -- Up-to-date: /home/lhb/AutoAiming_ws/install/homework_bringup/share/homework_bringup/cmake/homework_bringupConfig.cmake
[0.072s] -- Up-to-date: /home/lhb/AutoAiming_ws/install/homework_bringup/share/homework_bringup/cmake/homework_bringupConfig-version.cmake
[0.072s] -- Up-to-date: /home/lhb/AutoAiming_ws/install/homework_bringup/share/homework_bringup/package.xml
[0.074s] Invoked command in '/home/lhb/AutoAiming_ws/build/homework_bringup' returned '0': CMAKE_PREFIX_PATH=${CMAKE_PREFIX_PATH}:/opt/ros/humble /usr/bin/cmake --install /home/lhb/AutoAiming_ws/build/homework_bringup
