[0.357s] DEBUG:colcon:Command line arguments: ['/usr/bin/colcon', 'build', '--packages-select', 'gimbal_controller']
[0.357s] DEBUG:colcon:Parsed command line arguments: Namespace(log_base=None, log_level=None, verb_name='build', build_base='build', install_base='install', merge_install=False, symlink_install=False, test_result_base=None, continue_on_error=False, executor='parallel', parallel_workers=8, event_handlers=None, ignore_user_meta=False, metas=['./colcon.meta'], base_paths=['.'], packages_ignore=None, packages_ignore_regex=None, paths=None, packages_up_to=None, packages_up_to_regex=None, packages_above=None, packages_above_and_dependencies=None, packages_above_depth=None, packages_select_by_dep=None, packages_skip_by_dep=None, packages_skip_up_to=None, packages_select_build_failed=False, packages_skip_build_finished=False, packages_select_test_failures=False, packages_skip_test_passed=False, packages_select=['gimbal_controller'], packages_skip=None, packages_select_regex=None, packages_skip_regex=None, packages_start=None, packages_end=None, allow_overriding=[], cmake_args=None, cmake_target=None, cmake_target_skip_unavailable=False, cmake_clean_cache=False, cmake_clean_first=False, cmake_force_configure=False, ament_cmake_args=None, catkin_cmake_args=None, catkin_skip_building_tests=False, verb_parser=<colcon_defaults.argument_parser.defaults.DefaultArgumentsDecorator object at 0x7dbf8cb23490>, verb_extension=<colcon_core.verb.build.BuildVerb object at 0x7dbf8cb23040>, main=<bound method BuildVerb.main of <colcon_core.verb.build.BuildVerb object at 0x7dbf8cb23040>>)
[0.641s] Level 1:colcon.colcon_core.package_discovery:discover_packages(colcon_meta) check parameters
[0.641s] Level 1:colcon.colcon_core.package_discovery:discover_packages(recursive) check parameters
[0.641s] Level 1:colcon.colcon_core.package_discovery:discover_packages(ignore) check parameters
[0.641s] Level 1:colcon.colcon_core.package_discovery:discover_packages(path) check parameters
[0.641s] Level 1:colcon.colcon_core.package_discovery:discover_packages(colcon_meta) discover
[0.641s] Level 1:colcon.colcon_core.package_discovery:discover_packages(recursive) discover
[0.641s] INFO:colcon.colcon_core.package_discovery:Crawling recursively for packages in '/home/lhb/AutoAiming_ws'
[0.641s] Level 1:colcon.colcon_core.package_identification:_identify(.) by extensions ['ignore', 'ignore_ament_install']
[0.641s] Level 1:colcon.colcon_core.package_identification:_identify(.) by extension 'ignore'
[0.641s] Level 1:colcon.colcon_core.package_identification:_identify(.) by extension 'ignore_ament_install'
[0.641s] Level 1:colcon.colcon_core.package_identification:_identify(.) by extensions ['colcon_pkg']
[0.641s] Level 1:colcon.colcon_core.package_identification:_identify(.) by extension 'colcon_pkg'
[0.641s] Level 1:colcon.colcon_core.package_identification:_identify(.) by extensions ['colcon_meta']
[0.641s] Level 1:colcon.colcon_core.package_identification:_identify(.) by extension 'colcon_meta'
[0.641s] Level 1:colcon.colcon_core.package_identification:_identify(.) by extensions ['ros']
[0.641s] Level 1:colcon.colcon_core.package_identification:_identify(.) by extension 'ros'
[0.652s] Level 1:colcon.colcon_core.package_identification:_identify(.) by extensions ['cmake', 'python']
[0.652s] Level 1:colcon.colcon_core.package_identification:_identify(.) by extension 'cmake'
[0.652s] Level 1:colcon.colcon_core.package_identification:_identify(.) by extension 'python'
[0.652s] Level 1:colcon.colcon_core.package_identification:_identify(.) by extensions ['python_setup_py']
[0.652s] Level 1:colcon.colcon_core.package_identification:_identify(.) by extension 'python_setup_py'
[0.652s] Level 1:colcon.colcon_core.package_identification:_identify(build) by extensions ['ignore', 'ignore_ament_install']
[0.652s] Level 1:colcon.colcon_core.package_identification:_identify(build) by extension 'ignore'
[0.652s] Level 1:colcon.colcon_core.package_identification:_identify(build) ignored
[0.652s] Level 1:colcon.colcon_core.package_identification:_identify(install) by extensions ['ignore', 'ignore_ament_install']
[0.652s] Level 1:colcon.colcon_core.package_identification:_identify(install) by extension 'ignore'
[0.652s] Level 1:colcon.colcon_core.package_identification:_identify(install) ignored
[0.653s] Level 1:colcon.colcon_core.package_identification:_identify(log) by extensions ['ignore', 'ignore_ament_install']
[0.653s] Level 1:colcon.colcon_core.package_identification:_identify(log) by extension 'ignore'
[0.653s] Level 1:colcon.colcon_core.package_identification:_identify(log) ignored
[0.653s] Level 1:colcon.colcon_core.package_identification:_identify(src) by extensions ['ignore', 'ignore_ament_install']
[0.653s] Level 1:colcon.colcon_core.package_identification:_identify(src) by extension 'ignore'
[0.653s] Level 1:colcon.colcon_core.package_identification:_identify(src) by extension 'ignore_ament_install'
[0.653s] Level 1:colcon.colcon_core.package_identification:_identify(src) by extensions ['colcon_pkg']
[0.653s] Level 1:colcon.colcon_core.package_identification:_identify(src) by extension 'colcon_pkg'
[0.653s] Level 1:colcon.colcon_core.package_identification:_identify(src) by extensions ['colcon_meta']
[0.653s] Level 1:colcon.colcon_core.package_identification:_identify(src) by extension 'colcon_meta'
[0.653s] Level 1:colcon.colcon_core.package_identification:_identify(src) by extensions ['ros']
[0.653s] Level 1:colcon.colcon_core.package_identification:_identify(src) by extension 'ros'
[0.653s] Level 1:colcon.colcon_core.package_identification:_identify(src) by extensions ['cmake', 'python']
[0.653s] Level 1:colcon.colcon_core.package_identification:_identify(src) by extension 'cmake'
[0.653s] Level 1:colcon.colcon_core.package_identification:_identify(src) by extension 'python'
[0.653s] Level 1:colcon.colcon_core.package_identification:_identify(src) by extensions ['python_setup_py']
[0.653s] Level 1:colcon.colcon_core.package_identification:_identify(src) by extension 'python_setup_py'
[0.653s] Level 1:colcon.colcon_core.package_identification:_identify(src/gimbal_controller) by extensions ['ignore', 'ignore_ament_install']
[0.653s] Level 1:colcon.colcon_core.package_identification:_identify(src/gimbal_controller) by extension 'ignore'
[0.653s] Level 1:colcon.colcon_core.package_identification:_identify(src/gimbal_controller) by extension 'ignore_ament_install'
[0.653s] Level 1:colcon.colcon_core.package_identification:_identify(src/gimbal_controller) by extensions ['colcon_pkg']
[0.653s] Level 1:colcon.colcon_core.package_identification:_identify(src/gimbal_controller) by extension 'colcon_pkg'
[0.653s] Level 1:colcon.colcon_core.package_identification:_identify(src/gimbal_controller) by extensions ['colcon_meta']
[0.653s] Level 1:colcon.colcon_core.package_identification:_identify(src/gimbal_controller) by extension 'colcon_meta'
[0.653s] Level 1:colcon.colcon_core.package_identification:_identify(src/gimbal_controller) by extensions ['ros']
[0.654s] Level 1:colcon.colcon_core.package_identification:_identify(src/gimbal_controller) by extension 'ros'
[0.656s] DEBUG:colcon.colcon_core.package_identification:Package 'src/gimbal_controller' with type 'ros.ament_cmake' and name 'gimbal_controller'
[0.656s] Level 1:colcon.colcon_core.package_identification:_identify(src/interfaces) by extensions ['ignore', 'ignore_ament_install']
[0.656s] Level 1:colcon.colcon_core.package_identification:_identify(src/interfaces) by extension 'ignore'
[0.656s] Level 1:colcon.colcon_core.package_identification:_identify(src/interfaces) by extension 'ignore_ament_install'
[0.656s] Level 1:colcon.colcon_core.package_identification:_identify(src/interfaces) by extensions ['colcon_pkg']
[0.657s] Level 1:colcon.colcon_core.package_identification:_identify(src/interfaces) by extension 'colcon_pkg'
[0.657s] Level 1:colcon.colcon_core.package_identification:_identify(src/interfaces) by extensions ['colcon_meta']
[0.657s] Level 1:colcon.colcon_core.package_identification:_identify(src/interfaces) by extension 'colcon_meta'
[0.657s] Level 1:colcon.colcon_core.package_identification:_identify(src/interfaces) by extensions ['ros']
[0.657s] Level 1:colcon.colcon_core.package_identification:_identify(src/interfaces) by extension 'ros'
[0.658s] DEBUG:colcon.colcon_core.package_identification:Package 'src/interfaces' with type 'ros.ament_cmake' and name 'interfaces'
[0.658s] Level 1:colcon.colcon_core.package_identification:_identify(src/serial_interface) by extensions ['ignore', 'ignore_ament_install']
[0.658s] Level 1:colcon.colcon_core.package_identification:_identify(src/serial_interface) by extension 'ignore'
[0.658s] Level 1:colcon.colcon_core.package_identification:_identify(src/serial_interface) by extension 'ignore_ament_install'
[0.658s] Level 1:colcon.colcon_core.package_identification:_identify(src/serial_interface) by extensions ['colcon_pkg']
[0.658s] Level 1:colcon.colcon_core.package_identification:_identify(src/serial_interface) by extension 'colcon_pkg'
[0.658s] Level 1:colcon.colcon_core.package_identification:_identify(src/serial_interface) by extensions ['colcon_meta']
[0.658s] Level 1:colcon.colcon_core.package_identification:_identify(src/serial_interface) by extension 'colcon_meta'
[0.658s] Level 1:colcon.colcon_core.package_identification:_identify(src/serial_interface) by extensions ['ros']
[0.658s] Level 1:colcon.colcon_core.package_identification:_identify(src/serial_interface) by extension 'ros'
[0.659s] DEBUG:colcon.colcon_core.package_identification:Package 'src/serial_interface' with type 'ros.ament_cmake' and name 'serial_interface'
[0.659s] Level 1:colcon.colcon_core.package_identification:_identify(src/vision_detector) by extensions ['ignore', 'ignore_ament_install']
[0.659s] Level 1:colcon.colcon_core.package_identification:_identify(src/vision_detector) by extension 'ignore'
[0.659s] Level 1:colcon.colcon_core.package_identification:_identify(src/vision_detector) by extension 'ignore_ament_install'
[0.659s] Level 1:colcon.colcon_core.package_identification:_identify(src/vision_detector) by extensions ['colcon_pkg']
[0.659s] Level 1:colcon.colcon_core.package_identification:_identify(src/vision_detector) by extension 'colcon_pkg'
[0.659s] Level 1:colcon.colcon_core.package_identification:_identify(src/vision_detector) by extensions ['colcon_meta']
[0.659s] Level 1:colcon.colcon_core.package_identification:_identify(src/vision_detector) by extension 'colcon_meta'
[0.659s] Level 1:colcon.colcon_core.package_identification:_identify(src/vision_detector) by extensions ['ros']
[0.659s] Level 1:colcon.colcon_core.package_identification:_identify(src/vision_detector) by extension 'ros'
[0.660s] DEBUG:colcon.colcon_core.package_identification:Package 'src/vision_detector' with type 'ros.ament_cmake' and name 'vision_detector'
[0.660s] Level 1:colcon.colcon_core.package_discovery:discover_packages(recursive) using defaults
[0.660s] Level 1:colcon.colcon_core.package_discovery:discover_packages(ignore) discover
[0.660s] Level 1:colcon.colcon_core.package_discovery:discover_packages(ignore) using defaults
[0.660s] Level 1:colcon.colcon_core.package_discovery:discover_packages(path) discover
[0.660s] Level 1:colcon.colcon_core.package_discovery:discover_packages(path) using defaults
[0.681s] INFO:colcon.colcon_core.package_selection:Skipping not selected package 'interfaces' in 'src/interfaces'
[0.681s] INFO:colcon.colcon_core.package_selection:Skipping not selected package 'serial_interface' in 'src/serial_interface'
[0.681s] INFO:colcon.colcon_core.package_selection:Skipping not selected package 'vision_detector' in 'src/vision_detector'
[0.682s] Level 1:colcon.colcon_core.package_discovery:discover_packages(prefix_path) check parameters
[0.682s] Level 1:colcon.colcon_core.package_discovery:discover_packages(prefix_path) discover
[0.685s] DEBUG:colcon.colcon_installed_package_information.package_discovery:Found 2 installed packages in /home/lhb/AutoAiming_ws/install
[0.686s] DEBUG:colcon.colcon_installed_package_information.package_discovery:Found 276 installed packages in /opt/ros/humble
[0.695s] Level 1:colcon.colcon_core.package_discovery:discover_packages(prefix_path) using defaults
[0.721s] Level 5:colcon.colcon_core.verb:set package 'gimbal_controller' build argument 'cmake_args' from command line to 'None'
[0.721s] Level 5:colcon.colcon_core.verb:set package 'gimbal_controller' build argument 'cmake_target' from command line to 'None'
[0.721s] Level 5:colcon.colcon_core.verb:set package 'gimbal_controller' build argument 'cmake_target_skip_unavailable' from command line to 'False'
[0.721s] Level 5:colcon.colcon_core.verb:set package 'gimbal_controller' build argument 'cmake_clean_cache' from command line to 'False'
[0.721s] Level 5:colcon.colcon_core.verb:set package 'gimbal_controller' build argument 'cmake_clean_first' from command line to 'False'
[0.721s] Level 5:colcon.colcon_core.verb:set package 'gimbal_controller' build argument 'cmake_force_configure' from command line to 'False'
[0.721s] Level 5:colcon.colcon_core.verb:set package 'gimbal_controller' build argument 'ament_cmake_args' from command line to 'None'
[0.721s] Level 5:colcon.colcon_core.verb:set package 'gimbal_controller' build argument 'catkin_cmake_args' from command line to 'None'
[0.721s] Level 5:colcon.colcon_core.verb:set package 'gimbal_controller' build argument 'catkin_skip_building_tests' from command line to 'False'
[0.721s] DEBUG:colcon.colcon_core.verb:Building package 'gimbal_controller' with the following arguments: {'ament_cmake_args': None, 'build_base': '/home/lhb/AutoAiming_ws/build/gimbal_controller', 'catkin_cmake_args': None, 'catkin_skip_building_tests': False, 'cmake_args': None, 'cmake_clean_cache': False, 'cmake_clean_first': False, 'cmake_force_configure': False, 'cmake_target': None, 'cmake_target_skip_unavailable': False, 'install_base': '/home/lhb/AutoAiming_ws/install/gimbal_controller', 'merge_install': False, 'path': '/home/lhb/AutoAiming_ws/src/gimbal_controller', 'symlink_install': False, 'test_result_base': None}
[0.721s] INFO:colcon.colcon_core.executor:Executing jobs using 'parallel' executor
[0.722s] DEBUG:colcon.colcon_parallel_executor.executor.parallel:run_until_complete
[0.722s] INFO:colcon.colcon_ros.task.ament_cmake.build:Building ROS package in '/home/lhb/AutoAiming_ws/src/gimbal_controller' with build type 'ament_cmake'
[0.723s] INFO:colcon.colcon_cmake.task.cmake.build:Building CMake package in '/home/lhb/AutoAiming_ws/src/gimbal_controller'
[0.727s] INFO:colcon.colcon_core.plugin_system:Skipping extension 'colcon_core.shell.bat': Not used on non-Windows systems
[0.728s] INFO:colcon.colcon_core.shell:Skip shell extension 'powershell' for command environment: Not usable outside of PowerShell
[0.728s] DEBUG:colcon.colcon_core.shell:Skip shell extension 'dsv' for command environment
[0.737s] DEBUG:colcon.colcon_core.event_handler.log_command:Invoking command in '/home/lhb/AutoAiming_ws/build/gimbal_controller': CMAKE_PREFIX_PATH=/home/lhb/AutoAiming_ws/install/interfaces:/home/lhb/AutoAiming_ws/install/vision_detector:/opt/ros/humble /usr/bin/cmake /home/lhb/AutoAiming_ws/src/gimbal_controller -DCMAKE_INSTALL_PREFIX=/home/lhb/AutoAiming_ws/install/gimbal_controller
[1.692s] DEBUG:colcon.colcon_core.event_handler.log_command:Invoked command in '/home/lhb/AutoAiming_ws/build/gimbal_controller' returned '0': CMAKE_PREFIX_PATH=/home/lhb/AutoAiming_ws/install/interfaces:/home/lhb/AutoAiming_ws/install/vision_detector:/opt/ros/humble /usr/bin/cmake /home/lhb/AutoAiming_ws/src/gimbal_controller -DCMAKE_INSTALL_PREFIX=/home/lhb/AutoAiming_ws/install/gimbal_controller
[1.693s] DEBUG:colcon.colcon_core.event_handler.log_command:Invoking command in '/home/lhb/AutoAiming_ws/build/gimbal_controller': CMAKE_PREFIX_PATH=/home/lhb/AutoAiming_ws/install/interfaces:/home/lhb/AutoAiming_ws/install/vision_detector:/opt/ros/humble /usr/bin/cmake --build /home/lhb/AutoAiming_ws/build/gimbal_controller -- -j8 -l8
[9.121s] DEBUG:colcon.colcon_core.event_handler.log_command:Invoked command in '/home/lhb/AutoAiming_ws/build/gimbal_controller' returned '0': CMAKE_PREFIX_PATH=/home/lhb/AutoAiming_ws/install/interfaces:/home/lhb/AutoAiming_ws/install/vision_detector:/opt/ros/humble /usr/bin/cmake --build /home/lhb/AutoAiming_ws/build/gimbal_controller -- -j8 -l8
[9.129s] DEBUG:colcon.colcon_core.event_handler.log_command:Invoking command in '/home/lhb/AutoAiming_ws/build/gimbal_controller': CMAKE_PREFIX_PATH=/home/lhb/AutoAiming_ws/install/interfaces:/home/lhb/AutoAiming_ws/install/vision_detector:/opt/ros/humble /usr/bin/cmake --install /home/lhb/AutoAiming_ws/build/gimbal_controller
[9.136s] Level 1:colcon.colcon_core.environment:create_environment_scripts_only(gimbal_controller)
[9.136s] DEBUG:colcon.colcon_core.event_handler.log_command:Invoked command in '/home/lhb/AutoAiming_ws/build/gimbal_controller' returned '0': CMAKE_PREFIX_PATH=/home/lhb/AutoAiming_ws/install/interfaces:/home/lhb/AutoAiming_ws/install/vision_detector:/opt/ros/humble /usr/bin/cmake --install /home/lhb/AutoAiming_ws/build/gimbal_controller
[9.142s] Level 1:colcon.colcon_core.environment:checking '/home/lhb/AutoAiming_ws/install/gimbal_controller' for CMake module files
[9.142s] Level 1:colcon.colcon_core.environment:checking '/home/lhb/AutoAiming_ws/install/gimbal_controller' for CMake config files
[9.142s] Level 1:colcon.colcon_core.shell:create_environment_hook('gimbal_controller', 'cmake_prefix_path')
[9.142s] INFO:colcon.colcon_core.shell:Creating environment hook '/home/lhb/AutoAiming_ws/install/gimbal_controller/share/gimbal_controller/hook/cmake_prefix_path.ps1'
[9.143s] INFO:colcon.colcon_core.shell:Creating environment descriptor '/home/lhb/AutoAiming_ws/install/gimbal_controller/share/gimbal_controller/hook/cmake_prefix_path.dsv'
[9.144s] INFO:colcon.colcon_core.shell:Creating environment hook '/home/lhb/AutoAiming_ws/install/gimbal_controller/share/gimbal_controller/hook/cmake_prefix_path.sh'
[9.145s] Level 1:colcon.colcon_core.environment:checking '/home/lhb/AutoAiming_ws/install/gimbal_controller/bin'
[9.145s] Level 1:colcon.colcon_core.environment:checking '/home/lhb/AutoAiming_ws/install/gimbal_controller/lib/pkgconfig/gimbal_controller.pc'
[9.145s] Level 1:colcon.colcon_core.environment:checking '/home/lhb/AutoAiming_ws/install/gimbal_controller/lib/python3.10/site-packages'
[9.145s] Level 1:colcon.colcon_core.environment:checking '/home/lhb/AutoAiming_ws/install/gimbal_controller/bin'
[9.145s] INFO:colcon.colcon_core.shell:Creating package script '/home/lhb/AutoAiming_ws/install/gimbal_controller/share/gimbal_controller/package.ps1'
[9.146s] INFO:colcon.colcon_core.shell:Creating package descriptor '/home/lhb/AutoAiming_ws/install/gimbal_controller/share/gimbal_controller/package.dsv'
[9.147s] INFO:colcon.colcon_core.shell:Creating package script '/home/lhb/AutoAiming_ws/install/gimbal_controller/share/gimbal_controller/package.sh'
[9.148s] INFO:colcon.colcon_core.shell:Creating package script '/home/lhb/AutoAiming_ws/install/gimbal_controller/share/gimbal_controller/package.bash'
[9.149s] INFO:colcon.colcon_core.shell:Creating package script '/home/lhb/AutoAiming_ws/install/gimbal_controller/share/gimbal_controller/package.zsh'
[9.150s] Level 1:colcon.colcon_core.environment:create_file_with_runtime_dependencies(/home/lhb/AutoAiming_ws/install/gimbal_controller/share/colcon-core/packages/gimbal_controller)
[9.150s] Level 1:colcon.colcon_core.environment:create_environment_scripts_only(gimbal_controller)
[9.150s] Level 1:colcon.colcon_core.environment:checking '/home/lhb/AutoAiming_ws/install/gimbal_controller' for CMake module files
[9.151s] Level 1:colcon.colcon_core.environment:checking '/home/lhb/AutoAiming_ws/install/gimbal_controller' for CMake config files
[9.151s] Level 1:colcon.colcon_core.shell:create_environment_hook('gimbal_controller', 'cmake_prefix_path')
[9.151s] INFO:colcon.colcon_core.shell:Creating environment hook '/home/lhb/AutoAiming_ws/install/gimbal_controller/share/gimbal_controller/hook/cmake_prefix_path.ps1'
[9.151s] INFO:colcon.colcon_core.shell:Creating environment descriptor '/home/lhb/AutoAiming_ws/install/gimbal_controller/share/gimbal_controller/hook/cmake_prefix_path.dsv'
[9.151s] INFO:colcon.colcon_core.shell:Creating environment hook '/home/lhb/AutoAiming_ws/install/gimbal_controller/share/gimbal_controller/hook/cmake_prefix_path.sh'
[9.152s] Level 1:colcon.colcon_core.environment:checking '/home/lhb/AutoAiming_ws/install/gimbal_controller/bin'
[9.152s] Level 1:colcon.colcon_core.environment:checking '/home/lhb/AutoAiming_ws/install/gimbal_controller/lib/pkgconfig/gimbal_controller.pc'
[9.152s] Level 1:colcon.colcon_core.environment:checking '/home/lhb/AutoAiming_ws/install/gimbal_controller/lib/python3.10/site-packages'
[9.152s] Level 1:colcon.colcon_core.environment:checking '/home/lhb/AutoAiming_ws/install/gimbal_controller/bin'
[9.152s] INFO:colcon.colcon_core.shell:Creating package script '/home/lhb/AutoAiming_ws/install/gimbal_controller/share/gimbal_controller/package.ps1'
[9.153s] INFO:colcon.colcon_core.shell:Creating package descriptor '/home/lhb/AutoAiming_ws/install/gimbal_controller/share/gimbal_controller/package.dsv'
[9.153s] INFO:colcon.colcon_core.shell:Creating package script '/home/lhb/AutoAiming_ws/install/gimbal_controller/share/gimbal_controller/package.sh'
[9.153s] INFO:colcon.colcon_core.shell:Creating package script '/home/lhb/AutoAiming_ws/install/gimbal_controller/share/gimbal_controller/package.bash'
[9.154s] INFO:colcon.colcon_core.shell:Creating package script '/home/lhb/AutoAiming_ws/install/gimbal_controller/share/gimbal_controller/package.zsh'
[9.154s] Level 1:colcon.colcon_core.environment:create_file_with_runtime_dependencies(/home/lhb/AutoAiming_ws/install/gimbal_controller/share/colcon-core/packages/gimbal_controller)
[9.154s] DEBUG:colcon.colcon_parallel_executor.executor.parallel:closing loop
[9.154s] DEBUG:colcon.colcon_parallel_executor.executor.parallel:loop closed
[9.154s] DEBUG:colcon.colcon_parallel_executor.executor.parallel:run_until_complete finished with '0'
[9.155s] DEBUG:colcon.colcon_core.event_reactor:joining thread
[9.161s] INFO:colcon.colcon_core.plugin_system:Skipping extension 'colcon_notification.desktop_notification.terminal_notifier': Not used on non-Darwin systems
[9.161s] INFO:colcon.colcon_core.plugin_system:Skipping extension 'colcon_notification.desktop_notification.win32': Not used on non-Windows systems
[9.161s] INFO:colcon.colcon_notification.desktop_notification:Sending desktop notification using 'notify2'
[9.176s] DEBUG:colcon.colcon_core.event_reactor:joined thread
[9.177s] INFO:colcon.colcon_core.shell:Creating prefix script '/home/lhb/AutoAiming_ws/install/local_setup.ps1'
[9.178s] INFO:colcon.colcon_core.shell:Creating prefix util module '/home/lhb/AutoAiming_ws/install/_local_setup_util_ps1.py'
[9.180s] INFO:colcon.colcon_core.shell:Creating prefix chain script '/home/lhb/AutoAiming_ws/install/setup.ps1'
[9.182s] INFO:colcon.colcon_core.shell:Creating prefix script '/home/lhb/AutoAiming_ws/install/local_setup.sh'
[9.183s] INFO:colcon.colcon_core.shell:Creating prefix util module '/home/lhb/AutoAiming_ws/install/_local_setup_util_sh.py'
[9.184s] INFO:colcon.colcon_core.shell:Creating prefix chain script '/home/lhb/AutoAiming_ws/install/setup.sh'
[9.185s] INFO:colcon.colcon_core.shell:Creating prefix script '/home/lhb/AutoAiming_ws/install/local_setup.bash'
[9.186s] INFO:colcon.colcon_core.shell:Creating prefix chain script '/home/lhb/AutoAiming_ws/install/setup.bash'
[9.187s] INFO:colcon.colcon_core.shell:Creating prefix script '/home/lhb/AutoAiming_ws/install/local_setup.zsh'
[9.187s] INFO:colcon.colcon_core.shell:Creating prefix chain script '/home/lhb/AutoAiming_ws/install/setup.zsh'
