[0.014s] Invoking command in '/home/lhb/AutoAiming_ws/build/serial_interface': CMAKE_PREFIX_PATH=${CMAKE_PREFIX_PATH}:/opt/ros/humble /usr/bin/cmake --build /home/lhb/AutoAiming_ws/build/serial_interface -- -j8 -l8
[0.061s] [ 36%] Built target serialib
[0.061s] [ 36%] Built target example_msg_serialize
[0.097s] [ 54%] Built target example_referee_serial_test
[0.100s] [ 63%] [32mBuilding CXX object CMakeFiles/fire.dir/src/SendToSer.cpp.o[0m
[0.100s] [ 72%] [32mBuilding CXX object CMakeFiles/fire.dir/src/main.cpp.o[0m
[0.101s] [ 90%] Built target example_serial_test
[6.615s] [100%] [32m[1mLinking CXX executable fire[0m
[6.992s] [100%] Built target fire
[7.009s] Invoked command in '/home/lhb/AutoAiming_ws/build/serial_interface' returned '0': CMAKE_PREFIX_PATH=${CMAKE_PREFIX_PATH}:/opt/ros/humble /usr/bin/cmake --build /home/lhb/AutoAiming_ws/build/serial_interface -- -j8 -l8
[7.015s] Invoking command in '/home/lhb/AutoAiming_ws/build/serial_interface': CMAKE_PREFIX_PATH=${CMAKE_PREFIX_PATH}:/opt/ros/humble /usr/bin/cmake --install /home/lhb/AutoAiming_ws/build/serial_interface
[7.024s] -- Install configuration: ""
[7.025s] -- Installing: /home/lhb/AutoAiming_ws/install/serial_interface/lib/serial_interface/fire
[7.028s] -- Set runtime path of "/home/lhb/AutoAiming_ws/install/serial_interface/lib/serial_interface/fire" to ""
[7.029s] -- Up-to-date: /home/lhb/AutoAiming_ws/install/serial_interface/share/ament_index/resource_index/package_run_dependencies/serial_interface
[7.029s] -- Up-to-date: /home/lhb/AutoAiming_ws/install/serial_interface/share/ament_index/resource_index/parent_prefix_path/serial_interface
[7.031s] -- Up-to-date: /home/lhb/AutoAiming_ws/install/serial_interface/share/serial_interface/environment/ament_prefix_path.sh
[7.031s] -- Up-to-date: /home/lhb/AutoAiming_ws/install/serial_interface/share/serial_interface/environment/ament_prefix_path.dsv
[7.031s] -- Up-to-date: /home/lhb/AutoAiming_ws/install/serial_interface/share/serial_interface/environment/path.sh
[7.031s] -- Up-to-date: /home/lhb/AutoAiming_ws/install/serial_interface/share/serial_interface/environment/path.dsv
[7.031s] -- Up-to-date: /home/lhb/AutoAiming_ws/install/serial_interface/share/serial_interface/local_setup.bash
[7.031s] -- Up-to-date: /home/lhb/AutoAiming_ws/install/serial_interface/share/serial_interface/local_setup.sh
[7.031s] -- Up-to-date: /home/lhb/AutoAiming_ws/install/serial_interface/share/serial_interface/local_setup.zsh
[7.031s] -- Up-to-date: /home/lhb/AutoAiming_ws/install/serial_interface/share/serial_interface/local_setup.dsv
[7.031s] -- Installing: /home/lhb/AutoAiming_ws/install/serial_interface/share/serial_interface/package.dsv
[7.032s] -- Up-to-date: /home/lhb/AutoAiming_ws/install/serial_interface/share/ament_index/resource_index/packages/serial_interface
[7.032s] -- Up-to-date: /home/lhb/AutoAiming_ws/install/serial_interface/share/serial_interface/cmake/serial_interfaceConfig.cmake
[7.032s] -- Up-to-date: /home/lhb/AutoAiming_ws/install/serial_interface/share/serial_interface/cmake/serial_interfaceConfig-version.cmake
[7.032s] -- Up-to-date: /home/lhb/AutoAiming_ws/install/serial_interface/share/serial_interface/package.xml
[7.035s] Invoked command in '/home/lhb/AutoAiming_ws/build/serial_interface' returned '0': CMAKE_PREFIX_PATH=${CMAKE_PREFIX_PATH}:/opt/ros/humble /usr/bin/cmake --install /home/lhb/AutoAiming_ws/build/serial_interface
