[0.010s] Invoking command in '/home/lhb/AutoAiming_ws/build/serial_interface': CMAKE_PREFIX_PATH=${CMAKE_PREFIX_PATH}:/opt/ros/humble /usr/bin/cmake /home/lhb/AutoAiming_ws/src/serial_interface -DCMAKE_INSTALL_PREFIX=/home/lhb/AutoAiming_ws/install/serial_interface
[0.085s] -- The C compiler identification is GNU 11.4.0
[0.152s] -- The CXX compiler identification is GNU 11.4.0
[0.157s] -- Detecting C compiler ABI info
[0.212s] -- Detecting C compiler ABI info - done
[0.218s] -- Check for working C compiler: /usr/bin/cc - skipped
[0.218s] -- Detecting C compile features
[0.219s] -- Detecting C compile features - done
[0.223s] -- Detecting CXX compiler ABI info
[0.281s] -- Detecting CXX compiler ABI info - done
[0.287s] -- Check for working CXX compiler: /usr/bin/c++ - skipped
[0.287s] -- Detecting CXX compile features
[0.287s] -- Detecting CXX compile features - done
[0.289s] [31mCMake Error at serialPro/thirdparty/serialib/CMakeLists.txt:1 (cmake_minimum_required):
[0.289s]   CMake 3.23 or higher is required.  You are running version 3.22.1
[0.289s] 
[0.289s] [0m
[0.290s] -- Configuring incomplete, errors occurred!
[0.290s] See also "/home/lhb/AutoAiming_ws/build/serial_interface/CMakeFiles/CMakeOutput.log".
[0.292s] Invoked command in '/home/lhb/AutoAiming_ws/build/serial_interface' returned '1': CMAKE_PREFIX_PATH=${CMAKE_PREFIX_PATH}:/opt/ros/humble /usr/bin/cmake /home/lhb/AutoAiming_ws/src/serial_interface -DCMAKE_INSTALL_PREFIX=/home/lhb/AutoAiming_ws/install/serial_interface
