[ 18%] Built target serialib
[ 36%] Built target example_msg_serialize
[ 63%] Built target example_serial_test
[ 72%] Built target example_referee_serial_test
[100%] Built target fire
-- Install configuration: ""
-- Up-to-date: /home/lhb/AutoAiming_ws/install/serial_interface/lib/serial_interface/fire
-- Up-to-date: /home/lhb/AutoAiming_ws/install/serial_interface/share/ament_index/resource_index/package_run_dependencies/serial_interface
-- Up-to-date: /home/lhb/AutoAiming_ws/install/serial_interface/share/ament_index/resource_index/parent_prefix_path/serial_interface
-- Up-to-date: /home/lhb/AutoAiming_ws/install/serial_interface/share/serial_interface/environment/ament_prefix_path.sh
-- Up-to-date: /home/lhb/AutoAiming_ws/install/serial_interface/share/serial_interface/environment/ament_prefix_path.dsv
-- Up-to-date: /home/lhb/AutoAiming_ws/install/serial_interface/share/serial_interface/environment/path.sh
-- Up-to-date: /home/lhb/AutoAiming_ws/install/serial_interface/share/serial_interface/environment/path.dsv
-- Up-to-date: /home/lhb/AutoAiming_ws/install/serial_interface/share/serial_interface/local_setup.bash
-- Up-to-date: /home/lhb/AutoAiming_ws/install/serial_interface/share/serial_interface/local_setup.sh
-- Up-to-date: /home/lhb/AutoAiming_ws/install/serial_interface/share/serial_interface/local_setup.zsh
-- Up-to-date: /home/lhb/AutoAiming_ws/install/serial_interface/share/serial_interface/local_setup.dsv
-- Installing: /home/lhb/AutoAiming_ws/install/serial_interface/share/serial_interface/package.dsv
-- Up-to-date: /home/lhb/AutoAiming_ws/install/serial_interface/share/ament_index/resource_index/packages/serial_interface
-- Up-to-date: /home/lhb/AutoAiming_ws/install/serial_interface/share/serial_interface/cmake/serial_interfaceConfig.cmake
-- Up-to-date: /home/lhb/AutoAiming_ws/install/serial_interface/share/serial_interface/cmake/serial_interfaceConfig-version.cmake
-- Up-to-date: /home/lhb/AutoAiming_ws/install/serial_interface/share/serial_interface/package.xml
