[0.275s] DEBUG:colcon:Command line arguments: ['/usr/bin/colcon', 'build']
[0.275s] DEBUG:colcon:Parsed command line arguments: Namespace(log_base=None, log_level=None, verb_name='build', build_base='build', install_base='install', merge_install=False, symlink_install=False, test_result_base=None, continue_on_error=False, executor='parallel', parallel_workers=8, event_handlers=None, ignore_user_meta=False, metas=['./colcon.meta'], base_paths=['.'], packages_ignore=None, packages_ignore_regex=None, paths=None, packages_up_to=None, packages_up_to_regex=None, packages_above=None, packages_above_and_dependencies=None, packages_above_depth=None, packages_select_by_dep=None, packages_skip_by_dep=None, packages_skip_up_to=None, packages_select_build_failed=False, packages_skip_build_finished=False, packages_select_test_failures=False, packages_skip_test_passed=False, packages_select=None, packages_skip=None, packages_select_regex=None, packages_skip_regex=None, packages_start=None, packages_end=None, allow_overriding=[], cmake_args=None, cmake_target=None, cmake_target_skip_unavailable=False, cmake_clean_cache=False, cmake_clean_first=False, cmake_force_configure=False, ament_cmake_args=None, catkin_cmake_args=None, catkin_skip_building_tests=False, verb_parser=<colcon_defaults.argument_parser.defaults.DefaultArgumentsDecorator object at 0x73bff7123490>, verb_extension=<colcon_core.verb.build.BuildVerb object at 0x73bff7123040>, main=<bound method BuildVerb.main of <colcon_core.verb.build.BuildVerb object at 0x73bff7123040>>)
[0.549s] Level 1:colcon.colcon_core.package_discovery:discover_packages(colcon_meta) check parameters
[0.550s] Level 1:colcon.colcon_core.package_discovery:discover_packages(recursive) check parameters
[0.550s] Level 1:colcon.colcon_core.package_discovery:discover_packages(ignore) check parameters
[0.550s] Level 1:colcon.colcon_core.package_discovery:discover_packages(path) check parameters
[0.550s] Level 1:colcon.colcon_core.package_discovery:discover_packages(colcon_meta) discover
[0.550s] Level 1:colcon.colcon_core.package_discovery:discover_packages(recursive) discover
[0.550s] INFO:colcon.colcon_core.package_discovery:Crawling recursively for packages in '/home/lhb/AutoAiming_ws'
[0.550s] Level 1:colcon.colcon_core.package_identification:_identify(.) by extensions ['ignore', 'ignore_ament_install']
[0.550s] Level 1:colcon.colcon_core.package_identification:_identify(.) by extension 'ignore'
[0.550s] Level 1:colcon.colcon_core.package_identification:_identify(.) by extension 'ignore_ament_install'
[0.550s] Level 1:colcon.colcon_core.package_identification:_identify(.) by extensions ['colcon_pkg']
[0.550s] Level 1:colcon.colcon_core.package_identification:_identify(.) by extension 'colcon_pkg'
[0.550s] Level 1:colcon.colcon_core.package_identification:_identify(.) by extensions ['colcon_meta']
[0.550s] Level 1:colcon.colcon_core.package_identification:_identify(.) by extension 'colcon_meta'
[0.550s] Level 1:colcon.colcon_core.package_identification:_identify(.) by extensions ['ros']
[0.550s] Level 1:colcon.colcon_core.package_identification:_identify(.) by extension 'ros'
[0.568s] Level 1:colcon.colcon_core.package_identification:_identify(.) by extensions ['cmake', 'python']
[0.568s] Level 1:colcon.colcon_core.package_identification:_identify(.) by extension 'cmake'
[0.568s] Level 1:colcon.colcon_core.package_identification:_identify(.) by extension 'python'
[0.568s] Level 1:colcon.colcon_core.package_identification:_identify(.) by extensions ['python_setup_py']
[0.568s] Level 1:colcon.colcon_core.package_identification:_identify(.) by extension 'python_setup_py'
[0.568s] Level 1:colcon.colcon_core.package_identification:_identify(build) by extensions ['ignore', 'ignore_ament_install']
[0.568s] Level 1:colcon.colcon_core.package_identification:_identify(build) by extension 'ignore'
[0.568s] Level 1:colcon.colcon_core.package_identification:_identify(build) ignored
[0.568s] Level 1:colcon.colcon_core.package_identification:_identify(install) by extensions ['ignore', 'ignore_ament_install']
[0.568s] Level 1:colcon.colcon_core.package_identification:_identify(install) by extension 'ignore'
[0.568s] Level 1:colcon.colcon_core.package_identification:_identify(install) ignored
[0.568s] Level 1:colcon.colcon_core.package_identification:_identify(log) by extensions ['ignore', 'ignore_ament_install']
[0.568s] Level 1:colcon.colcon_core.package_identification:_identify(log) by extension 'ignore'
[0.568s] Level 1:colcon.colcon_core.package_identification:_identify(log) ignored
[0.569s] Level 1:colcon.colcon_core.package_identification:_identify(src) by extensions ['ignore', 'ignore_ament_install']
[0.569s] Level 1:colcon.colcon_core.package_identification:_identify(src) by extension 'ignore'
[0.569s] Level 1:colcon.colcon_core.package_identification:_identify(src) by extension 'ignore_ament_install'
[0.569s] Level 1:colcon.colcon_core.package_identification:_identify(src) by extensions ['colcon_pkg']
[0.569s] Level 1:colcon.colcon_core.package_identification:_identify(src) by extension 'colcon_pkg'
[0.569s] Level 1:colcon.colcon_core.package_identification:_identify(src) by extensions ['colcon_meta']
[0.569s] Level 1:colcon.colcon_core.package_identification:_identify(src) by extension 'colcon_meta'
[0.569s] Level 1:colcon.colcon_core.package_identification:_identify(src) by extensions ['ros']
[0.569s] Level 1:colcon.colcon_core.package_identification:_identify(src) by extension 'ros'
[0.569s] Level 1:colcon.colcon_core.package_identification:_identify(src) by extensions ['cmake', 'python']
[0.569s] Level 1:colcon.colcon_core.package_identification:_identify(src) by extension 'cmake'
[0.569s] Level 1:colcon.colcon_core.package_identification:_identify(src) by extension 'python'
[0.569s] Level 1:colcon.colcon_core.package_identification:_identify(src) by extensions ['python_setup_py']
[0.569s] Level 1:colcon.colcon_core.package_identification:_identify(src) by extension 'python_setup_py'
[0.569s] Level 1:colcon.colcon_core.package_identification:_identify(src/gimbal_controller) by extensions ['ignore', 'ignore_ament_install']
[0.569s] Level 1:colcon.colcon_core.package_identification:_identify(src/gimbal_controller) by extension 'ignore'
[0.569s] Level 1:colcon.colcon_core.package_identification:_identify(src/gimbal_controller) by extension 'ignore_ament_install'
[0.569s] Level 1:colcon.colcon_core.package_identification:_identify(src/gimbal_controller) by extensions ['colcon_pkg']
[0.569s] Level 1:colcon.colcon_core.package_identification:_identify(src/gimbal_controller) by extension 'colcon_pkg'
[0.569s] Level 1:colcon.colcon_core.package_identification:_identify(src/gimbal_controller) by extensions ['colcon_meta']
[0.569s] Level 1:colcon.colcon_core.package_identification:_identify(src/gimbal_controller) by extension 'colcon_meta'
[0.569s] Level 1:colcon.colcon_core.package_identification:_identify(src/gimbal_controller) by extensions ['ros']
[0.569s] Level 1:colcon.colcon_core.package_identification:_identify(src/gimbal_controller) by extension 'ros'
[0.573s] DEBUG:colcon.colcon_core.package_identification:Package 'src/gimbal_controller' with type 'ros.ament_cmake' and name 'gimbal_controller'
[0.573s] Level 1:colcon.colcon_core.package_identification:_identify(src/homework_bringup) by extensions ['ignore', 'ignore_ament_install']
[0.573s] Level 1:colcon.colcon_core.package_identification:_identify(src/homework_bringup) by extension 'ignore'
[0.573s] Level 1:colcon.colcon_core.package_identification:_identify(src/homework_bringup) by extension 'ignore_ament_install'
[0.573s] Level 1:colcon.colcon_core.package_identification:_identify(src/homework_bringup) by extensions ['colcon_pkg']
[0.573s] Level 1:colcon.colcon_core.package_identification:_identify(src/homework_bringup) by extension 'colcon_pkg'
[0.573s] Level 1:colcon.colcon_core.package_identification:_identify(src/homework_bringup) by extensions ['colcon_meta']
[0.573s] Level 1:colcon.colcon_core.package_identification:_identify(src/homework_bringup) by extension 'colcon_meta'
[0.573s] Level 1:colcon.colcon_core.package_identification:_identify(src/homework_bringup) by extensions ['ros']
[0.573s] Level 1:colcon.colcon_core.package_identification:_identify(src/homework_bringup) by extension 'ros'
[0.574s] DEBUG:colcon.colcon_core.package_identification:Package 'src/homework_bringup' with type 'ros.ament_cmake' and name 'homework_bringup'
[0.574s] Level 1:colcon.colcon_core.package_identification:_identify(src/interfaces) by extensions ['ignore', 'ignore_ament_install']
[0.574s] Level 1:colcon.colcon_core.package_identification:_identify(src/interfaces) by extension 'ignore'
[0.574s] Level 1:colcon.colcon_core.package_identification:_identify(src/interfaces) by extension 'ignore_ament_install'
[0.574s] Level 1:colcon.colcon_core.package_identification:_identify(src/interfaces) by extensions ['colcon_pkg']
[0.574s] Level 1:colcon.colcon_core.package_identification:_identify(src/interfaces) by extension 'colcon_pkg'
[0.574s] Level 1:colcon.colcon_core.package_identification:_identify(src/interfaces) by extensions ['colcon_meta']
[0.575s] Level 1:colcon.colcon_core.package_identification:_identify(src/interfaces) by extension 'colcon_meta'
[0.575s] Level 1:colcon.colcon_core.package_identification:_identify(src/interfaces) by extensions ['ros']
[0.575s] Level 1:colcon.colcon_core.package_identification:_identify(src/interfaces) by extension 'ros'
[0.576s] DEBUG:colcon.colcon_core.package_identification:Package 'src/interfaces' with type 'ros.ament_cmake' and name 'interfaces'
[0.576s] Level 1:colcon.colcon_core.package_identification:_identify(src/serial_interface) by extensions ['ignore', 'ignore_ament_install']
[0.576s] Level 1:colcon.colcon_core.package_identification:_identify(src/serial_interface) by extension 'ignore'
[0.576s] Level 1:colcon.colcon_core.package_identification:_identify(src/serial_interface) by extension 'ignore_ament_install'
[0.576s] Level 1:colcon.colcon_core.package_identification:_identify(src/serial_interface) by extensions ['colcon_pkg']
[0.576s] Level 1:colcon.colcon_core.package_identification:_identify(src/serial_interface) by extension 'colcon_pkg'
[0.576s] Level 1:colcon.colcon_core.package_identification:_identify(src/serial_interface) by extensions ['colcon_meta']
[0.576s] Level 1:colcon.colcon_core.package_identification:_identify(src/serial_interface) by extension 'colcon_meta'
[0.576s] Level 1:colcon.colcon_core.package_identification:_identify(src/serial_interface) by extensions ['ros']
[0.576s] Level 1:colcon.colcon_core.package_identification:_identify(src/serial_interface) by extension 'ros'
[0.577s] DEBUG:colcon.colcon_core.package_identification:Package 'src/serial_interface' with type 'ros.ament_cmake' and name 'serial_interface'
[0.577s] Level 1:colcon.colcon_core.package_identification:_identify(src/vision_detector) by extensions ['ignore', 'ignore_ament_install']
[0.577s] Level 1:colcon.colcon_core.package_identification:_identify(src/vision_detector) by extension 'ignore'
[0.577s] Level 1:colcon.colcon_core.package_identification:_identify(src/vision_detector) by extension 'ignore_ament_install'
[0.577s] Level 1:colcon.colcon_core.package_identification:_identify(src/vision_detector) by extensions ['colcon_pkg']
[0.577s] Level 1:colcon.colcon_core.package_identification:_identify(src/vision_detector) by extension 'colcon_pkg'
[0.577s] Level 1:colcon.colcon_core.package_identification:_identify(src/vision_detector) by extensions ['colcon_meta']
[0.577s] Level 1:colcon.colcon_core.package_identification:_identify(src/vision_detector) by extension 'colcon_meta'
[0.577s] Level 1:colcon.colcon_core.package_identification:_identify(src/vision_detector) by extensions ['ros']
[0.577s] Level 1:colcon.colcon_core.package_identification:_identify(src/vision_detector) by extension 'ros'
[0.578s] DEBUG:colcon.colcon_core.package_identification:Package 'src/vision_detector' with type 'ros.ament_cmake' and name 'vision_detector'
[0.578s] Level 1:colcon.colcon_core.package_discovery:discover_packages(recursive) using defaults
[0.578s] Level 1:colcon.colcon_core.package_discovery:discover_packages(ignore) discover
[0.578s] Level 1:colcon.colcon_core.package_discovery:discover_packages(ignore) using defaults
[0.578s] Level 1:colcon.colcon_core.package_discovery:discover_packages(path) discover
[0.578s] Level 1:colcon.colcon_core.package_discovery:discover_packages(path) using defaults
[0.610s] Level 1:colcon.colcon_core.package_discovery:discover_packages(prefix_path) check parameters
[0.610s] Level 1:colcon.colcon_core.package_discovery:discover_packages(prefix_path) discover
[0.613s] DEBUG:colcon.colcon_installed_package_information.package_discovery:Found 5 installed packages in /home/lhb/AutoAiming_ws/install
[0.614s] DEBUG:colcon.colcon_installed_package_information.package_discovery:Found 276 installed packages in /opt/ros/humble
[0.623s] Level 1:colcon.colcon_core.package_discovery:discover_packages(prefix_path) using defaults
[0.655s] Level 5:colcon.colcon_core.verb:set package 'homework_bringup' build argument 'cmake_args' from command line to 'None'
[0.655s] Level 5:colcon.colcon_core.verb:set package 'homework_bringup' build argument 'cmake_target' from command line to 'None'
[0.655s] Level 5:colcon.colcon_core.verb:set package 'homework_bringup' build argument 'cmake_target_skip_unavailable' from command line to 'False'
[0.655s] Level 5:colcon.colcon_core.verb:set package 'homework_bringup' build argument 'cmake_clean_cache' from command line to 'False'
[0.655s] Level 5:colcon.colcon_core.verb:set package 'homework_bringup' build argument 'cmake_clean_first' from command line to 'False'
[0.655s] Level 5:colcon.colcon_core.verb:set package 'homework_bringup' build argument 'cmake_force_configure' from command line to 'False'
[0.655s] Level 5:colcon.colcon_core.verb:set package 'homework_bringup' build argument 'ament_cmake_args' from command line to 'None'
[0.655s] Level 5:colcon.colcon_core.verb:set package 'homework_bringup' build argument 'catkin_cmake_args' from command line to 'None'
[0.655s] Level 5:colcon.colcon_core.verb:set package 'homework_bringup' build argument 'catkin_skip_building_tests' from command line to 'False'
[0.655s] DEBUG:colcon.colcon_core.verb:Building package 'homework_bringup' with the following arguments: {'ament_cmake_args': None, 'build_base': '/home/lhb/AutoAiming_ws/build/homework_bringup', 'catkin_cmake_args': None, 'catkin_skip_building_tests': False, 'cmake_args': None, 'cmake_clean_cache': False, 'cmake_clean_first': False, 'cmake_force_configure': False, 'cmake_target': None, 'cmake_target_skip_unavailable': False, 'install_base': '/home/lhb/AutoAiming_ws/install/homework_bringup', 'merge_install': False, 'path': '/home/lhb/AutoAiming_ws/src/homework_bringup', 'symlink_install': False, 'test_result_base': None}
[0.655s] Level 5:colcon.colcon_core.verb:set package 'interfaces' build argument 'cmake_args' from command line to 'None'
[0.655s] Level 5:colcon.colcon_core.verb:set package 'interfaces' build argument 'cmake_target' from command line to 'None'
[0.655s] Level 5:colcon.colcon_core.verb:set package 'interfaces' build argument 'cmake_target_skip_unavailable' from command line to 'False'
[0.655s] Level 5:colcon.colcon_core.verb:set package 'interfaces' build argument 'cmake_clean_cache' from command line to 'False'
[0.655s] Level 5:colcon.colcon_core.verb:set package 'interfaces' build argument 'cmake_clean_first' from command line to 'False'
[0.655s] Level 5:colcon.colcon_core.verb:set package 'interfaces' build argument 'cmake_force_configure' from command line to 'False'
[0.655s] Level 5:colcon.colcon_core.verb:set package 'interfaces' build argument 'ament_cmake_args' from command line to 'None'
[0.655s] Level 5:colcon.colcon_core.verb:set package 'interfaces' build argument 'catkin_cmake_args' from command line to 'None'
[0.655s] Level 5:colcon.colcon_core.verb:set package 'interfaces' build argument 'catkin_skip_building_tests' from command line to 'False'
[0.655s] DEBUG:colcon.colcon_core.verb:Building package 'interfaces' with the following arguments: {'ament_cmake_args': None, 'build_base': '/home/lhb/AutoAiming_ws/build/interfaces', 'catkin_cmake_args': None, 'catkin_skip_building_tests': False, 'cmake_args': None, 'cmake_clean_cache': False, 'cmake_clean_first': False, 'cmake_force_configure': False, 'cmake_target': None, 'cmake_target_skip_unavailable': False, 'install_base': '/home/lhb/AutoAiming_ws/install/interfaces', 'merge_install': False, 'path': '/home/lhb/AutoAiming_ws/src/interfaces', 'symlink_install': False, 'test_result_base': None}
[0.656s] Level 5:colcon.colcon_core.verb:set package 'serial_interface' build argument 'cmake_args' from command line to 'None'
[0.656s] Level 5:colcon.colcon_core.verb:set package 'serial_interface' build argument 'cmake_target' from command line to 'None'
[0.656s] Level 5:colcon.colcon_core.verb:set package 'serial_interface' build argument 'cmake_target_skip_unavailable' from command line to 'False'
[0.656s] Level 5:colcon.colcon_core.verb:set package 'serial_interface' build argument 'cmake_clean_cache' from command line to 'False'
[0.656s] Level 5:colcon.colcon_core.verb:set package 'serial_interface' build argument 'cmake_clean_first' from command line to 'False'
[0.656s] Level 5:colcon.colcon_core.verb:set package 'serial_interface' build argument 'cmake_force_configure' from command line to 'False'
[0.656s] Level 5:colcon.colcon_core.verb:set package 'serial_interface' build argument 'ament_cmake_args' from command line to 'None'
[0.656s] Level 5:colcon.colcon_core.verb:set package 'serial_interface' build argument 'catkin_cmake_args' from command line to 'None'
[0.656s] Level 5:colcon.colcon_core.verb:set package 'serial_interface' build argument 'catkin_skip_building_tests' from command line to 'False'
[0.656s] DEBUG:colcon.colcon_core.verb:Building package 'serial_interface' with the following arguments: {'ament_cmake_args': None, 'build_base': '/home/lhb/AutoAiming_ws/build/serial_interface', 'catkin_cmake_args': None, 'catkin_skip_building_tests': False, 'cmake_args': None, 'cmake_clean_cache': False, 'cmake_clean_first': False, 'cmake_force_configure': False, 'cmake_target': None, 'cmake_target_skip_unavailable': False, 'install_base': '/home/lhb/AutoAiming_ws/install/serial_interface', 'merge_install': False, 'path': '/home/lhb/AutoAiming_ws/src/serial_interface', 'symlink_install': False, 'test_result_base': None}
[0.656s] Level 5:colcon.colcon_core.verb:set package 'gimbal_controller' build argument 'cmake_args' from command line to 'None'
[0.656s] Level 5:colcon.colcon_core.verb:set package 'gimbal_controller' build argument 'cmake_target' from command line to 'None'
[0.656s] Level 5:colcon.colcon_core.verb:set package 'gimbal_controller' build argument 'cmake_target_skip_unavailable' from command line to 'False'
[0.656s] Level 5:colcon.colcon_core.verb:set package 'gimbal_controller' build argument 'cmake_clean_cache' from command line to 'False'
[0.656s] Level 5:colcon.colcon_core.verb:set package 'gimbal_controller' build argument 'cmake_clean_first' from command line to 'False'
[0.656s] Level 5:colcon.colcon_core.verb:set package 'gimbal_controller' build argument 'cmake_force_configure' from command line to 'False'
[0.656s] Level 5:colcon.colcon_core.verb:set package 'gimbal_controller' build argument 'ament_cmake_args' from command line to 'None'
[0.656s] Level 5:colcon.colcon_core.verb:set package 'gimbal_controller' build argument 'catkin_cmake_args' from command line to 'None'
[0.656s] Level 5:colcon.colcon_core.verb:set package 'gimbal_controller' build argument 'catkin_skip_building_tests' from command line to 'False'
[0.656s] DEBUG:colcon.colcon_core.verb:Building package 'gimbal_controller' with the following arguments: {'ament_cmake_args': None, 'build_base': '/home/lhb/AutoAiming_ws/build/gimbal_controller', 'catkin_cmake_args': None, 'catkin_skip_building_tests': False, 'cmake_args': None, 'cmake_clean_cache': False, 'cmake_clean_first': False, 'cmake_force_configure': False, 'cmake_target': None, 'cmake_target_skip_unavailable': False, 'install_base': '/home/lhb/AutoAiming_ws/install/gimbal_controller', 'merge_install': False, 'path': '/home/lhb/AutoAiming_ws/src/gimbal_controller', 'symlink_install': False, 'test_result_base': None}
[0.656s] Level 5:colcon.colcon_core.verb:set package 'vision_detector' build argument 'cmake_args' from command line to 'None'
[0.656s] Level 5:colcon.colcon_core.verb:set package 'vision_detector' build argument 'cmake_target' from command line to 'None'
[0.656s] Level 5:colcon.colcon_core.verb:set package 'vision_detector' build argument 'cmake_target_skip_unavailable' from command line to 'False'
[0.656s] Level 5:colcon.colcon_core.verb:set package 'vision_detector' build argument 'cmake_clean_cache' from command line to 'False'
[0.656s] Level 5:colcon.colcon_core.verb:set package 'vision_detector' build argument 'cmake_clean_first' from command line to 'False'
[0.656s] Level 5:colcon.colcon_core.verb:set package 'vision_detector' build argument 'cmake_force_configure' from command line to 'False'
[0.656s] Level 5:colcon.colcon_core.verb:set package 'vision_detector' build argument 'ament_cmake_args' from command line to 'None'
[0.656s] Level 5:colcon.colcon_core.verb:set package 'vision_detector' build argument 'catkin_cmake_args' from command line to 'None'
[0.656s] Level 5:colcon.colcon_core.verb:set package 'vision_detector' build argument 'catkin_skip_building_tests' from command line to 'False'
[0.657s] DEBUG:colcon.colcon_core.verb:Building package 'vision_detector' with the following arguments: {'ament_cmake_args': None, 'build_base': '/home/lhb/AutoAiming_ws/build/vision_detector', 'catkin_cmake_args': None, 'catkin_skip_building_tests': False, 'cmake_args': None, 'cmake_clean_cache': False, 'cmake_clean_first': False, 'cmake_force_configure': False, 'cmake_target': None, 'cmake_target_skip_unavailable': False, 'install_base': '/home/lhb/AutoAiming_ws/install/vision_detector', 'merge_install': False, 'path': '/home/lhb/AutoAiming_ws/src/vision_detector', 'symlink_install': False, 'test_result_base': None}
[0.657s] INFO:colcon.colcon_core.executor:Executing jobs using 'parallel' executor
[0.657s] DEBUG:colcon.colcon_parallel_executor.executor.parallel:run_until_complete
[0.658s] INFO:colcon.colcon_ros.task.ament_cmake.build:Building ROS package in '/home/lhb/AutoAiming_ws/src/interfaces' with build type 'ament_cmake'
[0.658s] INFO:colcon.colcon_cmake.task.cmake.build:Building CMake package in '/home/lhb/AutoAiming_ws/src/interfaces'
[0.663s] INFO:colcon.colcon_core.plugin_system:Skipping extension 'colcon_core.shell.bat': Not used on non-Windows systems
[0.663s] INFO:colcon.colcon_core.shell:Skip shell extension 'powershell' for command environment: Not usable outside of PowerShell
[0.663s] DEBUG:colcon.colcon_core.shell:Skip shell extension 'dsv' for command environment
[0.667s] INFO:colcon.colcon_ros.task.ament_cmake.build:Building ROS package in '/home/lhb/AutoAiming_ws/src/homework_bringup' with build type 'ament_cmake'
[0.667s] INFO:colcon.colcon_cmake.task.cmake.build:Building CMake package in '/home/lhb/AutoAiming_ws/src/homework_bringup'
[0.667s] INFO:colcon.colcon_core.shell:Skip shell extension 'powershell' for command environment: Not usable outside of PowerShell
[0.667s] DEBUG:colcon.colcon_core.shell:Skip shell extension 'dsv' for command environment
[0.670s] INFO:colcon.colcon_ros.task.ament_cmake.build:Building ROS package in '/home/lhb/AutoAiming_ws/src/serial_interface' with build type 'ament_cmake'
[0.670s] INFO:colcon.colcon_cmake.task.cmake.build:Building CMake package in '/home/lhb/AutoAiming_ws/src/serial_interface'
[0.671s] INFO:colcon.colcon_core.shell:Skip shell extension 'powershell' for command environment: Not usable outside of PowerShell
[0.671s] DEBUG:colcon.colcon_core.shell:Skip shell extension 'dsv' for command environment
[0.679s] DEBUG:colcon.colcon_core.event_handler.log_command:Invoking command in '/home/lhb/AutoAiming_ws/build/interfaces': CMAKE_PREFIX_PATH=${CMAKE_PREFIX_PATH}:/opt/ros/humble /usr/bin/cmake --build /home/lhb/AutoAiming_ws/build/interfaces -- -j8 -l8
[0.687s] DEBUG:colcon.colcon_core.event_handler.log_command:Invoking command in '/home/lhb/AutoAiming_ws/build/homework_bringup': CMAKE_PREFIX_PATH=${CMAKE_PREFIX_PATH}:/opt/ros/humble /usr/bin/cmake --build /home/lhb/AutoAiming_ws/build/homework_bringup -- -j8 -l8
[0.692s] DEBUG:colcon.colcon_core.event_handler.log_command:Invoking command in '/home/lhb/AutoAiming_ws/build/serial_interface': CMAKE_PREFIX_PATH=${CMAKE_PREFIX_PATH}:/opt/ros/humble /usr/bin/cmake --build /home/lhb/AutoAiming_ws/build/serial_interface -- -j8 -l8
[0.749s] DEBUG:colcon.colcon_core.event_handler.log_command:Invoked command in '/home/lhb/AutoAiming_ws/build/homework_bringup' returned '0': CMAKE_PREFIX_PATH=${CMAKE_PREFIX_PATH}:/opt/ros/humble /usr/bin/cmake --build /home/lhb/AutoAiming_ws/build/homework_bringup -- -j8 -l8
[0.757s] DEBUG:colcon.colcon_core.event_handler.log_command:Invoking command in '/home/lhb/AutoAiming_ws/build/homework_bringup': CMAKE_PREFIX_PATH=${CMAKE_PREFIX_PATH}:/opt/ros/humble /usr/bin/cmake --install /home/lhb/AutoAiming_ws/build/homework_bringup
[0.770s] Level 1:colcon.colcon_core.environment:create_environment_scripts_only(homework_bringup)
[0.771s] DEBUG:colcon.colcon_core.event_handler.log_command:Invoked command in '/home/lhb/AutoAiming_ws/build/homework_bringup' returned '0': CMAKE_PREFIX_PATH=${CMAKE_PREFIX_PATH}:/opt/ros/humble /usr/bin/cmake --install /home/lhb/AutoAiming_ws/build/homework_bringup
[0.777s] Level 1:colcon.colcon_core.environment:checking '/home/lhb/AutoAiming_ws/install/homework_bringup' for CMake module files
[0.778s] Level 1:colcon.colcon_core.environment:checking '/home/lhb/AutoAiming_ws/install/homework_bringup' for CMake config files
[0.778s] Level 1:colcon.colcon_core.shell:create_environment_hook('homework_bringup', 'cmake_prefix_path')
[0.778s] INFO:colcon.colcon_core.shell:Creating environment hook '/home/lhb/AutoAiming_ws/install/homework_bringup/share/homework_bringup/hook/cmake_prefix_path.ps1'
[0.779s] INFO:colcon.colcon_core.shell:Creating environment descriptor '/home/lhb/AutoAiming_ws/install/homework_bringup/share/homework_bringup/hook/cmake_prefix_path.dsv'
[0.780s] INFO:colcon.colcon_core.shell:Creating environment hook '/home/lhb/AutoAiming_ws/install/homework_bringup/share/homework_bringup/hook/cmake_prefix_path.sh'
[0.781s] Level 1:colcon.colcon_core.environment:checking '/home/lhb/AutoAiming_ws/install/homework_bringup/bin'
[0.781s] Level 1:colcon.colcon_core.environment:checking '/home/lhb/AutoAiming_ws/install/homework_bringup/lib/pkgconfig/homework_bringup.pc'
[0.781s] Level 1:colcon.colcon_core.environment:checking '/home/lhb/AutoAiming_ws/install/homework_bringup/lib/python3.10/site-packages'
[0.782s] Level 1:colcon.colcon_core.environment:checking '/home/lhb/AutoAiming_ws/install/homework_bringup/bin'
[0.782s] INFO:colcon.colcon_core.shell:Creating package script '/home/lhb/AutoAiming_ws/install/homework_bringup/share/homework_bringup/package.ps1'
[0.782s] INFO:colcon.colcon_core.shell:Creating package descriptor '/home/lhb/AutoAiming_ws/install/homework_bringup/share/homework_bringup/package.dsv'
[0.783s] INFO:colcon.colcon_core.shell:Creating package script '/home/lhb/AutoAiming_ws/install/homework_bringup/share/homework_bringup/package.sh'
[0.784s] INFO:colcon.colcon_core.shell:Creating package script '/home/lhb/AutoAiming_ws/install/homework_bringup/share/homework_bringup/package.bash'
[0.785s] INFO:colcon.colcon_core.shell:Creating package script '/home/lhb/AutoAiming_ws/install/homework_bringup/share/homework_bringup/package.zsh'
[0.786s] Level 1:colcon.colcon_core.environment:create_file_with_runtime_dependencies(/home/lhb/AutoAiming_ws/install/homework_bringup/share/colcon-core/packages/homework_bringup)
[0.786s] Level 1:colcon.colcon_core.environment:create_environment_scripts_only(homework_bringup)
[0.786s] Level 1:colcon.colcon_core.environment:checking '/home/lhb/AutoAiming_ws/install/homework_bringup' for CMake module files
[0.787s] Level 1:colcon.colcon_core.environment:checking '/home/lhb/AutoAiming_ws/install/homework_bringup' for CMake config files
[0.787s] Level 1:colcon.colcon_core.shell:create_environment_hook('homework_bringup', 'cmake_prefix_path')
[0.787s] INFO:colcon.colcon_core.shell:Creating environment hook '/home/lhb/AutoAiming_ws/install/homework_bringup/share/homework_bringup/hook/cmake_prefix_path.ps1'
[0.788s] INFO:colcon.colcon_core.shell:Creating environment descriptor '/home/lhb/AutoAiming_ws/install/homework_bringup/share/homework_bringup/hook/cmake_prefix_path.dsv'
[0.788s] INFO:colcon.colcon_core.shell:Creating environment hook '/home/lhb/AutoAiming_ws/install/homework_bringup/share/homework_bringup/hook/cmake_prefix_path.sh'
[0.790s] Level 1:colcon.colcon_core.environment:checking '/home/lhb/AutoAiming_ws/install/homework_bringup/bin'
[0.790s] Level 1:colcon.colcon_core.environment:checking '/home/lhb/AutoAiming_ws/install/homework_bringup/lib/pkgconfig/homework_bringup.pc'
[0.790s] Level 1:colcon.colcon_core.environment:checking '/home/lhb/AutoAiming_ws/install/homework_bringup/lib/python3.10/site-packages'
[0.790s] Level 1:colcon.colcon_core.environment:checking '/home/lhb/AutoAiming_ws/install/homework_bringup/bin'
[0.791s] INFO:colcon.colcon_core.shell:Creating package script '/home/lhb/AutoAiming_ws/install/homework_bringup/share/homework_bringup/package.ps1'
[0.791s] INFO:colcon.colcon_core.shell:Creating package descriptor '/home/lhb/AutoAiming_ws/install/homework_bringup/share/homework_bringup/package.dsv'
[0.792s] INFO:colcon.colcon_core.shell:Creating package script '/home/lhb/AutoAiming_ws/install/homework_bringup/share/homework_bringup/package.sh'
[0.792s] INFO:colcon.colcon_core.shell:Creating package script '/home/lhb/AutoAiming_ws/install/homework_bringup/share/homework_bringup/package.bash'
[0.793s] INFO:colcon.colcon_core.shell:Creating package script '/home/lhb/AutoAiming_ws/install/homework_bringup/share/homework_bringup/package.zsh'
[0.793s] Level 1:colcon.colcon_core.environment:create_file_with_runtime_dependencies(/home/lhb/AutoAiming_ws/install/homework_bringup/share/colcon-core/packages/homework_bringup)
[0.850s] DEBUG:colcon.colcon_core.event_handler.log_command:Invoked command in '/home/lhb/AutoAiming_ws/build/serial_interface' returned '0': CMAKE_PREFIX_PATH=${CMAKE_PREFIX_PATH}:/opt/ros/humble /usr/bin/cmake --build /home/lhb/AutoAiming_ws/build/serial_interface -- -j8 -l8
[0.853s] DEBUG:colcon.colcon_core.event_handler.log_command:Invoking command in '/home/lhb/AutoAiming_ws/build/serial_interface': CMAKE_PREFIX_PATH=${CMAKE_PREFIX_PATH}:/opt/ros/humble /usr/bin/cmake --install /home/lhb/AutoAiming_ws/build/serial_interface
[0.865s] Level 1:colcon.colcon_core.environment:create_environment_scripts_only(serial_interface)
[0.865s] Level 1:colcon.colcon_core.environment:checking '/home/lhb/AutoAiming_ws/install/serial_interface' for CMake module files
[0.866s] DEBUG:colcon.colcon_core.event_handler.log_command:Invoked command in '/home/lhb/AutoAiming_ws/build/serial_interface' returned '0': CMAKE_PREFIX_PATH=${CMAKE_PREFIX_PATH}:/opt/ros/humble /usr/bin/cmake --install /home/lhb/AutoAiming_ws/build/serial_interface
[0.866s] Level 1:colcon.colcon_core.environment:checking '/home/lhb/AutoAiming_ws/install/serial_interface' for CMake config files
[0.866s] Level 1:colcon.colcon_core.shell:create_environment_hook('serial_interface', 'cmake_prefix_path')
[0.867s] INFO:colcon.colcon_core.shell:Creating environment hook '/home/lhb/AutoAiming_ws/install/serial_interface/share/serial_interface/hook/cmake_prefix_path.ps1'
[0.867s] INFO:colcon.colcon_core.shell:Creating environment descriptor '/home/lhb/AutoAiming_ws/install/serial_interface/share/serial_interface/hook/cmake_prefix_path.dsv'
[0.868s] INFO:colcon.colcon_core.shell:Creating environment hook '/home/lhb/AutoAiming_ws/install/serial_interface/share/serial_interface/hook/cmake_prefix_path.sh'
[0.868s] Level 1:colcon.colcon_core.environment:checking '/home/lhb/AutoAiming_ws/install/serial_interface/lib'
[0.869s] Level 1:colcon.colcon_core.environment:checking '/home/lhb/AutoAiming_ws/install/serial_interface/bin'
[0.869s] Level 1:colcon.colcon_core.environment:checking '/home/lhb/AutoAiming_ws/install/serial_interface/lib/pkgconfig/serial_interface.pc'
[0.869s] Level 1:colcon.colcon_core.environment:checking '/home/lhb/AutoAiming_ws/install/serial_interface/lib/python3.10/site-packages'
[0.869s] Level 1:colcon.colcon_core.environment:checking '/home/lhb/AutoAiming_ws/install/serial_interface/bin'
[0.870s] INFO:colcon.colcon_core.shell:Creating package script '/home/lhb/AutoAiming_ws/install/serial_interface/share/serial_interface/package.ps1'
[0.870s] INFO:colcon.colcon_core.shell:Creating package descriptor '/home/lhb/AutoAiming_ws/install/serial_interface/share/serial_interface/package.dsv'
[0.870s] INFO:colcon.colcon_core.shell:Creating package script '/home/lhb/AutoAiming_ws/install/serial_interface/share/serial_interface/package.sh'
[0.871s] INFO:colcon.colcon_core.shell:Creating package script '/home/lhb/AutoAiming_ws/install/serial_interface/share/serial_interface/package.bash'
[0.871s] INFO:colcon.colcon_core.shell:Creating package script '/home/lhb/AutoAiming_ws/install/serial_interface/share/serial_interface/package.zsh'
[0.871s] Level 1:colcon.colcon_core.environment:create_file_with_runtime_dependencies(/home/lhb/AutoAiming_ws/install/serial_interface/share/colcon-core/packages/serial_interface)
[0.872s] Level 1:colcon.colcon_core.environment:create_environment_scripts_only(serial_interface)
[0.872s] Level 1:colcon.colcon_core.environment:checking '/home/lhb/AutoAiming_ws/install/serial_interface' for CMake module files
[0.872s] Level 1:colcon.colcon_core.environment:checking '/home/lhb/AutoAiming_ws/install/serial_interface' for CMake config files
[0.872s] Level 1:colcon.colcon_core.shell:create_environment_hook('serial_interface', 'cmake_prefix_path')
[0.872s] INFO:colcon.colcon_core.shell:Creating environment hook '/home/lhb/AutoAiming_ws/install/serial_interface/share/serial_interface/hook/cmake_prefix_path.ps1'
[0.872s] INFO:colcon.colcon_core.shell:Creating environment descriptor '/home/lhb/AutoAiming_ws/install/serial_interface/share/serial_interface/hook/cmake_prefix_path.dsv'
[0.873s] INFO:colcon.colcon_core.shell:Creating environment hook '/home/lhb/AutoAiming_ws/install/serial_interface/share/serial_interface/hook/cmake_prefix_path.sh'
[0.873s] Level 1:colcon.colcon_core.environment:checking '/home/lhb/AutoAiming_ws/install/serial_interface/lib'
[0.873s] Level 1:colcon.colcon_core.environment:checking '/home/lhb/AutoAiming_ws/install/serial_interface/bin'
[0.873s] Level 1:colcon.colcon_core.environment:checking '/home/lhb/AutoAiming_ws/install/serial_interface/lib/pkgconfig/serial_interface.pc'
[0.873s] Level 1:colcon.colcon_core.environment:checking '/home/lhb/AutoAiming_ws/install/serial_interface/lib/python3.10/site-packages'
[0.874s] Level 1:colcon.colcon_core.environment:checking '/home/lhb/AutoAiming_ws/install/serial_interface/bin'
[0.874s] INFO:colcon.colcon_core.shell:Creating package script '/home/lhb/AutoAiming_ws/install/serial_interface/share/serial_interface/package.ps1'
[0.874s] INFO:colcon.colcon_core.shell:Creating package descriptor '/home/lhb/AutoAiming_ws/install/serial_interface/share/serial_interface/package.dsv'
[0.874s] INFO:colcon.colcon_core.shell:Creating package script '/home/lhb/AutoAiming_ws/install/serial_interface/share/serial_interface/package.sh'
[0.875s] INFO:colcon.colcon_core.shell:Creating package script '/home/lhb/AutoAiming_ws/install/serial_interface/share/serial_interface/package.bash'
[0.875s] INFO:colcon.colcon_core.shell:Creating package script '/home/lhb/AutoAiming_ws/install/serial_interface/share/serial_interface/package.zsh'
[0.875s] Level 1:colcon.colcon_core.environment:create_file_with_runtime_dependencies(/home/lhb/AutoAiming_ws/install/serial_interface/share/colcon-core/packages/serial_interface)
[1.251s] DEBUG:colcon.colcon_core.event_handler.log_command:Invoked command in '/home/lhb/AutoAiming_ws/build/interfaces' returned '0': CMAKE_PREFIX_PATH=${CMAKE_PREFIX_PATH}:/opt/ros/humble /usr/bin/cmake --build /home/lhb/AutoAiming_ws/build/interfaces -- -j8 -l8
[1.253s] DEBUG:colcon.colcon_core.event_handler.log_command:Invoking command in '/home/lhb/AutoAiming_ws/build/interfaces': CMAKE_PREFIX_PATH=${CMAKE_PREFIX_PATH}:/opt/ros/humble /usr/bin/cmake --install /home/lhb/AutoAiming_ws/build/interfaces
[1.312s] Level 1:colcon.colcon_core.environment:create_environment_scripts_only(interfaces)
[1.312s] Level 1:colcon.colcon_core.environment:checking '/home/lhb/AutoAiming_ws/install/interfaces' for CMake module files
[1.312s] DEBUG:colcon.colcon_core.event_handler.log_command:Invoked command in '/home/lhb/AutoAiming_ws/build/interfaces' returned '0': CMAKE_PREFIX_PATH=${CMAKE_PREFIX_PATH}:/opt/ros/humble /usr/bin/cmake --install /home/lhb/AutoAiming_ws/build/interfaces
[1.313s] Level 1:colcon.colcon_core.environment:checking '/home/lhb/AutoAiming_ws/install/interfaces' for CMake config files
[1.313s] Level 1:colcon.colcon_core.shell:create_environment_hook('interfaces', 'cmake_prefix_path')
[1.313s] INFO:colcon.colcon_core.shell:Creating environment hook '/home/lhb/AutoAiming_ws/install/interfaces/share/interfaces/hook/cmake_prefix_path.ps1'
[1.313s] INFO:colcon.colcon_core.shell:Creating environment descriptor '/home/lhb/AutoAiming_ws/install/interfaces/share/interfaces/hook/cmake_prefix_path.dsv'
[1.314s] INFO:colcon.colcon_core.shell:Creating environment hook '/home/lhb/AutoAiming_ws/install/interfaces/share/interfaces/hook/cmake_prefix_path.sh'
[1.314s] Level 1:colcon.colcon_core.environment:checking '/home/lhb/AutoAiming_ws/install/interfaces/lib'
[1.314s] Level 1:colcon.colcon_core.shell:create_environment_hook('interfaces', 'ld_library_path_lib')
[1.314s] INFO:colcon.colcon_core.shell:Creating environment hook '/home/lhb/AutoAiming_ws/install/interfaces/share/interfaces/hook/ld_library_path_lib.ps1'
[1.315s] INFO:colcon.colcon_core.shell:Creating environment descriptor '/home/lhb/AutoAiming_ws/install/interfaces/share/interfaces/hook/ld_library_path_lib.dsv'
[1.315s] INFO:colcon.colcon_core.shell:Creating environment hook '/home/lhb/AutoAiming_ws/install/interfaces/share/interfaces/hook/ld_library_path_lib.sh'
[1.315s] Level 1:colcon.colcon_core.environment:checking '/home/lhb/AutoAiming_ws/install/interfaces/bin'
[1.315s] Level 1:colcon.colcon_core.environment:checking '/home/lhb/AutoAiming_ws/install/interfaces/lib/pkgconfig/interfaces.pc'
[1.315s] Level 1:colcon.colcon_core.environment:checking '/home/lhb/AutoAiming_ws/install/interfaces/lib/python3.10/site-packages'
[1.316s] Level 1:colcon.colcon_core.environment:checking '/home/lhb/AutoAiming_ws/install/interfaces/bin'
[1.316s] INFO:colcon.colcon_core.shell:Creating package script '/home/lhb/AutoAiming_ws/install/interfaces/share/interfaces/package.ps1'
[1.316s] INFO:colcon.colcon_core.shell:Creating package descriptor '/home/lhb/AutoAiming_ws/install/interfaces/share/interfaces/package.dsv'
[1.316s] INFO:colcon.colcon_core.shell:Creating package script '/home/lhb/AutoAiming_ws/install/interfaces/share/interfaces/package.sh'
[1.317s] INFO:colcon.colcon_core.shell:Creating package script '/home/lhb/AutoAiming_ws/install/interfaces/share/interfaces/package.bash'
[1.317s] INFO:colcon.colcon_core.shell:Creating package script '/home/lhb/AutoAiming_ws/install/interfaces/share/interfaces/package.zsh'
[1.317s] Level 1:colcon.colcon_core.environment:create_file_with_runtime_dependencies(/home/lhb/AutoAiming_ws/install/interfaces/share/colcon-core/packages/interfaces)
[1.317s] Level 1:colcon.colcon_core.environment:create_environment_scripts_only(interfaces)
[1.318s] Level 1:colcon.colcon_core.environment:checking '/home/lhb/AutoAiming_ws/install/interfaces' for CMake module files
[1.318s] Level 1:colcon.colcon_core.environment:checking '/home/lhb/AutoAiming_ws/install/interfaces' for CMake config files
[1.318s] Level 1:colcon.colcon_core.shell:create_environment_hook('interfaces', 'cmake_prefix_path')
[1.318s] INFO:colcon.colcon_core.shell:Creating environment hook '/home/lhb/AutoAiming_ws/install/interfaces/share/interfaces/hook/cmake_prefix_path.ps1'
[1.319s] INFO:colcon.colcon_core.shell:Creating environment descriptor '/home/lhb/AutoAiming_ws/install/interfaces/share/interfaces/hook/cmake_prefix_path.dsv'
[1.319s] INFO:colcon.colcon_core.shell:Creating environment hook '/home/lhb/AutoAiming_ws/install/interfaces/share/interfaces/hook/cmake_prefix_path.sh'
[1.319s] Level 1:colcon.colcon_core.environment:checking '/home/lhb/AutoAiming_ws/install/interfaces/lib'
[1.319s] Level 1:colcon.colcon_core.shell:create_environment_hook('interfaces', 'ld_library_path_lib')
[1.319s] INFO:colcon.colcon_core.shell:Creating environment hook '/home/lhb/AutoAiming_ws/install/interfaces/share/interfaces/hook/ld_library_path_lib.ps1'
[1.320s] INFO:colcon.colcon_core.shell:Creating environment descriptor '/home/lhb/AutoAiming_ws/install/interfaces/share/interfaces/hook/ld_library_path_lib.dsv'
[1.320s] INFO:colcon.colcon_core.shell:Creating environment hook '/home/lhb/AutoAiming_ws/install/interfaces/share/interfaces/hook/ld_library_path_lib.sh'
[1.320s] Level 1:colcon.colcon_core.environment:checking '/home/lhb/AutoAiming_ws/install/interfaces/bin'
[1.320s] Level 1:colcon.colcon_core.environment:checking '/home/lhb/AutoAiming_ws/install/interfaces/lib/pkgconfig/interfaces.pc'
[1.320s] Level 1:colcon.colcon_core.environment:checking '/home/lhb/AutoAiming_ws/install/interfaces/lib/python3.10/site-packages'
[1.321s] Level 1:colcon.colcon_core.environment:checking '/home/lhb/AutoAiming_ws/install/interfaces/bin'
[1.321s] INFO:colcon.colcon_core.shell:Creating package script '/home/lhb/AutoAiming_ws/install/interfaces/share/interfaces/package.ps1'
[1.321s] INFO:colcon.colcon_core.shell:Creating package descriptor '/home/lhb/AutoAiming_ws/install/interfaces/share/interfaces/package.dsv'
[1.321s] INFO:colcon.colcon_core.shell:Creating package script '/home/lhb/AutoAiming_ws/install/interfaces/share/interfaces/package.sh'
[1.322s] INFO:colcon.colcon_core.shell:Creating package script '/home/lhb/AutoAiming_ws/install/interfaces/share/interfaces/package.bash'
[1.322s] INFO:colcon.colcon_core.shell:Creating package script '/home/lhb/AutoAiming_ws/install/interfaces/share/interfaces/package.zsh'
[1.322s] Level 1:colcon.colcon_core.environment:create_file_with_runtime_dependencies(/home/lhb/AutoAiming_ws/install/interfaces/share/colcon-core/packages/interfaces)
[1.322s] INFO:colcon.colcon_ros.task.ament_cmake.build:Building ROS package in '/home/lhb/AutoAiming_ws/src/gimbal_controller' with build type 'ament_cmake'
[1.323s] INFO:colcon.colcon_cmake.task.cmake.build:Building CMake package in '/home/lhb/AutoAiming_ws/src/gimbal_controller'
[1.323s] INFO:colcon.colcon_core.shell:Skip shell extension 'powershell' for command environment: Not usable outside of PowerShell
[1.323s] DEBUG:colcon.colcon_core.shell:Skip shell extension 'dsv' for command environment
[1.326s] INFO:colcon.colcon_ros.task.ament_cmake.build:Building ROS package in '/home/lhb/AutoAiming_ws/src/vision_detector' with build type 'ament_cmake'
[1.326s] INFO:colcon.colcon_cmake.task.cmake.build:Building CMake package in '/home/lhb/AutoAiming_ws/src/vision_detector'
[1.326s] INFO:colcon.colcon_core.shell:Skip shell extension 'powershell' for command environment: Not usable outside of PowerShell
[1.326s] DEBUG:colcon.colcon_core.shell:Skip shell extension 'dsv' for command environment
[1.335s] DEBUG:colcon.colcon_core.event_handler.log_command:Invoking command in '/home/lhb/AutoAiming_ws/build/gimbal_controller': CMAKE_PREFIX_PATH=/home/lhb/AutoAiming_ws/install/interfaces:/home/lhb/AutoAiming_ws/install/vision_detector:/home/lhb/AutoAiming_ws/install/serial_interface:/home/lhb/AutoAiming_ws/install/gimbal_controller:/home/lhb/AutoAiming_ws/install/homework_bringup:/opt/ros/humble /usr/bin/cmake --build /home/lhb/AutoAiming_ws/build/gimbal_controller -- -j8 -l8
[1.340s] DEBUG:colcon.colcon_core.event_handler.log_command:Invoking command in '/home/lhb/AutoAiming_ws/build/vision_detector': CMAKE_PREFIX_PATH=/home/lhb/AutoAiming_ws/install/interfaces:/home/lhb/AutoAiming_ws/install/vision_detector:/home/lhb/AutoAiming_ws/install/serial_interface:/home/lhb/AutoAiming_ws/install/gimbal_controller:/home/lhb/AutoAiming_ws/install/homework_bringup:/opt/ros/humble /usr/bin/cmake --build /home/lhb/AutoAiming_ws/build/vision_detector -- -j8 -l8
[14.622s] DEBUG:colcon.colcon_core.event_handler.log_command:Invoked command in '/home/lhb/AutoAiming_ws/build/gimbal_controller' returned '0': CMAKE_PREFIX_PATH=/home/lhb/AutoAiming_ws/install/interfaces:/home/lhb/AutoAiming_ws/install/vision_detector:/home/lhb/AutoAiming_ws/install/serial_interface:/home/lhb/AutoAiming_ws/install/gimbal_controller:/home/lhb/AutoAiming_ws/install/homework_bringup:/opt/ros/humble /usr/bin/cmake --build /home/lhb/AutoAiming_ws/build/gimbal_controller -- -j8 -l8
[14.626s] DEBUG:colcon.colcon_core.event_handler.log_command:Invoking command in '/home/lhb/AutoAiming_ws/build/gimbal_controller': CMAKE_PREFIX_PATH=/home/lhb/AutoAiming_ws/install/interfaces:/home/lhb/AutoAiming_ws/install/vision_detector:/home/lhb/AutoAiming_ws/install/serial_interface:/home/lhb/AutoAiming_ws/install/gimbal_controller:/home/lhb/AutoAiming_ws/install/homework_bringup:/opt/ros/humble /usr/bin/cmake --install /home/lhb/AutoAiming_ws/build/gimbal_controller
[14.641s] Level 1:colcon.colcon_core.environment:create_environment_scripts_only(gimbal_controller)
[14.641s] Level 1:colcon.colcon_core.environment:checking '/home/lhb/AutoAiming_ws/install/gimbal_controller' for CMake module files
[14.642s] DEBUG:colcon.colcon_core.event_handler.log_command:Invoked command in '/home/lhb/AutoAiming_ws/build/gimbal_controller' returned '0': CMAKE_PREFIX_PATH=/home/lhb/AutoAiming_ws/install/interfaces:/home/lhb/AutoAiming_ws/install/vision_detector:/home/lhb/AutoAiming_ws/install/serial_interface:/home/lhb/AutoAiming_ws/install/gimbal_controller:/home/lhb/AutoAiming_ws/install/homework_bringup:/opt/ros/humble /usr/bin/cmake --install /home/lhb/AutoAiming_ws/build/gimbal_controller
[14.642s] Level 1:colcon.colcon_core.environment:checking '/home/lhb/AutoAiming_ws/install/gimbal_controller' for CMake config files
[14.644s] Level 1:colcon.colcon_core.shell:create_environment_hook('gimbal_controller', 'cmake_prefix_path')
[14.644s] INFO:colcon.colcon_core.shell:Creating environment hook '/home/lhb/AutoAiming_ws/install/gimbal_controller/share/gimbal_controller/hook/cmake_prefix_path.ps1'
[14.645s] INFO:colcon.colcon_core.shell:Creating environment descriptor '/home/lhb/AutoAiming_ws/install/gimbal_controller/share/gimbal_controller/hook/cmake_prefix_path.dsv'
[14.646s] INFO:colcon.colcon_core.shell:Creating environment hook '/home/lhb/AutoAiming_ws/install/gimbal_controller/share/gimbal_controller/hook/cmake_prefix_path.sh'
[14.647s] Level 1:colcon.colcon_core.environment:checking '/home/lhb/AutoAiming_ws/install/gimbal_controller/lib'
[14.647s] Level 1:colcon.colcon_core.environment:checking '/home/lhb/AutoAiming_ws/install/gimbal_controller/bin'
[14.647s] Level 1:colcon.colcon_core.environment:checking '/home/lhb/AutoAiming_ws/install/gimbal_controller/lib/pkgconfig/gimbal_controller.pc'
[14.647s] Level 1:colcon.colcon_core.environment:checking '/home/lhb/AutoAiming_ws/install/gimbal_controller/lib/python3.10/site-packages'
[14.648s] Level 1:colcon.colcon_core.environment:checking '/home/lhb/AutoAiming_ws/install/gimbal_controller/bin'
[14.648s] INFO:colcon.colcon_core.shell:Creating package script '/home/lhb/AutoAiming_ws/install/gimbal_controller/share/gimbal_controller/package.ps1'
[14.649s] INFO:colcon.colcon_core.shell:Creating package descriptor '/home/lhb/AutoAiming_ws/install/gimbal_controller/share/gimbal_controller/package.dsv'
[14.649s] INFO:colcon.colcon_core.shell:Creating package script '/home/lhb/AutoAiming_ws/install/gimbal_controller/share/gimbal_controller/package.sh'
[14.650s] INFO:colcon.colcon_core.shell:Creating package script '/home/lhb/AutoAiming_ws/install/gimbal_controller/share/gimbal_controller/package.bash'
[14.650s] INFO:colcon.colcon_core.shell:Creating package script '/home/lhb/AutoAiming_ws/install/gimbal_controller/share/gimbal_controller/package.zsh'
[14.651s] Level 1:colcon.colcon_core.environment:create_file_with_runtime_dependencies(/home/lhb/AutoAiming_ws/install/gimbal_controller/share/colcon-core/packages/gimbal_controller)
[14.651s] Level 1:colcon.colcon_core.environment:create_environment_scripts_only(gimbal_controller)
[14.652s] Level 1:colcon.colcon_core.environment:checking '/home/lhb/AutoAiming_ws/install/gimbal_controller' for CMake module files
[14.652s] Level 1:colcon.colcon_core.environment:checking '/home/lhb/AutoAiming_ws/install/gimbal_controller' for CMake config files
[14.653s] Level 1:colcon.colcon_core.shell:create_environment_hook('gimbal_controller', 'cmake_prefix_path')
[14.653s] INFO:colcon.colcon_core.shell:Creating environment hook '/home/lhb/AutoAiming_ws/install/gimbal_controller/share/gimbal_controller/hook/cmake_prefix_path.ps1'
[14.653s] INFO:colcon.colcon_core.shell:Creating environment descriptor '/home/lhb/AutoAiming_ws/install/gimbal_controller/share/gimbal_controller/hook/cmake_prefix_path.dsv'
[14.654s] INFO:colcon.colcon_core.shell:Creating environment hook '/home/lhb/AutoAiming_ws/install/gimbal_controller/share/gimbal_controller/hook/cmake_prefix_path.sh'
[14.654s] Level 1:colcon.colcon_core.environment:checking '/home/lhb/AutoAiming_ws/install/gimbal_controller/lib'
[14.654s] Level 1:colcon.colcon_core.environment:checking '/home/lhb/AutoAiming_ws/install/gimbal_controller/bin'
[14.654s] Level 1:colcon.colcon_core.environment:checking '/home/lhb/AutoAiming_ws/install/gimbal_controller/lib/pkgconfig/gimbal_controller.pc'
[14.655s] Level 1:colcon.colcon_core.environment:checking '/home/lhb/AutoAiming_ws/install/gimbal_controller/lib/python3.10/site-packages'
[14.655s] Level 1:colcon.colcon_core.environment:checking '/home/lhb/AutoAiming_ws/install/gimbal_controller/bin'
[14.655s] INFO:colcon.colcon_core.shell:Creating package script '/home/lhb/AutoAiming_ws/install/gimbal_controller/share/gimbal_controller/package.ps1'
[14.656s] INFO:colcon.colcon_core.shell:Creating package descriptor '/home/lhb/AutoAiming_ws/install/gimbal_controller/share/gimbal_controller/package.dsv'
[14.656s] INFO:colcon.colcon_core.shell:Creating package script '/home/lhb/AutoAiming_ws/install/gimbal_controller/share/gimbal_controller/package.sh'
[14.657s] INFO:colcon.colcon_core.shell:Creating package script '/home/lhb/AutoAiming_ws/install/gimbal_controller/share/gimbal_controller/package.bash'
[14.657s] INFO:colcon.colcon_core.shell:Creating package script '/home/lhb/AutoAiming_ws/install/gimbal_controller/share/gimbal_controller/package.zsh'
[14.657s] Level 1:colcon.colcon_core.environment:create_file_with_runtime_dependencies(/home/lhb/AutoAiming_ws/install/gimbal_controller/share/colcon-core/packages/gimbal_controller)
[16.595s] DEBUG:colcon.colcon_core.event_handler.log_command:Invoked command in '/home/lhb/AutoAiming_ws/build/vision_detector' returned '0': CMAKE_PREFIX_PATH=/home/lhb/AutoAiming_ws/install/interfaces:/home/lhb/AutoAiming_ws/install/vision_detector:/home/lhb/AutoAiming_ws/install/serial_interface:/home/lhb/AutoAiming_ws/install/gimbal_controller:/home/lhb/AutoAiming_ws/install/homework_bringup:/opt/ros/humble /usr/bin/cmake --build /home/lhb/AutoAiming_ws/build/vision_detector -- -j8 -l8
[16.598s] DEBUG:colcon.colcon_core.event_handler.log_command:Invoking command in '/home/lhb/AutoAiming_ws/build/vision_detector': CMAKE_PREFIX_PATH=/home/lhb/AutoAiming_ws/install/interfaces:/home/lhb/AutoAiming_ws/install/vision_detector:/home/lhb/AutoAiming_ws/install/serial_interface:/home/lhb/AutoAiming_ws/install/gimbal_controller:/home/lhb/AutoAiming_ws/install/homework_bringup:/opt/ros/humble /usr/bin/cmake --install /home/lhb/AutoAiming_ws/build/vision_detector
[16.612s] Level 1:colcon.colcon_core.environment:create_environment_scripts_only(vision_detector)
[16.612s] Level 1:colcon.colcon_core.environment:checking '/home/lhb/AutoAiming_ws/install/vision_detector' for CMake module files
[16.613s] DEBUG:colcon.colcon_core.event_handler.log_command:Invoked command in '/home/lhb/AutoAiming_ws/build/vision_detector' returned '0': CMAKE_PREFIX_PATH=/home/lhb/AutoAiming_ws/install/interfaces:/home/lhb/AutoAiming_ws/install/vision_detector:/home/lhb/AutoAiming_ws/install/serial_interface:/home/lhb/AutoAiming_ws/install/gimbal_controller:/home/lhb/AutoAiming_ws/install/homework_bringup:/opt/ros/humble /usr/bin/cmake --install /home/lhb/AutoAiming_ws/build/vision_detector
[16.613s] Level 1:colcon.colcon_core.environment:checking '/home/lhb/AutoAiming_ws/install/vision_detector' for CMake config files
[16.613s] Level 1:colcon.colcon_core.shell:create_environment_hook('vision_detector', 'cmake_prefix_path')
[16.614s] INFO:colcon.colcon_core.shell:Creating environment hook '/home/lhb/AutoAiming_ws/install/vision_detector/share/vision_detector/hook/cmake_prefix_path.ps1'
[16.614s] INFO:colcon.colcon_core.shell:Creating environment descriptor '/home/lhb/AutoAiming_ws/install/vision_detector/share/vision_detector/hook/cmake_prefix_path.dsv'
[16.614s] INFO:colcon.colcon_core.shell:Creating environment hook '/home/lhb/AutoAiming_ws/install/vision_detector/share/vision_detector/hook/cmake_prefix_path.sh'
[16.615s] Level 1:colcon.colcon_core.environment:checking '/home/lhb/AutoAiming_ws/install/vision_detector/lib'
[16.615s] Level 1:colcon.colcon_core.environment:checking '/home/lhb/AutoAiming_ws/install/vision_detector/bin'
[16.615s] Level 1:colcon.colcon_core.environment:checking '/home/lhb/AutoAiming_ws/install/vision_detector/lib/pkgconfig/vision_detector.pc'
[16.615s] Level 1:colcon.colcon_core.environment:checking '/home/lhb/AutoAiming_ws/install/vision_detector/lib/python3.10/site-packages'
[16.615s] Level 1:colcon.colcon_core.environment:checking '/home/lhb/AutoAiming_ws/install/vision_detector/bin'
[16.615s] INFO:colcon.colcon_core.shell:Creating package script '/home/lhb/AutoAiming_ws/install/vision_detector/share/vision_detector/package.ps1'
[16.616s] INFO:colcon.colcon_core.shell:Creating package descriptor '/home/lhb/AutoAiming_ws/install/vision_detector/share/vision_detector/package.dsv'
[16.616s] INFO:colcon.colcon_core.shell:Creating package script '/home/lhb/AutoAiming_ws/install/vision_detector/share/vision_detector/package.sh'
[16.616s] INFO:colcon.colcon_core.shell:Creating package script '/home/lhb/AutoAiming_ws/install/vision_detector/share/vision_detector/package.bash'
[16.616s] INFO:colcon.colcon_core.shell:Creating package script '/home/lhb/AutoAiming_ws/install/vision_detector/share/vision_detector/package.zsh'
[16.617s] Level 1:colcon.colcon_core.environment:create_file_with_runtime_dependencies(/home/lhb/AutoAiming_ws/install/vision_detector/share/colcon-core/packages/vision_detector)
[16.617s] Level 1:colcon.colcon_core.environment:create_environment_scripts_only(vision_detector)
[16.617s] Level 1:colcon.colcon_core.environment:checking '/home/lhb/AutoAiming_ws/install/vision_detector' for CMake module files
[16.618s] Level 1:colcon.colcon_core.environment:checking '/home/lhb/AutoAiming_ws/install/vision_detector' for CMake config files
[16.618s] Level 1:colcon.colcon_core.shell:create_environment_hook('vision_detector', 'cmake_prefix_path')
[16.618s] INFO:colcon.colcon_core.shell:Creating environment hook '/home/lhb/AutoAiming_ws/install/vision_detector/share/vision_detector/hook/cmake_prefix_path.ps1'
[16.618s] INFO:colcon.colcon_core.shell:Creating environment descriptor '/home/lhb/AutoAiming_ws/install/vision_detector/share/vision_detector/hook/cmake_prefix_path.dsv'
[16.618s] INFO:colcon.colcon_core.shell:Creating environment hook '/home/lhb/AutoAiming_ws/install/vision_detector/share/vision_detector/hook/cmake_prefix_path.sh'
[16.619s] Level 1:colcon.colcon_core.environment:checking '/home/lhb/AutoAiming_ws/install/vision_detector/lib'
[16.619s] Level 1:colcon.colcon_core.environment:checking '/home/lhb/AutoAiming_ws/install/vision_detector/bin'
[16.619s] Level 1:colcon.colcon_core.environment:checking '/home/lhb/AutoAiming_ws/install/vision_detector/lib/pkgconfig/vision_detector.pc'
[16.619s] Level 1:colcon.colcon_core.environment:checking '/home/lhb/AutoAiming_ws/install/vision_detector/lib/python3.10/site-packages'
[16.619s] Level 1:colcon.colcon_core.environment:checking '/home/lhb/AutoAiming_ws/install/vision_detector/bin'
[16.620s] INFO:colcon.colcon_core.shell:Creating package script '/home/lhb/AutoAiming_ws/install/vision_detector/share/vision_detector/package.ps1'
[16.620s] INFO:colcon.colcon_core.shell:Creating package descriptor '/home/lhb/AutoAiming_ws/install/vision_detector/share/vision_detector/package.dsv'
[16.620s] INFO:colcon.colcon_core.shell:Creating package script '/home/lhb/AutoAiming_ws/install/vision_detector/share/vision_detector/package.sh'
[16.621s] INFO:colcon.colcon_core.shell:Creating package script '/home/lhb/AutoAiming_ws/install/vision_detector/share/vision_detector/package.bash'
[16.621s] INFO:colcon.colcon_core.shell:Creating package script '/home/lhb/AutoAiming_ws/install/vision_detector/share/vision_detector/package.zsh'
[16.621s] Level 1:colcon.colcon_core.environment:create_file_with_runtime_dependencies(/home/lhb/AutoAiming_ws/install/vision_detector/share/colcon-core/packages/vision_detector)
[16.621s] DEBUG:colcon.colcon_parallel_executor.executor.parallel:closing loop
[16.622s] DEBUG:colcon.colcon_parallel_executor.executor.parallel:loop closed
[16.622s] DEBUG:colcon.colcon_parallel_executor.executor.parallel:run_until_complete finished with '0'
[16.622s] DEBUG:colcon.colcon_core.event_reactor:joining thread
[16.642s] INFO:colcon.colcon_core.plugin_system:Skipping extension 'colcon_notification.desktop_notification.terminal_notifier': Not used on non-Darwin systems
[16.642s] INFO:colcon.colcon_core.plugin_system:Skipping extension 'colcon_notification.desktop_notification.win32': Not used on non-Windows systems
[16.642s] INFO:colcon.colcon_notification.desktop_notification:Sending desktop notification using 'notify2'
[16.653s] DEBUG:colcon.colcon_core.event_reactor:joined thread
[16.653s] INFO:colcon.colcon_core.shell:Creating prefix script '/home/lhb/AutoAiming_ws/install/local_setup.ps1'
[16.655s] INFO:colcon.colcon_core.shell:Creating prefix util module '/home/lhb/AutoAiming_ws/install/_local_setup_util_ps1.py'
[16.657s] INFO:colcon.colcon_core.shell:Creating prefix chain script '/home/lhb/AutoAiming_ws/install/setup.ps1'
[16.659s] INFO:colcon.colcon_core.shell:Creating prefix script '/home/lhb/AutoAiming_ws/install/local_setup.sh'
[16.660s] INFO:colcon.colcon_core.shell:Creating prefix util module '/home/lhb/AutoAiming_ws/install/_local_setup_util_sh.py'
[16.661s] INFO:colcon.colcon_core.shell:Creating prefix chain script '/home/lhb/AutoAiming_ws/install/setup.sh'
[16.662s] INFO:colcon.colcon_core.shell:Creating prefix script '/home/lhb/AutoAiming_ws/install/local_setup.bash'
[16.663s] INFO:colcon.colcon_core.shell:Creating prefix chain script '/home/lhb/AutoAiming_ws/install/setup.bash'
[16.664s] INFO:colcon.colcon_core.shell:Creating prefix script '/home/lhb/AutoAiming_ws/install/local_setup.zsh'
[16.665s] INFO:colcon.colcon_core.shell:Creating prefix chain script '/home/lhb/AutoAiming_ws/install/setup.zsh'
